Pseudo-terminal will not be allocated because stdin is not a terminal.
Welcome to Ubuntu 22.04.3 LTS (GNU/Linux 6.5.0-25-generic x86_64)

 * Documentation:  https://help.ubuntu.com
 * Management:     https://landscape.canonical.com
 * Support:        https://ubuntu.com/advantage

This system has been minimized by removing packages and content that are
not required on a system that users do not log into.

To restore this content, you can run the 'unminimize' command.
hemeng ogbn-arxiv gcn 32 2 32 2 8
Namespace(backend='gloo', data_path='../RCGNN/dataset/', dataset='ogbn-arxiv', dropout=0.3, eval=True, fix_seed=True, graph_name='ogbn-arxiv-32-metis-cut-trans', heads=1, inductive=False, log_every=10, lr=0.003, master_addr='192.168.2.1', model='gcn', n_class=10, n_edges=10000, n_epochs=30, n_feat=100, n_hidden=32, n_layers=2, n_linear=0, n_nodes=1000, n_partitions=32, node_rank=2, norm='layer', part_path='./partition/', partition_method='metis', partition_obj='cut', parts_per_node=8, port=18119, sampling_rate=1.0, save_model=False, seed=0, skip_partition=False, sub_rate=None, swap_bits=0, swap_rate=0, topolist=None, train_ratio=0.9, use_pp=True, uvm=False, val_ratio=0.05, weight=False, weight_decay=0)
loading partitions
begin to load ogb dataset ogbn-arxiv from ../RCGNN/dataset/
for_commute,bns,rank 18 [(4, 122), (3, 197), (2, 681), (1, 170), (0, 41), (31, 852), (30, 389), (29, 376), (28, 270), (27, 811), (26, 321), (25, 439), (24, 637), (23, 1065), (22, 741), (21, 475), (20, 437), (19, 568), (17, 244), (16, 950), (15, 9), (14, 6), (13, 19), (12, 26), (11, 75), (10, 83), (9, 24), (8, 60), (7, 53), (6, 45), (5, 130)] ogbn-arxiv-32-metis-cut-trans 32 8
loading partitions
begin to load ogb dataset ogbn-arxiv from ../RCGNN/dataset/
for_commute,bns,rank 17 [(2, 600), (1, 519), (0, 266), (31, 530), (30, 290), (29, 444), (28, 266), (27, 503), (26, 1348), (25, 548), (24, 798), (23, 443), (22, 319), (21, 316), (20, 330), (19, 581), (18, 280), (16, 838), (15, 24), (14, 27), (13, 78), (12, 130), (11, 112), (10, 528), (9, 101), (8, 400), (7, 250), (6, 127), (5, 96), (4, 185), (3, 375)] ogbn-arxiv-32-metis-cut-trans 32 8
loading partitions
begin to load ogb dataset ogbn-arxiv from ../RCGNN/dataset/
for_commute,bns,rank 16 [(0, 41), (31, 677), (30, 400), (29, 420), (28, 232), (27, 925), (26, 1031), (25, 449), (24, 1034), (23, 2235), (22, 1856), (21, 687), (20, 481), (19, 717), (18, 1314), (17, 949), (15, 6), (14, 7), (13, 12), (12, 62), (11, 122), (10, 149), (9, 29), (8, 57), (7, 32), (6, 37), (5, 58), (4, 55), (3, 177), (2, 564), (1, 492)] ogbn-arxiv-32-metis-cut-trans 32 8
loading partitions
begin to load ogb dataset ogbn-arxiv from ../RCGNN/dataset/
for_commute,bns,rank 20 [(8, 176), (7, 359), (6, 231), (5, 122), (4, 234), (3, 128), (2, 181), (1, 221), (0, 150), (31, 266), (30, 239), (29, 212), (28, 417), (27, 429), (26, 279), (25, 291), (24, 332), (23, 604), (22, 293), (21, 1056), (19, 406), (18, 385), (17, 310), (16, 332), (15, 23), (14, 19), (13, 65), (12, 80), (11, 170), (10, 265), (9, 152)] ogbn-arxiv-32-metis-cut-trans 32 8
loading partitions
begin to load ogb dataset ogbn-arxiv from ../RCGNN/dataset/
for_commute,bns,rank 19 [(6, 75), (5, 69), (4, 112), (3, 328), (2, 745), (1, 746), (0, 174), (31, 1203), (30, 448), (29, 719), (28, 354), (27, 757), (26, 848), (25, 803), (24, 931), (23, 798), (22, 356), (21, 503), (20, 430), (18, 597), (17, 564), (16, 538), (15, 14), (14, 18), (13, 24), (12, 57), (11, 143), (10, 194), (9, 43), (8, 109), (7, 124)] ogbn-arxiv-32-metis-cut-trans 32 8
loading partitions
begin to load ogb dataset ogbn-arxiv from ../RCGNN/dataset/
for_commute,bns,rank 21 [(10, 160), (9, 34), (8, 286), (7, 97), (6, 89), (5, 81), (4, 101), (3, 213), (2, 175), (1, 164), (0, 142), (31, 257), (30, 221), (29, 104), (28, 104), (27, 170), (26, 217), (25, 285), (24, 254), (23, 1281), (22, 772), (20, 881), (19, 453), (18, 360), (17, 243), (16, 355), (15, 13), (14, 15), (13, 32), (12, 51), (11, 136)] ogbn-arxiv-32-metis-cut-trans 32 8
loading partitions
begin to load ogb dataset ogbn-arxiv from ../RCGNN/dataset/
for_commute,bns,rank 23 [(14, 12), (13, 11), (12, 20), (11, 70), (10, 96), (9, 22), (8, 61), (7, 34), (6, 34), (5, 29), (4, 46), (3, 95), (2, 198), (1, 287), (0, 97), (31, 374), (30, 212), (29, 134), (28, 91), (27, 369), (26, 424), (25, 369), (24, 475), (22, 2202), (21, 1451), (20, 790), (19, 833), (18, 1214), (17, 377), (16, 1861), (15, 9)] ogbn-arxiv-32-metis-cut-trans 32 8
loading partitions
begin to load ogb dataset ogbn-arxiv from ../RCGNN/dataset/
for_commute,bns,rank 22 [(12, 50), (11, 137), (10, 109), (9, 36), (8, 34), (7, 36), (6, 80), (5, 72), (4, 68), (3, 234), (2, 316), (1, 220), (0, 77), (31, 169), (30, 161), (29, 79), (28, 59), (27, 177), (26, 236), (25, 229), (24, 368), (23, 2029), (21, 785), (20, 340), (19, 361), (18, 672), (17, 262), (16, 1306), (15, 10), (14, 23), (13, 20)] ogbn-arxiv-32-metis-cut-trans 32 8
Pseudo-terminal will not be allocated because stdin is not a terminal.
Welcome to Ubuntu 22.04.3 LTS (GNU/Linux 6.5.0-25-generic x86_64)

 * Documentation:  https://help.ubuntu.com
 * Management:     https://landscape.canonical.com
 * Support:        https://ubuntu.com/advantage

This system has been minimized by removing packages and content that are
not required on a system that users do not log into.

To restore this content, you can run the 'unminimize' command.
hemeng ogbn-products gcn 32 2 32 2 8
Namespace(backend='gloo', data_path='../RCGNN/dataset/', dataset='ogbn-products', dropout=0.3, eval=True, fix_seed=True, graph_name='ogbn-products-32-metis-cut-trans', heads=1, inductive=False, log_every=10, lr=0.003, master_addr='192.168.2.1', model='gcn', n_class=10, n_edges=10000, n_epochs=30, n_feat=100, n_hidden=32, n_layers=2, n_linear=0, n_nodes=1000, n_partitions=32, node_rank=2, norm='layer', part_path='./partition/', partition_method='metis', partition_obj='cut', parts_per_node=8, port=18119, sampling_rate=1.0, save_model=False, seed=0, skip_partition=False, sub_rate=None, swap_bits=0, swap_rate=0, topolist=None, train_ratio=0.9, use_pp=True, uvm=False, val_ratio=0.05, weight=False, weight_decay=0)
loading partitions
begin to load ogb dataset ogbn-products from ../RCGNN/dataset/
for_commute,bns,rank 17 [(2, 588), (1, 247), (0, 175), (31, 6980), (30, 3646), (29, 7614), (28, 5830), (27, 5653), (26, 2371), (25, 9383), (24, 1993), (23, 6738), (22, 10928), (21, 12402), (20, 7055), (19, 8023), (18, 9095), (16, 13410), (15, 346), (14, 2361), (13, 1427), (12, 2012), (11, 5133), (10, 9769), (9, 2027), (8, 3612), (7, 413), (6, 1119), (5, 559), (4, 749), (3, 1260)] ogbn-products-32-metis-cut-trans 32 8
loading partitions
begin to load ogb dataset ogbn-products from ../RCGNN/dataset/
for_commute,bns,rank 18 [(4, 1781), (3, 1680), (2, 1637), (1, 437), (0, 515), (31, 6705), (30, 3203), (29, 8469), (28, 5026), (27, 5084), (26, 2139), (25, 11309), (24, 859), (23, 16838), (22, 7589), (21, 7193), (20, 5306), (19, 15872), (17, 8158), (16, 12835), (15, 130), (14, 1766), (13, 2031), (12, 2357), (11, 3922), (10, 7978), (9, 2609), (8, 6076), (7, 1443), (6, 2496), (5, 3049)] ogbn-products-32-metis-cut-trans 32 8
loading partitions
begin to load ogb dataset ogbn-products from ../RCGNN/dataset/
for_commute,bns,rank 20 [(8, 4328), (7, 176), (6, 414), (5, 227), (4, 262), (3, 1855), (2, 288), (1, 125), (0, 87), (31, 1975), (30, 1087), (29, 2889), (28, 2658), (27, 2084), (26, 1454), (25, 2144), (24, 1697), (23, 10428), (22, 15493), (21, 23481), (19, 4929), (18, 5122), (17, 5788), (16, 6262), (15, 296), (14, 1499), (13, 806), (12, 1535), (11, 2512), (10, 5624), (9, 863)] ogbn-products-32-metis-cut-trans 32 8
loading partitions
begin to load ogb dataset ogbn-products from ../RCGNN/dataset/
for_commute,bns,rank 16 [(0, 253), (31, 9629), (30, 3795), (29, 7039), (28, 7195), (27, 14676), (26, 4353), (25, 7892), (24, 1911), (23, 10514), (22, 6096), (21, 14537), (20, 7375), (19, 11302), (18, 13788), (17, 12539), (15, 259), (14, 1484), (13, 1220), (12, 2106), (11, 3786), (10, 13265), (9, 2754), (8, 13868), (7, 772), (6, 1437), (5, 377), (4, 209), (3, 496), (2, 424), (1, 274)] ogbn-products-32-metis-cut-trans 32 8
loading partitions
begin to load ogb dataset ogbn-products from ../RCGNN/dataset/
for_commute,bns,rank 23 [(14, 2999), (13, 915), (12, 1977), (11, 4283), (10, 6565), (9, 1901), (8, 4491), (7, 1521), (6, 2024), (5, 1446), (4, 650), (3, 3747), (2, 1421), (1, 419), (0, 306), (31, 1970), (30, 822), (29, 4171), (28, 2931), (27, 2405), (26, 1008), (25, 3602), (24, 928), (22, 21527), (21, 11637), (20, 8770), (19, 10457), (18, 16253), (17, 5486), (16, 6780), (15, 289)] ogbn-products-32-metis-cut-trans 32 8
loading partitions
begin to load ogb dataset ogbn-products from ../RCGNN/dataset/
for_commute,bns,rank 21 [(10, 8117), (9, 1468), (8, 3796), (7, 539), (6, 436), (5, 616), (4, 506), (3, 1274), (2, 516), (1, 279), (0, 279), (31, 3640), (30, 1376), (29, 8308), (28, 3818), (27, 3440), (26, 1530), (25, 4113), (24, 1937), (23, 12940), (22, 17311), (20, 23377), (19, 6108), (18, 6229), (17, 9110), (16, 11243), (15, 319), (14, 1429), (13, 1226), (12, 1716), (11, 2978)] ogbn-products-32-metis-cut-trans 32 8
loading partitions
begin to load ogb dataset ogbn-products from ../RCGNN/dataset/
for_commute,bns,rank 22 [(12, 1445), (11, 2434), (10, 6645), (9, 1177), (8, 2253), (7, 994), (6, 1428), (5, 672), (4, 548), (3, 4637), (2, 515), (1, 231), (0, 130), (31, 4056), (30, 4153), (29, 6558), (28, 3114), (27, 3301), (26, 2132), (25, 4327), (24, 1680), (23, 18598), (21, 16094), (20, 13586), (19, 3426), (18, 6829), (17, 7919), (16, 5438), (15, 682), (14, 1339), (13, 797)] ogbn-products-32-metis-cut-trans 32 8
loading partitions
begin to load ogb dataset ogbn-products from ../RCGNN/dataset/
for_commute,bns,rank 19 [(6, 1007), (5, 455), (4, 543), (3, 901), (2, 759), (1, 351), (0, 275), (31, 4813), (30, 2957), (29, 7316), (28, 7678), (27, 4316), (26, 2367), (25, 5009), (24, 1273), (23, 11555), (22, 4063), (21, 6672), (20, 4937), (18, 18392), (17, 6251), (16, 13156), (15, 349), (14, 4295), (13, 3403), (12, 6516), (11, 10807), (10, 11319), (9, 3978), (8, 16824), (7, 590)] ogbn-products-32-metis-cut-trans 32 8
Pseudo-terminal will not be allocated because stdin is not a terminal.
Welcome to Ubuntu 22.04.3 LTS (GNU/Linux 6.5.0-25-generic x86_64)

 * Documentation:  https://help.ubuntu.com
 * Management:     https://landscape.canonical.com
 * Support:        https://ubuntu.com/advantage

This system has been minimized by removing packages and content that are
not required on a system that users do not log into.

To restore this content, you can run the 'unminimize' command.
hemeng yelp gcn 32 2 32 2 8
Namespace(backend='gloo', data_path='../RCGNN/dataset/', dataset='yelp', dropout=0.3, eval=True, fix_seed=True, graph_name='yelp-32-metis-cut-trans', heads=1, inductive=False, log_every=10, lr=0.003, master_addr='192.168.2.1', model='gcn', n_class=10, n_edges=10000, n_epochs=30, n_feat=100, n_hidden=32, n_layers=2, n_linear=0, n_nodes=1000, n_partitions=32, node_rank=2, norm='layer', part_path='./partition/', partition_method='metis', partition_obj='cut', parts_per_node=8, port=18119, sampling_rate=1.0, save_model=False, seed=0, skip_partition=False, sub_rate=None, swap_bits=0, swap_rate=0, topolist=None, train_ratio=0.9, use_pp=True, uvm=False, val_ratio=0.05, weight=False, weight_decay=0)
loading partitions
for_commute,bns,rank 16 [(0, 2373), (31, 538), (30, 564), (29, 537), (28, 521), (27, 779), (26, 774), (25, 1130), (24, 1812), (23, 5310), (22, 6452), (21, 4694), (20, 3947), (19, 7051), (18, 5265), (17, 5148), (15, 2819), (14, 1562), (13, 661), (12, 287), (11, 1739), (10, 1970), (9, 2432), (8, 3344), (7, 3978), (6, 2492), (5, 3525), (4, 2429), (3, 5683), (2, 3582), (1, 2787)] yelp-32-metis-cut-trans 32 8
loading partitions
for_commute,bns,rank 17 [(2, 2033), (1, 1614), (0, 1503), (31, 1438), (30, 1683), (29, 1272), (28, 1226), (27, 1773), (26, 2054), (25, 1308), (24, 930), (23, 6329), (22, 5049), (21, 5934), (20, 4609), (19, 7808), (18, 6341), (16, 4245), (15, 1267), (14, 2453), (13, 626), (12, 387), (11, 1203), (10, 1872), (9, 1267), (8, 1505), (7, 1290), (6, 1442), (5, 1604), (4, 1533), (3, 2318)] yelp-32-metis-cut-trans 32 8
loading partitions
for_commute,bns,rank 18 [(4, 1837), (3, 2853), (2, 2390), (1, 2082), (0, 1415), (31, 1554), (30, 1578), (29, 1269), (28, 1309), (27, 3550), (26, 1523), (25, 1314), (24, 966), (23, 6189), (22, 4576), (21, 6829), (20, 5151), (19, 8580), (17, 6171), (16, 4535), (15, 1051), (14, 1587), (13, 622), (12, 317), (11, 1057), (10, 1252), (9, 1060), (8, 1403), (7, 1176), (6, 1409), (5, 1848)] yelp-32-metis-cut-trans 32 8
loading partitions
for_commute,bns,rank 19 [(6, 1793), (5, 2713), (4, 2258), (3, 3977), (2, 2906), (1, 2975), (0, 2596), (31, 1477), (30, 2872), (29, 1387), (28, 1625), (27, 2147), (26, 1341), (25, 1631), (24, 1041), (23, 8605), (22, 6670), (21, 7262), (20, 6134), (18, 7909), (17, 6902), (16, 5647), (15, 1271), (14, 1507), (13, 599), (12, 431), (11, 1164), (10, 1427), (9, 1361), (8, 2160), (7, 2210)] yelp-32-metis-cut-trans 32 8
loading partitions
for_commute,bns,rank 20 [(8, 1640), (7, 1704), (6, 1181), (5, 1671), (4, 1541), (3, 2326), (2, 1628), (1, 1620), (0, 2141), (31, 2835), (30, 3804), (29, 1544), (28, 2451), (27, 2474), (26, 1492), (25, 1525), (24, 1181), (23, 9290), (22, 5330), (21, 6026), (19, 7822), (18, 5780), (17, 4862), (16, 3566), (15, 1341), (14, 2497), (13, 607), (12, 911), (11, 1330), (10, 3651), (9, 1205)] yelp-32-metis-cut-trans 32 8
loading partitions
for_commute,bns,rank 23 [(14, 705), (13, 203), (12, 275), (11, 426), (10, 604), (9, 559), (8, 1080), (7, 1259), (6, 403), (5, 1000), (4, 951), (3, 1318), (2, 691), (1, 1018), (0, 1890), (31, 1303), (30, 1825), (29, 666), (28, 1097), (27, 666), (26, 630), (25, 365), (24, 340), (22, 6174), (21, 7057), (20, 5565), (19, 6974), (18, 4923), (17, 4655), (16, 3177), (15, 527)] yelp-32-metis-cut-trans 32 8
loading partitions
for_commute,bns,rank 22 [(12, 538), (11, 986), (10, 1489), (9, 1081), (8, 2387), (7, 2497), (6, 1363), (5, 1917), (4, 1753), (3, 2710), (2, 1970), (1, 1919), (0, 2670), (31, 1305), (30, 1257), (29, 901), (28, 1355), (27, 1325), (26, 1182), (25, 1051), (24, 979), (23, 8226), (21, 5522), (20, 4581), (19, 7156), (18, 4582), (17, 4709), (16, 4898), (15, 1250), (14, 1289), (13, 513)] yelp-32-metis-cut-trans 32 8
loading partitions
for_commute,bns,rank 21 [(10, 982), (9, 814), (8, 1154), (7, 1210), (6, 809), (5, 1291), (4, 1288), (3, 1988), (2, 1253), (1, 1581), (0, 1393), (31, 1667), (30, 1567), (29, 1162), (28, 1587), (27, 1605), (26, 1135), (25, 836), (24, 819), (23, 8680), (22, 5091), (20, 5059), (19, 7052), (18, 6054), (17, 5201), (16, 3501), (15, 727), (14, 2108), (13, 271), (12, 205), (11, 828)] yelp-32-metis-cut-trans 32 8
Pseudo-terminal will not be allocated because stdin is not a terminal.
Welcome to Ubuntu 22.04.3 LTS (GNU/Linux 6.5.0-25-generic x86_64)

 * Documentation:  https://help.ubuntu.com
 * Management:     https://landscape.canonical.com
 * Support:        https://ubuntu.com/advantage

This system has been minimized by removing packages and content that are
not required on a system that users do not log into.

To restore this content, you can run the 'unminimize' command.
hemeng reddit gcn 32 2 32 2 8
Namespace(backend='gloo', data_path='../RCGNN/dataset/', dataset='reddit', dropout=0.3, eval=True, fix_seed=True, graph_name='reddit-32-metis-cut-trans', heads=1, inductive=False, log_every=10, lr=0.003, master_addr='192.168.2.1', model='gcn', n_class=10, n_edges=10000, n_epochs=30, n_feat=100, n_hidden=32, n_layers=2, n_linear=0, n_nodes=1000, n_partitions=32, node_rank=2, norm='layer', part_path='./partition/', partition_method='metis', partition_obj='cut', parts_per_node=8, port=18119, sampling_rate=1.0, save_model=False, seed=0, skip_partition=False, sub_rate=None, swap_bits=0, swap_rate=0, topolist=None, train_ratio=0.9, use_pp=True, uvm=False, val_ratio=0.05, weight=False, weight_decay=0)
loading partitions
for_commute,bns,rank 22 [(12, 20), (11, 16), (10, 77), (9, 77), (8, 143), (7, 29), (6, 64), (5, 131), (4, 18), (3, 72), (2, 70), (1, 134), (0, 161), (31, 30), (30, 133), (29, 134), (28, 200), (27, 53), (26, 130), (25, 85), (24, 71), (23, 6434), (21, 4503), (20, 150), (19, 250), (18, 70), (17, 145), (16, 221), (15, 29), (14, 29), (13, 113)] reddit-32-metis-cut-trans 32 8
loading partitions
for_commute,bns,rank 23 [(14, 33), (13, 142), (12, 34), (11, 30), (10, 109), (9, 242), (8, 54), (7, 44), (6, 101), (5, 139), (4, 28), (3, 182), (2, 132), (1, 263), (0, 204), (31, 58), (30, 197), (29, 259), (28, 175), (27, 162), (26, 161), (25, 76), (24, 96), (22, 6389), (21, 5312), (20, 175), (19, 314), (18, 71), (17, 258), (16, 252), (15, 81)] reddit-32-metis-cut-trans 32 8
loading partitions
for_commute,bns,rank 20 [(8, 3350), (7, 3052), (6, 3474), (5, 2095), (4, 1510), (3, 4872), (2, 3549), (1, 3867), (0, 4634), (31, 3066), (30, 3989), (29, 4269), (28, 4825), (27, 3943), (26, 3467), (25, 3472), (24, 3676), (23, 1647), (22, 1864), (21, 3717), (19, 3125), (18, 4500), (17, 4992), (16, 4210), (15, 3914), (14, 2592), (13, 3131), (12, 2015), (11, 5504), (10, 5538), (9, 5745)] reddit-32-metis-cut-trans 32 8
loading partitions
for_commute,bns,rank 21 [(10, 1296), (9, 940), (8, 332), (7, 952), (6, 1680), (5, 764), (4, 329), (3, 1255), (2, 1137), (1, 2200), (0, 2058), (31, 774), (30, 1207), (29, 1474), (28, 1841), (27, 892), (26, 920), (25, 1055), (24, 852), (23, 3685), (22, 3296), (20, 1541), (19, 1718), (18, 1365), (17, 1815), (16, 1679), (15, 798), (14, 909), (13, 1448), (12, 686), (11, 801)] reddit-32-metis-cut-trans 32 8
loading partitions
for_commute,bns,rank 19 [(6, 2297), (5, 2493), (4, 1378), (3, 4018), (2, 3755), (1, 3435), (0, 3295), (31, 1595), (30, 2323), (29, 3232), (28, 2912), (27, 3236), (26, 2779), (25, 3214), (24, 2842), (23, 4325), (22, 3769), (21, 3480), (20, 2626), (18, 5621), (17, 2726), (16, 3130), (15, 3141), (14, 1878), (13, 2473), (12, 1431), (11, 4168), (10, 3694), (9, 4319), (8, 2390), (7, 1293)] reddit-32-metis-cut-trans 32 8
loading partitions
for_commute,bns,rank 18 [(4, 765), (3, 2252), (2, 1768), (1, 1532), (0, 2324), (31, 1960), (30, 2038), (29, 2786), (28, 3050), (27, 1851), (26, 1658), (25, 1607), (24, 1784), (23, 212), (22, 218), (21, 924), (20, 2503), (19, 3025), (17, 2432), (16, 2549), (15, 2559), (14, 1558), (13, 1801), (12, 1060), (11, 2436), (10, 2391), (9, 1128), (8, 1531), (7, 1034), (6, 1847), (5, 1109)] reddit-32-metis-cut-trans 32 8
loading partitions
for_commute,bns,rank 17 [(2, 2847), (1, 3122), (0, 4154), (31, 5010), (30, 4836), (29, 4959), (28, 5330), (27, 2038), (26, 2428), (25, 2258), (24, 1992), (23, 1122), (22, 433), (21, 4115), (20, 5087), (19, 2859), (18, 4292), (16, 4193), (15, 4330), (14, 2469), (13, 3163), (12, 2477), (11, 3988), (10, 5164), (9, 6341), (8, 3299), (7, 1732), (6, 2953), (5, 2575), (4, 2960), (3, 4438)] reddit-32-metis-cut-trans 32 8
loading partitions
for_commute,bns,rank 16 [(0, 5118), (31, 4491), (30, 4154), (29, 4259), (28, 5054), (27, 4191), (26, 3700), (25, 4411), (24, 3674), (23, 3130), (22, 3692), (21, 3606), (20, 4752), (19, 3738), (18, 5322), (17, 4933), (15, 4008), (14, 3387), (13, 2754), (12, 1629), (11, 4471), (10, 5351), (9, 4957), (8, 3036), (7, 3052), (6, 3644), (5, 2657), (4, 2433), (3, 4587), (2, 3824), (1, 3530)] reddit-32-metis-cut-trans 32 8
Pseudo-terminal will not be allocated because stdin is not a terminal.
Welcome to Ubuntu 22.04.3 LTS (GNU/Linux 6.5.0-25-generic x86_64)

 * Documentation:  https://help.ubuntu.com
 * Management:     https://landscape.canonical.com
 * Support:        https://ubuntu.com/advantage

This system has been minimized by removing packages and content that are
not required on a system that users do not log into.

To restore this content, you can run the 'unminimize' command.
hemeng ogbn-mag gcn 32 2 32 2 8
Namespace(backend='gloo', data_path='../RCGNN/dataset/', dataset='ogbn-mag', dropout=0.3, eval=True, fix_seed=True, graph_name='ogbn-mag-32-metis-cut-trans', heads=1, inductive=False, log_every=10, lr=0.003, master_addr='192.168.2.1', model='gcn', n_class=10, n_edges=10000, n_epochs=30, n_feat=100, n_hidden=32, n_layers=2, n_linear=0, n_nodes=1000, n_partitions=32, node_rank=2, norm='layer', part_path='./partition/', partition_method='metis', partition_obj='cut', parts_per_node=8, port=18119, sampling_rate=1.0, save_model=False, seed=0, skip_partition=False, sub_rate=None, swap_bits=0, swap_rate=0, topolist=None, train_ratio=0.9, use_pp=True, uvm=False, val_ratio=0.05, weight=False, weight_decay=0)
loading partitions
begin to load ogb dataset ogbn-mag from ../RCGNN/dataset/
for_commute,bns,rank 23 [(14, 3905), (13, 4086), (12, 8030), (11, 6690), (10, 6933), (9, 8241), (8, 3226), (7, 4146), (6, 4387), (5, 4560), (4, 5195), (3, 2211), (2, 4286), (1, 4440), (0, 3676), (31, 3548), (30, 4272), (29, 6198), (28, 4902), (27, 11340), (26, 7461), (25, 9272), (24, 9885), (22, 15582), (21, 12806), (20, 14972), (19, 8313), (18, 8877), (17, 3551), (16, 4493), (15, 6342)] ogbn-mag-32-metis-cut-trans 32 8
loading partitions
begin to load ogb dataset ogbn-mag from ../RCGNN/dataset/
for_commute,bns,rank 22 [(12, 2445), (11, 4250), (10, 3004), (9, 4459), (8, 3157), (7, 2257), (6, 2921), (5, 4579), (4, 4394), (3, 1376), (2, 2325), (1, 2594), (0, 2237), (31, 3010), (30, 1229), (29, 3835), (28, 3013), (27, 4441), (26, 1811), (25, 3246), (24, 8733), (23, 18133), (21, 12560), (20, 17807), (19, 7791), (18, 9940), (17, 3588), (16, 5012), (15, 3913), (14, 2384), (13, 2170)] ogbn-mag-32-metis-cut-trans 32 8
loading partitions
begin to load ogb dataset ogbn-mag from ../RCGNN/dataset/
for_commute,bns,rank 20 [(8, 5603), (7, 6338), (6, 6439), (5, 7108), (4, 9176), (3, 3396), (2, 4704), (1, 4884), (0, 4508), (31, 4790), (30, 3097), (29, 4418), (28, 4270), (27, 6281), (26, 3805), (25, 4588), (24, 10095), (23, 25826), (22, 24907), (21, 26528), (19, 16727), (18, 7836), (17, 5703), (16, 13853), (15, 10944), (14, 5978), (13, 4567), (12, 7286), (11, 10655), (10, 5231), (9, 8734)] ogbn-mag-32-metis-cut-trans 32 8
loading partitions
begin to load ogb dataset ogbn-mag from ../RCGNN/dataset/
for_commute,bns,rank 21 [(10, 2037), (9, 6609), (8, 2927), (7, 3880), (6, 4276), (5, 6205), (4, 4279), (3, 2331), (2, 4505), (1, 2604), (0, 2826), (31, 3394), (30, 1225), (29, 3997), (28, 3458), (27, 7473), (26, 1758), (25, 4288), (24, 7679), (23, 18654), (22, 18820), (20, 21180), (19, 12628), (18, 15034), (17, 3841), (16, 5357), (15, 10157), (14, 3476), (13, 3794), (12, 5465), (11, 3310)] ogbn-mag-32-metis-cut-trans 32 8
loading partitions
begin to load ogb dataset ogbn-mag from ../RCGNN/dataset/
for_commute,bns,rank 16 [(0, 5417), (31, 6658), (30, 5363), (29, 2647), (28, 4005), (27, 2925), (26, 2481), (25, 3160), (24, 4317), (23, 4804), (22, 4795), (21, 4553), (20, 6947), (19, 9082), (18, 3568), (17, 7955), (15, 5627), (14, 3884), (13, 4094), (12, 3393), (11, 4103), (10, 3786), (9, 3697), (8, 3110), (7, 5059), (6, 5407), (5, 6505), (4, 7802), (3, 3703), (2, 4358), (1, 4820)] ogbn-mag-32-metis-cut-trans 32 8
loading partitions
begin to load ogb dataset ogbn-mag from ../RCGNN/dataset/
for_commute,bns,rank 19 [(6, 4435), (5, 4800), (4, 3931), (3, 2733), (2, 3493), (1, 3151), (0, 3505), (31, 4606), (30, 2184), (29, 5119), (28, 3909), (27, 7379), (26, 2913), (25, 4958), (24, 5373), (23, 7781), (22, 8922), (21, 10568), (20, 11161), (18, 13920), (17, 3990), (16, 7883), (15, 3927), (14, 3539), (13, 3644), (12, 3457), (11, 3274), (10, 3213), (9, 5018), (8, 3190), (7, 3376)] ogbn-mag-32-metis-cut-trans 32 8
loading partitions
begin to load ogb dataset ogbn-mag from ../RCGNN/dataset/
for_commute,bns,rank 18 [(4, 3629), (3, 1762), (2, 3358), (1, 2757), (0, 2295), (31, 6774), (30, 1498), (29, 12410), (28, 9362), (27, 16190), (26, 2514), (25, 7934), (24, 3782), (23, 9960), (22, 10847), (21, 10203), (20, 5286), (19, 13771), (17, 4771), (16, 4692), (15, 6983), (14, 3963), (13, 1890), (12, 5420), (11, 2782), (10, 3150), (9, 9699), (8, 4937), (7, 2699), (6, 2962), (5, 6358)] ogbn-mag-32-metis-cut-trans 32 8
loading partitions
begin to load ogb dataset ogbn-mag from ../RCGNN/dataset/
for_commute,bns,rank 17 [(2, 3319), (1, 4082), (0, 5747), (31, 10134), (30, 13766), (29, 3890), (28, 6227), (27, 3346), (26, 3881), (25, 4147), (24, 4120), (23, 3033), (22, 3120), (21, 2622), (20, 2512), (19, 2946), (18, 5354), (16, 6004), (15, 4005), (14, 3381), (13, 2900), (12, 2748), (11, 3154), (10, 3369), (9, 2558), (8, 2758), (7, 2829), (6, 3790), (5, 5468), (4, 4405), (3, 3415)] ogbn-mag-32-metis-cut-trans 32 8
Pseudo-terminal will not be allocated because stdin is not a terminal.
Welcome to Ubuntu 22.04.3 LTS (GNU/Linux 6.5.0-25-generic x86_64)

 * Documentation:  https://help.ubuntu.com
 * Management:     https://landscape.canonical.com
 * Support:        https://ubuntu.com/advantage

This system has been minimized by removing packages and content that are
not required on a system that users do not log into.

To restore this content, you can run the 'unminimize' command.
hemeng ogbn-proteins gcn 32 2 32 2 8
Namespace(backend='gloo', data_path='../RCGNN/dataset/', dataset='ogbn-proteins', dropout=0.3, eval=True, fix_seed=True, graph_name='ogbn-proteins-32-metis-cut-trans', heads=1, inductive=False, log_every=10, lr=0.003, master_addr='192.168.2.1', model='gcn', n_class=10, n_edges=10000, n_epochs=30, n_feat=100, n_hidden=32, n_layers=2, n_linear=0, n_nodes=1000, n_partitions=32, node_rank=2, norm='layer', part_path='./partition/', partition_method='metis', partition_obj='cut', parts_per_node=8, port=18119, sampling_rate=1.0, save_model=False, seed=0, skip_partition=False, sub_rate=None, swap_bits=0, swap_rate=0, topolist=None, train_ratio=0.9, use_pp=True, uvm=False, val_ratio=0.05, weight=False, weight_decay=0)
loading partitions
begin to load ogb dataset ogbn-proteins from ../RCGNN/dataset/
for_commute,bns,rank 20 [(8, 776), (7, 646), (6, 958), (5, 1024), (4, 1503), (3, 1298), (2, 472), (1, 659), (0, 655), (31, 2486), (30, 1190), (29, 2822), (28, 1025), (27, 1546), (26, 1342), (25, 920), (24, 706), (23, 2695), (22, 593), (21, 1864), (19, 1486), (18, 835), (17, 1496), (16, 656), (15, 992), (14, 921), (13, 737), (12, 699), (11, 920), (10, 785), (9, 1087)] ogbn-proteins-32-metis-cut-trans 32 8
loading partitions
begin to load ogb dataset ogbn-proteins from ../RCGNN/dataset/
for_commute,bns,rank 21 [(10, 3140), (9, 3179), (8, 2566), (7, 2824), (6, 2867), (5, 2472), (4, 2047), (3, 2657), (2, 1536), (1, 2355), (0, 2174), (31, 3699), (30, 2353), (29, 3100), (28, 1733), (27, 2274), (26, 3126), (25, 2929), (24, 1980), (23, 3739), (22, 2540), (20, 2278), (19, 2578), (18, 1268), (17, 1952), (16, 1737), (15, 2932), (14, 2609), (13, 2260), (12, 2444), (11, 2779)] ogbn-proteins-32-metis-cut-trans 32 8
loading partitions
begin to load ogb dataset ogbn-proteins from ../RCGNN/dataset/
for_commute,bns,rank 22 [(12, 2691), (11, 2235), (10, 3124), (9, 3056), (8, 3048), (7, 2554), (6, 3010), (5, 2580), (4, 2641), (3, 2523), (2, 1875), (1, 2924), (0, 2247), (31, 3242), (30, 425), (29, 678), (28, 452), (27, 1302), (26, 2709), (25, 3117), (24, 1588), (23, 3543), (21, 3290), (20, 233), (19, 1704), (18, 2242), (17, 1061), (16, 2168), (15, 3494), (14, 3356), (13, 2485)] ogbn-proteins-32-metis-cut-trans 32 8
loading partitions
begin to load ogb dataset ogbn-proteins from ../RCGNN/dataset/
for_commute,bns,rank 19 [(6, 2782), (5, 2493), (4, 2608), (3, 2524), (2, 1736), (1, 2628), (0, 2379), (31, 3104), (30, 2111), (29, 3735), (28, 3568), (27, 3099), (26, 1945), (25, 2689), (24, 3037), (23, 3827), (22, 2230), (21, 2674), (20, 590), (18, 1843), (17, 3169), (16, 1838), (15, 3189), (14, 2734), (13, 2502), (12, 2454), (11, 2658), (10, 2857), (9, 2922), (8, 2303), (7, 2521)] ogbn-proteins-32-metis-cut-trans 32 8
loading partitions
begin to load ogb dataset ogbn-proteins from ../RCGNN/dataset/
for_commute,bns,rank 18 [(4, 3540), (3, 1922), (2, 1207), (1, 2367), (0, 1736), (31, 2759), (30, 1468), (29, 2096), (28, 2091), (27, 1397), (26, 1856), (25, 2111), (24, 1692), (23, 3418), (22, 2635), (21, 2291), (20, 1728), (19, 2550), (17, 1537), (16, 2335), (15, 3300), (14, 2599), (13, 1966), (12, 2064), (11, 1894), (10, 2236), (9, 2872), (8, 2385), (7, 1868), (6, 2097), (5, 1904)] ogbn-proteins-32-metis-cut-trans 32 8
loading partitions
begin to load ogb dataset ogbn-proteins from ../RCGNN/dataset/
for_commute,bns,rank 17 [(2, 2740), (1, 2913), (0, 3031), (31, 3333), (30, 2011), (29, 3596), (28, 3668), (27, 3152), (26, 2267), (25, 3348), (24, 3570), (23, 3336), (22, 1789), (21, 2636), (20, 821), (19, 3357), (18, 1210), (16, 2437), (15, 3341), (14, 3060), (13, 2194), (12, 2857), (11, 3034), (10, 3735), (9, 3105), (8, 3238), (7, 3210), (6, 3357), (5, 2898), (4, 2054), (3, 3264)] ogbn-proteins-32-metis-cut-trans 32 8
loading partitions
begin to load ogb dataset ogbn-proteins from ../RCGNN/dataset/
for_commute,bns,rank 16 [(0, 3060), (31, 3738), (30, 2825), (29, 3470), (28, 3007), (27, 3384), (26, 3429), (25, 3521), (24, 3386), (23, 3795), (22, 2928), (21, 3201), (20, 2244), (19, 3345), (18, 2586), (17, 3271), (15, 3312), (14, 3166), (13, 2736), (12, 2834), (11, 3376), (10, 3657), (9, 3413), (8, 3275), (7, 3309), (6, 3470), (5, 3102), (4, 3795), (3, 3236), (2, 2046), (1, 3010)] ogbn-proteins-32-metis-cut-trans 32 8
loading partitions
begin to load ogb dataset ogbn-proteins from ../RCGNN/dataset/
for_commute,bns,rank 23 [(14, 3369), (13, 3047), (12, 3042), (11, 2822), (10, 3575), (9, 3126), (8, 3249), (7, 3086), (6, 3693), (5, 2852), (4, 2862), (3, 2976), (2, 2274), (1, 2965), (0, 2579), (31, 4060), (30, 1230), (29, 2887), (28, 1709), (27, 2105), (26, 2371), (25, 3892), (24, 2018), (22, 2285), (21, 2953), (20, 1266), (19, 2477), (18, 1844), (17, 1600), (16, 1723), (15, 3711)] ogbn-proteins-32-metis-cut-trans 32 8
Pseudo-terminal will not be allocated because stdin is not a terminal.
Welcome to Ubuntu 22.04.3 LTS (GNU/Linux 6.5.0-25-generic x86_64)

 * Documentation:  https://help.ubuntu.com
 * Management:     https://landscape.canonical.com
 * Support:        https://ubuntu.com/advantage

This system has been minimized by removing packages and content that are
not required on a system that users do not log into.

To restore this content, you can run the 'unminimize' command.
hemeng am gcn 32 2 32 2 8
Namespace(backend='gloo', data_path='../RCGNN/dataset/', dataset='am', dropout=0.3, eval=True, fix_seed=True, graph_name='am-32-metis-cut-trans', heads=1, inductive=False, log_every=10, lr=0.003, master_addr='192.168.2.1', model='gcn', n_class=10, n_edges=10000, n_epochs=30, n_feat=100, n_hidden=32, n_layers=2, n_linear=0, n_nodes=1000, n_partitions=32, node_rank=2, norm='layer', part_path='./partition/', partition_method='metis', partition_obj='cut', parts_per_node=8, port=18119, sampling_rate=1.0, save_model=False, seed=0, skip_partition=False, sub_rate=None, swap_bits=0, swap_rate=0, topolist=None, train_ratio=0.9, use_pp=True, uvm=False, val_ratio=0.05, weight=False, weight_decay=0)
loading partitions
Done loading data from cached files.
for_commute,bns,rank 23 [(14, 62), (13, 37), (12, 135), (11, 94), (10, 29), (9, 38), (8, 176), (7, 197), (6, 152), (5, 221), (4, 182), (3, 168), (2, 228), (1, 180), (0, 113), (31, 52), (30, 71), (29, 174), (28, 184), (27, 27), (26, 31), (25, 58), (24, 20), (22, 26), (21, 53), (20, 60), (19, 31), (18, 10), (17, 24), (16, 28), (15, 121)] am-32-metis-cut-trans 32 8
loading partitions
Done loading data from cached files.
for_commute,bns,rank 17 [(2, 578), (1, 440), (0, 369), (31, 183), (30, 320), (29, 504), (28, 512), (27, 116), (26, 140), (25, 322), (24, 100), (23, 151), (22, 66), (21, 1482), (20, 2654), (19, 350), (18, 365), (16, 125), (15, 373), (14, 105), (13, 90), (12, 272), (11, 267), (10, 89), (9, 70), (8, 430), (7, 518), (6, 165), (5, 580), (4, 474), (3, 503)] am-32-metis-cut-trans 32 8
loading partitions
Done loading data from cached files.
for_commute,bns,rank 16 [(0, 332), (31, 169), (30, 299), (29, 504), (28, 570), (27, 132), (26, 145), (25, 154), (24, 86), (23, 136), (22, 68), (21, 634), (20, 204), (19, 221), (18, 257), (17, 87), (15, 378), (14, 114), (13, 81), (12, 268), (11, 291), (10, 72), (9, 73), (8, 473), (7, 399), (6, 196), (5, 445), (4, 506), (3, 475), (2, 468), (1, 362)] am-32-metis-cut-trans 32 8
loading partitions
Done loading data from cached files.
for_commute,bns,rank 19 [(6, 145), (5, 158), (4, 116), (3, 181), (2, 185), (1, 123), (0, 104), (31, 40), (30, 65), (29, 98), (28, 111), (27, 37), (26, 32), (25, 31), (24, 21), (23, 28), (22, 15), (21, 63), (20, 53), (18, 11), (17, 15), (16, 14), (15, 121), (14, 53), (13, 27), (12, 125), (11, 89), (10, 25), (9, 34), (8, 123), (7, 182)] am-32-metis-cut-trans 32 8
loading partitions
Done loading data from cached files.
for_commute,bns,rank 20 [(8, 329), (7, 426), (6, 208), (5, 378), (4, 274), (3, 459), (2, 475), (1, 277), (0, 317), (31, 54), (30, 139), (29, 168), (28, 178), (27, 39), (26, 46), (25, 106), (24, 24), (23, 123), (22, 55), (21, 158), (19, 114), (18, 74), (17, 30), (16, 27), (15, 203), (14, 94), (13, 44), (12, 203), (11, 152), (10, 28), (9, 37)] am-32-metis-cut-trans 32 8
loading partitions
Done loading data from cached files.
for_commute,bns,rank 18 [(4, 1194), (3, 1285), (2, 1179), (1, 1180), (0, 963), (31, 362), (30, 667), (29, 899), (28, 1045), (27, 248), (26, 315), (25, 396), (24, 206), (23, 382), (22, 140), (21, 7901), (20, 5657), (19, 50282), (17, 11161), (16, 7855), (15, 826), (14, 274), (13, 157), (12, 834), (11, 671), (10, 195), (9, 148), (8, 1243), (7, 1121), (6, 662), (5, 1297)] am-32-metis-cut-trans 32 8
loading partitions
Done loading data from cached files.
for_commute,bns,rank 22 [(12, 829), (11, 710), (10, 133), (9, 230), (8, 1003), (7, 1711), (6, 2151), (5, 1616), (4, 1086), (3, 1279), (2, 1428), (1, 1157), (0, 1246), (31, 665), (30, 734), (29, 1208), (28, 1193), (27, 244), (26, 232), (25, 513), (24, 155), (23, 43486), (21, 11041), (20, 12683), (19, 319), (18, 46), (17, 176), (16, 166), (15, 989), (14, 235), (13, 133)] am-32-metis-cut-trans 32 8
loading partitions
Done loading data from cached files.
for_commute,bns,rank 21 [(10, 27), (9, 33), (8, 275), (7, 372), (6, 233), (5, 311), (4, 297), (3, 286), (2, 392), (1, 241), (0, 334), (31, 76), (30, 93), (29, 211), (28, 292), (27, 67), (26, 38), (25, 113), (24, 25), (23, 118), (22, 56), (20, 176), (19, 134), (18, 85), (17, 14), (16, 25), (15, 199), (14, 62), (13, 51), (12, 187), (11, 189)] am-32-metis-cut-trans 32 8
Pseudo-terminal will not be allocated because stdin is not a terminal.
Welcome to Ubuntu 22.04.3 LTS (GNU/Linux 6.5.0-25-generic x86_64)

 * Documentation:  https://help.ubuntu.com
 * Management:     https://landscape.canonical.com
 * Support:        https://ubuntu.com/advantage

This system has been minimized by removing packages and content that are
not required on a system that users do not log into.

To restore this content, you can run the 'unminimize' command.
hemeng ogbn-arxiv gcn 16 2 32 2 4
Namespace(backend='gloo', data_path='../RCGNN/dataset/', dataset='ogbn-arxiv', dropout=0.3, eval=True, fix_seed=True, graph_name='ogbn-arxiv-16-metis-cut-trans', heads=1, inductive=False, log_every=10, lr=0.003, master_addr='192.168.2.1', model='gcn', n_class=10, n_edges=10000, n_epochs=30, n_feat=100, n_hidden=32, n_layers=2, n_linear=0, n_nodes=1000, n_partitions=16, node_rank=2, norm='layer', part_path='./partition/', partition_method='metis', partition_obj='cut', parts_per_node=4, port=18119, sampling_rate=1.0, save_model=False, seed=0, skip_partition=False, sub_rate=None, swap_bits=0, swap_rate=0, topolist=None, train_ratio=0.9, use_pp=True, uvm=False, val_ratio=0.05, weight=False, weight_decay=0)
loading partitions
begin to load ogb dataset ogbn-arxiv from ../RCGNN/dataset/
for_commute,bns,rank 9 [(2, 917), (1, 1236), (0, 960), (15, 654), (14, 760), (13, 590), (12, 762), (11, 759), (10, 1119), (8, 909), (7, 780), (6, 293), (5, 176), (4, 182), (3, 552)] ogbn-arxiv-16-metis-cut-trans 16 4
loading partitions
begin to load ogb dataset ogbn-arxiv from ../RCGNN/dataset/
for_commute,bns,rank 8 [(0, 785), (15, 1226), (14, 1199), (13, 707), (12, 1420), (11, 1136), (10, 1489), (9, 702), (7, 600), (6, 309), (5, 398), (4, 227), (3, 233), (2, 433), (1, 786)] ogbn-arxiv-16-metis-cut-trans 16 4
loading partitions
begin to load ogb dataset ogbn-arxiv from ../RCGNN/dataset/
for_commute,bns,rank 10 [(4, 114), (3, 378), (2, 420), (1, 1433), (0, 2913), (15, 1314), (14, 2380), (13, 2997), (12, 1449), (11, 2519), (9, 1078), (8, 1806), (7, 565), (6, 301), (5, 259)] ogbn-arxiv-16-metis-cut-trans 16 4
loading partitions
begin to load ogb dataset ogbn-arxiv from ../RCGNN/dataset/
for_commute,bns,rank 11 [(6, 95), (5, 136), (4, 57), (3, 57), (2, 111), (1, 281), (0, 620), (15, 1692), (14, 2556), (13, 4508), (12, 1310), (10, 2638), (9, 528), (8, 1105), (7, 379)] ogbn-arxiv-16-metis-cut-trans 16 4
Pseudo-terminal will not be allocated because stdin is not a terminal.
Welcome to Ubuntu 22.04.3 LTS (GNU/Linux 6.5.0-25-generic x86_64)

 * Documentation:  https://help.ubuntu.com
 * Management:     https://landscape.canonical.com
 * Support:        https://ubuntu.com/advantage

This system has been minimized by removing packages and content that are
not required on a system that users do not log into.

To restore this content, you can run the 'unminimize' command.
hemeng ogbn-products gcn 16 2 32 2 4
Namespace(backend='gloo', data_path='../RCGNN/dataset/', dataset='ogbn-products', dropout=0.3, eval=True, fix_seed=True, graph_name='ogbn-products-16-metis-cut-trans', heads=1, inductive=False, log_every=10, lr=0.003, master_addr='192.168.2.1', model='gcn', n_class=10, n_edges=10000, n_epochs=30, n_feat=100, n_hidden=32, n_layers=2, n_linear=0, n_nodes=1000, n_partitions=16, node_rank=2, norm='layer', part_path='./partition/', partition_method='metis', partition_obj='cut', parts_per_node=4, port=18119, sampling_rate=1.0, save_model=False, seed=0, skip_partition=False, sub_rate=None, swap_bits=0, swap_rate=0, topolist=None, train_ratio=0.9, use_pp=True, uvm=False, val_ratio=0.05, weight=False, weight_decay=0)
loading partitions
begin to load ogb dataset ogbn-products from ../RCGNN/dataset/
for_commute,bns,rank 8 [(0, 11153), (15, 13859), (14, 16228), (13, 26117), (12, 13692), (11, 15395), (10, 25549), (9, 37150), (7, 3159), (6, 7554), (5, 7448), (4, 2984), (3, 21627), (2, 28678), (1, 9628)] ogbn-products-16-metis-cut-trans 16 4
loading partitions
begin to load ogb dataset ogbn-products from ../RCGNN/dataset/
for_commute,bns,rank 9 [(2, 20168), (1, 12426), (0, 14251), (15, 20143), (14, 18410), (13, 27120), (12, 19507), (11, 28834), (10, 15432), (8, 39618), (7, 2720), (6, 4664), (5, 2469), (4, 1677), (3, 12643)] ogbn-products-16-metis-cut-trans 16 4
loading partitions
begin to load ogb dataset ogbn-products from ../RCGNN/dataset/
for_commute,bns,rank 10 [(4, 1743), (3, 8608), (2, 10741), (1, 11262), (0, 22727), (15, 17252), (14, 11191), (13, 27171), (12, 14817), (11, 33533), (9, 18114), (8, 26937), (7, 13775), (6, 8284), (5, 1312)] ogbn-products-16-metis-cut-trans 16 4
loading partitions
begin to load ogb dataset ogbn-products from ../RCGNN/dataset/
for_commute,bns,rank 11 [(6, 1479), (5, 1224), (4, 1173), (3, 1628), (2, 4574), (1, 12348), (0, 12824), (15, 6054), (14, 5734), (13, 9006), (12, 10357), (10, 23486), (9, 20782), (8, 11053), (7, 3936)] ogbn-products-16-metis-cut-trans 16 4
Pseudo-terminal will not be allocated because stdin is not a terminal.
Welcome to Ubuntu 22.04.3 LTS (GNU/Linux 6.5.0-25-generic x86_64)

 * Documentation:  https://help.ubuntu.com
 * Management:     https://landscape.canonical.com
 * Support:        https://ubuntu.com/advantage

This system has been minimized by removing packages and content that are
not required on a system that users do not log into.

To restore this content, you can run the 'unminimize' command.
hemeng yelp gcn 16 2 32 2 4
Namespace(backend='gloo', data_path='../RCGNN/dataset/', dataset='yelp', dropout=0.3, eval=True, fix_seed=True, graph_name='yelp-16-metis-cut-trans', heads=1, inductive=False, log_every=10, lr=0.003, master_addr='192.168.2.1', model='gcn', n_class=10, n_edges=10000, n_epochs=30, n_feat=100, n_hidden=32, n_layers=2, n_linear=0, n_nodes=1000, n_partitions=16, node_rank=2, norm='layer', part_path='./partition/', partition_method='metis', partition_obj='cut', parts_per_node=4, port=18119, sampling_rate=1.0, save_model=False, seed=0, skip_partition=False, sub_rate=None, swap_bits=0, swap_rate=0, topolist=None, train_ratio=0.9, use_pp=True, uvm=False, val_ratio=0.05, weight=False, weight_decay=0)
loading partitions
for_commute,bns,rank 8 [(0, 4206), (15, 9306), (14, 5271), (13, 9190), (12, 8403), (11, 3040), (10, 11619), (9, 9452), (7, 4407), (6, 2909), (5, 5625), (4, 5459), (3, 3904), (2, 5818), (1, 3259)] yelp-16-metis-cut-trans 16 4
loading partitions
for_commute,bns,rank 9 [(2, 3973), (1, 2325), (0, 2959), (15, 7321), (14, 4576), (13, 7047), (12, 6452), (11, 2328), (10, 10560), (8, 10074), (7, 3613), (6, 2420), (5, 4297), (4, 4119), (3, 3095)] yelp-16-metis-cut-trans 16 4
loading partitions
for_commute,bns,rank 10 [(4, 4614), (3, 3641), (2, 4464), (1, 2301), (0, 3069), (15, 9326), (14, 5590), (13, 9994), (12, 7817), (11, 4233), (9, 9584), (8, 11553), (7, 3527), (6, 2307), (5, 4396)] yelp-16-metis-cut-trans 16 4
loading partitions
for_commute,bns,rank 11 [(6, 1006), (5, 1902), (4, 1728), (3, 1171), (2, 1630), (1, 785), (0, 787), (15, 3777), (14, 2711), (13, 4400), (12, 3274), (10, 4008), (9, 2167), (8, 2919), (7, 1426)] yelp-16-metis-cut-trans 16 4
Pseudo-terminal will not be allocated because stdin is not a terminal.
Welcome to Ubuntu 22.04.3 LTS (GNU/Linux 6.5.0-25-generic x86_64)

 * Documentation:  https://help.ubuntu.com
 * Management:     https://landscape.canonical.com
 * Support:        https://ubuntu.com/advantage

This system has been minimized by removing packages and content that are
not required on a system that users do not log into.

To restore this content, you can run the 'unminimize' command.
hemeng reddit gcn 16 2 32 2 4
Namespace(backend='gloo', data_path='../RCGNN/dataset/', dataset='reddit', dropout=0.3, eval=True, fix_seed=True, graph_name='reddit-16-metis-cut-trans', heads=1, inductive=False, log_every=10, lr=0.003, master_addr='192.168.2.1', model='gcn', n_class=10, n_edges=10000, n_epochs=30, n_feat=100, n_hidden=32, n_layers=2, n_linear=0, n_nodes=1000, n_partitions=16, node_rank=2, norm='layer', part_path='./partition/', partition_method='metis', partition_obj='cut', parts_per_node=4, port=18119, sampling_rate=1.0, save_model=False, seed=0, skip_partition=False, sub_rate=None, swap_bits=0, swap_rate=0, topolist=None, train_ratio=0.9, use_pp=True, uvm=False, val_ratio=0.05, weight=False, weight_decay=0)
loading partitions
for_commute,bns,rank 8 [(0, 264), (15, 6433), (14, 6924), (13, 9029), (12, 5087), (11, 7697), (10, 7016), (9, 3051), (7, 6102), (6, 5001), (5, 3060), (4, 2645), (3, 4039), (2, 2331), (1, 2904)] reddit-16-metis-cut-trans 16 4
loading partitions
for_commute,bns,rank 10 [(4, 9289), (3, 11338), (2, 8806), (1, 8442), (0, 3266), (15, 11010), (14, 10005), (13, 10875), (12, 6969), (11, 13432), (9, 8048), (8, 10805), (7, 10727), (6, 9802), (5, 10127)] reddit-16-metis-cut-trans 16 4
loading partitions
for_commute,bns,rank 9 [(2, 6626), (1, 4860), (0, 1608), (15, 6013), (14, 5702), (13, 7796), (12, 3616), (11, 7760), (10, 5018), (8, 5144), (7, 4294), (6, 8141), (5, 5253), (4, 4097), (3, 9872)] reddit-16-metis-cut-trans 16 4
loading partitions
for_commute,bns,rank 11 [(6, 5238), (5, 3510), (4, 2982), (3, 4798), (2, 3843), (1, 2268), (0, 261), (15, 6718), (14, 7046), (13, 8018), (12, 5214), (10, 6501), (9, 3110), (8, 5764), (7, 8286)] reddit-16-metis-cut-trans 16 4
Pseudo-terminal will not be allocated because stdin is not a terminal.
Welcome to Ubuntu 22.04.3 LTS (GNU/Linux 6.5.0-25-generic x86_64)

 * Documentation:  https://help.ubuntu.com
 * Management:     https://landscape.canonical.com
 * Support:        https://ubuntu.com/advantage

This system has been minimized by removing packages and content that are
not required on a system that users do not log into.

To restore this content, you can run the 'unminimize' command.
hemeng ogbn-mag gcn 16 2 32 2 4
Namespace(backend='gloo', data_path='../RCGNN/dataset/', dataset='ogbn-mag', dropout=0.3, eval=True, fix_seed=True, graph_name='ogbn-mag-16-metis-cut-trans', heads=1, inductive=False, log_every=10, lr=0.003, master_addr='192.168.2.1', model='gcn', n_class=10, n_edges=10000, n_epochs=30, n_feat=100, n_hidden=32, n_layers=2, n_linear=0, n_nodes=1000, n_partitions=16, node_rank=2, norm='layer', part_path='./partition/', partition_method='metis', partition_obj='cut', parts_per_node=4, port=18119, sampling_rate=1.0, save_model=False, seed=0, skip_partition=False, sub_rate=None, swap_bits=0, swap_rate=0, topolist=None, train_ratio=0.9, use_pp=True, uvm=False, val_ratio=0.05, weight=False, weight_decay=0)
loading partitions
begin to load ogb dataset ogbn-mag from ../RCGNN/dataset/
for_commute,bns,rank 11 [(6, 9002), (5, 7822), (4, 10643), (3, 18298), (2, 14543), (1, 15481), (0, 11376), (15, 24436), (14, 6363), (13, 19245), (12, 16481), (10, 52077), (9, 38385), (8, 18066), (7, 9938)] ogbn-mag-16-metis-cut-trans 16 4
loading partitions
begin to load ogb dataset ogbn-mag from ../RCGNN/dataset/
for_commute,bns,rank 10 [(4, 10500), (3, 24045), (2, 16478), (1, 23810), (0, 14686), (15, 21855), (14, 5566), (13, 12584), (12, 13152), (11, 57341), (9, 25704), (8, 32255), (7, 14453), (6, 11486), (5, 10123)] ogbn-mag-16-metis-cut-trans 16 4
loading partitions
begin to load ogb dataset ogbn-mag from ../RCGNN/dataset/
for_commute,bns,rank 9 [(2, 17450), (1, 16485), (0, 17314), (15, 16223), (14, 5478), (13, 35113), (12, 28049), (11, 37666), (10, 25747), (8, 17023), (7, 10980), (6, 9046), (5, 9009), (4, 11186), (3, 12763)] ogbn-mag-16-metis-cut-trans 16 4
loading partitions
begin to load ogb dataset ogbn-mag from ../RCGNN/dataset/
for_commute,bns,rank 8 [(0, 14502), (15, 14457), (14, 22283), (13, 10566), (12, 16838), (11, 18601), (10, 23194), (9, 13162), (7, 15889), (6, 15629), (5, 16265), (4, 13160), (3, 17757), (2, 12911), (1, 13605)] ogbn-mag-16-metis-cut-trans 16 4
Pseudo-terminal will not be allocated because stdin is not a terminal.
Welcome to Ubuntu 22.04.3 LTS (GNU/Linux 6.5.0-25-generic x86_64)

 * Documentation:  https://help.ubuntu.com
 * Management:     https://landscape.canonical.com
 * Support:        https://ubuntu.com/advantage

This system has been minimized by removing packages and content that are
not required on a system that users do not log into.

To restore this content, you can run the 'unminimize' command.
hemeng ogbn-proteins gcn 16 2 32 2 4
Namespace(backend='gloo', data_path='../RCGNN/dataset/', dataset='ogbn-proteins', dropout=0.3, eval=True, fix_seed=True, graph_name='ogbn-proteins-16-metis-cut-trans', heads=1, inductive=False, log_every=10, lr=0.003, master_addr='192.168.2.1', model='gcn', n_class=10, n_edges=10000, n_epochs=30, n_feat=100, n_hidden=32, n_layers=2, n_linear=0, n_nodes=1000, n_partitions=16, node_rank=2, norm='layer', part_path='./partition/', partition_method='metis', partition_obj='cut', parts_per_node=4, port=18119, sampling_rate=1.0, save_model=False, seed=0, skip_partition=False, sub_rate=None, swap_bits=0, swap_rate=0, topolist=None, train_ratio=0.9, use_pp=True, uvm=False, val_ratio=0.05, weight=False, weight_decay=0)
loading partitions
begin to load ogb dataset ogbn-proteins from ../RCGNN/dataset/
for_commute,bns,rank 11 [(6, 8016), (5, 7333), (4, 6990), (3, 7629), (2, 4629), (1, 6427), (0, 5894), (15, 8032), (14, 7970), (13, 8160), (12, 4364), (10, 7590), (9, 7848), (8, 7644), (7, 7542)] ogbn-proteins-16-metis-cut-trans 16 4
loading partitions
begin to load ogb dataset ogbn-proteins from ../RCGNN/dataset/
for_commute,bns,rank 10 [(4, 7132), (3, 7689), (2, 5185), (1, 6627), (0, 6289), (15, 8039), (14, 7945), (13, 7378), (12, 3852), (11, 6913), (9, 7876), (8, 6286), (7, 7622), (6, 8013), (5, 6745)] ogbn-proteins-16-metis-cut-trans 16 4
loading partitions
begin to load ogb dataset ogbn-proteins from ../RCGNN/dataset/
for_commute,bns,rank 9 [(2, 4338), (1, 5385), (0, 6568), (15, 7985), (14, 7754), (13, 6432), (12, 3498), (11, 6626), (10, 7421), (8, 7182), (7, 7587), (6, 7868), (5, 5306), (4, 6904), (3, 7716)] ogbn-proteins-16-metis-cut-trans 16 4
loading partitions
begin to load ogb dataset ogbn-proteins from ../RCGNN/dataset/
for_commute,bns,rank 8 [(0, 6279), (15, 7826), (14, 6842), (13, 5299), (12, 4169), (11, 5799), (10, 7174), (9, 7671), (7, 7471), (6, 7577), (5, 6529), (4, 6797), (3, 7830), (2, 5066), (1, 6195)] ogbn-proteins-16-metis-cut-trans 16 4
Pseudo-terminal will not be allocated because stdin is not a terminal.
Welcome to Ubuntu 22.04.3 LTS (GNU/Linux 6.5.0-25-generic x86_64)

 * Documentation:  https://help.ubuntu.com
 * Management:     https://landscape.canonical.com
 * Support:        https://ubuntu.com/advantage

This system has been minimized by removing packages and content that are
not required on a system that users do not log into.

To restore this content, you can run the 'unminimize' command.
hemeng am gcn 16 2 32 2 4
Namespace(backend='gloo', data_path='../RCGNN/dataset/', dataset='am', dropout=0.3, eval=True, fix_seed=True, graph_name='am-16-metis-cut-trans', heads=1, inductive=False, log_every=10, lr=0.003, master_addr='192.168.2.1', model='gcn', n_class=10, n_edges=10000, n_epochs=30, n_feat=100, n_hidden=32, n_layers=2, n_linear=0, n_nodes=1000, n_partitions=16, node_rank=2, norm='layer', part_path='./partition/', partition_method='metis', partition_obj='cut', parts_per_node=4, port=18119, sampling_rate=1.0, save_model=False, seed=0, skip_partition=False, sub_rate=None, swap_bits=0, swap_rate=0, topolist=None, train_ratio=0.9, use_pp=True, uvm=False, val_ratio=0.05, weight=False, weight_decay=0)
loading partitions
Done loading data from cached files.
for_commute,bns,rank 10 [(4, 625), (3, 2563), (2, 1655), (1, 1207), (0, 1488), (15, 2053), (14, 624), (13, 2237), (12, 3807), (11, 3855), (9, 3641), (8, 4210), (7, 1236), (6, 1309), (5, 2383)] am-16-metis-cut-trans 16 4
loading partitions
Done loading data from cached files.
for_commute,bns,rank 11 [(6, 552), (5, 1522), (4, 356), (3, 1100), (2, 660), (1, 491), (0, 698), (15, 1257), (14, 351), (13, 1788), (12, 1851), (10, 2073), (9, 1927), (8, 2104), (7, 728)] am-16-metis-cut-trans 16 4
loading partitions
Done loading data from cached files.
for_commute,bns,rank 9 [(2, 719), (1, 971), (0, 1290), (15, 1998), (14, 615), (13, 1321), (12, 3087), (11, 3022), (10, 3033), (8, 4930), (7, 1088), (6, 813), (5, 1988), (4, 611), (3, 1359)] am-16-metis-cut-trans 16 4
loading partitions
Done loading data from cached files.
for_commute,bns,rank 8 [(0, 1875), (15, 3147), (14, 1008), (13, 2243), (12, 6649), (11, 5304), (10, 9397), (9, 9733), (7, 1665), (6, 2066), (5, 3422), (4, 795), (3, 7162), (2, 11918), (1, 1657)] am-16-metis-cut-trans 16 4
