Pseudo-terminal will not be allocated because stdin is not a terminal.
Welcome to Ubuntu 22.04.3 LTS (GNU/Linux 6.5.0-25-generic x86_64)

 * Documentation:  https://help.ubuntu.com
 * Management:     https://landscape.canonical.com
 * Support:        https://ubuntu.com/advantage

This system has been minimized by removing packages and content that are
not required on a system that users do not log into.

To restore this content, you can run the 'unminimize' command.
hemeng ogbn-arxiv gcn 16 2 32 0 8
begin to load ogb dataset ogbn-arxiv from ../RCGNN/dataset/
Namespace(backend='gloo', data_path='../RCGNN/dataset/', dataset='ogbn-arxiv', dropout=0.3, eval=True, fix_seed=True, graph_name='ogbn-arxiv-16-metis-cut-trans', heads=1, inductive=False, log_every=10, lr=0.003, master_addr='192.168.2.1', model='gcn', n_class=10, n_edges=10000, n_epochs=30, n_feat=100, n_hidden=32, n_layers=2, n_linear=0, n_nodes=1000, n_partitions=16, node_rank=0, norm='layer', part_path='./partition/', partition_method='metis', partition_obj='cut', parts_per_node=8, port=18119, sampling_rate=1.0, save_model=False, seed=0, skip_partition=False, sub_rate=None, swap_bits=0, swap_rate=0, topolist=None, train_ratio=0.9, use_pp=True, uvm=False, val_ratio=0.05, weight=False, weight_decay=0)
loading partitions
begin to load ogb dataset ogbn-arxiv from ../RCGNN/dataset/
for_commute,bns,rank 4 [(8, 223), (7, 804), (6, 746), (5, 2325), (3, 127), (2, 219), (1, 127), (0, 36), (15, 170), (14, 86), (13, 51), (12, 194), (11, 58), (10, 93), (9, 175)] ogbn-arxiv-16-metis-cut-trans 16 8
loading partitions
begin to load ogb dataset ogbn-arxiv from ../RCGNN/dataset/
for_commute,bns,rank 6 [(12, 364), (11, 93), (10, 255), (9, 296), (8, 328), (7, 865), (5, 582), (4, 853), (3, 298), (2, 865), (1, 301), (0, 140), (15, 439), (14, 88), (13, 117)] ogbn-arxiv-16-metis-cut-trans 16 8
loading partitions
begin to load ogb dataset ogbn-arxiv from ../RCGNN/dataset/
for_commute,bns,rank 5 [(10, 167), (9, 154), (8, 354), (7, 805), (6, 563), (4, 2326), (3, 102), (2, 201), (1, 148), (0, 56), (15, 330), (14, 192), (13, 98), (12, 340), (11, 127)] ogbn-arxiv-16-metis-cut-trans 16 8
loading partitions
begin to load ogb dataset ogbn-arxiv from ../RCGNN/dataset/
for_commute,bns,rank 7 [(14, 672), (13, 449), (12, 918), (11, 344), (10, 452), (9, 707), (8, 603), (6, 788), (5, 894), (4, 787), (3, 268), (2, 752), (1, 276), (0, 302), (15, 1340)] ogbn-arxiv-16-metis-cut-trans 16 8
loading partitions
begin to load ogb dataset ogbn-arxiv from ../RCGNN/dataset/
for_commute,bns,rank 3 [(6, 313), (5, 107), (4, 114), (2, 687), (1, 365), (0, 169), (15, 210), (14, 75), (13, 55), (12, 243), (11, 53), (10, 294), (9, 592), (8, 243), (7, 251)] ogbn-arxiv-16-metis-cut-trans 16 8
loading partitions
begin to load ogb dataset ogbn-arxiv from ../RCGNN/dataset/
for_commute,bns,rank 2 [(4, 242), (3, 604), (1, 291), (0, 101), (15, 394), (14, 84), (13, 141), (12, 306), (11, 105), (10, 350), (9, 891), (8, 452), (7, 766), (6, 825), (5, 244)] ogbn-arxiv-16-metis-cut-trans 16 8
loading partitions
begin to load ogb dataset ogbn-arxiv from ../RCGNN/dataset/
for_commute,bns,rank 1 [(2, 311), (0, 3649), (15, 577), (14, 801), (13, 385), (12, 931), (11, 239), (10, 1297), (9, 1145), (8, 829), (7, 244), (6, 276), (5, 160), (4, 120), (3, 351)] ogbn-arxiv-16-metis-cut-trans 16 8
loading partitions
begin to load ogb dataset ogbn-arxiv from ../RCGNN/dataset/
for_commute,bns,rank 0 [(15, 1938), (14, 2400), (13, 1514), (12, 1584), (11, 797), (10, 2897), (9, 1036), (8, 954), (7, 302), (6, 90), (5, 89), (4, 36), (3, 155), (2, 92), (1, 2794)] ogbn-arxiv-16-metis-cut-trans 16 8
Pseudo-terminal will not be allocated because stdin is not a terminal.
Welcome to Ubuntu 22.04.3 LTS (GNU/Linux 6.5.0-25-generic x86_64)

 * Documentation:  https://help.ubuntu.com
 * Management:     https://landscape.canonical.com
 * Support:        https://ubuntu.com/advantage

This system has been minimized by removing packages and content that are
not required on a system that users do not log into.

To restore this content, you can run the 'unminimize' command.
hemeng ogbn-products gcn 16 2 32 0 8
begin to load ogb dataset ogbn-products from ../RCGNN/dataset/
Namespace(backend='gloo', data_path='../RCGNN/dataset/', dataset='ogbn-products', dropout=0.3, eval=True, fix_seed=True, graph_name='ogbn-products-16-metis-cut-trans', heads=1, inductive=False, log_every=10, lr=0.003, master_addr='192.168.2.1', model='gcn', n_class=10, n_edges=10000, n_epochs=30, n_feat=100, n_hidden=32, n_layers=2, n_linear=0, n_nodes=1000, n_partitions=16, node_rank=0, norm='layer', part_path='./partition/', partition_method='metis', partition_obj='cut', parts_per_node=8, port=18119, sampling_rate=1.0, save_model=False, seed=0, skip_partition=False, sub_rate=None, swap_bits=0, swap_rate=0, topolist=None, train_ratio=0.9, use_pp=True, uvm=False, val_ratio=0.05, weight=False, weight_decay=0)
loading partitions
begin to load ogb dataset ogbn-products from ../RCGNN/dataset/
for_commute,bns,rank 3 [(6, 22601), (5, 4002), (4, 11413), (2, 23058), (1, 2616), (0, 5243), (15, 3256), (14, 4274), (13, 9511), (12, 5209), (11, 2936), (10, 6920), (9, 15858), (8, 27401), (7, 28128)] ogbn-products-16-metis-cut-trans 16 8
loading partitions
begin to load ogb dataset ogbn-products from ../RCGNN/dataset/
for_commute,bns,rank 4 [(8, 2789), (7, 16492), (6, 8096), (5, 13909), (3, 14668), (2, 18432), (1, 1018), (0, 2502), (15, 983), (14, 1396), (13, 3912), (12, 1135), (11, 2461), (10, 1522), (9, 2340)] ogbn-products-16-metis-cut-trans 16 8
loading partitions
begin to load ogb dataset ogbn-products from ../RCGNN/dataset/
for_commute,bns,rank 2 [(4, 20598), (3, 25590), (1, 9222), (0, 14820), (15, 4974), (14, 6332), (13, 11406), (12, 7425), (11, 5878), (10, 9650), (9, 17810), (8, 35328), (7, 10757), (6, 9736), (5, 10892)] ogbn-products-16-metis-cut-trans 16 8
loading partitions
begin to load ogb dataset ogbn-products from ../RCGNN/dataset/
for_commute,bns,rank 5 [(10, 1402), (9, 2641), (8, 6700), (7, 4256), (6, 4938), (4, 12165), (3, 4699), (2, 10284), (1, 1026), (0, 1571), (15, 1005), (14, 1133), (13, 1958), (12, 1449), (11, 2333)] ogbn-products-16-metis-cut-trans 16 8
loading partitions
begin to load ogb dataset ogbn-products from ../RCGNN/dataset/
for_commute,bns,rank 6 [(12, 2773), (11, 2794), (10, 6819), (9, 3796), (8, 7455), (7, 64329), (5, 4062), (4, 7214), (3, 24023), (2, 7309), (1, 902), (0, 2543), (15, 2571), (14, 10383), (13, 9153)] ogbn-products-16-metis-cut-trans 16 8
loading partitions
begin to load ogb dataset ogbn-products from ../RCGNN/dataset/
for_commute,bns,rank 1 [(2, 10130), (0, 30582), (15, 7908), (14, 5303), (13, 21605), (12, 21226), (11, 15715), (10, 9522), (9, 11026), (8, 9332), (7, 1582), (6, 904), (5, 1132), (4, 897), (3, 2429)] ogbn-products-16-metis-cut-trans 16 8
loading partitions
begin to load ogb dataset ogbn-products from ../RCGNN/dataset/
for_commute,bns,rank 7 [(14, 3247), (13, 10926), (12, 1661), (11, 4305), (10, 7479), (9, 1368), (8, 2098), (6, 51903), (5, 2759), (4, 9927), (3, 18219), (2, 6014), (1, 1148), (0, 4364), (15, 1160)] ogbn-products-16-metis-cut-trans 16 8
loading partitions
begin to load ogb dataset ogbn-products from ../RCGNN/dataset/
for_commute,bns,rank 0 [(15, 8838), (14, 8662), (13, 25926), (12, 18487), (11, 14951), (10, 17731), (9, 14809), (8, 12959), (7, 8360), (6, 2996), (5, 1481), (4, 2309), (3, 5611), (2, 17108), (1, 31760)] ogbn-products-16-metis-cut-trans 16 8
Pseudo-terminal will not be allocated because stdin is not a terminal.
Welcome to Ubuntu 22.04.3 LTS (GNU/Linux 6.5.0-25-generic x86_64)

 * Documentation:  https://help.ubuntu.com
 * Management:     https://landscape.canonical.com
 * Support:        https://ubuntu.com/advantage

This system has been minimized by removing packages and content that are
not required on a system that users do not log into.

To restore this content, you can run the 'unminimize' command.
hemeng yelp gcn 16 2 32 0 8
Namespace(backend='gloo', data_path='../RCGNN/dataset/', dataset='yelp', dropout=0.3, eval=True, fix_seed=True, graph_name='yelp-16-metis-cut-trans', heads=1, inductive=False, log_every=10, lr=0.003, master_addr='192.168.2.1', model='gcn', n_class=10, n_edges=10000, n_epochs=30, n_feat=100, n_hidden=32, n_layers=2, n_linear=0, n_nodes=1000, n_partitions=16, node_rank=0, norm='layer', part_path='./partition/', partition_method='metis', partition_obj='cut', parts_per_node=8, port=18119, sampling_rate=1.0, save_model=False, seed=0, skip_partition=False, sub_rate=None, swap_bits=0, swap_rate=0, topolist=None, train_ratio=0.9, use_pp=True, uvm=False, val_ratio=0.05, weight=False, weight_decay=0)
loading partitions
for_commute,bns,rank 7 [(14, 7062), (13, 5433), (12, 6250), (11, 2444), (10, 4575), (9, 4236), (8, 5504), (6, 19605), (5, 16322), (4, 12854), (3, 5255), (2, 3489), (1, 4285), (0, 5691), (15, 7472)] yelp-16-metis-cut-trans 16 8
loading partitions
for_commute,bns,rank 0 [(15, 4082), (14, 3759), (13, 3210), (12, 4455), (11, 830), (10, 2968), (9, 2921), (8, 3952), (7, 4446), (6, 4111), (5, 7211), (4, 3254), (3, 19984), (2, 13688), (1, 21437)] yelp-16-metis-cut-trans 16 8
loading partitions
for_commute,bns,rank 4 [(8, 6153), (7, 15610), (6, 15519), (5, 17384), (3, 5142), (2, 3942), (1, 2087), (0, 3633), (15, 11571), (14, 6739), (13, 8267), (12, 8206), (11, 1874), (10, 5391), (9, 4544)] yelp-16-metis-cut-trans 16 8
loading partitions
for_commute,bns,rank 6 [(12, 3916), (11, 1201), (10, 2609), (9, 2528), (8, 3082), (7, 15741), (5, 15863), (4, 10657), (3, 3230), (2, 1506), (1, 5474), (0, 4330), (15, 4408), (14, 5434), (13, 3238)] yelp-16-metis-cut-trans 16 8
loading partitions
for_commute,bns,rank 2 [(4, 3758), (3, 14268), (1, 10395), (0, 17746), (15, 7796), (14, 3637), (13, 6117), (12, 6298), (11, 1562), (10, 5208), (9, 3808), (8, 5923), (7, 3472), (6, 1661), (5, 3358)] yelp-16-metis-cut-trans 16 8
loading partitions
for_commute,bns,rank 3 [(6, 2994), (5, 6181), (4, 4542), (2, 12672), (1, 16782), (0, 22794), (15, 4370), (14, 2957), (13, 2895), (12, 4309), (11, 1154), (10, 3310), (9, 3007), (8, 3782), (7, 4168)] yelp-16-metis-cut-trans 16 8
loading partitions
for_commute,bns,rank 5 [(10, 4280), (9, 4238), (8, 5336), (7, 16390), (6, 19671), (4, 15442), (3, 6147), (2, 3130), (1, 4271), (0, 7060), (15, 9606), (14, 7156), (13, 5821), (12, 6819), (11, 2063)] yelp-16-metis-cut-trans 16 8
loading partitions
for_commute,bns,rank 1 [(2, 7231), (0, 20316), (15, 2651), (14, 4208), (13, 2460), (12, 2874), (11, 893), (10, 2371), (9, 2412), (8, 3221), (7, 3393), (6, 4814), (5, 4121), (4, 1845), (3, 15174)] yelp-16-metis-cut-trans 16 8
Pseudo-terminal will not be allocated because stdin is not a terminal.
Welcome to Ubuntu 22.04.3 LTS (GNU/Linux 6.5.0-25-generic x86_64)

 * Documentation:  https://help.ubuntu.com
 * Management:     https://landscape.canonical.com
 * Support:        https://ubuntu.com/advantage

This system has been minimized by removing packages and content that are
not required on a system that users do not log into.

To restore this content, you can run the 'unminimize' command.
hemeng reddit gcn 16 2 32 0 8
Namespace(backend='gloo', data_path='../RCGNN/dataset/', dataset='reddit', dropout=0.3, eval=True, fix_seed=True, graph_name='reddit-16-metis-cut-trans', heads=1, inductive=False, log_every=10, lr=0.003, master_addr='192.168.2.1', model='gcn', n_class=10, n_edges=10000, n_epochs=30, n_feat=100, n_hidden=32, n_layers=2, n_linear=0, n_nodes=1000, n_partitions=16, node_rank=0, norm='layer', part_path='./partition/', partition_method='metis', partition_obj='cut', parts_per_node=8, port=18119, sampling_rate=1.0, save_model=False, seed=0, skip_partition=False, sub_rate=None, swap_bits=0, swap_rate=0, topolist=None, train_ratio=0.9, use_pp=True, uvm=False, val_ratio=0.05, weight=False, weight_decay=0)
loading partitions
for_commute,bns,rank 4 [(8, 2415), (7, 3356), (6, 4276), (5, 14638), (3, 1630), (2, 992), (1, 1586), (0, 518), (15, 3374), (14, 3898), (13, 5474), (12, 3080), (11, 2198), (10, 2954), (9, 1630)] reddit-16-metis-cut-trans 16 8
loading partitions
for_commute,bns,rank 3 [(6, 5410), (5, 3168), (4, 2212), (2, 9742), (1, 4190), (0, 612), (15, 5362), (14, 5008), (13, 6329), (12, 2570), (11, 4880), (10, 4136), (9, 5130), (8, 3722), (7, 3127)] reddit-16-metis-cut-trans 16 8
loading partitions
for_commute,bns,rank 2 [(4, 1129), (3, 9240), (1, 2061), (0, 126), (15, 3046), (14, 3773), (13, 4694), (12, 1552), (11, 4355), (10, 2587), (9, 2323), (8, 1876), (7, 2383), (6, 3265), (5, 1949)] reddit-16-metis-cut-trans 16 8
loading partitions
for_commute,bns,rank 1 [(2, 7320), (0, 10852), (15, 5163), (14, 4958), (13, 6307), (12, 2750), (11, 3391), (10, 5205), (9, 3046), (8, 4518), (7, 2972), (6, 4659), (5, 3312), (4, 2097), (3, 6618)] reddit-16-metis-cut-trans 16 8
loading partitions
for_commute,bns,rank 5 [(10, 2549), (9, 1825), (8, 1915), (7, 2307), (6, 4479), (4, 10993), (3, 2184), (2, 941), (1, 1916), (0, 299), (15, 3500), (14, 4254), (13, 5833), (12, 3246), (11, 2267)] reddit-16-metis-cut-trans 16 8
loading partitions
for_commute,bns,rank 0 [(15, 386), (14, 239), (13, 727), (12, 138), (11, 66), (10, 320), (9, 139), (8, 118), (7, 158), (6, 244), (5, 336), (4, 228), (3, 138), (2, 65), (1, 5257)] reddit-16-metis-cut-trans 16 8
loading partitions
for_commute,bns,rank 6 [(12, 7320), (11, 9420), (10, 8008), (9, 6521), (8, 6580), (7, 6210), (5, 13205), (4, 10808), (3, 8684), (2, 4908), (1, 4730), (0, 2689), (15, 9984), (14, 8473), (13, 10258)] reddit-16-metis-cut-trans 16 8
loading partitions
for_commute,bns,rank 7 [(14, 8058), (13, 9727), (12, 6042), (11, 12349), (10, 7678), (9, 3572), (8, 7923), (6, 7360), (5, 6854), (4, 6802), (3, 5348), (2, 4753), (1, 5677), (0, 1400), (15, 8808)] reddit-16-metis-cut-trans 16 8
Pseudo-terminal will not be allocated because stdin is not a terminal.
Welcome to Ubuntu 22.04.3 LTS (GNU/Linux 6.5.0-25-generic x86_64)

 * Documentation:  https://help.ubuntu.com
 * Management:     https://landscape.canonical.com
 * Support:        https://ubuntu.com/advantage

This system has been minimized by removing packages and content that are
not required on a system that users do not log into.

To restore this content, you can run the 'unminimize' command.
hemeng ogbn-mag gcn 16 2 32 0 8
begin to load ogb dataset ogbn-mag from ../RCGNN/dataset/
Namespace(backend='gloo', data_path='../RCGNN/dataset/', dataset='ogbn-mag', dropout=0.3, eval=True, fix_seed=True, graph_name='ogbn-mag-16-metis-cut-trans', heads=1, inductive=False, log_every=10, lr=0.003, master_addr='192.168.2.1', model='gcn', n_class=10, n_edges=10000, n_epochs=30, n_feat=100, n_hidden=32, n_layers=2, n_linear=0, n_nodes=1000, n_partitions=16, node_rank=0, norm='layer', part_path='./partition/', partition_method='metis', partition_obj='cut', parts_per_node=8, port=18119, sampling_rate=1.0, save_model=False, seed=0, skip_partition=False, sub_rate=None, swap_bits=0, swap_rate=0, topolist=None, train_ratio=0.9, use_pp=True, uvm=False, val_ratio=0.05, weight=False, weight_decay=0)
loading partitions
begin to load ogb dataset ogbn-mag from ../RCGNN/dataset/
for_commute,bns,rank 7 [(14, 11095), (13, 11806), (12, 8883), (11, 12820), (10, 16353), (9, 11524), (8, 14162), (6, 26690), (5, 50637), (4, 26855), (3, 13472), (2, 9833), (1, 21305), (0, 12703), (15, 14722)] ogbn-mag-16-metis-cut-trans 16 8
loading partitions
begin to load ogb dataset ogbn-mag from ../RCGNN/dataset/
for_commute,bns,rank 6 [(12, 5322), (11, 6749), (10, 8476), (9, 5361), (8, 9885), (7, 24770), (5, 16883), (4, 14312), (3, 14714), (2, 10341), (1, 17565), (0, 6311), (15, 11680), (14, 6876), (13, 5093)] ogbn-mag-16-metis-cut-trans 16 8
loading partitions
begin to load ogb dataset ogbn-mag from ../RCGNN/dataset/
for_commute,bns,rank 5 [(10, 8093), (9, 7243), (8, 10144), (7, 47259), (6, 19880), (4, 34201), (3, 10545), (2, 6808), (1, 18041), (0, 8116), (15, 10739), (14, 13290), (13, 7571), (12, 6474), (11, 7643)] ogbn-mag-16-metis-cut-trans 16 8
loading partitions
begin to load ogb dataset ogbn-mag from ../RCGNN/dataset/
for_commute,bns,rank 1 [(2, 10360), (0, 26103), (15, 15961), (14, 12623), (13, 16598), (12, 12121), (11, 11941), (10, 17038), (9, 14269), (8, 12975), (7, 18482), (6, 17982), (5, 15955), (4, 15837), (3, 15142)] ogbn-mag-16-metis-cut-trans 16 8
loading partitions
begin to load ogb dataset ogbn-mag from ../RCGNN/dataset/
for_commute,bns,rank 0 [(15, 16195), (14, 13782), (13, 16539), (12, 12681), (11, 8985), (10, 10117), (9, 12886), (8, 12107), (7, 13269), (6, 11179), (5, 10407), (4, 10849), (3, 11836), (2, 13948), (1, 33897)] ogbn-mag-16-metis-cut-trans 16 8
loading partitions
begin to load ogb dataset ogbn-mag from ../RCGNN/dataset/
for_commute,bns,rank 3 [(6, 17229), (5, 12402), (4, 25447), (2, 36221), (1, 20668), (0, 15338), (15, 20569), (14, 11527), (13, 11406), (12, 10469), (11, 16767), (10, 15844), (9, 8391), (8, 14355), (7, 14199)] ogbn-mag-16-metis-cut-trans 16 8
loading partitions
begin to load ogb dataset ogbn-mag from ../RCGNN/dataset/
for_commute,bns,rank 2 [(4, 10387), (3, 33276), (1, 11966), (0, 16261), (15, 12047), (14, 6672), (13, 13436), (12, 14094), (11, 13546), (10, 13490), (9, 16721), (8, 10447), (7, 9765), (6, 13301), (5, 7378)] ogbn-mag-16-metis-cut-trans 16 8
loading partitions
begin to load ogb dataset ogbn-mag from ../RCGNN/dataset/
for_commute,bns,rank 4 [(8, 7363), (7, 18279), (6, 11456), (5, 32925), (3, 11676), (2, 7189), (1, 10858), (0, 7309), (15, 20245), (14, 28949), (13, 12563), (12, 6716), (11, 7661), (10, 7683), (9, 9117)] ogbn-mag-16-metis-cut-trans 16 8
Pseudo-terminal will not be allocated because stdin is not a terminal.
Welcome to Ubuntu 22.04.3 LTS (GNU/Linux 6.5.0-25-generic x86_64)

 * Documentation:  https://help.ubuntu.com
 * Management:     https://landscape.canonical.com
 * Support:        https://ubuntu.com/advantage

This system has been minimized by removing packages and content that are
not required on a system that users do not log into.

To restore this content, you can run the 'unminimize' command.
hemeng ogbn-proteins gcn 16 2 32 0 8
begin to load ogb dataset ogbn-proteins from ../RCGNN/dataset/
Namespace(backend='gloo', data_path='../RCGNN/dataset/', dataset='ogbn-proteins', dropout=0.3, eval=True, fix_seed=True, graph_name='ogbn-proteins-16-metis-cut-trans', heads=1, inductive=False, log_every=10, lr=0.003, master_addr='192.168.2.1', model='gcn', n_class=10, n_edges=10000, n_epochs=30, n_feat=100, n_hidden=32, n_layers=2, n_linear=0, n_nodes=1000, n_partitions=16, node_rank=0, norm='layer', part_path='./partition/', partition_method='metis', partition_obj='cut', parts_per_node=8, port=18119, sampling_rate=1.0, save_model=False, seed=0, skip_partition=False, sub_rate=None, swap_bits=0, swap_rate=0, topolist=None, train_ratio=0.9, use_pp=True, uvm=False, val_ratio=0.05, weight=False, weight_decay=0)
loading partitions
begin to load ogb dataset ogbn-proteins from ../RCGNN/dataset/
for_commute,bns,rank 0 [(15, 7605), (14, 5668), (13, 5540), (12, 2927), (11, 5166), (10, 6380), (9, 6533), (8, 5884), (7, 7284), (6, 7258), (5, 5669), (4, 6943), (3, 7732), (2, 5504), (1, 6516)] ogbn-proteins-16-metis-cut-trans 16 8
loading partitions
begin to load ogb dataset ogbn-proteins from ../RCGNN/dataset/
for_commute,bns,rank 7 [(14, 6573), (13, 5442), (12, 3613), (11, 5708), (10, 7062), (9, 7559), (8, 6110), (6, 7758), (5, 5928), (4, 7122), (3, 7789), (2, 4848), (1, 5717), (0, 6413), (15, 7893)] ogbn-proteins-16-metis-cut-trans 16 8
loading partitions
begin to load ogb dataset ogbn-proteins from ../RCGNN/dataset/
for_commute,bns,rank 1 [(2, 5749), (0, 6432), (15, 7735), (14, 6212), (13, 7545), (12, 3713), (11, 6244), (10, 6732), (9, 6679), (8, 5846), (7, 6909), (6, 7044), (5, 6496), (4, 6846), (3, 7603)] ogbn-proteins-16-metis-cut-trans 16 8
loading partitions
begin to load ogb dataset ogbn-proteins from ../RCGNN/dataset/
for_commute,bns,rank 4 [(8, 4563), (7, 7360), (6, 6870), (5, 4443), (3, 7683), (2, 4514), (1, 5475), (0, 6859), (15, 7503), (14, 4256), (13, 3662), (12, 2403), (11, 5278), (10, 6265), (9, 6569)] ogbn-proteins-16-metis-cut-trans 16 8
loading partitions
begin to load ogb dataset ogbn-proteins from ../RCGNN/dataset/
for_commute,bns,rank 2 [(4, 6861), (3, 7793), (1, 6789), (0, 6503), (15, 7833), (14, 5939), (13, 5668), (12, 4399), (11, 4907), (10, 6750), (9, 7008), (8, 6009), (7, 7339), (6, 7539), (5, 6204)] ogbn-proteins-16-metis-cut-trans 16 8
loading partitions
begin to load ogb dataset ogbn-proteins from ../RCGNN/dataset/
for_commute,bns,rank 6 [(12, 3459), (11, 6412), (10, 7301), (9, 7580), (8, 6870), (7, 7635), (5, 6052), (4, 6917), (3, 7611), (2, 4454), (1, 6106), (0, 6157), (15, 7992), (14, 7581), (13, 6382)] ogbn-proteins-16-metis-cut-trans 16 8
loading partitions
begin to load ogb dataset ogbn-proteins from ../RCGNN/dataset/
for_commute,bns,rank 3 [(6, 6854), (5, 4105), (4, 6931), (2, 4980), (1, 5637), (0, 6519), (15, 7476), (14, 4601), (13, 2049), (12, 2502), (11, 3935), (10, 6313), (9, 7093), (8, 6048), (7, 7358)] ogbn-proteins-16-metis-cut-trans 16 8
loading partitions
begin to load ogb dataset ogbn-proteins from ../RCGNN/dataset/
for_commute,bns,rank 5 [(10, 7434), (9, 7537), (8, 7846), (7, 7450), (6, 7998), (4, 7645), (3, 7752), (2, 5788), (1, 7470), (0, 6539), (15, 7949), (14, 7454), (13, 7988), (12, 5074), (11, 7298)] ogbn-proteins-16-metis-cut-trans 16 8
Pseudo-terminal will not be allocated because stdin is not a terminal.
Welcome to Ubuntu 22.04.3 LTS (GNU/Linux 6.5.0-25-generic x86_64)

 * Documentation:  https://help.ubuntu.com
 * Management:     https://landscape.canonical.com
 * Support:        https://ubuntu.com/advantage

This system has been minimized by removing packages and content that are
not required on a system that users do not log into.

To restore this content, you can run the 'unminimize' command.
hemeng am gcn 16 2 32 0 8
Done loading data from cached files.
Namespace(backend='gloo', data_path='../RCGNN/dataset/', dataset='am', dropout=0.3, eval=True, fix_seed=True, graph_name='am-16-metis-cut-trans', heads=1, inductive=False, log_every=10, lr=0.003, master_addr='192.168.2.1', model='gcn', n_class=10, n_edges=10000, n_epochs=30, n_feat=100, n_hidden=32, n_layers=2, n_linear=0, n_nodes=1000, n_partitions=16, node_rank=0, norm='layer', part_path='./partition/', partition_method='metis', partition_obj='cut', parts_per_node=8, port=18119, sampling_rate=1.0, save_model=False, seed=0, skip_partition=False, sub_rate=None, swap_bits=0, swap_rate=0, topolist=None, train_ratio=0.9, use_pp=True, uvm=False, val_ratio=0.05, weight=False, weight_decay=0)
loading partitions
Done loading data from cached files.
for_commute,bns,rank 4 [(8, 2637), (7, 5460), (6, 1169), (5, 27803), (3, 1452), (2, 2101), (1, 312), (0, 442), (15, 1136), (14, 289), (13, 788), (12, 1856), (11, 1435), (10, 2334), (9, 2152)] am-16-metis-cut-trans 16 8
loading partitions
Done loading data from cached files.
for_commute,bns,rank 3 [(6, 824), (5, 1298), (4, 350), (2, 1651), (1, 1055), (0, 4482), (15, 1265), (14, 368), (13, 1437), (12, 1706), (11, 1568), (10, 2337), (9, 1577), (8, 1788), (7, 921)] am-16-metis-cut-trans 16 8
loading partitions
Done loading data from cached files.
for_commute,bns,rank 2 [(4, 578), (3, 6134), (1, 1674), (0, 1167), (15, 2526), (14, 789), (13, 1635), (12, 3409), (11, 2053), (10, 4466), (9, 2813), (8, 4221), (7, 2315), (6, 2589), (5, 1892)] am-16-metis-cut-trans 16 8
loading partitions
Done loading data from cached files.
for_commute,bns,rank 5 [(10, 1633), (9, 1519), (8, 1738), (7, 332), (6, 261), (4, 642), (3, 776), (2, 626), (1, 166), (0, 198), (15, 747), (14, 222), (13, 471), (12, 1480), (11, 1066)] am-16-metis-cut-trans 16 8
loading partitions
Done loading data from cached files.
for_commute,bns,rank 1 [(2, 2030), (0, 2991), (15, 943), (14, 259), (13, 659), (12, 923), (11, 1009), (10, 1853), (9, 1614), (8, 1907), (7, 597), (6, 689), (5, 1018), (4, 336), (3, 1431)] am-16-metis-cut-trans 16 8
loading partitions
Done loading data from cached files.
for_commute,bns,rank 7 [(14, 313), (13, 717), (12, 1181), (11, 1336), (10, 1741), (9, 1860), (8, 1616), (6, 1747), (5, 1449), (4, 953), (3, 1504), (2, 3063), (1, 316), (0, 619), (15, 1109)] am-16-metis-cut-trans 16 8
loading partitions
Done loading data from cached files.
for_commute,bns,rank 6 [(12, 960), (11, 1176), (10, 2105), (9, 1288), (8, 1617), (7, 2601), (5, 1245), (4, 348), (3, 1144), (2, 2741), (1, 407), (0, 470), (15, 1182), (14, 281), (13, 1354)] am-16-metis-cut-trans 16 8
loading partitions
Done loading data from cached files.
for_commute,bns,rank 0 [(15, 1045), (14, 295), (13, 815), (12, 1318), (11, 1278), (10, 2196), (9, 1819), (8, 2042), (7, 787), (6, 752), (5, 1062), (4, 368), (3, 1803), (2, 1293), (1, 7111)] am-16-metis-cut-trans 16 8
Pseudo-terminal will not be allocated because stdin is not a terminal.
Welcome to Ubuntu 22.04.3 LTS (GNU/Linux 6.5.0-25-generic x86_64)

 * Documentation:  https://help.ubuntu.com
 * Management:     https://landscape.canonical.com
 * Support:        https://ubuntu.com/advantage

This system has been minimized by removing packages and content that are
not required on a system that users do not log into.

To restore this content, you can run the 'unminimize' command.
hemeng ogbn-arxiv gcn 8 2 32 0 4
begin to load ogb dataset ogbn-arxiv from ../RCGNN/dataset/
Namespace(backend='gloo', data_path='../RCGNN/dataset/', dataset='ogbn-arxiv', dropout=0.3, eval=True, fix_seed=True, graph_name='ogbn-arxiv-8-metis-cut-trans', heads=1, inductive=False, log_every=10, lr=0.003, master_addr='192.168.2.1', model='gcn', n_class=10, n_edges=10000, n_epochs=30, n_feat=100, n_hidden=32, n_layers=2, n_linear=0, n_nodes=1000, n_partitions=8, node_rank=0, norm='layer', part_path='./partition/', partition_method='metis', partition_obj='cut', parts_per_node=4, port=18119, sampling_rate=1.0, save_model=False, seed=0, skip_partition=False, sub_rate=None, swap_bits=0, swap_rate=0, topolist=None, train_ratio=0.9, use_pp=True, uvm=False, val_ratio=0.05, weight=False, weight_decay=0)
loading partitions
begin to load ogb dataset ogbn-arxiv from ../RCGNN/dataset/
for_commute,bns,rank 0 [(7, 715), (6, 441), (5, 1082), (4, 5135), (3, 2631), (2, 6992), (1, 10819)] ogbn-arxiv-8-metis-cut-trans 8 4
loading partitions
begin to load ogb dataset ogbn-arxiv from ../RCGNN/dataset/
for_commute,bns,rank 1 [(2, 5174), (0, 10446), (7, 1033), (6, 522), (5, 1427), (4, 5181), (3, 3166)] ogbn-arxiv-8-metis-cut-trans 8 4
loading partitions
begin to load ogb dataset ogbn-arxiv from ../RCGNN/dataset/
for_commute,bns,rank 3 [(6, 977), (5, 1909), (4, 1989), (2, 3256), (1, 2915), (0, 2617), (7, 1687)] ogbn-arxiv-8-metis-cut-trans 8 4
loading partitions
begin to load ogb dataset ogbn-arxiv from ../RCGNN/dataset/
for_commute,bns,rank 2 [(4, 3535), (3, 3009), (1, 4845), (0, 6014), (7, 2244), (6, 1169), (5, 2062)] ogbn-arxiv-8-metis-cut-trans 8 4
Pseudo-terminal will not be allocated because stdin is not a terminal.
Welcome to Ubuntu 22.04.3 LTS (GNU/Linux 6.5.0-25-generic x86_64)

 * Documentation:  https://help.ubuntu.com
 * Management:     https://landscape.canonical.com
 * Support:        https://ubuntu.com/advantage

This system has been minimized by removing packages and content that are
not required on a system that users do not log into.

To restore this content, you can run the 'unminimize' command.
hemeng ogbn-products gcn 8 2 32 0 4
begin to load ogb dataset ogbn-products from ../RCGNN/dataset/
Namespace(backend='gloo', data_path='../RCGNN/dataset/', dataset='ogbn-products', dropout=0.3, eval=True, fix_seed=True, graph_name='ogbn-products-8-metis-cut-trans', heads=1, inductive=False, log_every=10, lr=0.003, master_addr='192.168.2.1', model='gcn', n_class=10, n_edges=10000, n_epochs=30, n_feat=100, n_hidden=32, n_layers=2, n_linear=0, n_nodes=1000, n_partitions=8, node_rank=0, norm='layer', part_path='./partition/', partition_method='metis', partition_obj='cut', parts_per_node=4, port=18119, sampling_rate=1.0, save_model=False, seed=0, skip_partition=False, sub_rate=None, swap_bits=0, swap_rate=0, topolist=None, train_ratio=0.9, use_pp=True, uvm=False, val_ratio=0.05, weight=False, weight_decay=0)
loading partitions
begin to load ogb dataset ogbn-products from ../RCGNN/dataset/
for_commute,bns,rank 1 [(2, 25050), (0, 80940), (7, 22485), (6, 20096), (5, 4154), (4, 18766), (3, 46092)] ogbn-products-8-metis-cut-trans 8 4
loading partitions
begin to load ogb dataset ogbn-products from ../RCGNN/dataset/
for_commute,bns,rank 2 [(4, 20419), (3, 80097), (1, 25881), (0, 39390), (7, 10968), (6, 35984), (5, 7294)] ogbn-products-8-metis-cut-trans 8 4
loading partitions
begin to load ogb dataset ogbn-products from ../RCGNN/dataset/
for_commute,bns,rank 3 [(6, 28416), (5, 3116), (4, 26685), (2, 59642), (1, 45625), (0, 59361), (7, 14745)] ogbn-products-8-metis-cut-trans 8 4
loading partitions
begin to load ogb dataset ogbn-products from ../RCGNN/dataset/
for_commute,bns,rank 0 [(7, 15377), (6, 40819), (5, 5561), (4, 59119), (3, 55806), (2, 36686), (1, 82689)] ogbn-products-8-metis-cut-trans 8 4
Pseudo-terminal will not be allocated because stdin is not a terminal.
Welcome to Ubuntu 22.04.3 LTS (GNU/Linux 6.5.0-25-generic x86_64)

 * Documentation:  https://help.ubuntu.com
 * Management:     https://landscape.canonical.com
 * Support:        https://ubuntu.com/advantage

This system has been minimized by removing packages and content that are
not required on a system that users do not log into.

To restore this content, you can run the 'unminimize' command.
hemeng yelp gcn 8 2 32 0 4
Namespace(backend='gloo', data_path='../RCGNN/dataset/', dataset='yelp', dropout=0.3, eval=True, fix_seed=True, graph_name='yelp-8-metis-cut-trans', heads=1, inductive=False, log_every=10, lr=0.003, master_addr='192.168.2.1', model='gcn', n_class=10, n_edges=10000, n_epochs=30, n_feat=100, n_hidden=32, n_layers=2, n_linear=0, n_nodes=1000, n_partitions=8, node_rank=0, norm='layer', part_path='./partition/', partition_method='metis', partition_obj='cut', parts_per_node=4, port=18119, sampling_rate=1.0, save_model=False, seed=0, skip_partition=False, sub_rate=None, swap_bits=0, swap_rate=0, topolist=None, train_ratio=0.9, use_pp=True, uvm=False, val_ratio=0.05, weight=False, weight_decay=0)
loading partitions
for_commute,bns,rank 1 [(2, 22588), (0, 18874), (7, 12494), (6, 15194), (5, 10322), (4, 13301), (3, 17207)] yelp-8-metis-cut-trans 8 4
loading partitions
for_commute,bns,rank 2 [(4, 15014), (3, 33283), (1, 20795), (0, 19162), (7, 14935), (6, 19532), (5, 10150)] yelp-8-metis-cut-trans 8 4
loading partitions
for_commute,bns,rank 0 [(7, 6691), (6, 10816), (5, 5445), (4, 8918), (3, 17799), (2, 21234), (1, 19717)] yelp-8-metis-cut-trans 8 4
loading partitions
for_commute,bns,rank 3 [(6, 23587), (5, 12209), (4, 15250), (2, 34237), (1, 17071), (0, 17754), (7, 18651)] yelp-8-metis-cut-trans 8 4
Pseudo-terminal will not be allocated because stdin is not a terminal.
Welcome to Ubuntu 22.04.3 LTS (GNU/Linux 6.5.0-25-generic x86_64)

 * Documentation:  https://help.ubuntu.com
 * Management:     https://landscape.canonical.com
 * Support:        https://ubuntu.com/advantage

This system has been minimized by removing packages and content that are
not required on a system that users do not log into.

To restore this content, you can run the 'unminimize' command.
hemeng reddit gcn 8 2 32 0 4
Namespace(backend='gloo', data_path='../RCGNN/dataset/', dataset='reddit', dropout=0.3, eval=True, fix_seed=True, graph_name='reddit-8-metis-cut-trans', heads=1, inductive=False, log_every=10, lr=0.003, master_addr='192.168.2.1', model='gcn', n_class=10, n_edges=10000, n_epochs=30, n_feat=100, n_hidden=32, n_layers=2, n_linear=0, n_nodes=1000, n_partitions=8, node_rank=0, norm='layer', part_path='./partition/', partition_method='metis', partition_obj='cut', parts_per_node=4, port=18119, sampling_rate=1.0, save_model=False, seed=0, skip_partition=False, sub_rate=None, swap_bits=0, swap_rate=0, topolist=None, train_ratio=0.9, use_pp=True, uvm=False, val_ratio=0.05, weight=False, weight_decay=0)
loading partitions
for_commute,bns,rank 1 [(2, 18618), (0, 20012), (7, 14394), (6, 14815), (5, 11627), (4, 10781), (3, 12095)] reddit-8-metis-cut-trans 8 4
loading partitions
for_commute,bns,rank 0 [(7, 13423), (6, 11139), (5, 6994), (4, 7590), (3, 10130), (2, 16494), (1, 16605)] reddit-8-metis-cut-trans 8 4
loading partitions
for_commute,bns,rank 3 [(6, 18034), (5, 12973), (4, 8735), (2, 25278), (1, 18535), (0, 18817), (7, 18088)] reddit-8-metis-cut-trans 8 4
loading partitions
for_commute,bns,rank 2 [(4, 9903), (3, 21622), (1, 19062), (0, 19516), (7, 22410), (6, 18982), (5, 14163)] reddit-8-metis-cut-trans 8 4
Pseudo-terminal will not be allocated because stdin is not a terminal.
Welcome to Ubuntu 22.04.3 LTS (GNU/Linux 6.5.0-25-generic x86_64)

 * Documentation:  https://help.ubuntu.com
 * Management:     https://landscape.canonical.com
 * Support:        https://ubuntu.com/advantage

This system has been minimized by removing packages and content that are
not required on a system that users do not log into.

To restore this content, you can run the 'unminimize' command.
hemeng ogbn-mag gcn 8 2 32 0 4
begin to load ogb dataset ogbn-mag from ../RCGNN/dataset/
Namespace(backend='gloo', data_path='../RCGNN/dataset/', dataset='ogbn-mag', dropout=0.3, eval=True, fix_seed=True, graph_name='ogbn-mag-8-metis-cut-trans', heads=1, inductive=False, log_every=10, lr=0.003, master_addr='192.168.2.1', model='gcn', n_class=10, n_edges=10000, n_epochs=30, n_feat=100, n_hidden=32, n_layers=2, n_linear=0, n_nodes=1000, n_partitions=8, node_rank=0, norm='layer', part_path='./partition/', partition_method='metis', partition_obj='cut', parts_per_node=4, port=18119, sampling_rate=1.0, save_model=False, seed=0, skip_partition=False, sub_rate=None, swap_bits=0, swap_rate=0, topolist=None, train_ratio=0.9, use_pp=True, uvm=False, val_ratio=0.05, weight=False, weight_decay=0)
loading partitions
begin to load ogb dataset ogbn-mag from ../RCGNN/dataset/
for_commute,bns,rank 3 [(6, 48111), (5, 31095), (4, 41324), (2, 92838), (1, 30956), (0, 38901), (7, 76418)] ogbn-mag-8-metis-cut-trans 8 4
loading partitions
begin to load ogb dataset ogbn-mag from ../RCGNN/dataset/
for_commute,bns,rank 0 [(7, 30860), (6, 37318), (5, 29387), (4, 47382), (3, 27891), (2, 47467), (1, 73024)] ogbn-mag-8-metis-cut-trans 8 4
loading partitions
begin to load ogb dataset ogbn-mag from ../RCGNN/dataset/
for_commute,bns,rank 2 [(4, 51641), (3, 98284), (1, 38670), (0, 53387), (7, 46880), (6, 47957), (5, 39516)] ogbn-mag-8-metis-cut-trans 8 4
loading partitions
begin to load ogb dataset ogbn-mag from ../RCGNN/dataset/
for_commute,bns,rank 1 [(2, 39245), (0, 74718), (7, 29825), (6, 54894), (5, 39580), (4, 35846), (3, 27352)] ogbn-mag-8-metis-cut-trans 8 4
Pseudo-terminal will not be allocated because stdin is not a terminal.
Welcome to Ubuntu 22.04.3 LTS (GNU/Linux 6.5.0-25-generic x86_64)

 * Documentation:  https://help.ubuntu.com
 * Management:     https://landscape.canonical.com
 * Support:        https://ubuntu.com/advantage

This system has been minimized by removing packages and content that are
not required on a system that users do not log into.

To restore this content, you can run the 'unminimize' command.
hemeng ogbn-proteins gcn 8 2 32 0 4
begin to load ogb dataset ogbn-proteins from ../RCGNN/dataset/
Namespace(backend='gloo', data_path='../RCGNN/dataset/', dataset='ogbn-proteins', dropout=0.3, eval=True, fix_seed=True, graph_name='ogbn-proteins-8-metis-cut-trans', heads=1, inductive=False, log_every=10, lr=0.003, master_addr='192.168.2.1', model='gcn', n_class=10, n_edges=10000, n_epochs=30, n_feat=100, n_hidden=32, n_layers=2, n_linear=0, n_nodes=1000, n_partitions=8, node_rank=0, norm='layer', part_path='./partition/', partition_method='metis', partition_obj='cut', parts_per_node=4, port=18119, sampling_rate=1.0, save_model=False, seed=0, skip_partition=False, sub_rate=None, swap_bits=0, swap_rate=0, topolist=None, train_ratio=0.9, use_pp=True, uvm=False, val_ratio=0.05, weight=False, weight_decay=0)
loading partitions
begin to load ogb dataset ogbn-proteins from ../RCGNN/dataset/
for_commute,bns,rank 1 [(2, 14456), (0, 12609), (7, 10705), (6, 7057), (5, 8374), (4, 8732), (3, 11749)] ogbn-proteins-8-metis-cut-trans 8 4
loading partitions
begin to load ogb dataset ogbn-proteins from ../RCGNN/dataset/
for_commute,bns,rank 2 [(4, 8532), (3, 14625), (1, 15622), (0, 14824), (7, 15712), (6, 14421), (5, 12499)] ogbn-proteins-8-metis-cut-trans 8 4
loading partitions
begin to load ogb dataset ogbn-proteins from ../RCGNN/dataset/
for_commute,bns,rank 3 [(6, 15640), (5, 13432), (4, 8444), (2, 15916), (1, 15705), (0, 14978), (7, 16100)] ogbn-proteins-8-metis-cut-trans 8 4
loading partitions
begin to load ogb dataset ogbn-proteins from ../RCGNN/dataset/
for_commute,bns,rank 0 [(7, 15958), (6, 15273), (5, 15212), (4, 13129), (3, 14981), (2, 15910), (1, 16275)] ogbn-proteins-8-metis-cut-trans 8 4
Pseudo-terminal will not be allocated because stdin is not a terminal.
Welcome to Ubuntu 22.04.3 LTS (GNU/Linux 6.5.0-25-generic x86_64)

 * Documentation:  https://help.ubuntu.com
 * Management:     https://landscape.canonical.com
 * Support:        https://ubuntu.com/advantage

This system has been minimized by removing packages and content that are
not required on a system that users do not log into.

To restore this content, you can run the 'unminimize' command.
hemeng am gcn 8 2 32 0 4
Done loading data from cached files.
Namespace(backend='gloo', data_path='../RCGNN/dataset/', dataset='am', dropout=0.3, eval=True, fix_seed=True, graph_name='am-8-metis-cut-trans', heads=1, inductive=False, log_every=10, lr=0.003, master_addr='192.168.2.1', model='gcn', n_class=10, n_edges=10000, n_epochs=30, n_feat=100, n_hidden=32, n_layers=2, n_linear=0, n_nodes=1000, n_partitions=8, node_rank=0, norm='layer', part_path='./partition/', partition_method='metis', partition_obj='cut', parts_per_node=4, port=18119, sampling_rate=1.0, save_model=False, seed=0, skip_partition=False, sub_rate=None, swap_bits=0, swap_rate=0, topolist=None, train_ratio=0.9, use_pp=True, uvm=False, val_ratio=0.05, weight=False, weight_decay=0)
loading partitions
Done loading data from cached files.
for_commute,bns,rank 3 [(6, 4884), (5, 5841), (4, 9005), (2, 19381), (1, 16728), (0, 4880), (7, 4228)] am-8-metis-cut-trans 8 4
loading partitions
Done loading data from cached files.
for_commute,bns,rank 1 [(2, 8179), (0, 4591), (7, 2815), (6, 4726), (5, 3982), (4, 6259), (3, 7966)] am-8-metis-cut-trans 8 4
loading partitions
Done loading data from cached files.
for_commute,bns,rank 2 [(4, 7958), (3, 7558), (1, 10618), (0, 4258), (7, 3320), (6, 4854), (5, 5145)] am-8-metis-cut-trans 8 4
loading partitions
Done loading data from cached files.
for_commute,bns,rank 0 [(7, 692), (6, 2119), (5, 1604), (4, 3215), (3, 6886), (2, 7027), (1, 9367)] am-8-metis-cut-trans 8 4
