Pseudo-terminal will not be allocated because stdin is not a terminal.
Welcome to Ubuntu 22.04.3 LTS (GNU/Linux 6.5.0-25-generic x86_64)

 * Documentation:  https://help.ubuntu.com
 * Management:     https://landscape.canonical.com
 * Support:        https://ubuntu.com/advantage

This system has been minimized by removing packages and content that are
not required on a system that users do not log into.

To restore this content, you can run the 'unminimize' command.
hemeng ogbn-arxiv gcn 32 2 32 1 8
Namespace(backend='gloo', data_path='../RCGNN/dataset/', dataset='ogbn-arxiv', dropout=0.3, eval=True, fix_seed=True, graph_name='ogbn-arxiv-32-metis-cut-trans', heads=1, inductive=False, log_every=10, lr=0.003, master_addr='192.168.2.1', model='gcn', n_class=10, n_edges=10000, n_epochs=30, n_feat=100, n_hidden=32, n_layers=2, n_linear=0, n_nodes=1000, n_partitions=32, node_rank=1, norm='layer', part_path='./partition/', partition_method='metis', partition_obj='cut', parts_per_node=8, port=18119, sampling_rate=1.0, save_model=False, seed=0, skip_partition=False, sub_rate=None, swap_bits=0, swap_rate=0, topolist=None, train_ratio=0.9, use_pp=True, uvm=False, val_ratio=0.05, weight=False, weight_decay=0)
loading partitions
begin to load ogb dataset ogbn-arxiv from ../RCGNN/dataset/
for_commute,bns,rank 12 [(24, 58), (23, 18), (22, 45), (21, 49), (20, 64), (19, 63), (18, 22), (17, 93), (16, 43), (15, 871), (14, 1429), (13, 458), (11, 254), (10, 250), (9, 157), (8, 151), (7, 59), (6, 55), (5, 25), (4, 59), (3, 166), (2, 128), (1, 148), (0, 164), (31, 37), (30, 67), (29, 50), (28, 21), (27, 69), (26, 135), (25, 52)] ogbn-arxiv-32-metis-cut-trans 32 8
loading partitions
begin to load ogb dataset ogbn-arxiv from ../RCGNN/dataset/
for_commute,bns,rank 15 [(30, 29), (29, 5), (28, 8), (27, 7), (26, 15), (25, 30), (24, 10), (23, 10), (22, 7), (21, 9), (20, 22), (19, 13), (18, 6), (17, 26), (16, 8), (14, 1452), (13, 423), (12, 752), (11, 44), (10, 71), (9, 631), (8, 395), (7, 25), (6, 27), (5, 11), (4, 15), (3, 24), (2, 16), (1, 13), (0, 49), (31, 4)] ogbn-arxiv-32-metis-cut-trans 32 8
loading partitions
begin to load ogb dataset ogbn-arxiv from ../RCGNN/dataset/
for_commute,bns,rank 9 [(18, 25), (17, 105), (16, 28), (15, 597), (14, 267), (13, 503), (12, 146), (11, 73), (10, 118), (8, 279), (7, 185), (6, 153), (5, 48), (4, 181), (3, 61), (2, 32), (1, 74), (0, 103), (31, 19), (30, 87), (29, 23), (28, 15), (27, 37), (26, 79), (25, 79), (24, 65), (23, 25), (22, 33), (21, 40), (20, 185), (19, 46)] ogbn-arxiv-32-metis-cut-trans 32 8
loading partitions
begin to load ogb dataset ogbn-arxiv from ../RCGNN/dataset/
for_commute,bns,rank 14 [(28, 29), (27, 29), (26, 42), (25, 46), (24, 22), (23, 10), (22, 17), (21, 17), (20, 21), (19, 19), (18, 6), (17, 24), (16, 7), (15, 1229), (13, 219), (12, 1253), (11, 153), (10, 146), (9, 271), (8, 338), (7, 18), (6, 16), (5, 24), (4, 21), (3, 77), (2, 43), (1, 33), (0, 41), (31, 28), (30, 49), (29, 20)] ogbn-arxiv-32-metis-cut-trans 32 8
loading partitions
begin to load ogb dataset ogbn-arxiv from ../RCGNN/dataset/
for_commute,bns,rank 13 [(26, 71), (25, 38), (24, 25), (23, 14), (22, 20), (21, 37), (20, 80), (19, 23), (18, 17), (17, 67), (16, 13), (15, 420), (14, 222), (12, 482), (11, 141), (10, 220), (9, 527), (8, 139), (7, 135), (6, 85), (5, 85), (4, 61), (3, 86), (2, 35), (1, 26), (0, 100), (31, 25), (30, 37), (29, 13), (28, 19), (27, 18)] ogbn-arxiv-32-metis-cut-trans 32 8
loading partitions
begin to load ogb dataset ogbn-arxiv from ../RCGNN/dataset/
for_commute,bns,rank 8 [(16, 52), (15, 349), (14, 345), (13, 152), (12, 143), (11, 58), (10, 273), (9, 242), (7, 358), (6, 146), (5, 18), (4, 74), (3, 128), (2, 40), (1, 79), (0, 198), (31, 114), (30, 250), (29, 272), (28, 162), (27, 99), (26, 193), (25, 251), (24, 207), (23, 61), (22, 43), (21, 247), (20, 216), (19, 94), (18, 53), (17, 406)] ogbn-arxiv-32-metis-cut-trans 32 8
loading partitions
begin to load ogb dataset ogbn-arxiv from ../RCGNN/dataset/
for_commute,bns,rank 10 [(20, 354), (19, 224), (18, 72), (17, 524), (16, 142), (15, 93), (14, 170), (13, 222), (12, 275), (11, 193), (9, 127), (8, 288), (7, 207), (6, 73), (5, 98), (4, 299), (3, 163), (2, 127), (1, 284), (0, 188), (31, 108), (30, 112), (29, 89), (28, 98), (27, 143), (26, 421), (25, 203), (24, 126), (23, 89), (22, 98), (21, 172)] ogbn-arxiv-32-metis-cut-trans 32 8
loading partitions
begin to load ogb dataset ogbn-arxiv from ../RCGNN/dataset/
for_commute,bns,rank 11 [(22, 182), (21, 165), (20, 191), (19, 154), (18, 79), (17, 112), (16, 137), (15, 66), (14, 228), (13, 138), (12, 308), (10, 231), (9, 80), (8, 54), (7, 74), (6, 87), (5, 160), (4, 148), (3, 110), (2, 114), (1, 189), (0, 137), (31, 80), (30, 78), (29, 54), (28, 34), (27, 49), (26, 105), (25, 121), (24, 49), (23, 100)] ogbn-arxiv-32-metis-cut-trans 32 8
Pseudo-terminal will not be allocated because stdin is not a terminal.
Welcome to Ubuntu 22.04.3 LTS (GNU/Linux 6.5.0-25-generic x86_64)

 * Documentation:  https://help.ubuntu.com
 * Management:     https://landscape.canonical.com
 * Support:        https://ubuntu.com/advantage

This system has been minimized by removing packages and content that are
not required on a system that users do not log into.

To restore this content, you can run the 'unminimize' command.
hemeng ogbn-products gcn 32 2 32 1 8
Namespace(backend='gloo', data_path='../RCGNN/dataset/', dataset='ogbn-products', dropout=0.3, eval=True, fix_seed=True, graph_name='ogbn-products-32-metis-cut-trans', heads=1, inductive=False, log_every=10, lr=0.003, master_addr='192.168.2.1', model='gcn', n_class=10, n_edges=10000, n_epochs=30, n_feat=100, n_hidden=32, n_layers=2, n_linear=0, n_nodes=1000, n_partitions=32, node_rank=1, norm='layer', part_path='./partition/', partition_method='metis', partition_obj='cut', parts_per_node=8, port=18119, sampling_rate=1.0, save_model=False, seed=0, skip_partition=False, sub_rate=None, swap_bits=0, swap_rate=0, topolist=None, train_ratio=0.9, use_pp=True, uvm=False, val_ratio=0.05, weight=False, weight_decay=0)
loading partitions
begin to load ogb dataset ogbn-products from ../RCGNN/dataset/
for_commute,bns,rank 15 [(30, 966), (29, 2392), (28, 521), (27, 1791), (26, 1470), (25, 1174), (24, 2793), (23, 768), (22, 1917), (21, 993), (20, 1221), (19, 577), (18, 256), (17, 598), (16, 686), (14, 1271), (13, 451), (12, 457), (11, 414), (10, 667), (9, 425), (8, 329), (7, 436), (6, 620), (5, 683), (4, 397), (3, 544), (2, 603), (1, 576), (0, 455), (31, 849)] ogbn-products-32-metis-cut-trans 32 8
loading partitions
begin to load ogb dataset ogbn-products from ../RCGNN/dataset/
for_commute,bns,rank 14 [(28, 2212), (27, 6439), (26, 2487), (25, 2141), (24, 3490), (23, 2469), (22, 1857), (21, 1395), (20, 1282), (19, 4539), (18, 1680), (17, 1783), (16, 1733), (15, 626), (13, 8550), (12, 12072), (11, 7767), (10, 2663), (9, 3538), (8, 6626), (7, 1376), (6, 2941), (5, 4382), (4, 2250), (3, 833), (2, 3282), (1, 997), (0, 535), (31, 2091), (30, 1718), (29, 2910)] ogbn-products-32-metis-cut-trans 32 8
loading partitions
begin to load ogb dataset ogbn-products from ../RCGNN/dataset/
for_commute,bns,rank 13 [(26, 861), (25, 1268), (24, 1007), (23, 1189), (22, 910), (21, 1657), (20, 1100), (19, 4362), (18, 1708), (17, 1334), (16, 1428), (15, 267), (14, 8471), (12, 14359), (11, 7060), (10, 2154), (9, 3922), (8, 5464), (7, 1717), (6, 1967), (5, 7273), (4, 2850), (3, 1764), (2, 19754), (1, 2129), (0, 1519), (31, 930), (30, 1200), (29, 1979), (28, 2132), (27, 2516)] ogbn-products-32-metis-cut-trans 32 8
loading partitions
begin to load ogb dataset ogbn-products from ../RCGNN/dataset/
for_commute,bns,rank 12 [(24, 1286), (23, 2497), (22, 1957), (21, 1835), (20, 2053), (19, 7403), (18, 2499), (17, 2353), (16, 2685), (15, 301), (14, 10210), (13, 10811), (11, 20500), (10, 7825), (9, 8462), (8, 10893), (7, 1394), (6, 2587), (5, 4859), (4, 3528), (3, 852), (2, 7560), (1, 1750), (0, 1099), (31, 3153), (30, 3690), (29, 4728), (28, 3908), (27, 3599), (26, 2850), (25, 2107)] ogbn-products-32-metis-cut-trans 32 8
loading partitions
begin to load ogb dataset ogbn-products from ../RCGNN/dataset/
for_commute,bns,rank 11 [(22, 3145), (21, 2982), (20, 3169), (19, 11579), (18, 4776), (17, 4642), (16, 4172), (15, 248), (14, 6445), (13, 4626), (12, 15434), (10, 25163), (9, 16468), (8, 15365), (7, 1532), (6, 1220), (5, 736), (4, 827), (3, 1312), (2, 4553), (1, 1009), (0, 687), (31, 3039), (30, 2077), (29, 3959), (28, 2476), (27, 3008), (26, 3915), (25, 4238), (24, 1477), (23, 3749)] ogbn-products-32-metis-cut-trans 32 8
loading partitions
begin to load ogb dataset ogbn-products from ../RCGNN/dataset/
for_commute,bns,rank 10 [(20, 7996), (19, 12609), (18, 8679), (17, 10057), (16, 12980), (15, 275), (14, 2772), (13, 1742), (12, 6643), (11, 25131), (9, 10190), (8, 9361), (7, 1548), (6, 679), (5, 498), (4, 458), (3, 1744), (2, 884), (1, 547), (0, 299), (31, 2819), (30, 3810), (29, 4686), (28, 3834), (27, 3888), (26, 2203), (25, 3857), (24, 2006), (23, 7440), (22, 9092), (21, 11476)] ogbn-products-32-metis-cut-trans 32 8
loading partitions
begin to load ogb dataset ogbn-products from ../RCGNN/dataset/
for_commute,bns,rank 9 [(18, 2323), (17, 1621), (16, 2640), (15, 246), (14, 3834), (13, 3474), (12, 7263), (11, 17569), (10, 12744), (8, 13347), (7, 12421), (6, 5818), (5, 9936), (4, 6497), (3, 7635), (2, 4852), (1, 1885), (0, 1323), (31, 619), (30, 811), (29, 3088), (28, 2079), (27, 770), (26, 1175), (25, 2442), (24, 474), (23, 1754), (22, 1581), (21, 1314), (20, 829), (19, 3960)] ogbn-products-32-metis-cut-trans 32 8
loading partitions
begin to load ogb dataset ogbn-products from ../RCGNN/dataset/
for_commute,bns,rank 8 [(16, 12637), (15, 176), (14, 5680), (13, 5157), (12, 9691), (11, 19373), (10, 11853), (9, 15285), (7, 3905), (6, 7210), (5, 4718), (4, 1559), (3, 2966), (2, 3047), (1, 583), (0, 503), (31, 3810), (30, 1315), (29, 5751), (28, 10148), (27, 3880), (26, 4386), (25, 4825), (24, 841), (23, 4149), (22, 2766), (21, 3733), (20, 4454), (19, 16911), (18, 5631), (17, 3163)] ogbn-products-32-metis-cut-trans 32 8
Pseudo-terminal will not be allocated because stdin is not a terminal.
Welcome to Ubuntu 22.04.3 LTS (GNU/Linux 6.5.0-25-generic x86_64)

 * Documentation:  https://help.ubuntu.com
 * Management:     https://landscape.canonical.com
 * Support:        https://ubuntu.com/advantage

This system has been minimized by removing packages and content that are
not required on a system that users do not log into.

To restore this content, you can run the 'unminimize' command.
hemeng yelp gcn 32 2 32 1 8
Namespace(backend='gloo', data_path='../RCGNN/dataset/', dataset='yelp', dropout=0.3, eval=True, fix_seed=True, graph_name='yelp-32-metis-cut-trans', heads=1, inductive=False, log_every=10, lr=0.003, master_addr='192.168.2.1', model='gcn', n_class=10, n_edges=10000, n_epochs=30, n_feat=100, n_hidden=32, n_layers=2, n_linear=0, n_nodes=1000, n_partitions=32, node_rank=1, norm='layer', part_path='./partition/', partition_method='metis', partition_obj='cut', parts_per_node=8, port=18119, sampling_rate=1.0, save_model=False, seed=0, skip_partition=False, sub_rate=None, swap_bits=0, swap_rate=0, topolist=None, train_ratio=0.9, use_pp=True, uvm=False, val_ratio=0.05, weight=False, weight_decay=0)
loading partitions
for_commute,bns,rank 13 [(26, 491), (25, 374), (24, 469), (23, 201), (22, 404), (21, 235), (20, 442), (19, 659), (18, 727), (17, 525), (16, 714), (15, 2331), (14, 846), (12, 7516), (11, 771), (10, 1403), (9, 1301), (8, 2146), (7, 1673), (6, 1464), (5, 1013), (4, 1308), (3, 2078), (2, 1199), (1, 806), (0, 780), (31, 209), (30, 268), (29, 347), (28, 116), (27, 387)] yelp-32-metis-cut-trans 32 8
loading partitions
for_commute,bns,rank 14 [(28, 417), (27, 806), (26, 1133), (25, 780), (24, 1042), (23, 552), (22, 796), (21, 1142), (20, 1306), (19, 1236), (18, 1282), (17, 1392), (16, 1292), (15, 5291), (13, 721), (12, 395), (11, 2308), (10, 3586), (9, 2691), (8, 2244), (7, 1983), (6, 1764), (5, 2269), (4, 1991), (3, 2592), (2, 1577), (1, 1344), (0, 1252), (31, 499), (30, 737), (29, 1851)] yelp-32-metis-cut-trans 32 8
loading partitions
for_commute,bns,rank 15 [(30, 729), (29, 1156), (28, 397), (27, 657), (26, 1073), (25, 1248), (24, 1735), (23, 548), (22, 1190), (21, 721), (20, 1044), (19, 1477), (18, 1124), (17, 1248), (16, 2384), (14, 5540), (13, 2153), (12, 1146), (11, 3377), (10, 4187), (9, 4237), (8, 4099), (7, 4554), (6, 3758), (5, 3363), (4, 2551), (3, 5002), (2, 3312), (1, 2155), (0, 2300), (31, 467)] yelp-32-metis-cut-trans 32 8
loading partitions
for_commute,bns,rank 12 [(24, 322), (23, 254), (22, 392), (21, 177), (20, 372), (19, 451), (18, 323), (17, 318), (16, 254), (15, 1340), (14, 473), (13, 6238), (11, 452), (10, 624), (9, 817), (8, 1068), (7, 1354), (6, 675), (5, 477), (4, 790), (3, 872), (2, 397), (1, 440), (0, 873), (31, 161), (30, 258), (29, 309), (28, 96), (27, 158), (26, 239), (25, 171)] yelp-32-metis-cut-trans 32 8
loading partitions
for_commute,bns,rank 11 [(22, 925), (21, 782), (20, 1065), (19, 1299), (18, 1102), (17, 1196), (16, 1614), (15, 3402), (14, 2236), (13, 863), (12, 413), (10, 3281), (9, 3746), (8, 3140), (7, 2452), (6, 2146), (5, 2849), (4, 1803), (3, 3072), (2, 2170), (1, 1303), (0, 1256), (31, 683), (30, 1093), (29, 5330), (28, 632), (27, 1050), (26, 2118), (25, 1548), (24, 1995), (23, 432)] yelp-32-metis-cut-trans 32 8
loading partitions
for_commute,bns,rank 10 [(20, 1820), (19, 1531), (18, 1265), (17, 1434), (16, 1752), (15, 4762), (14, 3464), (13, 1400), (12, 497), (11, 3548), (9, 3633), (8, 2907), (7, 2709), (6, 2249), (5, 2582), (4, 1960), (3, 3368), (2, 1968), (1, 1434), (0, 1425), (31, 536), (30, 802), (29, 2206), (28, 429), (27, 799), (26, 1060), (25, 993), (24, 1615), (23, 547), (22, 1012), (21, 849)] yelp-32-metis-cut-trans 32 8
loading partitions
for_commute,bns,rank 9 [(18, 1152), (17, 1200), (16, 1935), (15, 4476), (14, 2349), (13, 1304), (12, 747), (11, 3649), (10, 3281), (8, 3085), (7, 3329), (6, 2842), (5, 2660), (4, 2261), (3, 3715), (2, 2608), (1, 1456), (0, 1612), (31, 623), (30, 1217), (29, 1381), (28, 628), (27, 983), (26, 1948), (25, 1578), (24, 1906), (23, 524), (22, 973), (21, 743), (20, 999), (19, 1398)] yelp-32-metis-cut-trans 32 8
loading partitions
for_commute,bns,rank 8 [(16, 2833), (15, 4554), (14, 2081), (13, 2147), (12, 1026), (11, 2924), (10, 2966), (9, 3283), (7, 4438), (6, 3438), (5, 3633), (4, 2864), (3, 4697), (2, 3382), (1, 2007), (0, 1774), (31, 681), (30, 931), (29, 804), (28, 648), (27, 1054), (26, 1054), (25, 1411), (24, 2126), (23, 1148), (22, 2230), (21, 1118), (20, 1374), (19, 2139), (18, 1617), (17, 1494)] yelp-32-metis-cut-trans 32 8
Pseudo-terminal will not be allocated because stdin is not a terminal.
Welcome to Ubuntu 22.04.3 LTS (GNU/Linux 6.5.0-25-generic x86_64)

 * Documentation:  https://help.ubuntu.com
 * Management:     https://landscape.canonical.com
 * Support:        https://ubuntu.com/advantage

This system has been minimized by removing packages and content that are
not required on a system that users do not log into.

To restore this content, you can run the 'unminimize' command.
hemeng reddit gcn 32 2 32 1 8
Namespace(backend='gloo', data_path='../RCGNN/dataset/', dataset='reddit', dropout=0.3, eval=True, fix_seed=True, graph_name='reddit-32-metis-cut-trans', heads=1, inductive=False, log_every=10, lr=0.003, master_addr='192.168.2.1', model='gcn', n_class=10, n_edges=10000, n_epochs=30, n_feat=100, n_hidden=32, n_layers=2, n_linear=0, n_nodes=1000, n_partitions=32, node_rank=1, norm='layer', part_path='./partition/', partition_method='metis', partition_obj='cut', parts_per_node=8, port=18119, sampling_rate=1.0, save_model=False, seed=0, skip_partition=False, sub_rate=None, swap_bits=0, swap_rate=0, topolist=None, train_ratio=0.9, use_pp=True, uvm=False, val_ratio=0.05, weight=False, weight_decay=0)
loading partitions
for_commute,bns,rank 8 [(16, 1692), (15, 3818), (14, 2656), (13, 1017), (12, 362), (11, 4192), (10, 2599), (9, 2439), (7, 449), (6, 1306), (5, 986), (4, 532), (3, 3275), (2, 2430), (1, 1184), (0, 1388), (31, 879), (30, 1394), (29, 2453), (28, 1842), (27, 671), (26, 971), (25, 1156), (24, 638), (23, 93), (22, 20), (21, 545), (20, 1597), (19, 1567), (18, 1532), (17, 1833)] reddit-32-metis-cut-trans 32 8
loading partitions
for_commute,bns,rank 15 [(30, 2237), (29, 3095), (28, 3091), (27, 1026), (26, 1134), (25, 1276), (24, 838), (23, 173), (22, 157), (21, 1313), (20, 2559), (19, 2071), (18, 2353), (17, 2845), (16, 2359), (14, 3800), (13, 1474), (12, 715), (11, 4851), (10, 3160), (9, 2103), (8, 3436), (7, 611), (6, 1459), (5, 1040), (4, 885), (3, 3067), (2, 2316), (1, 1876), (0, 1911), (31, 1601)] reddit-32-metis-cut-trans 32 8
loading partitions
for_commute,bns,rank 14 [(28, 2759), (27, 869), (26, 1007), (25, 1028), (24, 774), (23, 115), (22, 133), (21, 1265), (20, 1982), (19, 1901), (18, 2535), (17, 2702), (16, 2308), (15, 6511), (13, 1234), (12, 471), (11, 4725), (10, 3432), (9, 2354), (8, 4407), (7, 743), (6, 1506), (5, 1158), (4, 840), (3, 3390), (2, 2912), (1, 1774), (0, 1388), (31, 1318), (30, 1966), (29, 2645)] reddit-32-metis-cut-trans 32 8
loading partitions
for_commute,bns,rank 9 [(18, 1151), (17, 2933), (16, 1751), (15, 1514), (14, 1179), (13, 1105), (12, 358), (11, 1562), (10, 1898), (8, 1736), (7, 699), (6, 1383), (5, 975), (4, 388), (3, 1838), (2, 1687), (1, 1140), (0, 1462), (31, 1470), (30, 2047), (29, 2062), (28, 2032), (27, 737), (26, 941), (25, 1014), (24, 576), (23, 131), (22, 55), (21, 733), (20, 2101), (19, 1096)] reddit-32-metis-cut-trans 32 8
loading partitions
for_commute,bns,rank 11 [(22, 36), (21, 720), (20, 2368), (19, 1641), (18, 1975), (17, 2214), (16, 1987), (15, 3382), (14, 2076), (13, 1723), (12, 1068), (10, 3840), (9, 1419), (8, 3281), (7, 1271), (6, 2427), (5, 1917), (4, 1923), (3, 3776), (2, 3141), (1, 1981), (0, 1685), (31, 1613), (30, 2012), (29, 2834), (28, 2611), (27, 755), (26, 1296), (25, 1194), (24, 702), (23, 73)] reddit-32-metis-cut-trans 32 8
loading partitions
for_commute,bns,rank 12 [(24, 470), (23, 66), (22, 33), (21, 660), (20, 1515), (19, 1221), (18, 1667), (17, 1339), (16, 971), (15, 837), (14, 271), (13, 6294), (11, 552), (10, 1106), (9, 474), (8, 259), (7, 972), (6, 1942), (5, 752), (4, 513), (3, 1751), (2, 728), (1, 777), (0, 1715), (31, 857), (30, 1058), (29, 1071), (28, 1451), (27, 538), (26, 531), (25, 829)] reddit-32-metis-cut-trans 32 8
loading partitions
for_commute,bns,rank 13 [(26, 2780), (25, 3162), (24, 3389), (23, 1239), (22, 2066), (21, 3309), (20, 4002), (19, 3640), (18, 3770), (17, 3880), (16, 2890), (15, 3750), (14, 2527), (12, 6997), (11, 5095), (10, 4237), (9, 3638), (8, 2154), (7, 3984), (6, 4641), (5, 3342), (4, 3901), (3, 3568), (2, 2446), (1, 3553), (0, 4401), (31, 1480), (30, 2223), (29, 2900), (28, 3633), (27, 3519)] reddit-32-metis-cut-trans 32 8
loading partitions
for_commute,bns,rank 10 [(20, 4816), (19, 3727), (18, 3848), (17, 4736), (16, 5033), (15, 4269), (14, 3443), (13, 3223), (12, 2075), (11, 7121), (9, 3643), (8, 4281), (7, 2642), (6, 3861), (5, 2504), (4, 2279), (3, 5712), (2, 4579), (1, 3334), (0, 4094), (31, 3349), (30, 4022), (29, 4910), (28, 5138), (27, 2369), (26, 2452), (25, 2646), (24, 2070), (23, 386), (22, 233), (21, 2092)] reddit-32-metis-cut-trans 32 8
Pseudo-terminal will not be allocated because stdin is not a terminal.
Welcome to Ubuntu 22.04.3 LTS (GNU/Linux 6.5.0-25-generic x86_64)

 * Documentation:  https://help.ubuntu.com
 * Management:     https://landscape.canonical.com
 * Support:        https://ubuntu.com/advantage

This system has been minimized by removing packages and content that are
not required on a system that users do not log into.

To restore this content, you can run the 'unminimize' command.
hemeng ogbn-mag gcn 32 2 32 1 8
Namespace(backend='gloo', data_path='../RCGNN/dataset/', dataset='ogbn-mag', dropout=0.3, eval=True, fix_seed=True, graph_name='ogbn-mag-32-metis-cut-trans', heads=1, inductive=False, log_every=10, lr=0.003, master_addr='192.168.2.1', model='gcn', n_class=10, n_edges=10000, n_epochs=30, n_feat=100, n_hidden=32, n_layers=2, n_linear=0, n_nodes=1000, n_partitions=32, node_rank=1, norm='layer', part_path='./partition/', partition_method='metis', partition_obj='cut', parts_per_node=8, port=18119, sampling_rate=1.0, save_model=False, seed=0, skip_partition=False, sub_rate=None, swap_bits=0, swap_rate=0, topolist=None, train_ratio=0.9, use_pp=True, uvm=False, val_ratio=0.05, weight=False, weight_decay=0)
loading partitions
begin to load ogb dataset ogbn-mag from ../RCGNN/dataset/
for_commute,bns,rank 8 [(16, 3096), (15, 4320), (14, 5829), (13, 4894), (12, 4935), (11, 17667), (10, 6522), (9, 15336), (7, 3817), (6, 3375), (5, 3970), (4, 3592), (3, 1991), (2, 2693), (1, 2915), (0, 2276), (31, 2962), (30, 1948), (29, 4870), (28, 4740), (27, 3938), (26, 2745), (25, 2417), (24, 2734), (23, 3837), (22, 3406), (21, 3902), (20, 3939), (19, 3931), (18, 4488), (17, 2593)] ogbn-mag-32-metis-cut-trans 32 8
loading partitions
begin to load ogb dataset ogbn-mag from ../RCGNN/dataset/
for_commute,bns,rank 9 [(18, 7579), (17, 2390), (16, 3458), (15, 3931), (14, 3474), (13, 1928), (12, 3986), (11, 7060), (10, 6578), (8, 14454), (7, 2975), (6, 2734), (5, 3828), (4, 3531), (3, 1363), (2, 2358), (1, 2765), (0, 1882), (31, 3292), (30, 1457), (29, 6254), (28, 6976), (27, 9616), (26, 3978), (25, 4927), (24, 2920), (23, 7499), (22, 3852), (21, 4721), (20, 4885), (19, 4520)] ogbn-mag-32-metis-cut-trans 32 8
loading partitions
begin to load ogb dataset ogbn-mag from ../RCGNN/dataset/
for_commute,bns,rank 11 [(22, 3732), (21, 2380), (20, 5000), (19, 2771), (18, 2044), (17, 2741), (16, 3339), (15, 5246), (14, 6437), (13, 8309), (12, 9486), (10, 15287), (9, 9800), (8, 19800), (7, 5954), (6, 4443), (5, 4047), (4, 5196), (3, 3148), (2, 4237), (1, 9057), (0, 3995), (31, 2488), (30, 1436), (29, 3473), (28, 3151), (27, 2515), (26, 9241), (25, 3728), (24, 4422), (23, 7626)] ogbn-mag-32-metis-cut-trans 32 8
loading partitions
begin to load ogb dataset ogbn-mag from ../RCGNN/dataset/
for_commute,bns,rank 10 [(20, 3446), (19, 2358), (18, 2021), (17, 2155), (16, 3034), (15, 2746), (14, 3217), (13, 3410), (12, 4747), (11, 8328), (9, 5668), (8, 5085), (7, 3831), (6, 4099), (5, 3217), (4, 5247), (3, 4520), (2, 4467), (1, 13073), (0, 6332), (31, 2727), (30, 4004), (29, 2814), (28, 3150), (27, 3481), (26, 16531), (25, 5929), (24, 8296), (23, 5586), (22, 2388), (21, 1636)] ogbn-mag-32-metis-cut-trans 32 8
loading partitions
begin to load ogb dataset ogbn-mag from ../RCGNN/dataset/
for_commute,bns,rank 12 [(24, 4469), (23, 6035), (22, 2495), (21, 5086), (20, 3841), (19, 3110), (18, 5888), (17, 2709), (16, 2978), (15, 11597), (14, 13281), (13, 13715), (11, 6024), (10, 5373), (9, 4066), (8, 3727), (7, 5269), (6, 6503), (5, 3839), (4, 3878), (3, 4534), (2, 5837), (1, 4414), (0, 7581), (31, 3021), (30, 4337), (29, 4935), (28, 3275), (27, 6054), (26, 5083), (25, 7350)] ogbn-mag-32-metis-cut-trans 32 8
loading partitions
begin to load ogb dataset ogbn-mag from ../RCGNN/dataset/
for_commute,bns,rank 13 [(26, 1627), (25, 1113), (24, 1936), (23, 1977), (22, 1345), (21, 2291), (20, 2201), (19, 1865), (18, 1176), (17, 1758), (16, 2706), (15, 5049), (14, 3967), (12, 12017), (11, 6497), (10, 3064), (9, 2004), (8, 3987), (7, 10960), (6, 7209), (5, 3466), (4, 2370), (3, 3559), (2, 4288), (1, 3505), (0, 5510), (31, 1727), (30, 1601), (29, 1103), (28, 1347), (27, 1142)] ogbn-mag-32-metis-cut-trans 32 8
loading partitions
begin to load ogb dataset ogbn-mag from ../RCGNN/dataset/
for_commute,bns,rank 14 [(28, 3702), (27, 4935), (26, 3216), (25, 4994), (24, 6519), (23, 3076), (22, 2262), (21, 3772), (20, 2394), (19, 2827), (18, 4432), (17, 4317), (16, 4238), (15, 15048), (13, 5983), (12, 11646), (11, 4237), (10, 3255), (9, 4022), (8, 4442), (7, 3393), (6, 3455), (5, 5636), (4, 5076), (3, 2758), (2, 4819), (1, 3250), (0, 4522), (31, 4828), (30, 6573), (29, 4976)] ogbn-mag-32-metis-cut-trans 32 8
loading partitions
begin to load ogb dataset ogbn-mag from ../RCGNN/dataset/
for_commute,bns,rank 15 [(30, 4633), (29, 5238), (28, 4485), (27, 5585), (26, 2866), (25, 4810), (24, 3635), (23, 5203), (22, 3511), (21, 8007), (20, 4495), (19, 3844), (18, 6737), (17, 6118), (16, 5519), (14, 9591), (13, 6226), (12, 9911), (11, 5079), (10, 2414), (9, 4407), (8, 3258), (7, 4041), (6, 3876), (5, 6325), (4, 5472), (3, 2861), (2, 5063), (1, 3998), (0, 5038), (31, 5244)] ogbn-mag-32-metis-cut-trans 32 8
Pseudo-terminal will not be allocated because stdin is not a terminal.
Welcome to Ubuntu 22.04.3 LTS (GNU/Linux 6.5.0-25-generic x86_64)

 * Documentation:  https://help.ubuntu.com
 * Management:     https://landscape.canonical.com
 * Support:        https://ubuntu.com/advantage

This system has been minimized by removing packages and content that are
not required on a system that users do not log into.

To restore this content, you can run the 'unminimize' command.
hemeng ogbn-proteins gcn 32 2 32 1 8
Namespace(backend='gloo', data_path='../RCGNN/dataset/', dataset='ogbn-proteins', dropout=0.3, eval=True, fix_seed=True, graph_name='ogbn-proteins-32-metis-cut-trans', heads=1, inductive=False, log_every=10, lr=0.003, master_addr='192.168.2.1', model='gcn', n_class=10, n_edges=10000, n_epochs=30, n_feat=100, n_hidden=32, n_layers=2, n_linear=0, n_nodes=1000, n_partitions=32, node_rank=1, norm='layer', part_path='./partition/', partition_method='metis', partition_obj='cut', parts_per_node=8, port=18119, sampling_rate=1.0, save_model=False, seed=0, skip_partition=False, sub_rate=None, swap_bits=0, swap_rate=0, topolist=None, train_ratio=0.9, use_pp=True, uvm=False, val_ratio=0.05, weight=False, weight_decay=0)
loading partitions
begin to load ogb dataset ogbn-proteins from ../RCGNN/dataset/
for_commute,bns,rank 15 [(30, 399), (29, 596), (28, 258), (27, 1346), (26, 719), (25, 3227), (24, 1795), (23, 3245), (22, 2139), (21, 1706), (20, 284), (19, 1401), (18, 1559), (17, 932), (16, 1064), (14, 3164), (13, 2878), (12, 2385), (11, 1936), (10, 2624), (9, 2048), (8, 2786), (7, 2283), (6, 3357), (5, 2144), (4, 584), (3, 2299), (2, 1901), (1, 2293), (0, 1542), (31, 2428)] ogbn-proteins-32-metis-cut-trans 32 8
loading partitions
begin to load ogb dataset ogbn-proteins from ../RCGNN/dataset/
for_commute,bns,rank 14 [(28, 1267), (27, 2466), (26, 3051), (25, 3875), (24, 2592), (23, 3758), (22, 2615), (21, 3235), (20, 994), (19, 2553), (18, 1773), (17, 2245), (16, 1911), (15, 3822), (13, 2935), (12, 3371), (11, 3006), (10, 3829), (9, 3303), (8, 3540), (7, 3388), (6, 3698), (5, 3029), (4, 3064), (3, 3120), (2, 2422), (1, 3238), (0, 2977), (31, 3988), (30, 1283), (29, 2413)] ogbn-proteins-32-metis-cut-trans 32 8
loading partitions
begin to load ogb dataset ogbn-proteins from ../RCGNN/dataset/
for_commute,bns,rank 12 [(24, 1702), (23, 3615), (22, 2111), (21, 2452), (20, 705), (19, 1817), (18, 1665), (17, 1272), (16, 1550), (15, 3694), (14, 3390), (13, 3735), (11, 2597), (10, 3683), (9, 3227), (8, 3395), (7, 3058), (6, 3499), (5, 2649), (4, 1825), (3, 2869), (2, 2231), (1, 2973), (0, 2346), (31, 3829), (30, 625), (29, 1383), (28, 615), (27, 1561), (26, 2273), (25, 3676)] ogbn-proteins-32-metis-cut-trans 32 8
loading partitions
begin to load ogb dataset ogbn-proteins from ../RCGNN/dataset/
for_commute,bns,rank 13 [(26, 1007), (25, 3489), (24, 1369), (23, 3348), (22, 1713), (21, 1665), (20, 268), (19, 1584), (18, 905), (17, 1022), (16, 1248), (15, 3665), (14, 2951), (12, 3173), (11, 2261), (10, 3125), (9, 2997), (8, 2948), (7, 2573), (6, 3401), (5, 2291), (4, 1081), (3, 2544), (2, 2185), (1, 2542), (0, 2020), (31, 3011), (30, 245), (29, 479), (28, 320), (27, 1344)] ogbn-proteins-32-metis-cut-trans 32 8
loading partitions
begin to load ogb dataset ogbn-proteins from ../RCGNN/dataset/
for_commute,bns,rank 11 [(22, 2182), (21, 3302), (20, 1883), (19, 2905), (18, 1347), (17, 2915), (16, 2163), (15, 3419), (14, 3267), (13, 2712), (12, 2767), (10, 3962), (9, 3306), (8, 3311), (7, 3585), (6, 3781), (5, 3265), (4, 3020), (3, 3170), (2, 2369), (1, 3035), (0, 3259), (31, 3946), (30, 3383), (29, 3504), (28, 2532), (27, 3629), (26, 3759), (25, 3898), (24, 3209), (23, 3843)] ogbn-proteins-32-metis-cut-trans 32 8
loading partitions
begin to load ogb dataset ogbn-proteins from ../RCGNN/dataset/
for_commute,bns,rank 10 [(20, 173), (19, 2413), (18, 1412), (17, 2320), (16, 2124), (15, 3642), (14, 3523), (13, 2805), (12, 3151), (11, 3611), (9, 3409), (8, 3590), (7, 3605), (6, 3773), (5, 3141), (4, 2612), (3, 3483), (2, 2476), (1, 3159), (0, 3187), (31, 3975), (30, 2241), (29, 2207), (28, 1596), (27, 2783), (26, 3124), (25, 3933), (24, 2839), (23, 3661), (22, 1943), (21, 2709)] ogbn-proteins-32-metis-cut-trans 32 8
loading partitions
begin to load ogb dataset ogbn-proteins from ../RCGNN/dataset/
for_commute,bns,rank 9 [(18, 2240), (17, 2750), (16, 2428), (15, 3521), (14, 3546), (13, 3021), (12, 3356), (11, 3377), (10, 3921), (8, 3494), (7, 3452), (6, 3631), (5, 3215), (4, 3157), (3, 3469), (2, 2404), (1, 3257), (0, 3226), (31, 3960), (30, 2129), (29, 2499), (28, 2073), (27, 2518), (26, 2860), (25, 3790), (24, 2697), (23, 3839), (22, 2820), (21, 3175), (20, 307), (19, 2675)] ogbn-proteins-32-metis-cut-trans 32 8
loading partitions
begin to load ogb dataset ogbn-proteins from ../RCGNN/dataset/
for_commute,bns,rank 8 [(16, 2819), (15, 3646), (14, 3655), (13, 3146), (12, 3482), (11, 3133), (10, 3892), (9, 3515), (7, 3605), (6, 3862), (5, 3185), (4, 3474), (3, 3198), (2, 2495), (1, 3279), (0, 3294), (31, 4037), (30, 1669), (29, 2703), (28, 1904), (27, 2570), (26, 3402), (25, 3910), (24, 2638), (23, 3843), (22, 3110), (21, 3294), (20, 833), (19, 2053), (18, 1935), (17, 2584)] ogbn-proteins-32-metis-cut-trans 32 8
Pseudo-terminal will not be allocated because stdin is not a terminal.
Welcome to Ubuntu 22.04.3 LTS (GNU/Linux 6.5.0-25-generic x86_64)

 * Documentation:  https://help.ubuntu.com
 * Management:     https://landscape.canonical.com
 * Support:        https://ubuntu.com/advantage

This system has been minimized by removing packages and content that are
not required on a system that users do not log into.

To restore this content, you can run the 'unminimize' command.
hemeng am gcn 32 2 32 1 8
Namespace(backend='gloo', data_path='../RCGNN/dataset/', dataset='am', dropout=0.3, eval=True, fix_seed=True, graph_name='am-32-metis-cut-trans', heads=1, inductive=False, log_every=10, lr=0.003, master_addr='192.168.2.1', model='gcn', n_class=10, n_edges=10000, n_epochs=30, n_feat=100, n_hidden=32, n_layers=2, n_linear=0, n_nodes=1000, n_partitions=32, node_rank=1, norm='layer', part_path='./partition/', partition_method='metis', partition_obj='cut', parts_per_node=8, port=18119, sampling_rate=1.0, save_model=False, seed=0, skip_partition=False, sub_rate=None, swap_bits=0, swap_rate=0, topolist=None, train_ratio=0.9, use_pp=True, uvm=False, val_ratio=0.05, weight=False, weight_decay=0)
loading partitions
Done loading data from cached files.
for_commute,bns,rank 14 [(28, 117), (27, 53), (26, 130), (25, 223), (24, 77), (23, 159), (22, 46), (21, 141), (20, 162), (19, 143), (18, 33), (17, 88), (16, 114), (15, 485), (13, 240), (12, 1505), (11, 474), (10, 70), (9, 144), (8, 747), (7, 351), (6, 287), (5, 193), (4, 375), (3, 373), (2, 281), (1, 454), (0, 169), (31, 187), (30, 187), (29, 113)] am-32-metis-cut-trans 32 8
loading partitions
Done loading data from cached files.
for_commute,bns,rank 15 [(30, 608), (29, 731), (28, 915), (27, 227), (26, 445), (25, 303), (24, 283), (23, 229), (22, 92), (21, 372), (20, 350), (19, 217), (18, 92), (17, 230), (16, 344), (14, 389), (13, 165), (12, 1092), (11, 1005), (10, 132), (9, 297), (8, 1532), (7, 827), (6, 888), (5, 485), (4, 1557), (3, 611), (2, 1082), (1, 811), (0, 434), (31, 381)] am-32-metis-cut-trans 32 8
loading partitions
Done loading data from cached files.
for_commute,bns,rank 12 [(24, 35), (23, 147), (22, 23), (21, 120), (20, 109), (19, 143), (18, 35), (17, 16), (16, 23), (15, 327), (14, 266), (13, 295), (11, 347), (10, 73), (9, 63), (8, 373), (7, 380), (6, 584), (5, 205), (4, 344), (3, 348), (2, 446), (1, 211), (0, 233), (31, 101), (30, 122), (29, 110), (28, 115), (27, 35), (26, 114), (25, 175)] am-32-metis-cut-trans 32 8
loading partitions
Done loading data from cached files.
for_commute,bns,rank 13 [(26, 283), (25, 305), (24, 260), (23, 272), (22, 156), (21, 271), (20, 274), (19, 223), (18, 161), (17, 279), (16, 266), (15, 430), (14, 778), (12, 11651), (11, 507), (10, 660), (9, 325), (8, 869), (7, 476), (6, 404), (5, 388), (4, 645), (3, 405), (2, 329), (1, 557), (0, 467), (31, 325), (30, 271), (29, 247), (28, 276), (27, 245)] am-32-metis-cut-trans 32 8
loading partitions
Done loading data from cached files.
for_commute,bns,rank 11 [(22, 41), (21, 110), (20, 100), (19, 104), (18, 28), (17, 40), (16, 29), (15, 506), (14, 143), (13, 84), (12, 400), (10, 123), (9, 69), (8, 360), (7, 299), (6, 329), (5, 212), (4, 297), (3, 389), (2, 351), (1, 250), (0, 228), (31, 97), (30, 95), (29, 376), (28, 297), (27, 52), (26, 61), (25, 233), (24, 32), (23, 138)] am-32-metis-cut-trans 32 8
loading partitions
Done loading data from cached files.
for_commute,bns,rank 10 [(20, 223), (19, 202), (18, 52), (17, 145), (16, 141), (15, 630), (14, 175), (13, 290), (12, 445), (11, 22696), (9, 2021), (8, 601), (7, 434), (6, 148), (5, 500), (4, 791), (3, 600), (2, 575), (1, 566), (0, 693), (31, 263), (30, 584), (29, 1126), (28, 931), (27, 205), (26, 145), (25, 239), (24, 117), (23, 249), (22, 93), (21, 238)] am-32-metis-cut-trans 32 8
loading partitions
Done loading data from cached files.
for_commute,bns,rank 9 [(18, 27), (17, 98), (16, 113), (15, 379), (14, 134), (13, 105), (12, 412), (11, 437), (10, 358), (8, 462), (7, 476), (6, 211), (5, 459), (4, 453), (3, 507), (2, 596), (1, 471), (0, 381), (31, 269), (30, 545), (29, 471), (28, 531), (27, 153), (26, 129), (25, 161), (24, 73), (23, 190), (22, 95), (21, 160), (20, 230), (19, 180)] am-32-metis-cut-trans 32 8
loading partitions
Done loading data from cached files.
for_commute,bns,rank 8 [(16, 364), (15, 703), (14, 453), (13, 262), (12, 837), (11, 654), (10, 109), (9, 269), (7, 734), (6, 655), (5, 522), (4, 855), (3, 792), (2, 554), (1, 745), (0, 563), (31, 464), (30, 348), (29, 183), (28, 440), (27, 135), (26, 368), (25, 252), (24, 122), (23, 221), (22, 80), (21, 418), (20, 439), (19, 167), (18, 78), (17, 188)] am-32-metis-cut-trans 32 8
Pseudo-terminal will not be allocated because stdin is not a terminal.
Welcome to Ubuntu 22.04.3 LTS (GNU/Linux 6.5.0-25-generic x86_64)

 * Documentation:  https://help.ubuntu.com
 * Management:     https://landscape.canonical.com
 * Support:        https://ubuntu.com/advantage

This system has been minimized by removing packages and content that are
not required on a system that users do not log into.

To restore this content, you can run the 'unminimize' command.
hemeng ogbn-arxiv gcn 16 2 32 1 4
Namespace(backend='gloo', data_path='../RCGNN/dataset/', dataset='ogbn-arxiv', dropout=0.3, eval=True, fix_seed=True, graph_name='ogbn-arxiv-16-metis-cut-trans', heads=1, inductive=False, log_every=10, lr=0.003, master_addr='192.168.2.1', model='gcn', n_class=10, n_edges=10000, n_epochs=30, n_feat=100, n_hidden=32, n_layers=2, n_linear=0, n_nodes=1000, n_partitions=16, node_rank=1, norm='layer', part_path='./partition/', partition_method='metis', partition_obj='cut', parts_per_node=4, port=18119, sampling_rate=1.0, save_model=False, seed=0, skip_partition=False, sub_rate=None, swap_bits=0, swap_rate=0, topolist=None, train_ratio=0.9, use_pp=True, uvm=False, val_ratio=0.05, weight=False, weight_decay=0)
loading partitions
begin to load ogb dataset ogbn-arxiv from ../RCGNN/dataset/
for_commute,bns,rank 4 [(8, 223), (7, 804), (6, 746), (5, 2325), (3, 127), (2, 219), (1, 127), (0, 36), (15, 170), (14, 86), (13, 51), (12, 194), (11, 58), (10, 93), (9, 175)] ogbn-arxiv-16-metis-cut-trans 16 4
loading partitions
begin to load ogb dataset ogbn-arxiv from ../RCGNN/dataset/
for_commute,bns,rank 6 [(12, 364), (11, 93), (10, 255), (9, 296), (8, 328), (7, 865), (5, 582), (4, 853), (3, 298), (2, 865), (1, 301), (0, 140), (15, 439), (14, 88), (13, 117)] ogbn-arxiv-16-metis-cut-trans 16 4
loading partitions
begin to load ogb dataset ogbn-arxiv from ../RCGNN/dataset/
for_commute,bns,rank 7 [(14, 672), (13, 449), (12, 918), (11, 344), (10, 452), (9, 707), (8, 603), (6, 788), (5, 894), (4, 787), (3, 268), (2, 752), (1, 276), (0, 302), (15, 1340)] ogbn-arxiv-16-metis-cut-trans 16 4
loading partitions
begin to load ogb dataset ogbn-arxiv from ../RCGNN/dataset/
for_commute,bns,rank 5 [(10, 167), (9, 154), (8, 354), (7, 805), (6, 563), (4, 2326), (3, 102), (2, 201), (1, 148), (0, 56), (15, 330), (14, 192), (13, 98), (12, 340), (11, 127)] ogbn-arxiv-16-metis-cut-trans 16 4
Pseudo-terminal will not be allocated because stdin is not a terminal.
Welcome to Ubuntu 22.04.3 LTS (GNU/Linux 6.5.0-25-generic x86_64)

 * Documentation:  https://help.ubuntu.com
 * Management:     https://landscape.canonical.com
 * Support:        https://ubuntu.com/advantage

This system has been minimized by removing packages and content that are
not required on a system that users do not log into.

To restore this content, you can run the 'unminimize' command.
hemeng ogbn-products gcn 16 2 32 1 4
Namespace(backend='gloo', data_path='../RCGNN/dataset/', dataset='ogbn-products', dropout=0.3, eval=True, fix_seed=True, graph_name='ogbn-products-16-metis-cut-trans', heads=1, inductive=False, log_every=10, lr=0.003, master_addr='192.168.2.1', model='gcn', n_class=10, n_edges=10000, n_epochs=30, n_feat=100, n_hidden=32, n_layers=2, n_linear=0, n_nodes=1000, n_partitions=16, node_rank=1, norm='layer', part_path='./partition/', partition_method='metis', partition_obj='cut', parts_per_node=4, port=18119, sampling_rate=1.0, save_model=False, seed=0, skip_partition=False, sub_rate=None, swap_bits=0, swap_rate=0, topolist=None, train_ratio=0.9, use_pp=True, uvm=False, val_ratio=0.05, weight=False, weight_decay=0)
loading partitions
begin to load ogb dataset ogbn-products from ../RCGNN/dataset/
for_commute,bns,rank 4 [(8, 2789), (7, 16492), (6, 8096), (5, 13909), (3, 14668), (2, 18432), (1, 1018), (0, 2502), (15, 983), (14, 1396), (13, 3912), (12, 1135), (11, 2461), (10, 1522), (9, 2340)] ogbn-products-16-metis-cut-trans 16 4
loading partitions
begin to load ogb dataset ogbn-products from ../RCGNN/dataset/
for_commute,bns,rank 5 [(10, 1402), (9, 2641), (8, 6700), (7, 4256), (6, 4938), (4, 12165), (3, 4699), (2, 10284), (1, 1026), (0, 1571), (15, 1005), (14, 1133), (13, 1958), (12, 1449), (11, 2333)] ogbn-products-16-metis-cut-trans 16 4
loading partitions
begin to load ogb dataset ogbn-products from ../RCGNN/dataset/
for_commute,bns,rank 6 [(12, 2773), (11, 2794), (10, 6819), (9, 3796), (8, 7455), (7, 64329), (5, 4062), (4, 7214), (3, 24023), (2, 7309), (1, 902), (0, 2543), (15, 2571), (14, 10383), (13, 9153)] ogbn-products-16-metis-cut-trans 16 4
loading partitions
begin to load ogb dataset ogbn-products from ../RCGNN/dataset/
for_commute,bns,rank 7 [(14, 3247), (13, 10926), (12, 1661), (11, 4305), (10, 7479), (9, 1368), (8, 2098), (6, 51903), (5, 2759), (4, 9927), (3, 18219), (2, 6014), (1, 1148), (0, 4364), (15, 1160)] ogbn-products-16-metis-cut-trans 16 4
Pseudo-terminal will not be allocated because stdin is not a terminal.
Welcome to Ubuntu 22.04.3 LTS (GNU/Linux 6.5.0-25-generic x86_64)

 * Documentation:  https://help.ubuntu.com
 * Management:     https://landscape.canonical.com
 * Support:        https://ubuntu.com/advantage

This system has been minimized by removing packages and content that are
not required on a system that users do not log into.

To restore this content, you can run the 'unminimize' command.
hemeng yelp gcn 16 2 32 1 4
Namespace(backend='gloo', data_path='../RCGNN/dataset/', dataset='yelp', dropout=0.3, eval=True, fix_seed=True, graph_name='yelp-16-metis-cut-trans', heads=1, inductive=False, log_every=10, lr=0.003, master_addr='192.168.2.1', model='gcn', n_class=10, n_edges=10000, n_epochs=30, n_feat=100, n_hidden=32, n_layers=2, n_linear=0, n_nodes=1000, n_partitions=16, node_rank=1, norm='layer', part_path='./partition/', partition_method='metis', partition_obj='cut', parts_per_node=4, port=18119, sampling_rate=1.0, save_model=False, seed=0, skip_partition=False, sub_rate=None, swap_bits=0, swap_rate=0, topolist=None, train_ratio=0.9, use_pp=True, uvm=False, val_ratio=0.05, weight=False, weight_decay=0)
loading partitions
for_commute,bns,rank 7 [(14, 7062), (13, 5433), (12, 6250), (11, 2444), (10, 4575), (9, 4236), (8, 5504), (6, 19605), (5, 16322), (4, 12854), (3, 5255), (2, 3489), (1, 4285), (0, 5691), (15, 7472)] yelp-16-metis-cut-trans 16 4
loading partitions
for_commute,bns,rank 6 [(12, 3916), (11, 1201), (10, 2609), (9, 2528), (8, 3082), (7, 15741), (5, 15863), (4, 10657), (3, 3230), (2, 1506), (1, 5474), (0, 4330), (15, 4408), (14, 5434), (13, 3238)] yelp-16-metis-cut-trans 16 4
loading partitions
for_commute,bns,rank 5 [(10, 4280), (9, 4238), (8, 5336), (7, 16390), (6, 19671), (4, 15442), (3, 6147), (2, 3130), (1, 4271), (0, 7060), (15, 9606), (14, 7156), (13, 5821), (12, 6819), (11, 2063)] yelp-16-metis-cut-trans 16 4
loading partitions
for_commute,bns,rank 4 [(8, 6153), (7, 15610), (6, 15519), (5, 17384), (3, 5142), (2, 3942), (1, 2087), (0, 3633), (15, 11571), (14, 6739), (13, 8267), (12, 8206), (11, 1874), (10, 5391), (9, 4544)] yelp-16-metis-cut-trans 16 4
Pseudo-terminal will not be allocated because stdin is not a terminal.
Welcome to Ubuntu 22.04.3 LTS (GNU/Linux 6.5.0-25-generic x86_64)

 * Documentation:  https://help.ubuntu.com
 * Management:     https://landscape.canonical.com
 * Support:        https://ubuntu.com/advantage

This system has been minimized by removing packages and content that are
not required on a system that users do not log into.

To restore this content, you can run the 'unminimize' command.
hemeng reddit gcn 16 2 32 1 4
Namespace(backend='gloo', data_path='../RCGNN/dataset/', dataset='reddit', dropout=0.3, eval=True, fix_seed=True, graph_name='reddit-16-metis-cut-trans', heads=1, inductive=False, log_every=10, lr=0.003, master_addr='192.168.2.1', model='gcn', n_class=10, n_edges=10000, n_epochs=30, n_feat=100, n_hidden=32, n_layers=2, n_linear=0, n_nodes=1000, n_partitions=16, node_rank=1, norm='layer', part_path='./partition/', partition_method='metis', partition_obj='cut', parts_per_node=4, port=18119, sampling_rate=1.0, save_model=False, seed=0, skip_partition=False, sub_rate=None, swap_bits=0, swap_rate=0, topolist=None, train_ratio=0.9, use_pp=True, uvm=False, val_ratio=0.05, weight=False, weight_decay=0)
loading partitions
for_commute,bns,rank 5 [(10, 2549), (9, 1825), (8, 1915), (7, 2307), (6, 4479), (4, 10993), (3, 2184), (2, 941), (1, 1916), (0, 299), (15, 3500), (14, 4254), (13, 5833), (12, 3246), (11, 2267)] reddit-16-metis-cut-trans 16 4
loading partitions
for_commute,bns,rank 4 [(8, 2415), (7, 3356), (6, 4276), (5, 14638), (3, 1630), (2, 992), (1, 1586), (0, 518), (15, 3374), (14, 3898), (13, 5474), (12, 3080), (11, 2198), (10, 2954), (9, 1630)] reddit-16-metis-cut-trans 16 4
loading partitions
for_commute,bns,rank 6 [(12, 7320), (11, 9420), (10, 8008), (9, 6521), (8, 6580), (7, 6210), (5, 13205), (4, 10808), (3, 8684), (2, 4908), (1, 4730), (0, 2689), (15, 9984), (14, 8473), (13, 10258)] reddit-16-metis-cut-trans 16 4
loading partitions
for_commute,bns,rank 7 [(14, 8058), (13, 9727), (12, 6042), (11, 12349), (10, 7678), (9, 3572), (8, 7923), (6, 7360), (5, 6854), (4, 6802), (3, 5348), (2, 4753), (1, 5677), (0, 1400), (15, 8808)] reddit-16-metis-cut-trans 16 4
Pseudo-terminal will not be allocated because stdin is not a terminal.
Welcome to Ubuntu 22.04.3 LTS (GNU/Linux 6.5.0-25-generic x86_64)

 * Documentation:  https://help.ubuntu.com
 * Management:     https://landscape.canonical.com
 * Support:        https://ubuntu.com/advantage

This system has been minimized by removing packages and content that are
not required on a system that users do not log into.

To restore this content, you can run the 'unminimize' command.
hemeng ogbn-mag gcn 16 2 32 1 4
Namespace(backend='gloo', data_path='../RCGNN/dataset/', dataset='ogbn-mag', dropout=0.3, eval=True, fix_seed=True, graph_name='ogbn-mag-16-metis-cut-trans', heads=1, inductive=False, log_every=10, lr=0.003, master_addr='192.168.2.1', model='gcn', n_class=10, n_edges=10000, n_epochs=30, n_feat=100, n_hidden=32, n_layers=2, n_linear=0, n_nodes=1000, n_partitions=16, node_rank=1, norm='layer', part_path='./partition/', partition_method='metis', partition_obj='cut', parts_per_node=4, port=18119, sampling_rate=1.0, save_model=False, seed=0, skip_partition=False, sub_rate=None, swap_bits=0, swap_rate=0, topolist=None, train_ratio=0.9, use_pp=True, uvm=False, val_ratio=0.05, weight=False, weight_decay=0)
loading partitions
begin to load ogb dataset ogbn-mag from ../RCGNN/dataset/
for_commute,bns,rank 6 [(12, 5322), (11, 6749), (10, 8476), (9, 5361), (8, 9885), (7, 24770), (5, 16883), (4, 14312), (3, 14714), (2, 10341), (1, 17565), (0, 6311), (15, 11680), (14, 6876), (13, 5093)] ogbn-mag-16-metis-cut-trans 16 4
loading partitions
begin to load ogb dataset ogbn-mag from ../RCGNN/dataset/
for_commute,bns,rank 7 [(14, 11095), (13, 11806), (12, 8883), (11, 12820), (10, 16353), (9, 11524), (8, 14162), (6, 26690), (5, 50637), (4, 26855), (3, 13472), (2, 9833), (1, 21305), (0, 12703), (15, 14722)] ogbn-mag-16-metis-cut-trans 16 4
loading partitions
begin to load ogb dataset ogbn-mag from ../RCGNN/dataset/
for_commute,bns,rank 5 [(10, 8093), (9, 7243), (8, 10144), (7, 47259), (6, 19880), (4, 34201), (3, 10545), (2, 6808), (1, 18041), (0, 8116), (15, 10739), (14, 13290), (13, 7571), (12, 6474), (11, 7643)] ogbn-mag-16-metis-cut-trans 16 4
loading partitions
begin to load ogb dataset ogbn-mag from ../RCGNN/dataset/
for_commute,bns,rank 4 [(8, 7363), (7, 18279), (6, 11456), (5, 32925), (3, 11676), (2, 7189), (1, 10858), (0, 7309), (15, 20245), (14, 28949), (13, 12563), (12, 6716), (11, 7661), (10, 7683), (9, 9117)] ogbn-mag-16-metis-cut-trans 16 4
Pseudo-terminal will not be allocated because stdin is not a terminal.
Welcome to Ubuntu 22.04.3 LTS (GNU/Linux 6.5.0-25-generic x86_64)

 * Documentation:  https://help.ubuntu.com
 * Management:     https://landscape.canonical.com
 * Support:        https://ubuntu.com/advantage

This system has been minimized by removing packages and content that are
not required on a system that users do not log into.

To restore this content, you can run the 'unminimize' command.
hemeng ogbn-proteins gcn 16 2 32 1 4
Namespace(backend='gloo', data_path='../RCGNN/dataset/', dataset='ogbn-proteins', dropout=0.3, eval=True, fix_seed=True, graph_name='ogbn-proteins-16-metis-cut-trans', heads=1, inductive=False, log_every=10, lr=0.003, master_addr='192.168.2.1', model='gcn', n_class=10, n_edges=10000, n_epochs=30, n_feat=100, n_hidden=32, n_layers=2, n_linear=0, n_nodes=1000, n_partitions=16, node_rank=1, norm='layer', part_path='./partition/', partition_method='metis', partition_obj='cut', parts_per_node=4, port=18119, sampling_rate=1.0, save_model=False, seed=0, skip_partition=False, sub_rate=None, swap_bits=0, swap_rate=0, topolist=None, train_ratio=0.9, use_pp=True, uvm=False, val_ratio=0.05, weight=False, weight_decay=0)
loading partitions
begin to load ogb dataset ogbn-proteins from ../RCGNN/dataset/
for_commute,bns,rank 4 [(8, 4563), (7, 7360), (6, 6870), (5, 4443), (3, 7683), (2, 4514), (1, 5475), (0, 6859), (15, 7503), (14, 4256), (13, 3662), (12, 2403), (11, 5278), (10, 6265), (9, 6569)] ogbn-proteins-16-metis-cut-trans 16 4
loading partitions
begin to load ogb dataset ogbn-proteins from ../RCGNN/dataset/
for_commute,bns,rank 5 [(10, 7434), (9, 7537), (8, 7846), (7, 7450), (6, 7998), (4, 7645), (3, 7752), (2, 5788), (1, 7470), (0, 6539), (15, 7949), (14, 7454), (13, 7988), (12, 5074), (11, 7298)] ogbn-proteins-16-metis-cut-trans 16 4
loading partitions
begin to load ogb dataset ogbn-proteins from ../RCGNN/dataset/
for_commute,bns,rank 6 [(12, 3459), (11, 6412), (10, 7301), (9, 7580), (8, 6870), (7, 7635), (5, 6052), (4, 6917), (3, 7611), (2, 4454), (1, 6106), (0, 6157), (15, 7992), (14, 7581), (13, 6382)] ogbn-proteins-16-metis-cut-trans 16 4
loading partitions
begin to load ogb dataset ogbn-proteins from ../RCGNN/dataset/
for_commute,bns,rank 7 [(14, 6573), (13, 5442), (12, 3613), (11, 5708), (10, 7062), (9, 7559), (8, 6110), (6, 7758), (5, 5928), (4, 7122), (3, 7789), (2, 4848), (1, 5717), (0, 6413), (15, 7893)] ogbn-proteins-16-metis-cut-trans 16 4
Pseudo-terminal will not be allocated because stdin is not a terminal.
Welcome to Ubuntu 22.04.3 LTS (GNU/Linux 6.5.0-25-generic x86_64)

 * Documentation:  https://help.ubuntu.com
 * Management:     https://landscape.canonical.com
 * Support:        https://ubuntu.com/advantage

This system has been minimized by removing packages and content that are
not required on a system that users do not log into.

To restore this content, you can run the 'unminimize' command.
hemeng am gcn 16 2 32 1 4
Namespace(backend='gloo', data_path='../RCGNN/dataset/', dataset='am', dropout=0.3, eval=True, fix_seed=True, graph_name='am-16-metis-cut-trans', heads=1, inductive=False, log_every=10, lr=0.003, master_addr='192.168.2.1', model='gcn', n_class=10, n_edges=10000, n_epochs=30, n_feat=100, n_hidden=32, n_layers=2, n_linear=0, n_nodes=1000, n_partitions=16, node_rank=1, norm='layer', part_path='./partition/', partition_method='metis', partition_obj='cut', parts_per_node=4, port=18119, sampling_rate=1.0, save_model=False, seed=0, skip_partition=False, sub_rate=None, swap_bits=0, swap_rate=0, topolist=None, train_ratio=0.9, use_pp=True, uvm=False, val_ratio=0.05, weight=False, weight_decay=0)
loading partitions
Done loading data from cached files.
for_commute,bns,rank 7 [(14, 313), (13, 717), (12, 1181), (11, 1336), (10, 1741), (9, 1860), (8, 1616), (6, 1747), (5, 1449), (4, 953), (3, 1504), (2, 3063), (1, 316), (0, 619), (15, 1109)] am-16-metis-cut-trans 16 4
loading partitions
Done loading data from cached files.
for_commute,bns,rank 6 [(12, 960), (11, 1176), (10, 2105), (9, 1288), (8, 1617), (7, 2601), (5, 1245), (4, 348), (3, 1144), (2, 2741), (1, 407), (0, 470), (15, 1182), (14, 281), (13, 1354)] am-16-metis-cut-trans 16 4
loading partitions
Done loading data from cached files.
for_commute,bns,rank 5 [(10, 1633), (9, 1519), (8, 1738), (7, 332), (6, 261), (4, 642), (3, 776), (2, 626), (1, 166), (0, 198), (15, 747), (14, 222), (13, 471), (12, 1480), (11, 1066)] am-16-metis-cut-trans 16 4
loading partitions
Done loading data from cached files.
for_commute,bns,rank 4 [(8, 2637), (7, 5460), (6, 1169), (5, 27803), (3, 1452), (2, 2101), (1, 312), (0, 442), (15, 1136), (14, 289), (13, 788), (12, 1856), (11, 1435), (10, 2334), (9, 2152)] am-16-metis-cut-trans 16 4
