Pseudo-terminal will not be allocated because stdin is not a terminal.
Welcome to Ubuntu 22.04.3 LTS (GNU/Linux 6.5.0-25-generic x86_64)

 * Documentation:  https://help.ubuntu.com
 * Management:     https://landscape.canonical.com
 * Support:        https://ubuntu.com/advantage

This system has been minimized by removing packages and content that are
not required on a system that users do not log into.

To restore this content, you can run the 'unminimize' command.
hemeng ogbn-arxiv gcn 32 2 32 3 8
Namespace(backend='gloo', data_path='../RCGNN/dataset/', dataset='ogbn-arxiv', dropout=0.3, eval=True, fix_seed=True, graph_name='ogbn-arxiv-32-metis-cut-trans', heads=1, inductive=False, log_every=10, lr=0.003, master_addr='192.168.2.1', model='gcn', n_class=10, n_edges=10000, n_epochs=30, n_feat=100, n_hidden=32, n_layers=2, n_linear=0, n_nodes=1000, n_partitions=32, node_rank=3, norm='layer', part_path='./partition/', partition_method='metis', partition_obj='cut', parts_per_node=8, port=18119, sampling_rate=1.0, save_model=False, seed=0, skip_partition=False, sub_rate=None, swap_bits=0, swap_rate=0, topolist=None, train_ratio=0.9, use_pp=True, uvm=False, val_ratio=0.05, weight=False, weight_decay=0)
loading partitions
begin to load ogb dataset ogbn-arxiv from ../RCGNN/dataset/
for_commute,bns,rank 31 [(30, 2046), (29, 2698), (28, 2061), (27, 1925), (26, 2582), (25, 2057), (24, 2005), (23, 450), (22, 249), (21, 410), (20, 359), (19, 1289), (18, 1423), (17, 994), (16, 782), (15, 5), (14, 25), (13, 22), (12, 57), (11, 51), (10, 227), (9, 31), (8, 132), (7, 61), (6, 26), (5, 13), (4, 26), (3, 138), (2, 629), (1, 1013), (0, 41)] ogbn-arxiv-32-metis-cut-trans 32 8
loading partitions
begin to load ogb dataset ogbn-arxiv from ../RCGNN/dataset/
for_commute,bns,rank 29 [(26, 986), (25, 853), (24, 1456), (23, 133), (22, 114), (21, 130), (20, 208), (19, 534), (18, 359), (17, 334), (16, 272), (15, 5), (14, 19), (13, 13), (12, 46), (11, 47), (10, 95), (9, 29), (8, 296), (7, 34), (6, 38), (5, 19), (4, 22), (3, 65), (2, 271), (1, 297), (0, 35), (31, 2131), (30, 1187), (28, 1552), (27, 864)] ogbn-arxiv-32-metis-cut-trans 32 8
loading partitions
begin to load ogb dataset ogbn-arxiv from ../RCGNN/dataset/
for_commute,bns,rank 28 [(24, 1033), (23, 98), (22, 54), (21, 125), (20, 317), (19, 303), (18, 305), (17, 183), (16, 119), (15, 6), (14, 31), (13, 19), (12, 25), (11, 30), (10, 79), (9, 16), (8, 138), (7, 54), (6, 27), (5, 14), (4, 21), (3, 87), (2, 508), (1, 223), (0, 55), (31, 1345), (30, 994), (29, 1067), (27, 803), (26, 469), (25, 658)] ogbn-arxiv-32-metis-cut-trans 32 8
loading partitions
begin to load ogb dataset ogbn-arxiv from ../RCGNN/dataset/
for_commute,bns,rank 25 [(18, 390), (17, 442), (16, 330), (15, 38), (14, 40), (13, 35), (12, 60), (11, 88), (10, 212), (9, 83), (8, 280), (7, 130), (6, 57), (5, 11), (4, 131), (3, 144), (2, 385), (1, 492), (0, 148), (31, 1327), (30, 809), (29, 751), (28, 623), (27, 654), (26, 750), (24, 1268), (23, 352), (22, 252), (21, 312), (20, 322), (19, 661)] ogbn-arxiv-32-metis-cut-trans 32 8
loading partitions
begin to load ogb dataset ogbn-arxiv from ../RCGNN/dataset/
for_commute,bns,rank 24 [(16, 1670), (15, 14), (14, 39), (13, 28), (12, 123), (11, 68), (10, 189), (9, 69), (8, 234), (7, 52), (6, 22), (5, 14), (4, 62), (3, 234), (2, 1237), (1, 913), (0, 95), (31, 1605), (30, 1377), (29, 1713), (28, 1553), (27, 1461), (26, 1387), (25, 1520), (23, 1152), (22, 1011), (21, 642), (20, 666), (19, 1189), (18, 1010), (17, 1137)] ogbn-arxiv-32-metis-cut-trans 32 8
loading partitions
begin to load ogb dataset ogbn-arxiv from ../RCGNN/dataset/
for_commute,bns,rank 27 [(22, 178), (21, 195), (20, 438), (19, 617), (18, 862), (17, 383), (16, 458), (15, 7), (14, 31), (13, 23), (12, 71), (11, 46), (10, 139), (9, 33), (8, 121), (7, 72), (6, 45), (5, 53), (4, 55), (3, 207), (2, 1265), (1, 393), (0, 57), (31, 1156), (30, 831), (29, 840), (28, 838), (26, 738), (25, 664), (24, 1058), (23, 288)] ogbn-arxiv-32-metis-cut-trans 32 8
loading partitions
begin to load ogb dataset ogbn-arxiv from ../RCGNN/dataset/
for_commute,bns,rank 30 [(28, 1180), (27, 911), (26, 678), (25, 829), (24, 1316), (23, 232), (22, 206), (21, 272), (20, 287), (19, 361), (18, 377), (17, 279), (16, 343), (15, 48), (14, 57), (13, 39), (12, 117), (11, 79), (10, 136), (9, 89), (8, 304), (7, 88), (6, 86), (5, 33), (4, 62), (3, 171), (2, 413), (1, 272), (0, 204), (31, 1467), (29, 1239)] ogbn-arxiv-32-metis-cut-trans 32 8
loading partitions
begin to load ogb dataset ogbn-arxiv from ../RCGNN/dataset/
for_commute,bns,rank 26 [(20, 397), (19, 1078), (18, 630), (17, 1351), (16, 1011), (15, 18), (14, 42), (13, 44), (12, 137), (11, 88), (10, 376), (9, 76), (8, 188), (7, 91), (6, 82), (5, 26), (4, 60), (3, 212), (2, 655), (1, 991), (0, 99), (31, 2180), (30, 1106), (29, 1717), (28, 1023), (27, 1182), (25, 1361), (24, 1618), (23, 538), (22, 336), (21, 357)] ogbn-arxiv-32-metis-cut-trans 32 8
Pseudo-terminal will not be allocated because stdin is not a terminal.
Welcome to Ubuntu 22.04.3 LTS (GNU/Linux 6.5.0-25-generic x86_64)

 * Documentation:  https://help.ubuntu.com
 * Management:     https://landscape.canonical.com
 * Support:        https://ubuntu.com/advantage

This system has been minimized by removing packages and content that are
not required on a system that users do not log into.

To restore this content, you can run the 'unminimize' command.
hemeng ogbn-products gcn 32 2 32 3 8
Namespace(backend='gloo', data_path='../RCGNN/dataset/', dataset='ogbn-products', dropout=0.3, eval=True, fix_seed=True, graph_name='ogbn-products-32-metis-cut-trans', heads=1, inductive=False, log_every=10, lr=0.003, master_addr='192.168.2.1', model='gcn', n_class=10, n_edges=10000, n_epochs=30, n_feat=100, n_hidden=32, n_layers=2, n_linear=0, n_nodes=1000, n_partitions=32, node_rank=3, norm='layer', part_path='./partition/', partition_method='metis', partition_obj='cut', parts_per_node=8, port=18119, sampling_rate=1.0, save_model=False, seed=0, skip_partition=False, sub_rate=None, swap_bits=0, swap_rate=0, topolist=None, train_ratio=0.9, use_pp=True, uvm=False, val_ratio=0.05, weight=False, weight_decay=0)
loading partitions
begin to load ogb dataset ogbn-products from ../RCGNN/dataset/
for_commute,bns,rank 25 [(18, 13293), (17, 7836), (16, 8753), (15, 332), (14, 1922), (13, 1152), (12, 1706), (11, 3254), (10, 3358), (9, 2638), (8, 5087), (7, 1030), (6, 3350), (5, 2337), (4, 1306), (3, 1355), (2, 953), (1, 272), (0, 194), (31, 12035), (30, 5096), (29, 8846), (28, 6044), (27, 11250), (26, 4088), (24, 10674), (23, 3995), (22, 4653), (21, 3580), (20, 2229), (19, 4936)] ogbn-products-32-metis-cut-trans 32 8
loading partitions
begin to load ogb dataset ogbn-products from ../RCGNN/dataset/
for_commute,bns,rank 24 [(16, 1192), (15, 636), (14, 1483), (13, 311), (12, 379), (11, 566), (10, 832), (9, 118), (8, 460), (7, 100), (6, 476), (5, 111), (4, 125), (3, 149), (2, 187), (1, 155), (0, 127), (31, 1576), (30, 1428), (29, 1187), (28, 831), (27, 10446), (26, 4138), (25, 7002), (23, 401), (22, 1454), (21, 1597), (20, 1027), (19, 538), (18, 404), (17, 807)] ogbn-products-32-metis-cut-trans 32 8
loading partitions
begin to load ogb dataset ogbn-products from ../RCGNN/dataset/
for_commute,bns,rank 26 [(20, 1655), (19, 2265), (18, 1951), (17, 1673), (16, 4925), (15, 299), (14, 2590), (13, 737), (12, 2328), (11, 2956), (10, 1948), (9, 1319), (8, 4497), (7, 563), (6, 3717), (5, 732), (4, 218), (3, 1373), (2, 851), (1, 1645), (0, 2209), (31, 7788), (30, 3895), (29, 8124), (28, 2950), (27, 14736), (25, 4781), (24, 6816), (23, 1332), (22, 2663), (21, 1690)] ogbn-products-32-metis-cut-trans 32 8
loading partitions
begin to load ogb dataset ogbn-products from ../RCGNN/dataset/
for_commute,bns,rank 28 [(24, 1726), (23, 2941), (22, 3937), (21, 4220), (20, 2611), (19, 7892), (18, 5410), (17, 4881), (16, 9138), (15, 232), (14, 2558), (13, 2625), (12, 3467), (11, 2645), (10, 3817), (9, 1990), (8, 10461), (7, 1611), (6, 7190), (5, 2970), (4, 992), (3, 2664), (2, 902), (1, 138), (0, 106), (31, 15976), (30, 3533), (29, 19131), (27, 5423), (26, 3245), (25, 6099)] ogbn-products-32-metis-cut-trans 32 8
loading partitions
begin to load ogb dataset ogbn-products from ../RCGNN/dataset/
for_commute,bns,rank 27 [(22, 2803), (21, 2664), (20, 1733), (19, 3761), (18, 3960), (17, 3802), (16, 14385), (15, 309), (14, 4226), (13, 1709), (12, 3061), (11, 1799), (10, 2523), (9, 748), (8, 3672), (7, 340), (6, 4963), (5, 170), (4, 126), (3, 393), (2, 792), (1, 413), (0, 873), (31, 12623), (30, 4467), (29, 5987), (28, 4682), (26, 13756), (25, 9782), (24, 9799), (23, 1861)] ogbn-products-32-metis-cut-trans 32 8
loading partitions
begin to load ogb dataset ogbn-products from ../RCGNN/dataset/
for_commute,bns,rank 30 [(28, 3425), (27, 5033), (26, 2518), (25, 5982), (24, 1904), (23, 910), (22, 4519), (21, 1460), (20, 859), (19, 3044), (18, 3572), (17, 3385), (16, 5176), (15, 320), (14, 1590), (13, 1150), (12, 2829), (11, 1673), (10, 2981), (9, 760), (8, 1524), (7, 131), (6, 361), (5, 227), (4, 154), (3, 222), (2, 431), (1, 304), (0, 253), (31, 24777), (29, 9423)] ogbn-products-32-metis-cut-trans 32 8
loading partitions
begin to load ogb dataset ogbn-products from ../RCGNN/dataset/
for_commute,bns,rank 29 [(26, 7827), (25, 8243), (24, 1489), (23, 3510), (22, 6709), (21, 5359), (20, 2742), (19, 6436), (18, 7014), (17, 5999), (16, 7212), (15, 662), (14, 2237), (13, 1439), (12, 4074), (11, 3450), (10, 4009), (9, 2369), (8, 5734), (7, 765), (6, 2284), (5, 1978), (4, 744), (3, 932), (2, 956), (1, 360), (0, 235), (31, 14963), (30, 7990), (28, 13189), (27, 6342)] ogbn-products-32-metis-cut-trans 32 8
loading partitions
begin to load ogb dataset ogbn-products from ../RCGNN/dataset/
for_commute,bns,rank 31 [(30, 31299), (29, 16091), (28, 13570), (27, 13056), (26, 7156), (25, 11120), (24, 2140), (23, 2041), (22, 4483), (21, 3077), (20, 1780), (19, 4195), (18, 6562), (17, 5365), (16, 10655), (15, 313), (14, 2060), (13, 769), (12, 2405), (11, 2188), (10, 2541), (9, 650), (8, 4166), (7, 180), (6, 2982), (5, 413), (4, 308), (3, 417), (2, 777), (1, 237), (0, 254)] ogbn-products-32-metis-cut-trans 32 8
Pseudo-terminal will not be allocated because stdin is not a terminal.
Welcome to Ubuntu 22.04.3 LTS (GNU/Linux 6.5.0-25-generic x86_64)

 * Documentation:  https://help.ubuntu.com
 * Management:     https://landscape.canonical.com
 * Support:        https://ubuntu.com/advantage

This system has been minimized by removing packages and content that are
not required on a system that users do not log into.

To restore this content, you can run the 'unminimize' command.
hemeng yelp gcn 32 2 32 3 8
Namespace(backend='gloo', data_path='../RCGNN/dataset/', dataset='yelp', dropout=0.3, eval=True, fix_seed=True, graph_name='yelp-32-metis-cut-trans', heads=1, inductive=False, log_every=10, lr=0.003, master_addr='192.168.2.1', model='gcn', n_class=10, n_edges=10000, n_epochs=30, n_feat=100, n_hidden=32, n_layers=2, n_linear=0, n_nodes=1000, n_partitions=32, node_rank=3, norm='layer', part_path='./partition/', partition_method='metis', partition_obj='cut', parts_per_node=8, port=18119, sampling_rate=1.0, save_model=False, seed=0, skip_partition=False, sub_rate=None, swap_bits=0, swap_rate=0, topolist=None, train_ratio=0.9, use_pp=True, uvm=False, val_ratio=0.05, weight=False, weight_decay=0)
loading partitions
for_commute,bns,rank 26 [(20, 1250), (19, 1445), (18, 1603), (17, 1977), (16, 697), (15, 1027), (14, 1366), (13, 472), (12, 258), (11, 1419), (10, 1042), (9, 1876), (8, 1049), (7, 869), (6, 1062), (5, 1193), (4, 1322), (3, 1316), (2, 1260), (1, 976), (0, 935), (31, 5173), (30, 5381), (29, 2051), (28, 5793), (27, 6567), (25, 5019), (24, 3374), (23, 634), (22, 1018), (21, 1099)] yelp-32-metis-cut-trans 32 8
loading partitions
for_commute,bns,rank 28 [(24, 4210), (23, 1081), (22, 1052), (21, 1296), (20, 1476), (19, 1705), (18, 1203), (17, 1052), (16, 464), (15, 399), (14, 465), (13, 118), (12, 99), (11, 569), (10, 449), (9, 630), (8, 625), (7, 694), (6, 387), (5, 896), (4, 1059), (3, 843), (2, 606), (1, 973), (0, 1142), (31, 8437), (30, 10346), (29, 2729), (27, 7829), (26, 4210), (25, 4892)] yelp-32-metis-cut-trans 32 8
loading partitions
for_commute,bns,rank 27 [(22, 1028), (21, 1356), (20, 1582), (19, 2273), (18, 3648), (17, 1513), (16, 717), (15, 591), (14, 850), (13, 344), (12, 156), (11, 975), (10, 754), (9, 894), (8, 957), (7, 631), (6, 980), (5, 1161), (4, 1564), (3, 934), (2, 1148), (1, 977), (0, 755), (31, 9375), (30, 8979), (29, 2883), (28, 9004), (26, 5520), (25, 7828), (24, 5344), (23, 639)] yelp-32-metis-cut-trans 32 8
loading partitions
for_commute,bns,rank 25 [(18, 1378), (17, 1174), (16, 1015), (15, 1283), (14, 829), (13, 400), (12, 168), (11, 1387), (10, 1002), (9, 1636), (8, 1523), (7, 1367), (6, 1990), (5, 1652), (4, 1584), (3, 1814), (2, 2001), (1, 1059), (0, 962), (31, 5594), (30, 7295), (29, 2158), (28, 5409), (27, 7739), (26, 4368), (24, 6705), (23, 342), (22, 876), (21, 821), (20, 1142), (19, 1748)] yelp-32-metis-cut-trans 32 8
loading partitions
for_commute,bns,rank 29 [(26, 2135), (25, 2662), (24, 1960), (23, 777), (22, 860), (21, 1218), (20, 1369), (19, 1563), (18, 1422), (17, 1232), (16, 509), (15, 1144), (14, 2486), (13, 391), (12, 355), (11, 4267), (10, 2613), (9, 1376), (8, 795), (7, 760), (6, 667), (5, 918), (4, 1012), (3, 999), (2, 751), (1, 762), (0, 936), (31, 4003), (30, 4462), (28, 4567), (27, 3956)] yelp-32-metis-cut-trans 32 8
loading partitions
for_commute,bns,rank 24 [(16, 1852), (15, 2308), (14, 1251), (13, 487), (12, 228), (11, 2244), (10, 1801), (9, 2492), (8, 2461), (7, 2618), (6, 1745), (5, 2482), (4, 1941), (3, 3848), (2, 2225), (1, 1635), (0, 1299), (31, 5173), (30, 5371), (29, 1919), (28, 5704), (27, 6511), (26, 3795), (25, 8406), (23, 456), (22, 981), (21, 831), (20, 1051), (19, 1213), (18, 1134), (17, 1048)] yelp-32-metis-cut-trans 32 8
loading partitions
for_commute,bns,rank 30 [(28, 9984), (27, 7890), (26, 4039), (25, 6439), (24, 3720), (23, 1678), (22, 1048), (21, 1290), (20, 2088), (19, 3085), (18, 1514), (17, 1411), (16, 516), (15, 698), (14, 864), (13, 270), (12, 263), (11, 905), (10, 805), (9, 1173), (8, 860), (7, 1069), (6, 545), (5, 1188), (4, 1229), (3, 1131), (2, 708), (1, 1106), (0, 1678), (31, 9946), (29, 3068)] yelp-32-metis-cut-trans 32 8
loading partitions
for_commute,bns,rank 31 [(30, 10411), (29, 2577), (28, 8185), (27, 7948), (26, 3917), (25, 4900), (24, 3666), (23, 1206), (22, 1021), (21, 1297), (20, 1670), (19, 1461), (18, 1444), (17, 1195), (16, 499), (15, 416), (14, 635), (13, 204), (12, 176), (11, 605), (10, 539), (9, 647), (8, 656), (7, 724), (6, 513), (5, 1208), (4, 1118), (3, 743), (2, 668), (1, 919), (0, 1184)] yelp-32-metis-cut-trans 32 8
Pseudo-terminal will not be allocated because stdin is not a terminal.
Welcome to Ubuntu 22.04.3 LTS (GNU/Linux 6.5.0-25-generic x86_64)

 * Documentation:  https://help.ubuntu.com
 * Management:     https://landscape.canonical.com
 * Support:        https://ubuntu.com/advantage

This system has been minimized by removing packages and content that are
not required on a system that users do not log into.

To restore this content, you can run the 'unminimize' command.
hemeng reddit gcn 32 2 32 3 8
Namespace(backend='gloo', data_path='../RCGNN/dataset/', dataset='reddit', dropout=0.3, eval=True, fix_seed=True, graph_name='reddit-32-metis-cut-trans', heads=1, inductive=False, log_every=10, lr=0.003, master_addr='192.168.2.1', model='gcn', n_class=10, n_edges=10000, n_epochs=30, n_feat=100, n_hidden=32, n_layers=2, n_linear=0, n_nodes=1000, n_partitions=32, node_rank=3, norm='layer', part_path='./partition/', partition_method='metis', partition_obj='cut', parts_per_node=8, port=18119, sampling_rate=1.0, save_model=False, seed=0, skip_partition=False, sub_rate=None, swap_bits=0, swap_rate=0, topolist=None, train_ratio=0.9, use_pp=True, uvm=False, val_ratio=0.05, weight=False, weight_decay=0)
loading partitions
for_commute,bns,rank 24 [(16, 1703), (15, 908), (14, 516), (13, 1016), (12, 439), (11, 2207), (10, 1383), (9, 1337), (8, 722), (7, 318), (6, 949), (5, 833), (4, 618), (3, 1573), (2, 871), (1, 1276), (0, 1177), (31, 1130), (30, 1425), (29, 1666), (28, 2053), (27, 7293), (26, 5656), (25, 7197), (23, 382), (22, 204), (21, 2066), (20, 1658), (19, 1252), (18, 2182), (17, 1631)] reddit-32-metis-cut-trans 32 8
loading partitions
for_commute,bns,rank 26 [(20, 3935), (19, 2908), (18, 4430), (17, 5060), (16, 4855), (15, 5272), (14, 2473), (13, 3177), (12, 3377), (11, 4998), (10, 5045), (9, 4782), (8, 3244), (7, 4478), (6, 4804), (5, 3097), (4, 4068), (3, 4480), (2, 4775), (1, 3880), (0, 3838), (31, 4733), (30, 4497), (29, 5224), (28, 4773), (27, 7299), (25, 7191), (24, 6763), (23, 3123), (22, 1903), (21, 3612)] reddit-32-metis-cut-trans 32 8
loading partitions
for_commute,bns,rank 27 [(22, 73), (21, 1424), (20, 1759), (19, 1172), (18, 1404), (17, 1622), (16, 1961), (15, 964), (14, 536), (13, 968), (12, 361), (11, 467), (10, 1393), (9, 889), (8, 1243), (7, 356), (6, 918), (5, 545), (4, 290), (3, 1621), (2, 903), (1, 1134), (0, 1176), (31, 1200), (30, 1450), (29, 1952), (28, 2155), (26, 5690), (25, 7252), (24, 6836), (23, 265)] reddit-32-metis-cut-trans 32 8
loading partitions
for_commute,bns,rank 28 [(24, 2277), (23, 318), (22, 399), (21, 2681), (20, 4640), (19, 3636), (18, 4190), (17, 5190), (16, 4804), (15, 5019), (14, 3055), (13, 2747), (12, 1560), (11, 4454), (10, 5512), (9, 3706), (8, 2897), (7, 1626), (6, 3093), (5, 2090), (4, 1984), (3, 5364), (2, 3630), (1, 2832), (0, 3548), (31, 5996), (30, 5674), (29, 5439), (27, 2721), (26, 2833), (25, 2887)] reddit-32-metis-cut-trans 32 8
loading partitions
for_commute,bns,rank 25 [(18, 1496), (17, 1848), (16, 2093), (15, 1264), (14, 737), (13, 1290), (12, 574), (11, 1050), (10, 1444), (9, 784), (8, 773), (7, 555), (6, 1368), (5, 690), (4, 545), (3, 1435), (2, 1048), (1, 1606), (0, 1642), (31, 1363), (30, 1680), (29, 2127), (28, 2510), (27, 7328), (26, 5702), (24, 6783), (23, 140), (22, 36), (21, 958), (20, 1990), (19, 1264)] reddit-32-metis-cut-trans 32 8
loading partitions
for_commute,bns,rank 29 [(26, 4394), (25, 4929), (24, 4667), (23, 1355), (22, 2414), (21, 3623), (20, 4767), (19, 4370), (18, 4519), (17, 5634), (16, 4817), (15, 5052), (14, 4293), (13, 3260), (12, 2807), (11, 6544), (10, 5942), (9, 5559), (8, 4592), (7, 3512), (6, 4416), (5, 3566), (4, 4081), (3, 6079), (2, 4545), (1, 3610), (0, 4783), (31, 5799), (30, 5469), (28, 6375), (27, 4889)] reddit-32-metis-cut-trans 32 8
loading partitions
for_commute,bns,rank 31 [(30, 5435), (29, 3166), (28, 4159), (27, 835), (26, 811), (25, 1003), (24, 720), (23, 52), (22, 43), (21, 1108), (20, 1801), (19, 1042), (18, 1225), (17, 3006), (16, 2422), (15, 1483), (14, 548), (13, 972), (12, 427), (11, 860), (10, 1815), (9, 1138), (8, 881), (7, 240), (6, 758), (5, 559), (4, 314), (3, 1846), (2, 909), (1, 999), (0, 866)] reddit-32-metis-cut-trans 32 8
loading partitions
for_commute,bns,rank 30 [(28, 6393), (27, 3891), (26, 3818), (25, 4362), (24, 3381), (23, 1611), (22, 1142), (21, 3332), (20, 4527), (19, 3223), (18, 4266), (17, 5789), (16, 5487), (15, 4724), (14, 2642), (13, 3337), (12, 2832), (11, 4841), (10, 5167), (9, 5887), (8, 4549), (7, 1582), (6, 3323), (5, 2887), (4, 2768), (3, 5196), (2, 3940), (1, 3743), (0, 4462), (31, 7317), (29, 5477)] reddit-32-metis-cut-trans 32 8
Pseudo-terminal will not be allocated because stdin is not a terminal.
Welcome to Ubuntu 22.04.3 LTS (GNU/Linux 6.5.0-25-generic x86_64)

 * Documentation:  https://help.ubuntu.com
 * Management:     https://landscape.canonical.com
 * Support:        https://ubuntu.com/advantage

This system has been minimized by removing packages and content that are
not required on a system that users do not log into.

To restore this content, you can run the 'unminimize' command.
hemeng ogbn-mag gcn 32 2 32 3 8
Namespace(backend='gloo', data_path='../RCGNN/dataset/', dataset='ogbn-mag', dropout=0.3, eval=True, fix_seed=True, graph_name='ogbn-mag-32-metis-cut-trans', heads=1, inductive=False, log_every=10, lr=0.003, master_addr='192.168.2.1', model='gcn', n_class=10, n_edges=10000, n_epochs=30, n_feat=100, n_hidden=32, n_layers=2, n_linear=0, n_nodes=1000, n_partitions=32, node_rank=3, norm='layer', part_path='./partition/', partition_method='metis', partition_obj='cut', parts_per_node=8, port=18119, sampling_rate=1.0, save_model=False, seed=0, skip_partition=False, sub_rate=None, swap_bits=0, swap_rate=0, topolist=None, train_ratio=0.9, use_pp=True, uvm=False, val_ratio=0.05, weight=False, weight_decay=0)
loading partitions
begin to load ogb dataset ogbn-mag from ../RCGNN/dataset/
for_commute,bns,rank 31 [(30, 14006), (29, 5485), (28, 8879), (27, 5347), (26, 5320), (25, 6387), (24, 3617), (23, 3090), (22, 1997), (21, 2201), (20, 1867), (19, 2844), (18, 5733), (17, 6640), (16, 4724), (15, 3812), (14, 2501), (13, 2069), (12, 2223), (11, 2681), (10, 3231), (9, 2716), (8, 2785), (7, 2008), (6, 2279), (5, 6194), (4, 4052), (3, 1865), (2, 1991), (1, 3846), (0, 4252)] ogbn-mag-32-metis-cut-trans 32 8
loading partitions
begin to load ogb dataset ogbn-mag from ../RCGNN/dataset/
for_commute,bns,rank 30 [(28, 3687), (27, 2195), (26, 16190), (25, 5597), (24, 3900), (23, 1857), (22, 712), (21, 789), (20, 1161), (19, 934), (18, 848), (17, 8034), (16, 2691), (15, 4013), (14, 4095), (13, 2292), (12, 2767), (11, 1894), (10, 5420), (9, 1097), (8, 1088), (7, 1842), (6, 2330), (5, 3502), (4, 6732), (3, 5252), (2, 3336), (1, 11807), (0, 6765), (31, 7326), (29, 1921)] ogbn-mag-32-metis-cut-trans 32 8
loading partitions
begin to load ogb dataset ogbn-mag from ../RCGNN/dataset/
for_commute,bns,rank 29 [(26, 3645), (25, 19979), (24, 3771), (23, 5694), (22, 3123), (21, 3821), (20, 2914), (19, 3964), (18, 7913), (17, 3363), (16, 3046), (15, 6459), (14, 8411), (13, 3795), (12, 7678), (11, 2518), (10, 3701), (9, 6810), (8, 3404), (7, 2286), (6, 2639), (5, 4622), (4, 2763), (3, 1996), (2, 3425), (1, 3556), (0, 3379), (31, 5127), (30, 2607), (28, 13403), (27, 16478)] ogbn-mag-32-metis-cut-trans 32 8
loading partitions
begin to load ogb dataset ogbn-mag from ../RCGNN/dataset/
for_commute,bns,rank 27 [(22, 4384), (21, 6390), (20, 3165), (19, 6185), (18, 13930), (17, 2820), (16, 2267), (15, 5543), (14, 3808), (13, 2061), (12, 4520), (11, 1713), (10, 4121), (9, 9474), (8, 3405), (7, 2296), (6, 2815), (5, 4444), (4, 2699), (3, 1613), (2, 3241), (1, 2519), (0, 2124), (31, 4682), (30, 2217), (29, 15855), (28, 6617), (26, 5244), (25, 18949), (24, 4798), (23, 9195)] ogbn-mag-32-metis-cut-trans 32 8
loading partitions
begin to load ogb dataset ogbn-mag from ../RCGNN/dataset/
for_commute,bns,rank 28 [(24, 1809), (23, 3512), (22, 2523), (21, 2628), (20, 2575), (19, 2836), (18, 6721), (17, 3875), (16, 2664), (15, 3146), (14, 2573), (13, 1386), (12, 2602), (11, 2565), (10, 2784), (9, 6277), (8, 3654), (7, 1883), (6, 1853), (5, 3369), (4, 3039), (3, 1172), (2, 1596), (1, 2087), (0, 1894), (31, 8564), (30, 6892), (29, 13640), (27, 6580), (26, 2553), (25, 3320)] ogbn-mag-32-metis-cut-trans 32 8
loading partitions
begin to load ogb dataset ogbn-mag from ../RCGNN/dataset/
for_commute,bns,rank 26 [(20, 26923), (19, 20253), (18, 24223), (17, 10470), (16, 17841), (15, 21129), (14, 20630), (13, 23368), (12, 26293), (11, 29776), (10, 29291), (9, 22172), (8, 26124), (7, 20447), (6, 21551), (5, 16040), (4, 17320), (3, 27471), (2, 25593), (1, 27523), (0, 21665), (31, 11787), (30, 30444), (29, 25978), (28, 15440), (27, 27426), (25, 31256), (24, 30773), (23, 29720), (22, 23703), (21, 25511)] ogbn-mag-32-metis-cut-trans 32 8
loading partitions
begin to load ogb dataset ogbn-mag from ../RCGNN/dataset/
for_commute,bns,rank 25 [(18, 11129), (17, 3300), (16, 1966), (15, 4743), (14, 2789), (13, 1249), (12, 4850), (11, 2467), (10, 8818), (9, 7928), (8, 2442), (7, 2040), (6, 2723), (5, 4330), (4, 3196), (3, 1680), (2, 2958), (1, 4596), (0, 2689), (31, 5101), (30, 7435), (29, 25398), (28, 9910), (27, 25342), (26, 14096), (24, 16171), (23, 9552), (22, 3951), (21, 3888), (20, 2836), (19, 5816)] ogbn-mag-32-metis-cut-trans 32 8
loading partitions
begin to load ogb dataset ogbn-mag from ../RCGNN/dataset/
for_commute,bns,rank 24 [(16, 4173), (15, 5125), (14, 3880), (13, 2739), (12, 4953), (11, 3072), (10, 13905), (9, 3478), (8, 2181), (7, 2317), (6, 3289), (5, 4328), (4, 3901), (3, 2247), (2, 3726), (1, 7535), (0, 3593), (31, 3438), (30, 5773), (29, 3792), (28, 2349), (27, 8663), (26, 17773), (25, 18786), (23, 11071), (22, 7531), (21, 5952), (20, 7158), (19, 5218), (18, 3364), (17, 3523)] ogbn-mag-32-metis-cut-trans 32 8
Pseudo-terminal will not be allocated because stdin is not a terminal.
Welcome to Ubuntu 22.04.3 LTS (GNU/Linux 6.5.0-25-generic x86_64)

 * Documentation:  https://help.ubuntu.com
 * Management:     https://landscape.canonical.com
 * Support:        https://ubuntu.com/advantage

This system has been minimized by removing packages and content that are
not required on a system that users do not log into.

To restore this content, you can run the 'unminimize' command.
hemeng ogbn-proteins gcn 32 2 32 3 8
Namespace(backend='gloo', data_path='../RCGNN/dataset/', dataset='ogbn-proteins', dropout=0.3, eval=True, fix_seed=True, graph_name='ogbn-proteins-32-metis-cut-trans', heads=1, inductive=False, log_every=10, lr=0.003, master_addr='192.168.2.1', model='gcn', n_class=10, n_edges=10000, n_epochs=30, n_feat=100, n_hidden=32, n_layers=2, n_linear=0, n_nodes=1000, n_partitions=32, node_rank=3, norm='layer', part_path='./partition/', partition_method='metis', partition_obj='cut', parts_per_node=8, port=18119, sampling_rate=1.0, save_model=False, seed=0, skip_partition=False, sub_rate=None, swap_bits=0, swap_rate=0, topolist=None, train_ratio=0.9, use_pp=True, uvm=False, val_ratio=0.05, weight=False, weight_decay=0)
loading partitions
begin to load ogb dataset ogbn-proteins from ../RCGNN/dataset/
for_commute,bns,rank 25 [(18, 533), (17, 1000), (16, 1030), (15, 3470), (14, 3206), (13, 2786), (12, 2716), (11, 2485), (10, 3514), (9, 2367), (8, 3190), (7, 3055), (6, 3796), (5, 2985), (4, 1611), (3, 2928), (2, 2411), (1, 2911), (0, 3034), (31, 3943), (30, 795), (29, 638), (28, 463), (27, 2726), (26, 3396), (24, 2207), (23, 3408), (22, 1449), (21, 2500), (20, 382), (19, 1194)] ogbn-proteins-32-metis-cut-trans 32 8
loading partitions
begin to load ogb dataset ogbn-proteins from ../RCGNN/dataset/
for_commute,bns,rank 24 [(16, 2812), (15, 3524), (14, 3344), (13, 2581), (12, 2987), (11, 3294), (10, 3797), (9, 3291), (8, 3366), (7, 3590), (6, 3691), (5, 3180), (4, 2595), (3, 3384), (2, 2314), (1, 2962), (0, 3533), (31, 3860), (30, 3146), (29, 3850), (28, 3717), (27, 3803), (26, 3465), (25, 4003), (23, 3571), (22, 2541), (21, 3230), (20, 571), (19, 3593), (18, 1321), (17, 3753)] ogbn-proteins-32-metis-cut-trans 32 8
loading partitions
begin to load ogb dataset ogbn-proteins from ../RCGNN/dataset/
for_commute,bns,rank 26 [(20, 572), (19, 1852), (18, 1374), (17, 1465), (16, 1804), (15, 1746), (14, 2148), (13, 1171), (12, 1786), (11, 2718), (10, 2767), (9, 2644), (8, 2218), (7, 2659), (6, 2635), (5, 2519), (4, 3504), (3, 2413), (2, 1666), (1, 2203), (0, 3044), (31, 3818), (30, 3375), (29, 2873), (28, 1506), (27, 3601), (25, 3640), (24, 2359), (23, 2517), (22, 2207), (21, 3473)] ogbn-proteins-32-metis-cut-trans 32 8
loading partitions
begin to load ogb dataset ogbn-proteins from ../RCGNN/dataset/
for_commute,bns,rank 27 [(22, 427), (21, 897), (20, 464), (19, 2530), (18, 336), (17, 2733), (16, 1040), (15, 1604), (14, 858), (13, 1464), (12, 842), (11, 1711), (10, 1118), (9, 972), (8, 962), (7, 1556), (6, 1970), (5, 1849), (4, 740), (3, 1289), (2, 1014), (1, 960), (0, 1466), (31, 2008), (30, 3743), (29, 4030), (28, 3629), (26, 3044), (25, 2263), (24, 2605), (23, 1996)] ogbn-proteins-32-metis-cut-trans 32 8
loading partitions
begin to load ogb dataset ogbn-proteins from ../RCGNN/dataset/
for_commute,bns,rank 29 [(26, 1370), (25, 424), (24, 2289), (23, 2638), (22, 377), (21, 1790), (20, 1381), (19, 2462), (18, 646), (17, 2975), (16, 1056), (15, 407), (14, 322), (13, 176), (12, 145), (11, 1221), (10, 516), (9, 697), (8, 387), (7, 787), (6, 669), (5, 1157), (4, 1048), (3, 850), (2, 286), (1, 173), (0, 1072), (31, 2160), (30, 3753), (28, 3839), (27, 3263)] ogbn-proteins-32-metis-cut-trans 32 8
loading partitions
begin to load ogb dataset ogbn-proteins from ../RCGNN/dataset/
for_commute,bns,rank 28 [(24, 2402), (23, 1741), (22, 149), (21, 1020), (20, 842), (19, 3199), (18, 706), (17, 3222), (16, 1078), (15, 576), (14, 353), (13, 365), (12, 169), (11, 1057), (10, 669), (9, 863), (8, 365), (7, 1526), (6, 687), (5, 981), (4, 1015), (3, 797), (2, 634), (1, 372), (0, 2022), (31, 1626), (30, 1415), (29, 3796), (27, 2935), (26, 1075), (25, 850)] ogbn-proteins-32-metis-cut-trans 32 8
loading partitions
begin to load ogb dataset ogbn-proteins from ../RCGNN/dataset/
for_commute,bns,rank 30 [(28, 2736), (27, 3025), (26, 1717), (25, 1768), (24, 2374), (23, 1712), (22, 389), (21, 1533), (20, 518), (19, 1863), (18, 333), (17, 2720), (16, 1338), (15, 759), (14, 798), (13, 573), (12, 533), (11, 1831), (10, 1762), (9, 1821), (8, 665), (7, 1560), (6, 2595), (5, 1743), (4, 1484), (3, 1575), (2, 817), (1, 971), (0, 2591), (31, 1532), (29, 3629)] ogbn-proteins-32-metis-cut-trans 32 8
loading partitions
begin to load ogb dataset ogbn-proteins from ../RCGNN/dataset/
for_commute,bns,rank 31 [(30, 1220), (29, 2596), (28, 1289), (27, 2998), (26, 2807), (25, 3706), (24, 1809), (23, 3555), (22, 1351), (21, 2507), (20, 1134), (19, 1670), (18, 1063), (17, 1287), (16, 1244), (15, 3138), (14, 3014), (13, 2350), (12, 2783), (11, 2448), (10, 3363), (9, 2708), (8, 2960), (7, 2834), (6, 3304), (5, 2559), (4, 2603), (3, 2643), (2, 1907), (1, 2442), (0, 2376)] ogbn-proteins-32-metis-cut-trans 32 8
Pseudo-terminal will not be allocated because stdin is not a terminal.
Welcome to Ubuntu 22.04.3 LTS (GNU/Linux 6.5.0-25-generic x86_64)

 * Documentation:  https://help.ubuntu.com
 * Management:     https://landscape.canonical.com
 * Support:        https://ubuntu.com/advantage

This system has been minimized by removing packages and content that are
not required on a system that users do not log into.

To restore this content, you can run the 'unminimize' command.
hemeng am gcn 32 2 32 3 8
Namespace(backend='gloo', data_path='../RCGNN/dataset/', dataset='am', dropout=0.3, eval=True, fix_seed=True, graph_name='am-32-metis-cut-trans', heads=1, inductive=False, log_every=10, lr=0.003, master_addr='192.168.2.1', model='gcn', n_class=10, n_edges=10000, n_epochs=30, n_feat=100, n_hidden=32, n_layers=2, n_linear=0, n_nodes=1000, n_partitions=32, node_rank=3, norm='layer', part_path='./partition/', partition_method='metis', partition_obj='cut', parts_per_node=8, port=18119, sampling_rate=1.0, save_model=False, seed=0, skip_partition=False, sub_rate=None, swap_bits=0, swap_rate=0, topolist=None, train_ratio=0.9, use_pp=True, uvm=False, val_ratio=0.05, weight=False, weight_decay=0)
loading partitions
Done loading data from cached files.
for_commute,bns,rank 25 [(18, 13), (17, 21), (16, 23), (15, 174), (14, 64), (13, 64), (12, 173), (11, 116), (10, 30), (9, 35), (8, 185), (7, 281), (6, 177), (5, 314), (4, 239), (3, 274), (2, 309), (1, 232), (0, 137), (31, 58), (30, 67), (29, 105), (28, 145), (27, 47), (26, 56), (24, 67), (23, 95), (22, 23), (21, 61), (20, 66), (19, 57)] am-32-metis-cut-trans 32 8
loading partitions
Done loading data from cached files.
for_commute,bns,rank 24 [(16, 289), (15, 1305), (14, 303), (13, 134), (12, 695), (11, 558), (10, 159), (9, 194), (8, 797), (7, 808), (6, 254), (5, 871), (4, 986), (3, 897), (2, 892), (1, 838), (0, 705), (31, 2693), (30, 497), (29, 654), (28, 534), (27, 2458), (26, 3677), (25, 40105), (23, 371), (22, 140), (21, 377), (20, 406), (19, 349), (18, 27), (17, 255)] am-32-metis-cut-trans 32 8
loading partitions
Done loading data from cached files.
for_commute,bns,rank 26 [(20, 231), (19, 203), (18, 33), (17, 187), (16, 191), (15, 481), (14, 150), (13, 101), (12, 363), (11, 306), (10, 86), (9, 124), (8, 458), (7, 480), (6, 167), (5, 625), (4, 503), (3, 564), (2, 623), (1, 686), (0, 239), (31, 1340), (30, 349), (29, 498), (28, 506), (27, 229), (25, 1129), (24, 558), (23, 214), (22, 104), (21, 226)] am-32-metis-cut-trans 32 8
loading partitions
Done loading data from cached files.
for_commute,bns,rank 27 [(22, 98), (21, 282), (20, 248), (19, 212), (18, 32), (17, 177), (16, 220), (15, 606), (14, 170), (13, 118), (12, 508), (11, 344), (10, 130), (9, 179), (8, 542), (7, 640), (6, 174), (5, 553), (4, 537), (3, 634), (2, 739), (1, 391), (0, 357), (31, 259), (30, 306), (29, 175), (28, 192), (26, 1586), (25, 934), (24, 1550), (23, 203)] am-32-metis-cut-trans 32 8
loading partitions
Done loading data from cached files.
for_commute,bns,rank 28 [(24, 156), (23, 318), (22, 168), (21, 499), (20, 350), (19, 223), (18, 133), (17, 260), (16, 482), (15, 498), (14, 168), (13, 189), (12, 428), (11, 686), (10, 257), (9, 305), (8, 699), (7, 302), (6, 402), (5, 211), (4, 693), (3, 290), (2, 297), (1, 1192), (0, 874), (31, 1087), (30, 1892), (29, 4907), (27, 497), (26, 466), (25, 285)] am-32-metis-cut-trans 32 8
loading partitions
Done loading data from cached files.
for_commute,bns,rank 29 [(26, 453), (25, 310), (24, 156), (23, 317), (22, 125), (21, 486), (20, 406), (19, 226), (18, 109), (17, 240), (16, 421), (15, 1157), (14, 173), (13, 200), (12, 734), (11, 974), (10, 257), (9, 289), (8, 2158), (7, 1840), (6, 774), (5, 2844), (4, 877), (3, 1590), (2, 1157), (1, 4638), (0, 1956), (31, 841), (30, 2117), (28, 4328), (27, 505)] am-32-metis-cut-trans 32 8
loading partitions
Done loading data from cached files.
for_commute,bns,rank 30 [(28, 551), (27, 395), (26, 78), (25, 139), (24, 39), (23, 109), (22, 32), (21, 133), (20, 197), (19, 129), (18, 31), (17, 41), (16, 23), (15, 268), (14, 109), (13, 83), (12, 378), (11, 227), (10, 57), (9, 79), (8, 274), (7, 227), (6, 181), (5, 164), (4, 250), (3, 212), (2, 217), (1, 502), (0, 211), (31, 178), (29, 657)] am-32-metis-cut-trans 32 8
loading partitions
Done loading data from cached files.
for_commute,bns,rank 31 [(30, 429), (29, 644), (28, 708), (27, 157), (26, 231), (25, 860), (24, 377), (23, 191), (22, 88), (21, 210), (20, 194), (19, 194), (18, 45), (17, 138), (16, 138), (15, 223), (14, 149), (13, 105), (12, 281), (11, 253), (10, 117), (9, 120), (8, 513), (7, 244), (6, 170), (5, 192), (4, 523), (3, 264), (2, 230), (1, 424), (0, 598)] am-32-metis-cut-trans 32 8
Pseudo-terminal will not be allocated because stdin is not a terminal.
Welcome to Ubuntu 22.04.3 LTS (GNU/Linux 6.5.0-25-generic x86_64)

 * Documentation:  https://help.ubuntu.com
 * Management:     https://landscape.canonical.com
 * Support:        https://ubuntu.com/advantage

This system has been minimized by removing packages and content that are
not required on a system that users do not log into.

To restore this content, you can run the 'unminimize' command.
hemeng ogbn-arxiv gcn 16 2 32 3 4
Namespace(backend='gloo', data_path='../RCGNN/dataset/', dataset='ogbn-arxiv', dropout=0.3, eval=True, fix_seed=True, graph_name='ogbn-arxiv-16-metis-cut-trans', heads=1, inductive=False, log_every=10, lr=0.003, master_addr='192.168.2.1', model='gcn', n_class=10, n_edges=10000, n_epochs=30, n_feat=100, n_hidden=32, n_layers=2, n_linear=0, n_nodes=1000, n_partitions=16, node_rank=3, norm='layer', part_path='./partition/', partition_method='metis', partition_obj='cut', parts_per_node=4, port=18119, sampling_rate=1.0, save_model=False, seed=0, skip_partition=False, sub_rate=None, swap_bits=0, swap_rate=0, topolist=None, train_ratio=0.9, use_pp=True, uvm=False, val_ratio=0.05, weight=False, weight_decay=0)
loading partitions
begin to load ogb dataset ogbn-arxiv from ../RCGNN/dataset/
for_commute,bns,rank 15 [(14, 2772), (13, 3048), (12, 2282), (11, 2142), (10, 1554), (9, 718), (8, 1498), (7, 1299), (6, 376), (5, 357), (4, 162), (3, 220), (2, 377), (1, 596), (0, 1827)] ogbn-arxiv-16-metis-cut-trans 16 4
loading partitions
begin to load ogb dataset ogbn-arxiv from ../RCGNN/dataset/
for_commute,bns,rank 13 [(10, 3681), (9, 641), (8, 1066), (7, 561), (6, 124), (5, 143), (4, 55), (3, 57), (2, 141), (1, 576), (0, 1749), (15, 3736), (14, 4839), (12, 2967), (11, 5280)] ogbn-arxiv-16-metis-cut-trans 16 4
loading partitions
begin to load ogb dataset ogbn-arxiv from ../RCGNN/dataset/
for_commute,bns,rank 12 [(8, 1294), (7, 988), (6, 381), (5, 326), (4, 204), (3, 242), (2, 352), (1, 987), (0, 1406), (15, 1981), (14, 2085), (13, 2216), (11, 1240), (10, 1300), (9, 744)] ogbn-arxiv-16-metis-cut-trans 16 4
loading partitions
begin to load ogb dataset ogbn-arxiv from ../RCGNN/dataset/
for_commute,bns,rank 14 [(12, 2506), (11, 3382), (10, 3036), (9, 987), (8, 2144), (7, 803), (6, 102), (5, 296), (4, 92), (3, 86), (2, 96), (1, 1275), (0, 3782), (15, 3090), (13, 4440)] ogbn-arxiv-16-metis-cut-trans 16 4
Pseudo-terminal will not be allocated because stdin is not a terminal.
Welcome to Ubuntu 22.04.3 LTS (GNU/Linux 6.5.0-25-generic x86_64)

 * Documentation:  https://help.ubuntu.com
 * Management:     https://landscape.canonical.com
 * Support:        https://ubuntu.com/advantage

This system has been minimized by removing packages and content that are
not required on a system that users do not log into.

To restore this content, you can run the 'unminimize' command.
hemeng ogbn-products gcn 16 2 32 3 4
Namespace(backend='gloo', data_path='../RCGNN/dataset/', dataset='ogbn-products', dropout=0.3, eval=True, fix_seed=True, graph_name='ogbn-products-16-metis-cut-trans', heads=1, inductive=False, log_every=10, lr=0.003, master_addr='192.168.2.1', model='gcn', n_class=10, n_edges=10000, n_epochs=30, n_feat=100, n_hidden=32, n_layers=2, n_linear=0, n_nodes=1000, n_partitions=16, node_rank=3, norm='layer', part_path='./partition/', partition_method='metis', partition_obj='cut', parts_per_node=4, port=18119, sampling_rate=1.0, save_model=False, seed=0, skip_partition=False, sub_rate=None, swap_bits=0, swap_rate=0, topolist=None, train_ratio=0.9, use_pp=True, uvm=False, val_ratio=0.05, weight=False, weight_decay=0)
loading partitions
begin to load ogb dataset ogbn-products from ../RCGNN/dataset/
for_commute,bns,rank 14 [(12, 24571), (11, 9404), (10, 10154), (9, 14996), (8, 18318), (7, 5116), (6, 11575), (5, 1112), (4, 1447), (3, 4274), (2, 6224), (1, 5939), (0, 9469), (15, 37835), (13, 34086)] ogbn-products-16-metis-cut-trans 16 4
loading partitions
begin to load ogb dataset ogbn-products from ../RCGNN/dataset/
for_commute,bns,rank 13 [(10, 23664), (9, 23098), (8, 23542), (7, 16574), (6, 10248), (5, 1827), (4, 3077), (3, 9008), (2, 11521), (1, 19866), (0, 26609), (15, 21767), (14, 35387), (12, 26966), (11, 9882)] ogbn-products-16-metis-cut-trans 16 4
loading partitions
begin to load ogb dataset ogbn-products from ../RCGNN/dataset/
for_commute,bns,rank 12 [(8, 17860), (7, 3979), (6, 4453), (5, 1392), (4, 1688), (3, 5494), (2, 9293), (1, 23870), (0, 22879), (15, 28189), (14, 32029), (13, 34584), (11, 17286), (10, 15218), (9, 22858)] ogbn-products-16-metis-cut-trans 16 4
loading partitions
begin to load ogb dataset ogbn-products from ../RCGNN/dataset/
for_commute,bns,rank 15 [(14, 41883), (13, 24571), (12, 22628), (11, 7630), (10, 14376), (9, 15212), (8, 14119), (7, 1517), (6, 2553), (5, 990), (4, 966), (3, 3096), (2, 5011), (1, 7556), (0, 10450)] ogbn-products-16-metis-cut-trans 16 4
Pseudo-terminal will not be allocated because stdin is not a terminal.
Welcome to Ubuntu 22.04.3 LTS (GNU/Linux 6.5.0-25-generic x86_64)

 * Documentation:  https://help.ubuntu.com
 * Management:     https://landscape.canonical.com
 * Support:        https://ubuntu.com/advantage

This system has been minimized by removing packages and content that are
not required on a system that users do not log into.

To restore this content, you can run the 'unminimize' command.
hemeng yelp gcn 16 2 32 3 4
Namespace(backend='gloo', data_path='../RCGNN/dataset/', dataset='yelp', dropout=0.3, eval=True, fix_seed=True, graph_name='yelp-16-metis-cut-trans', heads=1, inductive=False, log_every=10, lr=0.003, master_addr='192.168.2.1', model='gcn', n_class=10, n_edges=10000, n_epochs=30, n_feat=100, n_hidden=32, n_layers=2, n_linear=0, n_nodes=1000, n_partitions=16, node_rank=3, norm='layer', part_path='./partition/', partition_method='metis', partition_obj='cut', parts_per_node=4, port=18119, sampling_rate=1.0, save_model=False, seed=0, skip_partition=False, sub_rate=None, swap_bits=0, swap_rate=0, topolist=None, train_ratio=0.9, use_pp=True, uvm=False, val_ratio=0.05, weight=False, weight_decay=0)
loading partitions
for_commute,bns,rank 12 [(8, 8147), (7, 6429), (6, 4416), (5, 7233), (4, 6867), (3, 5074), (2, 5423), (1, 3417), (0, 5487), (15, 13452), (14, 9301), (13, 12549), (11, 3867), (10, 7992), (9, 6092)] yelp-16-metis-cut-trans 16 4
loading partitions
for_commute,bns,rank 13 [(10, 9013), (9, 6092), (8, 8554), (7, 4840), (6, 3249), (5, 5633), (4, 6180), (3, 3092), (2, 4874), (1, 2403), (0, 3296), (15, 14823), (14, 10768), (12, 11519), (11, 3982)] yelp-16-metis-cut-trans 16 4
loading partitions
for_commute,bns,rank 14 [(12, 8216), (11, 3747), (10, 6058), (9, 4863), (8, 5937), (7, 6638), (6, 5812), (5, 7089), (4, 5142), (3, 3372), (2, 3305), (1, 4332), (0, 4511), (15, 19140), (13, 10903)] yelp-16-metis-cut-trans 16 4
loading partitions
for_commute,bns,rank 15 [(14, 21166), (13, 15735), (12, 12980), (11, 3756), (10, 8608), (9, 6229), (8, 8491), (7, 6570), (6, 4322), (5, 9341), (4, 8497), (3, 4166), (2, 6174), (1, 2710), (0, 4126)] yelp-16-metis-cut-trans 16 4
Pseudo-terminal will not be allocated because stdin is not a terminal.
Welcome to Ubuntu 22.04.3 LTS (GNU/Linux 6.5.0-25-generic x86_64)

 * Documentation:  https://help.ubuntu.com
 * Management:     https://landscape.canonical.com
 * Support:        https://ubuntu.com/advantage

This system has been minimized by removing packages and content that are
not required on a system that users do not log into.

To restore this content, you can run the 'unminimize' command.
hemeng reddit gcn 16 2 32 3 4
Namespace(backend='gloo', data_path='../RCGNN/dataset/', dataset='reddit', dropout=0.3, eval=True, fix_seed=True, graph_name='reddit-16-metis-cut-trans', heads=1, inductive=False, log_every=10, lr=0.003, master_addr='192.168.2.1', model='gcn', n_class=10, n_edges=10000, n_epochs=30, n_feat=100, n_hidden=32, n_layers=2, n_linear=0, n_nodes=1000, n_partitions=16, node_rank=3, norm='layer', part_path='./partition/', partition_method='metis', partition_obj='cut', parts_per_node=4, port=18119, sampling_rate=1.0, save_model=False, seed=0, skip_partition=False, sub_rate=None, swap_bits=0, swap_rate=0, topolist=None, train_ratio=0.9, use_pp=True, uvm=False, val_ratio=0.05, weight=False, weight_decay=0)
loading partitions
for_commute,bns,rank 14 [(12, 10920), (11, 12872), (10, 10832), (9, 6857), (8, 9674), (7, 10397), (6, 10242), (5, 11411), (4, 10737), (3, 11943), (2, 8847), (1, 7559), (0, 1915), (15, 11507), (13, 12682)] reddit-16-metis-cut-trans 16 4
loading partitions
for_commute,bns,rank 15 [(14, 8262), (13, 10312), (12, 6146), (11, 7184), (10, 7262), (9, 4044), (8, 5936), (7, 6308), (6, 7410), (5, 6355), (4, 5114), (3, 5591), (2, 2937), (1, 3410), (0, 846)] reddit-16-metis-cut-trans 16 4
loading partitions
for_commute,bns,rank 12 [(8, 10335), (7, 9302), (6, 9147), (5, 10744), (4, 9535), (3, 8420), (2, 4684), (1, 7577), (0, 1621), (15, 11202), (14, 10660), (13, 12349), (11, 9829), (10, 9508), (9, 5991)] reddit-16-metis-cut-trans 16 4
loading partitions
for_commute,bns,rank 13 [(10, 11287), (9, 8459), (8, 10835), (7, 10513), (6, 10800), (5, 10008), (4, 8876), (3, 10163), (2, 8975), (1, 7165), (0, 2063), (15, 12318), (14, 12429), (12, 12435), (11, 12878)] reddit-16-metis-cut-trans 16 4
Pseudo-terminal will not be allocated because stdin is not a terminal.
Welcome to Ubuntu 22.04.3 LTS (GNU/Linux 6.5.0-25-generic x86_64)

 * Documentation:  https://help.ubuntu.com
 * Management:     https://landscape.canonical.com
 * Support:        https://ubuntu.com/advantage

This system has been minimized by removing packages and content that are
not required on a system that users do not log into.

To restore this content, you can run the 'unminimize' command.
hemeng ogbn-mag gcn 16 2 32 3 4
Namespace(backend='gloo', data_path='../RCGNN/dataset/', dataset='ogbn-mag', dropout=0.3, eval=True, fix_seed=True, graph_name='ogbn-mag-16-metis-cut-trans', heads=1, inductive=False, log_every=10, lr=0.003, master_addr='192.168.2.1', model='gcn', n_class=10, n_edges=10000, n_epochs=30, n_feat=100, n_hidden=32, n_layers=2, n_linear=0, n_nodes=1000, n_partitions=16, node_rank=3, norm='layer', part_path='./partition/', partition_method='metis', partition_obj='cut', parts_per_node=4, port=18119, sampling_rate=1.0, save_model=False, seed=0, skip_partition=False, sub_rate=None, swap_bits=0, swap_rate=0, topolist=None, train_ratio=0.9, use_pp=True, uvm=False, val_ratio=0.05, weight=False, weight_decay=0)
loading partitions
begin to load ogb dataset ogbn-mag from ../RCGNN/dataset/
for_commute,bns,rank 12 [(8, 13485), (7, 8535), (6, 7326), (5, 7731), (4, 9444), (3, 10016), (2, 11076), (1, 9251), (0, 9568), (15, 13873), (14, 19771), (13, 31575), (11, 12180), (10, 9650), (9, 22519)] ogbn-mag-16-metis-cut-trans 16 4
loading partitions
begin to load ogb dataset ogbn-mag from ../RCGNN/dataset/
for_commute,bns,rank 13 [(10, 12018), (9, 31391), (8, 8893), (7, 10227), (6, 6928), (5, 8618), (4, 15577), (3, 12717), (2, 15498), (1, 20435), (0, 23700), (15, 31474), (14, 13317), (12, 31446), (11, 16934)] ogbn-mag-16-metis-cut-trans 16 4
loading partitions
begin to load ogb dataset ogbn-mag from ../RCGNN/dataset/
for_commute,bns,rank 14 [(12, 11128), (11, 3914), (10, 3846), (9, 3114), (8, 15032), (7, 8344), (6, 7484), (5, 11641), (4, 33847), (3, 7865), (2, 4215), (1, 9152), (0, 14133), (15, 28283), (13, 10326)] ogbn-mag-16-metis-cut-trans 16 4
loading partitions
begin to load ogb dataset ogbn-mag from ../RCGNN/dataset/
for_commute,bns,rank 15 [(14, 57817), (13, 57368), (12, 31258), (11, 57022), (10, 57235), (9, 48007), (8, 37632), (7, 48332), (6, 40099), (5, 54948), (4, 56950), (3, 54264), (2, 47022), (1, 49590), (0, 41859)] ogbn-mag-16-metis-cut-trans 16 4
Pseudo-terminal will not be allocated because stdin is not a terminal.
Welcome to Ubuntu 22.04.3 LTS (GNU/Linux 6.5.0-25-generic x86_64)

 * Documentation:  https://help.ubuntu.com
 * Management:     https://landscape.canonical.com
 * Support:        https://ubuntu.com/advantage

This system has been minimized by removing packages and content that are
not required on a system that users do not log into.

To restore this content, you can run the 'unminimize' command.
hemeng ogbn-proteins gcn 16 2 32 3 4
Namespace(backend='gloo', data_path='../RCGNN/dataset/', dataset='ogbn-proteins', dropout=0.3, eval=True, fix_seed=True, graph_name='ogbn-proteins-16-metis-cut-trans', heads=1, inductive=False, log_every=10, lr=0.003, master_addr='192.168.2.1', model='gcn', n_class=10, n_edges=10000, n_epochs=30, n_feat=100, n_hidden=32, n_layers=2, n_linear=0, n_nodes=1000, n_partitions=16, node_rank=3, norm='layer', part_path='./partition/', partition_method='metis', partition_obj='cut', parts_per_node=4, port=18119, sampling_rate=1.0, save_model=False, seed=0, skip_partition=False, sub_rate=None, swap_bits=0, swap_rate=0, topolist=None, train_ratio=0.9, use_pp=True, uvm=False, val_ratio=0.05, weight=False, weight_decay=0)
loading partitions
begin to load ogb dataset ogbn-proteins from ../RCGNN/dataset/
for_commute,bns,rank 15 [(14, 7033), (13, 6120), (12, 4443), (11, 5205), (10, 6881), (9, 7188), (8, 5689), (7, 7431), (6, 7424), (5, 4765), (4, 6963), (3, 7563), (2, 4164), (1, 5864), (0, 6423)] ogbn-proteins-16-metis-cut-trans 16 4
loading partitions
begin to load ogb dataset ogbn-proteins from ../RCGNN/dataset/
for_commute,bns,rank 14 [(12, 4441), (11, 6702), (10, 7121), (9, 7417), (8, 5989), (7, 6802), (6, 6896), (5, 5896), (4, 5806), (3, 6388), (2, 4463), (1, 6252), (0, 5266), (15, 7966), (13, 7784)] ogbn-proteins-16-metis-cut-trans 16 4
loading partitions
begin to load ogb dataset ogbn-proteins from ../RCGNN/dataset/
for_commute,bns,rank 12 [(8, 6320), (7, 6720), (6, 7493), (5, 6372), (4, 6644), (3, 6730), (2, 4720), (1, 6705), (0, 5324), (15, 7904), (14, 7848), (13, 7163), (11, 5944), (10, 6679), (9, 6804)] ogbn-proteins-16-metis-cut-trans 16 4
loading partitions
begin to load ogb dataset ogbn-proteins from ../RCGNN/dataset/
for_commute,bns,rank 13 [(10, 4308), (9, 4657), (8, 3396), (7, 3985), (6, 4650), (5, 5335), (4, 3566), (3, 3725), (2, 2733), (1, 5777), (0, 2958), (15, 7017), (14, 6538), (12, 4938), (11, 6017)] ogbn-proteins-16-metis-cut-trans 16 4
Pseudo-terminal will not be allocated because stdin is not a terminal.
Welcome to Ubuntu 22.04.3 LTS (GNU/Linux 6.5.0-25-generic x86_64)

 * Documentation:  https://help.ubuntu.com
 * Management:     https://landscape.canonical.com
 * Support:        https://ubuntu.com/advantage

This system has been minimized by removing packages and content that are
not required on a system that users do not log into.

To restore this content, you can run the 'unminimize' command.
hemeng am gcn 16 2 32 3 4
Namespace(backend='gloo', data_path='../RCGNN/dataset/', dataset='am', dropout=0.3, eval=True, fix_seed=True, graph_name='am-16-metis-cut-trans', heads=1, inductive=False, log_every=10, lr=0.003, master_addr='192.168.2.1', model='gcn', n_class=10, n_edges=10000, n_epochs=30, n_feat=100, n_hidden=32, n_layers=2, n_linear=0, n_nodes=1000, n_partitions=16, node_rank=3, norm='layer', part_path='./partition/', partition_method='metis', partition_obj='cut', parts_per_node=4, port=18119, sampling_rate=1.0, save_model=False, seed=0, skip_partition=False, sub_rate=None, swap_bits=0, swap_rate=0, topolist=None, train_ratio=0.9, use_pp=True, uvm=False, val_ratio=0.05, weight=False, weight_decay=0)
loading partitions
Done loading data from cached files.
for_commute,bns,rank 14 [(12, 4182), (11, 1270), (10, 2294), (9, 2511), (8, 2792), (7, 624), (6, 650), (5, 1041), (4, 284), (3, 1790), (2, 2490), (1, 289), (0, 473), (15, 37297), (13, 702)] am-16-metis-cut-trans 16 4
loading partitions
Done loading data from cached files.
for_commute,bns,rank 13 [(10, 1929), (9, 1092), (8, 1193), (7, 664), (6, 1033), (5, 1253), (4, 447), (3, 1282), (2, 1411), (1, 514), (0, 596), (15, 1015), (14, 464), (12, 1531), (11, 1535)] am-16-metis-cut-trans 16 4
loading partitions
Done loading data from cached files.
for_commute,bns,rank 12 [(8, 4049), (7, 1271), (6, 1013), (5, 1782), (4, 594), (3, 1840), (2, 703), (1, 900), (0, 1223), (15, 1817), (14, 1211), (13, 1239), (11, 2385), (10, 3302), (9, 3551)] am-16-metis-cut-trans 16 4
loading partitions
Done loading data from cached files.
for_commute,bns,rank 15 [(14, 380), (13, 310), (12, 1042), (11, 694), (10, 1040), (9, 1146), (8, 921), (7, 243), (6, 316), (5, 439), (4, 128), (3, 767), (2, 1220), (1, 165), (0, 140)] am-16-metis-cut-trans 16 4
