Pseudo-terminal will not be allocated because stdin is not a terminal.
Welcome to Ubuntu 22.04.3 LTS (GNU/Linux 6.5.0-25-generic x86_64)

 * Documentation:  https://help.ubuntu.com
 * Management:     https://landscape.canonical.com
 * Support:        https://ubuntu.com/advantage

This system has been minimized by removing packages and content that are
not required on a system that users do not log into.

To restore this content, you can run the 'unminimize' command.
hemeng ogbn-arxiv gcn 16 2 32 1 8
Namespace(backend='gloo', data_path='../RCGNN/dataset/', dataset='ogbn-arxiv', dropout=0.3, eval=True, fix_seed=True, graph_name='ogbn-arxiv-16-metis-cut-trans', heads=1, inductive=False, log_every=10, lr=0.003, master_addr='192.168.2.1', model='gcn', n_class=10, n_edges=10000, n_epochs=30, n_feat=100, n_hidden=32, n_layers=2, n_linear=0, n_nodes=1000, n_partitions=16, node_rank=1, norm='layer', part_path='./partition/', partition_method='metis', partition_obj='cut', parts_per_node=8, port=18119, sampling_rate=1.0, save_model=False, seed=0, skip_partition=False, sub_rate=None, swap_bits=0, swap_rate=0, topolist=None, train_ratio=0.9, use_pp=True, uvm=False, val_ratio=0.05, weight=False, weight_decay=0)
loading partitions
begin to load ogb dataset ogbn-arxiv from ../RCGNN/dataset/
for_commute,bns,rank 8 [(0, 785), (15, 1226), (14, 1199), (13, 707), (12, 1420), (11, 1136), (10, 1489), (9, 702), (7, 600), (6, 309), (5, 398), (4, 227), (3, 233), (2, 433), (1, 786)] ogbn-arxiv-16-metis-cut-trans 16 8
loading partitions
begin to load ogb dataset ogbn-arxiv from ../RCGNN/dataset/
for_commute,bns,rank 10 [(4, 114), (3, 378), (2, 420), (1, 1433), (0, 2913), (15, 1314), (14, 2380), (13, 2997), (12, 1449), (11, 2519), (9, 1078), (8, 1806), (7, 565), (6, 301), (5, 259)] ogbn-arxiv-16-metis-cut-trans 16 8
loading partitions
begin to load ogb dataset ogbn-arxiv from ../RCGNN/dataset/
for_commute,bns,rank 9 [(2, 917), (1, 1236), (0, 960), (15, 654), (14, 760), (13, 590), (12, 762), (11, 759), (10, 1119), (8, 909), (7, 780), (6, 293), (5, 176), (4, 182), (3, 552)] ogbn-arxiv-16-metis-cut-trans 16 8
loading partitions
begin to load ogb dataset ogbn-arxiv from ../RCGNN/dataset/
for_commute,bns,rank 15 [(14, 2772), (13, 3048), (12, 2282), (11, 2142), (10, 1554), (9, 718), (8, 1498), (7, 1299), (6, 376), (5, 357), (4, 162), (3, 220), (2, 377), (1, 596), (0, 1827)] ogbn-arxiv-16-metis-cut-trans 16 8
loading partitions
begin to load ogb dataset ogbn-arxiv from ../RCGNN/dataset/
for_commute,bns,rank 11 [(6, 95), (5, 136), (4, 57), (3, 57), (2, 111), (1, 281), (0, 620), (15, 1692), (14, 2556), (13, 4508), (12, 1310), (10, 2638), (9, 528), (8, 1105), (7, 379)] ogbn-arxiv-16-metis-cut-trans 16 8
loading partitions
begin to load ogb dataset ogbn-arxiv from ../RCGNN/dataset/
for_commute,bns,rank 13 [(10, 3681), (9, 641), (8, 1066), (7, 561), (6, 124), (5, 143), (4, 55), (3, 57), (2, 141), (1, 576), (0, 1749), (15, 3736), (14, 4839), (12, 2967), (11, 5280)] ogbn-arxiv-16-metis-cut-trans 16 8
loading partitions
begin to load ogb dataset ogbn-arxiv from ../RCGNN/dataset/
for_commute,bns,rank 14 [(12, 2506), (11, 3382), (10, 3036), (9, 987), (8, 2144), (7, 803), (6, 102), (5, 296), (4, 92), (3, 86), (2, 96), (1, 1275), (0, 3782), (15, 3090), (13, 4440)] ogbn-arxiv-16-metis-cut-trans 16 8
loading partitions
begin to load ogb dataset ogbn-arxiv from ../RCGNN/dataset/
for_commute,bns,rank 12 [(8, 1294), (7, 988), (6, 381), (5, 326), (4, 204), (3, 242), (2, 352), (1, 987), (0, 1406), (15, 1981), (14, 2085), (13, 2216), (11, 1240), (10, 1300), (9, 744)] ogbn-arxiv-16-metis-cut-trans 16 8
Pseudo-terminal will not be allocated because stdin is not a terminal.
Welcome to Ubuntu 22.04.3 LTS (GNU/Linux 6.5.0-25-generic x86_64)

 * Documentation:  https://help.ubuntu.com
 * Management:     https://landscape.canonical.com
 * Support:        https://ubuntu.com/advantage

This system has been minimized by removing packages and content that are
not required on a system that users do not log into.

To restore this content, you can run the 'unminimize' command.
hemeng ogbn-products gcn 16 2 32 1 8
Namespace(backend='gloo', data_path='../RCGNN/dataset/', dataset='ogbn-products', dropout=0.3, eval=True, fix_seed=True, graph_name='ogbn-products-16-metis-cut-trans', heads=1, inductive=False, log_every=10, lr=0.003, master_addr='192.168.2.1', model='gcn', n_class=10, n_edges=10000, n_epochs=30, n_feat=100, n_hidden=32, n_layers=2, n_linear=0, n_nodes=1000, n_partitions=16, node_rank=1, norm='layer', part_path='./partition/', partition_method='metis', partition_obj='cut', parts_per_node=8, port=18119, sampling_rate=1.0, save_model=False, seed=0, skip_partition=False, sub_rate=None, swap_bits=0, swap_rate=0, topolist=None, train_ratio=0.9, use_pp=True, uvm=False, val_ratio=0.05, weight=False, weight_decay=0)
loading partitions
begin to load ogb dataset ogbn-products from ../RCGNN/dataset/
for_commute,bns,rank 10 [(4, 1743), (3, 8608), (2, 10741), (1, 11262), (0, 22727), (15, 17252), (14, 11191), (13, 27171), (12, 14817), (11, 33533), (9, 18114), (8, 26937), (7, 13775), (6, 8284), (5, 1312)] ogbn-products-16-metis-cut-trans 16 8
loading partitions
begin to load ogb dataset ogbn-products from ../RCGNN/dataset/
for_commute,bns,rank 9 [(2, 20168), (1, 12426), (0, 14251), (15, 20143), (14, 18410), (13, 27120), (12, 19507), (11, 28834), (10, 15432), (8, 39618), (7, 2720), (6, 4664), (5, 2469), (4, 1677), (3, 12643)] ogbn-products-16-metis-cut-trans 16 8
loading partitions
begin to load ogb dataset ogbn-products from ../RCGNN/dataset/
for_commute,bns,rank 15 [(14, 41883), (13, 24571), (12, 22628), (11, 7630), (10, 14376), (9, 15212), (8, 14119), (7, 1517), (6, 2553), (5, 990), (4, 966), (3, 3096), (2, 5011), (1, 7556), (0, 10450)] ogbn-products-16-metis-cut-trans 16 8
loading partitions
begin to load ogb dataset ogbn-products from ../RCGNN/dataset/
for_commute,bns,rank 11 [(6, 1479), (5, 1224), (4, 1173), (3, 1628), (2, 4574), (1, 12348), (0, 12824), (15, 6054), (14, 5734), (13, 9006), (12, 10357), (10, 23486), (9, 20782), (8, 11053), (7, 3936)] ogbn-products-16-metis-cut-trans 16 8
loading partitions
begin to load ogb dataset ogbn-products from ../RCGNN/dataset/
for_commute,bns,rank 14 [(12, 24571), (11, 9404), (10, 10154), (9, 14996), (8, 18318), (7, 5116), (6, 11575), (5, 1112), (4, 1447), (3, 4274), (2, 6224), (1, 5939), (0, 9469), (15, 37835), (13, 34086)] ogbn-products-16-metis-cut-trans 16 8
loading partitions
begin to load ogb dataset ogbn-products from ../RCGNN/dataset/
for_commute,bns,rank 12 [(8, 17860), (7, 3979), (6, 4453), (5, 1392), (4, 1688), (3, 5494), (2, 9293), (1, 23870), (0, 22879), (15, 28189), (14, 32029), (13, 34584), (11, 17286), (10, 15218), (9, 22858)] ogbn-products-16-metis-cut-trans 16 8
loading partitions
begin to load ogb dataset ogbn-products from ../RCGNN/dataset/
for_commute,bns,rank 13 [(10, 23664), (9, 23098), (8, 23542), (7, 16574), (6, 10248), (5, 1827), (4, 3077), (3, 9008), (2, 11521), (1, 19866), (0, 26609), (15, 21767), (14, 35387), (12, 26966), (11, 9882)] ogbn-products-16-metis-cut-trans 16 8
loading partitions
begin to load ogb dataset ogbn-products from ../RCGNN/dataset/
for_commute,bns,rank 8 [(0, 11153), (15, 13859), (14, 16228), (13, 26117), (12, 13692), (11, 15395), (10, 25549), (9, 37150), (7, 3159), (6, 7554), (5, 7448), (4, 2984), (3, 21627), (2, 28678), (1, 9628)] ogbn-products-16-metis-cut-trans 16 8
Pseudo-terminal will not be allocated because stdin is not a terminal.
Welcome to Ubuntu 22.04.3 LTS (GNU/Linux 6.5.0-25-generic x86_64)

 * Documentation:  https://help.ubuntu.com
 * Management:     https://landscape.canonical.com
 * Support:        https://ubuntu.com/advantage

This system has been minimized by removing packages and content that are
not required on a system that users do not log into.

To restore this content, you can run the 'unminimize' command.
hemeng yelp gcn 16 2 32 1 8
Namespace(backend='gloo', data_path='../RCGNN/dataset/', dataset='yelp', dropout=0.3, eval=True, fix_seed=True, graph_name='yelp-16-metis-cut-trans', heads=1, inductive=False, log_every=10, lr=0.003, master_addr='192.168.2.1', model='gcn', n_class=10, n_edges=10000, n_epochs=30, n_feat=100, n_hidden=32, n_layers=2, n_linear=0, n_nodes=1000, n_partitions=16, node_rank=1, norm='layer', part_path='./partition/', partition_method='metis', partition_obj='cut', parts_per_node=8, port=18119, sampling_rate=1.0, save_model=False, seed=0, skip_partition=False, sub_rate=None, swap_bits=0, swap_rate=0, topolist=None, train_ratio=0.9, use_pp=True, uvm=False, val_ratio=0.05, weight=False, weight_decay=0)
loading partitions
for_commute,bns,rank 10 [(4, 4614), (3, 3641), (2, 4464), (1, 2301), (0, 3069), (15, 9326), (14, 5590), (13, 9994), (12, 7817), (11, 4233), (9, 9584), (8, 11553), (7, 3527), (6, 2307), (5, 4396)] yelp-16-metis-cut-trans 16 8
loading partitions
for_commute,bns,rank 11 [(6, 1006), (5, 1902), (4, 1728), (3, 1171), (2, 1630), (1, 785), (0, 787), (15, 3777), (14, 2711), (13, 4400), (12, 3274), (10, 4008), (9, 2167), (8, 2919), (7, 1426)] yelp-16-metis-cut-trans 16 8
loading partitions
for_commute,bns,rank 12 [(8, 8147), (7, 6429), (6, 4416), (5, 7233), (4, 6867), (3, 5074), (2, 5423), (1, 3417), (0, 5487), (15, 13452), (14, 9301), (13, 12549), (11, 3867), (10, 7992), (9, 6092)] yelp-16-metis-cut-trans 16 8
loading partitions
for_commute,bns,rank 13 [(10, 9013), (9, 6092), (8, 8554), (7, 4840), (6, 3249), (5, 5633), (4, 6180), (3, 3092), (2, 4874), (1, 2403), (0, 3296), (15, 14823), (14, 10768), (12, 11519), (11, 3982)] yelp-16-metis-cut-trans 16 8
loading partitions
for_commute,bns,rank 9 [(2, 3973), (1, 2325), (0, 2959), (15, 7321), (14, 4576), (13, 7047), (12, 6452), (11, 2328), (10, 10560), (8, 10074), (7, 3613), (6, 2420), (5, 4297), (4, 4119), (3, 3095)] yelp-16-metis-cut-trans 16 8
loading partitions
for_commute,bns,rank 14 [(12, 8216), (11, 3747), (10, 6058), (9, 4863), (8, 5937), (7, 6638), (6, 5812), (5, 7089), (4, 5142), (3, 3372), (2, 3305), (1, 4332), (0, 4511), (15, 19140), (13, 10903)] yelp-16-metis-cut-trans 16 8
loading partitions
for_commute,bns,rank 8 [(0, 4206), (15, 9306), (14, 5271), (13, 9190), (12, 8403), (11, 3040), (10, 11619), (9, 9452), (7, 4407), (6, 2909), (5, 5625), (4, 5459), (3, 3904), (2, 5818), (1, 3259)] yelp-16-metis-cut-trans 16 8
loading partitions
for_commute,bns,rank 15 [(14, 21166), (13, 15735), (12, 12980), (11, 3756), (10, 8608), (9, 6229), (8, 8491), (7, 6570), (6, 4322), (5, 9341), (4, 8497), (3, 4166), (2, 6174), (1, 2710), (0, 4126)] yelp-16-metis-cut-trans 16 8
Pseudo-terminal will not be allocated because stdin is not a terminal.
Welcome to Ubuntu 22.04.3 LTS (GNU/Linux 6.5.0-25-generic x86_64)

 * Documentation:  https://help.ubuntu.com
 * Management:     https://landscape.canonical.com
 * Support:        https://ubuntu.com/advantage

This system has been minimized by removing packages and content that are
not required on a system that users do not log into.

To restore this content, you can run the 'unminimize' command.
hemeng reddit gcn 16 2 32 1 8
Namespace(backend='gloo', data_path='../RCGNN/dataset/', dataset='reddit', dropout=0.3, eval=True, fix_seed=True, graph_name='reddit-16-metis-cut-trans', heads=1, inductive=False, log_every=10, lr=0.003, master_addr='192.168.2.1', model='gcn', n_class=10, n_edges=10000, n_epochs=30, n_feat=100, n_hidden=32, n_layers=2, n_linear=0, n_nodes=1000, n_partitions=16, node_rank=1, norm='layer', part_path='./partition/', partition_method='metis', partition_obj='cut', parts_per_node=8, port=18119, sampling_rate=1.0, save_model=False, seed=0, skip_partition=False, sub_rate=None, swap_bits=0, swap_rate=0, topolist=None, train_ratio=0.9, use_pp=True, uvm=False, val_ratio=0.05, weight=False, weight_decay=0)
loading partitions
for_commute,bns,rank 11 [(6, 5238), (5, 3510), (4, 2982), (3, 4798), (2, 3843), (1, 2268), (0, 261), (15, 6718), (14, 7046), (13, 8018), (12, 5214), (10, 6501), (9, 3110), (8, 5764), (7, 8286)] reddit-16-metis-cut-trans 16 8
loading partitions
for_commute,bns,rank 8 [(0, 264), (15, 6433), (14, 6924), (13, 9029), (12, 5087), (11, 7697), (10, 7016), (9, 3051), (7, 6102), (6, 5001), (5, 3060), (4, 2645), (3, 4039), (2, 2331), (1, 2904)] reddit-16-metis-cut-trans 16 8
loading partitions
for_commute,bns,rank 15 [(14, 8262), (13, 10312), (12, 6146), (11, 7184), (10, 7262), (9, 4044), (8, 5936), (7, 6308), (6, 7410), (5, 6355), (4, 5114), (3, 5591), (2, 2937), (1, 3410), (0, 846)] reddit-16-metis-cut-trans 16 8
loading partitions
for_commute,bns,rank 10 [(4, 9289), (3, 11338), (2, 8806), (1, 8442), (0, 3266), (15, 11010), (14, 10005), (13, 10875), (12, 6969), (11, 13432), (9, 8048), (8, 10805), (7, 10727), (6, 9802), (5, 10127)] reddit-16-metis-cut-trans 16 8
loading partitions
for_commute,bns,rank 14 [(12, 10920), (11, 12872), (10, 10832), (9, 6857), (8, 9674), (7, 10397), (6, 10242), (5, 11411), (4, 10737), (3, 11943), (2, 8847), (1, 7559), (0, 1915), (15, 11507), (13, 12682)] reddit-16-metis-cut-trans 16 8
loading partitions
for_commute,bns,rank 9 [(2, 6626), (1, 4860), (0, 1608), (15, 6013), (14, 5702), (13, 7796), (12, 3616), (11, 7760), (10, 5018), (8, 5144), (7, 4294), (6, 8141), (5, 5253), (4, 4097), (3, 9872)] reddit-16-metis-cut-trans 16 8
loading partitions
for_commute,bns,rank 13 [(10, 11287), (9, 8459), (8, 10835), (7, 10513), (6, 10800), (5, 10008), (4, 8876), (3, 10163), (2, 8975), (1, 7165), (0, 2063), (15, 12318), (14, 12429), (12, 12435), (11, 12878)] reddit-16-metis-cut-trans 16 8
loading partitions
for_commute,bns,rank 12 [(8, 10335), (7, 9302), (6, 9147), (5, 10744), (4, 9535), (3, 8420), (2, 4684), (1, 7577), (0, 1621), (15, 11202), (14, 10660), (13, 12349), (11, 9829), (10, 9508), (9, 5991)] reddit-16-metis-cut-trans 16 8
Pseudo-terminal will not be allocated because stdin is not a terminal.
Welcome to Ubuntu 22.04.3 LTS (GNU/Linux 6.5.0-25-generic x86_64)

 * Documentation:  https://help.ubuntu.com
 * Management:     https://landscape.canonical.com
 * Support:        https://ubuntu.com/advantage

This system has been minimized by removing packages and content that are
not required on a system that users do not log into.

To restore this content, you can run the 'unminimize' command.
hemeng ogbn-mag gcn 16 2 32 1 8
Namespace(backend='gloo', data_path='../RCGNN/dataset/', dataset='ogbn-mag', dropout=0.3, eval=True, fix_seed=True, graph_name='ogbn-mag-16-metis-cut-trans', heads=1, inductive=False, log_every=10, lr=0.003, master_addr='192.168.2.1', model='gcn', n_class=10, n_edges=10000, n_epochs=30, n_feat=100, n_hidden=32, n_layers=2, n_linear=0, n_nodes=1000, n_partitions=16, node_rank=1, norm='layer', part_path='./partition/', partition_method='metis', partition_obj='cut', parts_per_node=8, port=18119, sampling_rate=1.0, save_model=False, seed=0, skip_partition=False, sub_rate=None, swap_bits=0, swap_rate=0, topolist=None, train_ratio=0.9, use_pp=True, uvm=False, val_ratio=0.05, weight=False, weight_decay=0)
loading partitions
begin to load ogb dataset ogbn-mag from ../RCGNN/dataset/
for_commute,bns,rank 12 [(8, 13485), (7, 8535), (6, 7326), (5, 7731), (4, 9444), (3, 10016), (2, 11076), (1, 9251), (0, 9568), (15, 13873), (14, 19771), (13, 31575), (11, 12180), (10, 9650), (9, 22519)] ogbn-mag-16-metis-cut-trans 16 8
loading partitions
begin to load ogb dataset ogbn-mag from ../RCGNN/dataset/
for_commute,bns,rank 11 [(6, 9002), (5, 7822), (4, 10643), (3, 18298), (2, 14543), (1, 15481), (0, 11376), (15, 24436), (14, 6363), (13, 19245), (12, 16481), (10, 52077), (9, 38385), (8, 18066), (7, 9938)] ogbn-mag-16-metis-cut-trans 16 8
loading partitions
begin to load ogb dataset ogbn-mag from ../RCGNN/dataset/
for_commute,bns,rank 13 [(10, 12018), (9, 31391), (8, 8893), (7, 10227), (6, 6928), (5, 8618), (4, 15577), (3, 12717), (2, 15498), (1, 20435), (0, 23700), (15, 31474), (14, 13317), (12, 31446), (11, 16934)] ogbn-mag-16-metis-cut-trans 16 8
loading partitions
begin to load ogb dataset ogbn-mag from ../RCGNN/dataset/
for_commute,bns,rank 10 [(4, 10500), (3, 24045), (2, 16478), (1, 23810), (0, 14686), (15, 21855), (14, 5566), (13, 12584), (12, 13152), (11, 57341), (9, 25704), (8, 32255), (7, 14453), (6, 11486), (5, 10123)] ogbn-mag-16-metis-cut-trans 16 8
loading partitions
begin to load ogb dataset ogbn-mag from ../RCGNN/dataset/
for_commute,bns,rank 14 [(12, 11128), (11, 3914), (10, 3846), (9, 3114), (8, 15032), (7, 8344), (6, 7484), (5, 11641), (4, 33847), (3, 7865), (2, 4215), (1, 9152), (0, 14133), (15, 28283), (13, 10326)] ogbn-mag-16-metis-cut-trans 16 8
loading partitions
begin to load ogb dataset ogbn-mag from ../RCGNN/dataset/
for_commute,bns,rank 9 [(2, 17450), (1, 16485), (0, 17314), (15, 16223), (14, 5478), (13, 35113), (12, 28049), (11, 37666), (10, 25747), (8, 17023), (7, 10980), (6, 9046), (5, 9009), (4, 11186), (3, 12763)] ogbn-mag-16-metis-cut-trans 16 8
loading partitions
begin to load ogb dataset ogbn-mag from ../RCGNN/dataset/
for_commute,bns,rank 8 [(0, 14502), (15, 14457), (14, 22283), (13, 10566), (12, 16838), (11, 18601), (10, 23194), (9, 13162), (7, 15889), (6, 15629), (5, 16265), (4, 13160), (3, 17757), (2, 12911), (1, 13605)] ogbn-mag-16-metis-cut-trans 16 8
loading partitions
begin to load ogb dataset ogbn-mag from ../RCGNN/dataset/
for_commute,bns,rank 15 [(14, 57817), (13, 57368), (12, 31258), (11, 57022), (10, 57235), (9, 48007), (8, 37632), (7, 48332), (6, 40099), (5, 54948), (4, 56950), (3, 54264), (2, 47022), (1, 49590), (0, 41859)] ogbn-mag-16-metis-cut-trans 16 8
Pseudo-terminal will not be allocated because stdin is not a terminal.
Welcome to Ubuntu 22.04.3 LTS (GNU/Linux 6.5.0-25-generic x86_64)

 * Documentation:  https://help.ubuntu.com
 * Management:     https://landscape.canonical.com
 * Support:        https://ubuntu.com/advantage

This system has been minimized by removing packages and content that are
not required on a system that users do not log into.

To restore this content, you can run the 'unminimize' command.
hemeng ogbn-proteins gcn 16 2 32 1 8
Namespace(backend='gloo', data_path='../RCGNN/dataset/', dataset='ogbn-proteins', dropout=0.3, eval=True, fix_seed=True, graph_name='ogbn-proteins-16-metis-cut-trans', heads=1, inductive=False, log_every=10, lr=0.003, master_addr='192.168.2.1', model='gcn', n_class=10, n_edges=10000, n_epochs=30, n_feat=100, n_hidden=32, n_layers=2, n_linear=0, n_nodes=1000, n_partitions=16, node_rank=1, norm='layer', part_path='./partition/', partition_method='metis', partition_obj='cut', parts_per_node=8, port=18119, sampling_rate=1.0, save_model=False, seed=0, skip_partition=False, sub_rate=None, swap_bits=0, swap_rate=0, topolist=None, train_ratio=0.9, use_pp=True, uvm=False, val_ratio=0.05, weight=False, weight_decay=0)
loading partitions
begin to load ogb dataset ogbn-proteins from ../RCGNN/dataset/
for_commute,bns,rank 12 [(8, 6320), (7, 6720), (6, 7493), (5, 6372), (4, 6644), (3, 6730), (2, 4720), (1, 6705), (0, 5324), (15, 7904), (14, 7848), (13, 7163), (11, 5944), (10, 6679), (9, 6804)] ogbn-proteins-16-metis-cut-trans 16 8
loading partitions
begin to load ogb dataset ogbn-proteins from ../RCGNN/dataset/
for_commute,bns,rank 11 [(6, 8016), (5, 7333), (4, 6990), (3, 7629), (2, 4629), (1, 6427), (0, 5894), (15, 8032), (14, 7970), (13, 8160), (12, 4364), (10, 7590), (9, 7848), (8, 7644), (7, 7542)] ogbn-proteins-16-metis-cut-trans 16 8
loading partitions
begin to load ogb dataset ogbn-proteins from ../RCGNN/dataset/
for_commute,bns,rank 13 [(10, 4308), (9, 4657), (8, 3396), (7, 3985), (6, 4650), (5, 5335), (4, 3566), (3, 3725), (2, 2733), (1, 5777), (0, 2958), (15, 7017), (14, 6538), (12, 4938), (11, 6017)] ogbn-proteins-16-metis-cut-trans 16 8
loading partitions
begin to load ogb dataset ogbn-proteins from ../RCGNN/dataset/
for_commute,bns,rank 15 [(14, 7033), (13, 6120), (12, 4443), (11, 5205), (10, 6881), (9, 7188), (8, 5689), (7, 7431), (6, 7424), (5, 4765), (4, 6963), (3, 7563), (2, 4164), (1, 5864), (0, 6423)] ogbn-proteins-16-metis-cut-trans 16 8
loading partitions
begin to load ogb dataset ogbn-proteins from ../RCGNN/dataset/
for_commute,bns,rank 10 [(4, 7132), (3, 7689), (2, 5185), (1, 6627), (0, 6289), (15, 8039), (14, 7945), (13, 7378), (12, 3852), (11, 6913), (9, 7876), (8, 6286), (7, 7622), (6, 8013), (5, 6745)] ogbn-proteins-16-metis-cut-trans 16 8
loading partitions
begin to load ogb dataset ogbn-proteins from ../RCGNN/dataset/
for_commute,bns,rank 9 [(2, 4338), (1, 5385), (0, 6568), (15, 7985), (14, 7754), (13, 6432), (12, 3498), (11, 6626), (10, 7421), (8, 7182), (7, 7587), (6, 7868), (5, 5306), (4, 6904), (3, 7716)] ogbn-proteins-16-metis-cut-trans 16 8
loading partitions
begin to load ogb dataset ogbn-proteins from ../RCGNN/dataset/
for_commute,bns,rank 14 [(12, 4441), (11, 6702), (10, 7121), (9, 7417), (8, 5989), (7, 6802), (6, 6896), (5, 5896), (4, 5806), (3, 6388), (2, 4463), (1, 6252), (0, 5266), (15, 7966), (13, 7784)] ogbn-proteins-16-metis-cut-trans 16 8
loading partitions
begin to load ogb dataset ogbn-proteins from ../RCGNN/dataset/
for_commute,bns,rank 8 [(0, 6279), (15, 7826), (14, 6842), (13, 5299), (12, 4169), (11, 5799), (10, 7174), (9, 7671), (7, 7471), (6, 7577), (5, 6529), (4, 6797), (3, 7830), (2, 5066), (1, 6195)] ogbn-proteins-16-metis-cut-trans 16 8
Pseudo-terminal will not be allocated because stdin is not a terminal.
Welcome to Ubuntu 22.04.3 LTS (GNU/Linux 6.5.0-25-generic x86_64)

 * Documentation:  https://help.ubuntu.com
 * Management:     https://landscape.canonical.com
 * Support:        https://ubuntu.com/advantage

This system has been minimized by removing packages and content that are
not required on a system that users do not log into.

To restore this content, you can run the 'unminimize' command.
hemeng am gcn 16 2 32 1 8
Namespace(backend='gloo', data_path='../RCGNN/dataset/', dataset='am', dropout=0.3, eval=True, fix_seed=True, graph_name='am-16-metis-cut-trans', heads=1, inductive=False, log_every=10, lr=0.003, master_addr='192.168.2.1', model='gcn', n_class=10, n_edges=10000, n_epochs=30, n_feat=100, n_hidden=32, n_layers=2, n_linear=0, n_nodes=1000, n_partitions=16, node_rank=1, norm='layer', part_path='./partition/', partition_method='metis', partition_obj='cut', parts_per_node=8, port=18119, sampling_rate=1.0, save_model=False, seed=0, skip_partition=False, sub_rate=None, swap_bits=0, swap_rate=0, topolist=None, train_ratio=0.9, use_pp=True, uvm=False, val_ratio=0.05, weight=False, weight_decay=0)
loading partitions
Done loading data from cached files.
for_commute,bns,rank 15 [(14, 380), (13, 310), (12, 1042), (11, 694), (10, 1040), (9, 1146), (8, 921), (7, 243), (6, 316), (5, 439), (4, 128), (3, 767), (2, 1220), (1, 165), (0, 140)] am-16-metis-cut-trans 16 8
loading partitions
Done loading data from cached files.
for_commute,bns,rank 14 [(12, 4182), (11, 1270), (10, 2294), (9, 2511), (8, 2792), (7, 624), (6, 650), (5, 1041), (4, 284), (3, 1790), (2, 2490), (1, 289), (0, 473), (15, 37297), (13, 702)] am-16-metis-cut-trans 16 8
loading partitions
Done loading data from cached files.
for_commute,bns,rank 12 [(8, 4049), (7, 1271), (6, 1013), (5, 1782), (4, 594), (3, 1840), (2, 703), (1, 900), (0, 1223), (15, 1817), (14, 1211), (13, 1239), (11, 2385), (10, 3302), (9, 3551)] am-16-metis-cut-trans 16 8
loading partitions
Done loading data from cached files.
for_commute,bns,rank 13 [(10, 1929), (9, 1092), (8, 1193), (7, 664), (6, 1033), (5, 1253), (4, 447), (3, 1282), (2, 1411), (1, 514), (0, 596), (15, 1015), (14, 464), (12, 1531), (11, 1535)] am-16-metis-cut-trans 16 8
loading partitions
Done loading data from cached files.
for_commute,bns,rank 10 [(4, 625), (3, 2563), (2, 1655), (1, 1207), (0, 1488), (15, 2053), (14, 624), (13, 2237), (12, 3807), (11, 3855), (9, 3641), (8, 4210), (7, 1236), (6, 1309), (5, 2383)] am-16-metis-cut-trans 16 8
loading partitions
Done loading data from cached files.
for_commute,bns,rank 11 [(6, 552), (5, 1522), (4, 356), (3, 1100), (2, 660), (1, 491), (0, 698), (15, 1257), (14, 351), (13, 1788), (12, 1851), (10, 2073), (9, 1927), (8, 2104), (7, 728)] am-16-metis-cut-trans 16 8
loading partitions
Done loading data from cached files.
for_commute,bns,rank 9 [(2, 719), (1, 971), (0, 1290), (15, 1998), (14, 615), (13, 1321), (12, 3087), (11, 3022), (10, 3033), (8, 4930), (7, 1088), (6, 813), (5, 1988), (4, 611), (3, 1359)] am-16-metis-cut-trans 16 8
loading partitions
Done loading data from cached files.
for_commute,bns,rank 8 [(0, 1875), (15, 3147), (14, 1008), (13, 2243), (12, 6649), (11, 5304), (10, 9397), (9, 9733), (7, 1665), (6, 2066), (5, 3422), (4, 795), (3, 7162), (2, 11918), (1, 1657)] am-16-metis-cut-trans 16 8
Pseudo-terminal will not be allocated because stdin is not a terminal.
Welcome to Ubuntu 22.04.3 LTS (GNU/Linux 6.5.0-25-generic x86_64)

 * Documentation:  https://help.ubuntu.com
 * Management:     https://landscape.canonical.com
 * Support:        https://ubuntu.com/advantage

This system has been minimized by removing packages and content that are
not required on a system that users do not log into.

To restore this content, you can run the 'unminimize' command.
hemeng ogbn-arxiv gcn 8 2 32 1 4
Namespace(backend='gloo', data_path='../RCGNN/dataset/', dataset='ogbn-arxiv', dropout=0.3, eval=True, fix_seed=True, graph_name='ogbn-arxiv-8-metis-cut-trans', heads=1, inductive=False, log_every=10, lr=0.003, master_addr='192.168.2.1', model='gcn', n_class=10, n_edges=10000, n_epochs=30, n_feat=100, n_hidden=32, n_layers=2, n_linear=0, n_nodes=1000, n_partitions=8, node_rank=1, norm='layer', part_path='./partition/', partition_method='metis', partition_obj='cut', parts_per_node=4, port=18119, sampling_rate=1.0, save_model=False, seed=0, skip_partition=False, sub_rate=None, swap_bits=0, swap_rate=0, topolist=None, train_ratio=0.9, use_pp=True, uvm=False, val_ratio=0.05, weight=False, weight_decay=0)
loading partitions
begin to load ogb dataset ogbn-arxiv from ../RCGNN/dataset/
for_commute,bns,rank 5 [(2, 2156), (1, 1432), (0, 1247), (7, 2709), (6, 452), (4, 2716), (3, 2153)] ogbn-arxiv-8-metis-cut-trans 8 4
loading partitions
begin to load ogb dataset ogbn-arxiv from ../RCGNN/dataset/
for_commute,bns,rank 6 [(4, 257), (3, 938), (2, 1011), (1, 381), (0, 322), (7, 2384), (5, 457)] ogbn-arxiv-8-metis-cut-trans 8 4
loading partitions
begin to load ogb dataset ogbn-arxiv from ../RCGNN/dataset/
for_commute,bns,rank 7 [(6, 2515), (5, 2603), (4, 581), (3, 1706), (2, 2210), (1, 1013), (0, 744)] ogbn-arxiv-8-metis-cut-trans 8 4
loading partitions
begin to load ogb dataset ogbn-arxiv from ../RCGNN/dataset/
for_commute,bns,rank 4 [(0, 5267), (7, 589), (6, 280), (5, 2408), (3, 2156), (2, 4000), (1, 3265)] ogbn-arxiv-8-metis-cut-trans 8 4
Pseudo-terminal will not be allocated because stdin is not a terminal.
Welcome to Ubuntu 22.04.3 LTS (GNU/Linux 6.5.0-25-generic x86_64)

 * Documentation:  https://help.ubuntu.com
 * Management:     https://landscape.canonical.com
 * Support:        https://ubuntu.com/advantage

This system has been minimized by removing packages and content that are
not required on a system that users do not log into.

To restore this content, you can run the 'unminimize' command.
hemeng ogbn-products gcn 8 2 32 1 4
Namespace(backend='gloo', data_path='../RCGNN/dataset/', dataset='ogbn-products', dropout=0.3, eval=True, fix_seed=True, graph_name='ogbn-products-8-metis-cut-trans', heads=1, inductive=False, log_every=10, lr=0.003, master_addr='192.168.2.1', model='gcn', n_class=10, n_edges=10000, n_epochs=30, n_feat=100, n_hidden=32, n_layers=2, n_linear=0, n_nodes=1000, n_partitions=8, node_rank=1, norm='layer', part_path='./partition/', partition_method='metis', partition_obj='cut', parts_per_node=4, port=18119, sampling_rate=1.0, save_model=False, seed=0, skip_partition=False, sub_rate=None, swap_bits=0, swap_rate=0, topolist=None, train_ratio=0.9, use_pp=True, uvm=False, val_ratio=0.05, weight=False, weight_decay=0)
loading partitions
begin to load ogb dataset ogbn-products from ../RCGNN/dataset/
for_commute,bns,rank 7 [(6, 54525), (5, 18565), (4, 17683), (3, 11202), (2, 8039), (1, 18289), (0, 12862)] ogbn-products-8-metis-cut-trans 8 4
loading partitions
begin to load ogb dataset ogbn-products from ../RCGNN/dataset/
for_commute,bns,rank 6 [(4, 51616), (3, 29864), (2, 37531), (1, 23254), (0, 52886), (7, 70446), (5, 12695)] ogbn-products-8-metis-cut-trans 8 4
loading partitions
begin to load ogb dataset ogbn-products from ../RCGNN/dataset/
for_commute,bns,rank 5 [(2, 8216), (1, 3980), (0, 6784), (7, 27475), (6, 16727), (4, 30722), (3, 3284)] ogbn-products-8-metis-cut-trans 8 4
loading partitions
begin to load ogb dataset ogbn-products from ../RCGNN/dataset/
for_commute,bns,rank 4 [(0, 65959), (7, 24876), (6, 49769), (5, 32117), (3, 29090), (2, 24223), (1, 20508)] ogbn-products-8-metis-cut-trans 8 4
Pseudo-terminal will not be allocated because stdin is not a terminal.
Welcome to Ubuntu 22.04.3 LTS (GNU/Linux 6.5.0-25-generic x86_64)

 * Documentation:  https://help.ubuntu.com
 * Management:     https://landscape.canonical.com
 * Support:        https://ubuntu.com/advantage

This system has been minimized by removing packages and content that are
not required on a system that users do not log into.

To restore this content, you can run the 'unminimize' command.
hemeng yelp gcn 8 2 32 1 4
Namespace(backend='gloo', data_path='../RCGNN/dataset/', dataset='yelp', dropout=0.3, eval=True, fix_seed=True, graph_name='yelp-8-metis-cut-trans', heads=1, inductive=False, log_every=10, lr=0.003, master_addr='192.168.2.1', model='gcn', n_class=10, n_edges=10000, n_epochs=30, n_feat=100, n_hidden=32, n_layers=2, n_linear=0, n_nodes=1000, n_partitions=8, node_rank=1, norm='layer', part_path='./partition/', partition_method='metis', partition_obj='cut', parts_per_node=4, port=18119, sampling_rate=1.0, save_model=False, seed=0, skip_partition=False, sub_rate=None, swap_bits=0, swap_rate=0, topolist=None, train_ratio=0.9, use_pp=True, uvm=False, val_ratio=0.05, weight=False, weight_decay=0)
loading partitions
for_commute,bns,rank 7 [(6, 36120), (5, 18292), (4, 9975), (3, 20078), (2, 14962), (1, 18067), (0, 7119)] yelp-8-metis-cut-trans 8 4
loading partitions
for_commute,bns,rank 5 [(2, 9414), (1, 11364), (0, 5161), (7, 15029), (6, 13695), (4, 36675), (3, 12219)] yelp-8-metis-cut-trans 8 4
loading partitions
for_commute,bns,rank 4 [(0, 8757), (7, 9173), (6, 15900), (5, 46240), (3, 16385), (2, 16504), (1, 13993)] yelp-8-metis-cut-trans 8 4
loading partitions
for_commute,bns,rank 6 [(4, 15698), (3, 27344), (2, 22269), (1, 16717), (0, 10817), (7, 44376), (5, 14838)] yelp-8-metis-cut-trans 8 4
Pseudo-terminal will not be allocated because stdin is not a terminal.
Welcome to Ubuntu 22.04.3 LTS (GNU/Linux 6.5.0-25-generic x86_64)

 * Documentation:  https://help.ubuntu.com
 * Management:     https://landscape.canonical.com
 * Support:        https://ubuntu.com/advantage

This system has been minimized by removing packages and content that are
not required on a system that users do not log into.

To restore this content, you can run the 'unminimize' command.
hemeng reddit gcn 8 2 32 1 4
Namespace(backend='gloo', data_path='../RCGNN/dataset/', dataset='reddit', dropout=0.3, eval=True, fix_seed=True, graph_name='reddit-8-metis-cut-trans', heads=1, inductive=False, log_every=10, lr=0.003, master_addr='192.168.2.1', model='gcn', n_class=10, n_edges=10000, n_epochs=30, n_feat=100, n_hidden=32, n_layers=2, n_linear=0, n_nodes=1000, n_partitions=8, node_rank=1, norm='layer', part_path='./partition/', partition_method='metis', partition_obj='cut', parts_per_node=4, port=18119, sampling_rate=1.0, save_model=False, seed=0, skip_partition=False, sub_rate=None, swap_bits=0, swap_rate=0, topolist=None, train_ratio=0.9, use_pp=True, uvm=False, val_ratio=0.05, weight=False, weight_decay=0)
loading partitions
for_commute,bns,rank 5 [(2, 9344), (1, 7214), (0, 6426), (7, 9723), (6, 9095), (4, 5636), (3, 5631)] reddit-8-metis-cut-trans 8 4
loading partitions
for_commute,bns,rank 4 [(0, 6261), (7, 5656), (6, 10580), (5, 3548), (3, 3389), (2, 7405), (1, 6876)] reddit-8-metis-cut-trans 8 4
loading partitions
for_commute,bns,rank 6 [(4, 23894), (3, 11101), (2, 17273), (1, 11992), (0, 11296), (7, 15944), (5, 9265)] reddit-8-metis-cut-trans 8 4
loading partitions
for_commute,bns,rank 7 [(6, 20331), (5, 14643), (4, 11460), (3, 19181), (2, 25792), (1, 18010), (0, 19425)] reddit-8-metis-cut-trans 8 4
Pseudo-terminal will not be allocated because stdin is not a terminal.
Welcome to Ubuntu 22.04.3 LTS (GNU/Linux 6.5.0-25-generic x86_64)

 * Documentation:  https://help.ubuntu.com
 * Management:     https://landscape.canonical.com
 * Support:        https://ubuntu.com/advantage

This system has been minimized by removing packages and content that are
not required on a system that users do not log into.

To restore this content, you can run the 'unminimize' command.
hemeng ogbn-mag gcn 8 2 32 1 4
Namespace(backend='gloo', data_path='../RCGNN/dataset/', dataset='ogbn-mag', dropout=0.3, eval=True, fix_seed=True, graph_name='ogbn-mag-8-metis-cut-trans', heads=1, inductive=False, log_every=10, lr=0.003, master_addr='192.168.2.1', model='gcn', n_class=10, n_edges=10000, n_epochs=30, n_feat=100, n_hidden=32, n_layers=2, n_linear=0, n_nodes=1000, n_partitions=8, node_rank=1, norm='layer', part_path='./partition/', partition_method='metis', partition_obj='cut', parts_per_node=4, port=18119, sampling_rate=1.0, save_model=False, seed=0, skip_partition=False, sub_rate=None, swap_bits=0, swap_rate=0, topolist=None, train_ratio=0.9, use_pp=True, uvm=False, val_ratio=0.05, weight=False, weight_decay=0)
loading partitions
begin to load ogb dataset ogbn-mag from ../RCGNN/dataset/
for_commute,bns,rank 5 [(2, 34982), (1, 44122), (0, 37295), (7, 42410), (6, 51363), (4, 45253), (3, 24640)] ogbn-mag-8-metis-cut-trans 8 4
loading partitions
begin to load ogb dataset ogbn-mag from ../RCGNN/dataset/
for_commute,bns,rank 4 [(0, 56686), (7, 47658), (6, 69689), (5, 56157), (3, 36462), (2, 50203), (1, 39773)] ogbn-mag-8-metis-cut-trans 8 4
loading partitions
begin to load ogb dataset ogbn-mag from ../RCGNN/dataset/
for_commute,bns,rank 6 [(4, 99352), (3, 102528), (2, 102751), (1, 113447), (0, 90016), (7, 111596), (5, 73749)] ogbn-mag-8-metis-cut-trans 8 4
loading partitions
begin to load ogb dataset ogbn-mag from ../RCGNN/dataset/
for_commute,bns,rank 7 [(6, 67792), (5, 45894), (4, 50952), (3, 80687), (2, 50661), (1, 28363), (0, 36731)] ogbn-mag-8-metis-cut-trans 8 4
Pseudo-terminal will not be allocated because stdin is not a terminal.
Welcome to Ubuntu 22.04.3 LTS (GNU/Linux 6.5.0-25-generic x86_64)

 * Documentation:  https://help.ubuntu.com
 * Management:     https://landscape.canonical.com
 * Support:        https://ubuntu.com/advantage

This system has been minimized by removing packages and content that are
not required on a system that users do not log into.

To restore this content, you can run the 'unminimize' command.
hemeng ogbn-proteins gcn 8 2 32 1 4
Namespace(backend='gloo', data_path='../RCGNN/dataset/', dataset='ogbn-proteins', dropout=0.3, eval=True, fix_seed=True, graph_name='ogbn-proteins-8-metis-cut-trans', heads=1, inductive=False, log_every=10, lr=0.003, master_addr='192.168.2.1', model='gcn', n_class=10, n_edges=10000, n_epochs=30, n_feat=100, n_hidden=32, n_layers=2, n_linear=0, n_nodes=1000, n_partitions=8, node_rank=1, norm='layer', part_path='./partition/', partition_method='metis', partition_obj='cut', parts_per_node=4, port=18119, sampling_rate=1.0, save_model=False, seed=0, skip_partition=False, sub_rate=None, swap_bits=0, swap_rate=0, topolist=None, train_ratio=0.9, use_pp=True, uvm=False, val_ratio=0.05, weight=False, weight_decay=0)
loading partitions
begin to load ogb dataset ogbn-proteins from ../RCGNN/dataset/
for_commute,bns,rank 6 [(4, 9256), (3, 14564), (2, 15498), (1, 13839), (0, 12871), (7, 16283), (5, 13814)] ogbn-proteins-8-metis-cut-trans 8 4
loading partitions
begin to load ogb dataset ogbn-proteins from ../RCGNN/dataset/
for_commute,bns,rank 5 [(2, 15661), (1, 14768), (0, 14056), (7, 15486), (6, 15907), (4, 12137), (3, 14637)] ogbn-proteins-8-metis-cut-trans 8 4
loading partitions
begin to load ogb dataset ogbn-proteins from ../RCGNN/dataset/
for_commute,bns,rank 7 [(6, 16072), (5, 14129), (4, 8938), (3, 15128), (2, 15844), (1, 15223), (0, 13948)] ogbn-proteins-8-metis-cut-trans 8 4
loading partitions
begin to load ogb dataset ogbn-proteins from ../RCGNN/dataset/
for_commute,bns,rank 4 [(0, 12964), (7, 14516), (6, 13970), (5, 12839), (3, 13145), (2, 15161), (1, 14868)] ogbn-proteins-8-metis-cut-trans 8 4
Pseudo-terminal will not be allocated because stdin is not a terminal.
Welcome to Ubuntu 22.04.3 LTS (GNU/Linux 6.5.0-25-generic x86_64)

 * Documentation:  https://help.ubuntu.com
 * Management:     https://landscape.canonical.com
 * Support:        https://ubuntu.com/advantage

This system has been minimized by removing packages and content that are
not required on a system that users do not log into.

To restore this content, you can run the 'unminimize' command.
hemeng am gcn 8 2 32 1 4
Namespace(backend='gloo', data_path='../RCGNN/dataset/', dataset='am', dropout=0.3, eval=True, fix_seed=True, graph_name='am-8-metis-cut-trans', heads=1, inductive=False, log_every=10, lr=0.003, master_addr='192.168.2.1', model='gcn', n_class=10, n_edges=10000, n_epochs=30, n_feat=100, n_hidden=32, n_layers=2, n_linear=0, n_nodes=1000, n_partitions=8, node_rank=1, norm='layer', part_path='./partition/', partition_method='metis', partition_obj='cut', parts_per_node=4, port=18119, sampling_rate=1.0, save_model=False, seed=0, skip_partition=False, sub_rate=None, swap_bits=0, swap_rate=0, topolist=None, train_ratio=0.9, use_pp=True, uvm=False, val_ratio=0.05, weight=False, weight_decay=0)
loading partitions
Done loading data from cached files.
for_commute,bns,rank 4 [(0, 2277), (7, 1823), (6, 3941), (5, 4461), (3, 8065), (2, 8810), (1, 8058)] am-8-metis-cut-trans 8 4
loading partitions
Done loading data from cached files.
for_commute,bns,rank 5 [(2, 6855), (1, 5272), (0, 1307), (7, 975), (6, 2145), (4, 5045), (3, 7440)] am-8-metis-cut-trans 8 4
loading partitions
Done loading data from cached files.
for_commute,bns,rank 6 [(4, 4472), (3, 4305), (2, 5836), (1, 6390), (0, 2205), (7, 5422), (5, 2753)] am-8-metis-cut-trans 8 4
loading partitions
Done loading data from cached files.
for_commute,bns,rank 7 [(6, 4059), (5, 1736), (4, 2569), (3, 6514), (2, 5724), (1, 5825), (0, 1244)] am-8-metis-cut-trans 8 4
