Pseudo-terminal will not be allocated because stdin is not a terminal.
Welcome to Ubuntu 22.04.3 LTS (GNU/Linux 6.5.0-25-generic x86_64)

 * Documentation:  https://help.ubuntu.com
 * Management:     https://landscape.canonical.com
 * Support:        https://ubuntu.com/advantage

This system has been minimized by removing packages and content that are
not required on a system that users do not log into.

To restore this content, you can run the 'unminimize' command.
hemeng ogbn-arxiv graphsage_partition 16 2 32 1 8
Namespace(backend='gloo', data_path='./dataset/', dataset='ogbn-arxiv', dropout=0.3, eval=True, fix_seed=True, graph_name='ogbn-arxiv-16-metis-cut-trans-8-8', heads=1, inductive=False, log_every=10, lr=0.003, master_addr='192.168.2.3', model='graphsage_partition', n_class=10, n_edges=10000, n_epochs=30, n_feat=100, n_hidden=32, n_layers=2, n_linear=0, n_nodes=1000, n_partitions=16, node_rank=1, norm='layer', part_path='./partition/', partition_method='metis', partition_obj='cut', parts_per_node=10, port=18118, sampling_rate=1.0, save_model=False, seed=0, skip_partition=False, sub_rate=None, swap_bits=0, swap_rate=0, topolist=[8, 8], train_ratio=0.9, use_pp=True, uvm=False, val_ratio=0.05, weight=False, weight_decay=0)
process 8 started
process 9 started
process 10 started
process 11 started
process 12 started
process 13 started
process 14 started
loading partitions
begin to load ogb dataset ogbn-arxiv from ./dataset/
for_commute,bns,rank 10 [(4, 193), (3, 107), (2, 271), (1, 42), (0, 56), (15, 90), (14, 169), (13, 84), (12, 87), (11, 2114), (9, 455), (8, 968), (7, 123), (6, 101), (5, 167)] ogbn-arxiv-16-metis-cut-trans-8-8 16 10
loading partitions
begin to load ogb dataset ogbn-arxiv from ./dataset/
for_commute,bns,rank 8 [(0, 184), (15, 551), (14, 807), (13, 618), (12, 563), (11, 1580), (10, 1089), (9, 1084), (7, 233), (6, 247), (5, 311), (4, 322), (3, 663), (2, 704), (1, 159)] ogbn-arxiv-16-metis-cut-trans-8-8 16 10
loading partitions
begin to load ogb dataset ogbn-arxiv from ./dataset/
for_commute,bns,rank 9 [(2, 807), (1, 1215), (0, 597), (15, 2141), (14, 1783), (13, 1203), (12, 1947), (11, 854), (10, 476), (8, 1057), (7, 1008), (6, 318), (5, 944), (4, 307), (3, 742)] ogbn-arxiv-16-metis-cut-trans-8-8 16 10
loading partitions
begin to load ogb dataset ogbn-arxiv from ./dataset/
for_commute,bns,rank 11 [(6, 185), (5, 157), (4, 83), (3, 115), (2, 155), (1, 40), (0, 54), (15, 149), (14, 108), (13, 102), (12, 132), (10, 1885), (9, 629), (8, 1203), (7, 213)] ogbn-arxiv-16-metis-cut-trans-8-8 16 10
loading partitions
begin to load ogb dataset ogbn-arxiv from ./dataset/
for_commute,bns,rank 15 [(14, 2974), (13, 2801), (12, 3733), (11, 182), (10, 80), (9, 1904), (8, 462), (7, 1526), (6, 92), (5, 627), (4, 108), (3, 813), (2, 238), (1, 1195), (0, 624)] ogbn-arxiv-16-metis-cut-trans-8-8 16 10
loading partitions
begin to load ogb dataset ogbn-arxiv from ./dataset/
for_commute,bns,rank 13 [(10, 139), (9, 965), (8, 565), (7, 986), (6, 78), (5, 388), (4, 85), (3, 697), (2, 275), (1, 1152), (0, 1266), (15, 2859), (14, 3215), (12, 4790), (11, 112)] ogbn-arxiv-16-metis-cut-trans-8-8 16 10
loading partitions
begin to load ogb dataset ogbn-arxiv from ./dataset/
for_commute,bns,rank 12 [(8, 531), (7, 1383), (6, 98), (5, 1341), (4, 59), (3, 1045), (2, 193), (1, 1984), (0, 1646), (15, 5080), (14, 5977), (13, 6277), (11, 153), (10, 97), (9, 2591)] ogbn-arxiv-16-metis-cut-trans-8-8 16 10
loading partitions
begin to load ogb dataset ogbn-arxiv from ./dataset/
for_commute,bns,rank 14 [(12, 4859), (11, 178), (10, 175), (9, 1932), (8, 784), (7, 1880), (6, 146), (5, 1154), (4, 72), (3, 1309), (2, 270), (1, 3330), (0, 1721), (15, 3600), (13, 4023)] ogbn-arxiv-16-metis-cut-trans-8-8 16 10
process 15 started
Pseudo-terminal will not be allocated because stdin is not a terminal.
Welcome to Ubuntu 22.04.3 LTS (GNU/Linux 6.5.0-25-generic x86_64)

 * Documentation:  https://help.ubuntu.com
 * Management:     https://landscape.canonical.com
 * Support:        https://ubuntu.com/advantage

This system has been minimized by removing packages and content that are
not required on a system that users do not log into.

To restore this content, you can run the 'unminimize' command.
hemeng ogbn-products graphsage_partition 16 2 32 1 8
Namespace(backend='gloo', data_path='./dataset/', dataset='ogbn-products', dropout=0.3, eval=True, fix_seed=True, graph_name='ogbn-products-16-metis-cut-trans-8-8', heads=1, inductive=False, log_every=10, lr=0.003, master_addr='192.168.2.3', model='graphsage_partition', n_class=10, n_edges=10000, n_epochs=30, n_feat=100, n_hidden=32, n_layers=2, n_linear=0, n_nodes=1000, n_partitions=16, node_rank=1, norm='layer', part_path='./partition/', partition_method='metis', partition_obj='cut', parts_per_node=10, port=18118, sampling_rate=1.0, save_model=False, seed=0, skip_partition=False, sub_rate=None, swap_bits=0, swap_rate=0, topolist=[8, 8], train_ratio=0.9, use_pp=True, uvm=False, val_ratio=0.05, weight=False, weight_decay=0)
process 8 started
process 9 started
process 10 started
process 11 started
process 12 started
process 13 started
process 14 started
loading partitions
begin to load ogb dataset ogbn-products from ./dataset/
for_commute,bns,rank 8 [(0, 3817), (15, 14052), (14, 12892), (13, 23234), (12, 15016), (11, 26530), (10, 25985), (9, 28608), (7, 5429), (6, 21390), (5, 2299), (4, 7631), (3, 1741), (2, 6278), (1, 6083)] ogbn-products-16-metis-cut-trans-8-8 16 10
loading partitions
begin to load ogb dataset ogbn-products from ./dataset/
for_commute,bns,rank 14 [(12, 24388), (11, 16465), (10, 10901), (9, 8113), (8, 13328), (7, 5320), (6, 4832), (5, 1114), (4, 3204), (3, 1954), (2, 1947), (1, 1573), (0, 1203), (15, 43771), (13, 21258)] ogbn-products-16-metis-cut-trans-8-8 16 10
loading partitions
begin to load ogb dataset ogbn-products from ./dataset/
for_commute,bns,rank 15 [(14, 38254), (13, 18895), (12, 27457), (11, 26723), (10, 14098), (9, 6482), (8, 13563), (7, 5824), (6, 2814), (5, 1907), (4, 2928), (3, 6938), (2, 7588), (1, 4317), (0, 3018)] ogbn-products-16-metis-cut-trans-8-8 16 10
loading partitions
begin to load ogb dataset ogbn-products from ./dataset/
for_commute,bns,rank 13 [(10, 25718), (9, 15451), (8, 30803), (7, 24408), (6, 7873), (5, 2172), (4, 10062), (3, 4258), (2, 8260), (1, 2067), (0, 1963), (15, 24571), (14, 24970), (12, 43117), (11, 33521)] ogbn-products-16-metis-cut-trans-8-8 16 10
loading partitions
begin to load ogb dataset ogbn-products from ./dataset/
for_commute,bns,rank 10 [(4, 8434), (3, 5460), (2, 5049), (1, 3444), (0, 2953), (15, 12638), (14, 10561), (13, 22057), (12, 19272), (11, 25682), (9, 34644), (8, 28496), (7, 12005), (6, 9070), (5, 2397)] ogbn-products-16-metis-cut-trans-8-8 16 10
loading partitions
begin to load ogb dataset ogbn-products from ./dataset/
for_commute,bns,rank 9 [(2, 972), (1, 4715), (0, 1162), (15, 6895), (14, 8691), (13, 13150), (12, 12499), (11, 18887), (10, 35426), (8, 29178), (7, 4376), (6, 11219), (5, 919), (4, 5237), (3, 594)] ogbn-products-16-metis-cut-trans-8-8 16 10
loading partitions
begin to load ogb dataset ogbn-products from ./dataset/
for_commute,bns,rank 11 [(6, 4093), (5, 4630), (4, 5983), (3, 6208), (2, 7906), (1, 2260), (0, 1989), (15, 27500), (14, 16184), (13, 26536), (12, 35814), (10, 24895), (9, 16842), (8, 22855), (7, 9803)] ogbn-products-16-metis-cut-trans-8-8 16 10
loading partitions
begin to load ogb dataset ogbn-products from ./dataset/
for_commute,bns,rank 12 [(8, 15662), (7, 41411), (6, 4353), (5, 1658), (4, 14799), (3, 2672), (2, 4426), (1, 2463), (0, 2333), (15, 31348), (14, 25881), (13, 31973), (11, 36046), (10, 16470), (9, 10859)] ogbn-products-16-metis-cut-trans-8-8 16 10
process 15 started
Pseudo-terminal will not be allocated because stdin is not a terminal.
Welcome to Ubuntu 22.04.3 LTS (GNU/Linux 6.5.0-25-generic x86_64)

 * Documentation:  https://help.ubuntu.com
 * Management:     https://landscape.canonical.com
 * Support:        https://ubuntu.com/advantage

This system has been minimized by removing packages and content that are
not required on a system that users do not log into.

To restore this content, you can run the 'unminimize' command.
hemeng yelp graphsage_partition 16 2 32 1 8
Namespace(backend='gloo', data_path='./dataset/', dataset='yelp', dropout=0.3, eval=True, fix_seed=True, graph_name='yelp-16-metis-cut-trans-8-8', heads=1, inductive=False, log_every=10, lr=0.003, master_addr='192.168.2.3', model='graphsage_partition', n_class=10, n_edges=10000, n_epochs=30, n_feat=100, n_hidden=32, n_layers=2, n_linear=0, n_nodes=1000, n_partitions=16, node_rank=1, norm='layer', part_path='./partition/', partition_method='metis', partition_obj='cut', parts_per_node=10, port=18118, sampling_rate=1.0, save_model=False, seed=0, skip_partition=False, sub_rate=None, swap_bits=0, swap_rate=0, topolist=[8, 8], train_ratio=0.9, use_pp=True, uvm=False, val_ratio=0.05, weight=False, weight_decay=0)
process 8 started
process 9 started
process 10 started
process 11 started
process 12 started
process 13 started
process 14 started
loading partitions
for_commute,bns,rank 14 [(12, 17094), (11, 6767), (10, 4420), (9, 5341), (8, 2392), (7, 3565), (6, 3242), (5, 2578), (4, 2205), (3, 2591), (2, 2291), (1, 2611), (0, 719), (15, 20251), (13, 11793)] yelp-16-metis-cut-trans-8-8 16 10
loading partitions
for_commute,bns,rank 10 [(4, 3364), (3, 4040), (2, 2835), (1, 2661), (0, 1055), (15, 4657), (14, 4713), (13, 3673), (12, 6915), (11, 16668), (9, 18881), (8, 11153), (7, 3828), (6, 5872), (5, 4228)] yelp-16-metis-cut-trans-8-8 16 10
loading partitions
for_commute,bns,rank 8 [(0, 1130), (15, 3013), (14, 2842), (13, 3749), (12, 3758), (11, 14277), (10, 11386), (9, 16833), (7, 6519), (6, 9602), (5, 6882), (4, 6326), (3, 4278), (2, 2777), (1, 2627)] yelp-16-metis-cut-trans-8-8 16 10
loading partitions
for_commute,bns,rank 13 [(10, 3940), (9, 1780), (8, 3533), (7, 3351), (6, 7040), (5, 5494), (4, 4643), (3, 4879), (2, 2984), (1, 2984), (0, 1049), (15, 14629), (14, 15388), (12, 16598), (11, 4307)] yelp-16-metis-cut-trans-8-8 16 10
loading partitions
for_commute,bns,rank 9 [(2, 1838), (1, 1904), (0, 684), (15, 4107), (14, 5942), (13, 1688), (12, 2609), (11, 16401), (10, 14263), (8, 12936), (7, 5388), (6, 4512), (5, 3688), (4, 3139), (3, 2006)] yelp-16-metis-cut-trans-8-8 16 10
loading partitions
for_commute,bns,rank 12 [(8, 3344), (7, 2934), (6, 5115), (5, 3773), (4, 3274), (3, 3499), (2, 3058), (1, 2963), (0, 1148), (15, 18724), (14, 20107), (13, 15739), (11, 7514), (10, 6812), (9, 2744)] yelp-16-metis-cut-trans-8-8 16 10
loading partitions
for_commute,bns,rank 11 [(6, 9986), (5, 6304), (4, 5448), (3, 4153), (2, 3690), (1, 3655), (0, 1522), (15, 5483), (14, 6912), (13, 3945), (12, 7295), (10, 16316), (9, 21420), (8, 14509), (7, 7354)] yelp-16-metis-cut-trans-8-8 16 10
loading partitions
for_commute,bns,rank 15 [(14, 21407), (13, 11590), (12, 16016), (11, 5493), (10, 4493), (9, 4271), (8, 2604), (7, 3297), (6, 3484), (5, 2629), (4, 2280), (3, 2383), (2, 2136), (1, 2008), (0, 660)] yelp-16-metis-cut-trans-8-8 16 10
process 15 started
Pseudo-terminal will not be allocated because stdin is not a terminal.
Welcome to Ubuntu 22.04.3 LTS (GNU/Linux 6.5.0-25-generic x86_64)

 * Documentation:  https://help.ubuntu.com
 * Management:     https://landscape.canonical.com
 * Support:        https://ubuntu.com/advantage

This system has been minimized by removing packages and content that are
not required on a system that users do not log into.

To restore this content, you can run the 'unminimize' command.
hemeng reddit graphsage_partition 16 2 32 1 8
Namespace(backend='gloo', data_path='./dataset/', dataset='reddit', dropout=0.3, eval=True, fix_seed=True, graph_name='reddit-16-metis-cut-trans-8-8', heads=1, inductive=False, log_every=10, lr=0.003, master_addr='192.168.2.3', model='graphsage_partition', n_class=10, n_edges=10000, n_epochs=30, n_feat=100, n_hidden=32, n_layers=2, n_linear=0, n_nodes=1000, n_partitions=16, node_rank=1, norm='layer', part_path='./partition/', partition_method='metis', partition_obj='cut', parts_per_node=10, port=18118, sampling_rate=1.0, save_model=False, seed=0, skip_partition=False, sub_rate=None, swap_bits=0, swap_rate=0, topolist=[8, 8], train_ratio=0.9, use_pp=True, uvm=False, val_ratio=0.05, weight=False, weight_decay=0)
process 8 started
process 9 started
process 10 started
process 11 started
process 12 started
process 13 started
process 14 started
loading partitions
for_commute,bns,rank 8 [(0, 5082), (15, 8970), (14, 12405), (13, 11890), (12, 11182), (11, 9600), (10, 10095), (9, 11153), (7, 4432), (6, 3617), (5, 4174), (4, 5118), (3, 4963), (2, 3515), (1, 762)] reddit-16-metis-cut-trans-8-8 16 10
loading partitions
for_commute,bns,rank 11 [(6, 3624), (5, 4339), (4, 4208), (3, 5919), (2, 4332), (1, 611), (0, 5483), (15, 10091), (14, 12384), (13, 12116), (12, 12200), (10, 13967), (9, 9345), (8, 8937), (7, 4423)] reddit-16-metis-cut-trans-8-8 16 10
loading partitions
for_commute,bns,rank 10 [(4, 2809), (3, 4281), (2, 3544), (1, 334), (0, 3890), (15, 4944), (14, 8102), (13, 7485), (12, 6708), (11, 7593), (9, 5805), (8, 6903), (7, 2785), (6, 2214), (5, 2706)] reddit-16-metis-cut-trans-8-8 16 10
loading partitions
for_commute,bns,rank 15 [(14, 12935), (13, 12529), (12, 12453), (11, 10410), (10, 10525), (9, 10929), (8, 9464), (7, 4135), (6, 3080), (5, 3645), (4, 4126), (3, 4301), (2, 3473), (1, 292), (0, 4344)] reddit-16-metis-cut-trans-8-8 16 10
loading partitions
for_commute,bns,rank 9 [(2, 2235), (1, 604), (0, 3831), (15, 10156), (14, 11556), (13, 10381), (12, 9406), (11, 7992), (10, 7620), (8, 9459), (7, 3188), (6, 3100), (5, 3215), (4, 3101), (3, 3029)] reddit-16-metis-cut-trans-8-8 16 10
loading partitions
for_commute,bns,rank 13 [(10, 9725), (9, 8165), (8, 9071), (7, 5913), (6, 4309), (5, 5050), (4, 5360), (3, 6595), (2, 6052), (1, 649), (0, 6765), (15, 9650), (14, 13047), (12, 11303), (11, 9845)] reddit-16-metis-cut-trans-8-8 16 10
loading partitions
for_commute,bns,rank 14 [(12, 13710), (11, 11693), (10, 13092), (9, 10257), (8, 11751), (7, 8962), (6, 7676), (5, 7620), (4, 8501), (3, 9889), (2, 8348), (1, 2407), (0, 10202), (15, 12665), (13, 14236)] reddit-16-metis-cut-trans-8-8 16 10
loading partitions
for_commute,bns,rank 12 [(8, 9393), (7, 6270), (6, 5152), (5, 5221), (4, 6716), (3, 7192), (2, 6070), (1, 818), (0, 6294), (15, 7676), (14, 12274), (13, 10970), (11, 8394), (10, 9498), (9, 7092)] reddit-16-metis-cut-trans-8-8 16 10
process 15 started
Pseudo-terminal will not be allocated because stdin is not a terminal.
Welcome to Ubuntu 22.04.3 LTS (GNU/Linux 6.5.0-25-generic x86_64)

 * Documentation:  https://help.ubuntu.com
 * Management:     https://landscape.canonical.com
 * Support:        https://ubuntu.com/advantage

This system has been minimized by removing packages and content that are
not required on a system that users do not log into.

To restore this content, you can run the 'unminimize' command.
hemeng ogbn-mag graphsage_partition 16 2 32 1 8
Namespace(backend='gloo', data_path='./dataset/', dataset='ogbn-mag', dropout=0.3, eval=True, fix_seed=True, graph_name='ogbn-mag-16-metis-cut-trans-8-8', heads=1, inductive=False, log_every=10, lr=0.003, master_addr='192.168.2.3', model='graphsage_partition', n_class=10, n_edges=10000, n_epochs=30, n_feat=100, n_hidden=32, n_layers=2, n_linear=0, n_nodes=1000, n_partitions=16, node_rank=1, norm='layer', part_path='./partition/', partition_method='metis', partition_obj='cut', parts_per_node=10, port=18118, sampling_rate=1.0, save_model=False, seed=0, skip_partition=False, sub_rate=None, swap_bits=0, swap_rate=0, topolist=[8, 8], train_ratio=0.9, use_pp=True, uvm=False, val_ratio=0.05, weight=False, weight_decay=0)
process 8 started
process 9 started
process 10 started
process 11 started
process 12 started
process 13 started
process 14 started
loading partitions
begin to load ogb dataset ogbn-mag from ./dataset/
for_commute,bns,rank 9 [(2, 6347), (1, 11902), (0, 14469), (15, 21289), (14, 19987), (13, 15970), (12, 15817), (11, 20893), (10, 36788), (8, 35047), (7, 14989), (6, 9320), (5, 10456), (4, 12684), (3, 6414)] ogbn-mag-16-metis-cut-trans-8-8 16 10
loading partitions
begin to load ogb dataset ogbn-mag from ./dataset/
for_commute,bns,rank 10 [(4, 6052), (3, 9229), (2, 5679), (1, 17888), (0, 20193), (15, 15974), (14, 12330), (13, 11609), (12, 9609), (11, 38461), (9, 22673), (8, 20471), (7, 7619), (6, 6675), (5, 4779)] ogbn-mag-16-metis-cut-trans-8-8 16 10
loading partitions
begin to load ogb dataset ogbn-mag from ./dataset/
for_commute,bns,rank 8 [(0, 9898), (15, 29370), (14, 34720), (13, 17744), (12, 13726), (11, 31321), (10, 18001), (9, 31156), (7, 19049), (6, 10689), (5, 8559), (4, 13092), (3, 6426), (2, 8070), (1, 10747)] ogbn-mag-16-metis-cut-trans-8-8 16 10
loading partitions
begin to load ogb dataset ogbn-mag from ./dataset/
for_commute,bns,rank 15 [(14, 35742), (13, 36834), (12, 20975), (11, 17559), (10, 26375), (9, 29367), (8, 36740), (7, 16226), (6, 13795), (5, 14546), (4, 14694), (3, 6948), (2, 6610), (1, 9667), (0, 11024)] ogbn-mag-16-metis-cut-trans-8-8 16 10
loading partitions
begin to load ogb dataset ogbn-mag from ./dataset/
for_commute,bns,rank 11 [(6, 40323), (5, 46133), (4, 54791), (3, 60315), (2, 47237), (1, 50816), (0, 32176), (15, 38653), (14, 47200), (13, 56576), (12, 56446), (10, 46635), (9, 35639), (8, 59723), (7, 48026)] ogbn-mag-16-metis-cut-trans-8-8 16 10
loading partitions
begin to load ogb dataset ogbn-mag from ./dataset/
for_commute,bns,rank 13 [(10, 15057), (9, 17294), (8, 20406), (7, 17542), (6, 22763), (5, 12150), (4, 14133), (3, 8532), (2, 9872), (1, 11138), (0, 11179), (15, 32692), (14, 34877), (12, 56168), (11, 22183)] ogbn-mag-16-metis-cut-trans-8-8 16 10
loading partitions
begin to load ogb dataset ogbn-mag from ./dataset/
for_commute,bns,rank 14 [(12, 27842), (11, 11627), (10, 13702), (9, 21442), (8, 37670), (7, 15669), (6, 12105), (5, 13591), (4, 9887), (3, 4444), (2, 7535), (1, 7107), (0, 9993), (15, 35440), (13, 33029)] ogbn-mag-16-metis-cut-trans-8-8 16 10
loading partitions
begin to load ogb dataset ogbn-mag from ./dataset/
for_commute,bns,rank 12 [(8, 14566), (7, 21787), (6, 32087), (5, 13711), (4, 19015), (3, 8255), (2, 12726), (1, 10266), (0, 16725), (15, 22124), (14, 28721), (13, 58821), (11, 19334), (10, 11744), (9, 15736)] ogbn-mag-16-metis-cut-trans-8-8 16 10
process 15 started
Pseudo-terminal will not be allocated because stdin is not a terminal.
Welcome to Ubuntu 22.04.3 LTS (GNU/Linux 6.5.0-25-generic x86_64)

 * Documentation:  https://help.ubuntu.com
 * Management:     https://landscape.canonical.com
 * Support:        https://ubuntu.com/advantage

This system has been minimized by removing packages and content that are
not required on a system that users do not log into.

To restore this content, you can run the 'unminimize' command.
hemeng ogbn-proteins graphsage_partition 16 2 32 1 8
Namespace(backend='gloo', data_path='./dataset/', dataset='ogbn-proteins', dropout=0.3, eval=True, fix_seed=True, graph_name='ogbn-proteins-16-metis-cut-trans-8-8', heads=1, inductive=False, log_every=10, lr=0.003, master_addr='192.168.2.3', model='graphsage_partition', n_class=10, n_edges=10000, n_epochs=30, n_feat=100, n_hidden=32, n_layers=2, n_linear=0, n_nodes=1000, n_partitions=16, node_rank=1, norm='layer', part_path='./partition/', partition_method='metis', partition_obj='cut', parts_per_node=10, port=18118, sampling_rate=1.0, save_model=False, seed=0, skip_partition=False, sub_rate=None, swap_bits=0, swap_rate=0, topolist=[8, 8], train_ratio=0.9, use_pp=True, uvm=False, val_ratio=0.05, weight=False, weight_decay=0)
process 8 started
process 9 started
process 10 started
process 11 started
process 12 started
process 13 started
process 14 started
loading partitions
begin to load ogb dataset ogbn-proteins from ./dataset/
for_commute,bns,rank 12 [(8, 4173), (7, 2404), (6, 4380), (5, 4936), (4, 2906), (3, 5312), (2, 4205), (1, 2613), (0, 1291), (15, 7080), (14, 6879), (13, 6038), (11, 5957), (10, 5349), (9, 6613)] ogbn-proteins-16-metis-cut-trans-8-8 16 10
loading partitions
begin to load ogb dataset ogbn-proteins from ./dataset/
for_commute,bns,rank 13 [(10, 3679), (9, 4778), (8, 1463), (7, 1558), (6, 1602), (5, 2260), (4, 1952), (3, 1848), (2, 2858), (1, 2669), (0, 1074), (15, 7666), (14, 7642), (12, 4933), (11, 3669)] ogbn-proteins-16-metis-cut-trans-8-8 16 10
loading partitions
begin to load ogb dataset ogbn-proteins from ./dataset/
for_commute,bns,rank 8 [(0, 5998), (15, 5175), (14, 5224), (13, 4666), (12, 5647), (11, 6373), (10, 4806), (9, 6517), (7, 7088), (6, 7203), (5, 7747), (4, 6921), (3, 7313), (2, 7175), (1, 4934)] ogbn-proteins-16-metis-cut-trans-8-8 16 10
loading partitions
begin to load ogb dataset ogbn-proteins from ./dataset/
for_commute,bns,rank 10 [(4, 4528), (3, 4438), (2, 5906), (1, 5590), (0, 3992), (15, 6241), (14, 6240), (13, 4403), (12, 4563), (11, 7686), (9, 7976), (8, 4958), (7, 4301), (6, 3207), (5, 4327)] ogbn-proteins-16-metis-cut-trans-8-8 16 10
loading partitions
begin to load ogb dataset ogbn-proteins from ./dataset/
for_commute,bns,rank 15 [(14, 7561), (13, 7145), (12, 3749), (11, 3571), (10, 2364), (9, 4750), (8, 789), (7, 2105), (6, 3892), (5, 4455), (4, 2014), (3, 4026), (2, 3204), (1, 2502), (0, 927)] ogbn-proteins-16-metis-cut-trans-8-8 16 10
loading partitions
begin to load ogb dataset ogbn-proteins from ./dataset/
for_commute,bns,rank 9 [(2, 6545), (1, 3945), (0, 3920), (15, 5233), (14, 3337), (13, 2101), (12, 3927), (11, 4786), (10, 4782), (8, 1537), (7, 4598), (6, 5029), (5, 6140), (4, 4669), (3, 6148)] ogbn-proteins-16-metis-cut-trans-8-8 16 10
loading partitions
begin to load ogb dataset ogbn-proteins from ./dataset/
for_commute,bns,rank 14 [(12, 3248), (11, 2778), (10, 3220), (9, 4277), (8, 1579), (7, 1020), (6, 2271), (5, 2170), (4, 2549), (3, 3338), (2, 1971), (1, 2492), (0, 1103), (15, 7684), (13, 6818)] ogbn-proteins-16-metis-cut-trans-8-8 16 10
loading partitions
begin to load ogb dataset ogbn-proteins from ./dataset/
for_commute,bns,rank 11 [(6, 5216), (5, 6061), (4, 4303), (3, 6344), (2, 5612), (1, 5766), (0, 3442), (15, 5252), (14, 3443), (13, 1998), (12, 4254), (10, 6585), (9, 5256), (8, 1563), (7, 3536)] ogbn-proteins-16-metis-cut-trans-8-8 16 10
process 15 started
Pseudo-terminal will not be allocated because stdin is not a terminal.
Welcome to Ubuntu 22.04.3 LTS (GNU/Linux 6.5.0-25-generic x86_64)

 * Documentation:  https://help.ubuntu.com
 * Management:     https://landscape.canonical.com
 * Support:        https://ubuntu.com/advantage

This system has been minimized by removing packages and content that are
not required on a system that users do not log into.

To restore this content, you can run the 'unminimize' command.
hemeng am graphsage_partition 16 2 32 1 8
Namespace(backend='gloo', data_path='./dataset/', dataset='am', dropout=0.3, eval=True, fix_seed=True, graph_name='am-16-metis-cut-trans-8-8', heads=1, inductive=False, log_every=10, lr=0.003, master_addr='192.168.2.3', model='graphsage_partition', n_class=10, n_edges=10000, n_epochs=30, n_feat=100, n_hidden=32, n_layers=2, n_linear=0, n_nodes=1000, n_partitions=16, node_rank=1, norm='layer', part_path='./partition/', partition_method='metis', partition_obj='cut', parts_per_node=10, port=18118, sampling_rate=1.0, save_model=False, seed=0, skip_partition=False, sub_rate=None, swap_bits=0, swap_rate=0, topolist=[8, 8], train_ratio=0.9, use_pp=True, uvm=False, val_ratio=0.05, weight=False, weight_decay=0)
process 8 started
process 9 started
process 10 started
process 11 started
process 12 started
process 13 started
process 14 started
loading partitions
Done loading data from cached files.
for_commute,bns,rank 8 [(0, 597), (15, 1707), (14, 1695), (13, 1227), (12, 2516), (11, 2491), (10, 2254), (9, 2538), (7, 1855), (6, 1220), (5, 1701), (4, 1608), (3, 640), (2, 798), (1, 1049)] am-16-metis-cut-trans-8-8 16 10
loading partitions
Done loading data from cached files.
for_commute,bns,rank 11 [(6, 1440), (5, 2238), (4, 1278), (3, 277), (2, 932), (1, 385), (0, 2137), (15, 1352), (14, 3468), (13, 510), (12, 2384), (10, 2169), (9, 2051), (8, 2718), (7, 1273)] am-16-metis-cut-trans-8-8 16 10
loading partitions
Done loading data from cached files.
for_commute,bns,rank 14 [(12, 3157), (11, 4716), (10, 2108), (9, 2551), (8, 2106), (7, 1493), (6, 1843), (5, 1804), (4, 1140), (3, 176), (2, 631), (1, 301), (0, 1120), (15, 5573), (13, 403)] am-16-metis-cut-trans-8-8 16 10
loading partitions
Done loading data from cached files.
for_commute,bns,rank 15 [(14, 3195), (13, 624), (12, 2600), (11, 1628), (10, 1736), (9, 2759), (8, 2065), (7, 1756), (6, 2026), (5, 1756), (4, 1392), (3, 239), (2, 453), (1, 270), (0, 265)] am-16-metis-cut-trans-8-8 16 10
loading partitions
Done loading data from cached files.
for_commute,bns,rank 12 [(8, 1495), (7, 1280), (6, 1372), (5, 1412), (4, 1126), (3, 183), (2, 613), (1, 240), (0, 1222), (15, 685), (14, 631), (13, 1000), (11, 1056), (10, 774), (9, 1914)] am-16-metis-cut-trans-8-8 16 10
loading partitions
Done loading data from cached files.
for_commute,bns,rank 9 [(2, 1221), (1, 676), (0, 895), (15, 2793), (14, 2229), (13, 1224), (12, 3084), (11, 3123), (10, 3000), (8, 4707), (7, 2809), (6, 2911), (5, 2719), (4, 3313), (3, 650)] am-16-metis-cut-trans-8-8 16 10
loading partitions
Done loading data from cached files.
for_commute,bns,rank 13 [(10, 3999), (9, 3170), (8, 2554), (7, 2223), (6, 2162), (5, 2167), (4, 1582), (3, 228), (2, 855), (1, 335), (0, 1962), (15, 2629), (14, 2038), (12, 27027), (11, 2350)] am-16-metis-cut-trans-8-8 16 10
loading partitions
Done loading data from cached files.
for_commute,bns,rank 10 [(4, 1363), (3, 311), (2, 763), (1, 277), (0, 979), (15, 883), (14, 839), (13, 793), (12, 1616), (11, 1510), (9, 2167), (8, 1938), (7, 1730), (6, 1982), (5, 1711)] am-16-metis-cut-trans-8-8 16 10
process 15 started
Pseudo-terminal will not be allocated because stdin is not a terminal.
Welcome to Ubuntu 22.04.3 LTS (GNU/Linux 6.5.0-25-generic x86_64)

 * Documentation:  https://help.ubuntu.com
 * Management:     https://landscape.canonical.com
 * Support:        https://ubuntu.com/advantage

This system has been minimized by removing packages and content that are
not required on a system that users do not log into.

To restore this content, you can run the 'unminimize' command.
hemeng ogbn-arxiv graphsage_partition 8 2 32 1 4
Namespace(backend='gloo', data_path='./dataset/', dataset='ogbn-arxiv', dropout=0.3, eval=True, fix_seed=True, graph_name='ogbn-arxiv-8-metis-cut-trans-4-4', heads=1, inductive=False, log_every=10, lr=0.003, master_addr='192.168.2.3', model='graphsage_partition', n_class=10, n_edges=10000, n_epochs=30, n_feat=100, n_hidden=32, n_layers=2, n_linear=0, n_nodes=1000, n_partitions=8, node_rank=1, norm='layer', part_path='./partition/', partition_method='metis', partition_obj='cut', parts_per_node=10, port=18118, sampling_rate=1.0, save_model=False, seed=0, skip_partition=False, sub_rate=None, swap_bits=0, swap_rate=0, topolist=[4, 4], train_ratio=0.9, use_pp=True, uvm=False, val_ratio=0.05, weight=False, weight_decay=0)
process 4 started
process 5 started
process 6 started
loading partitions
begin to load ogb dataset ogbn-arxiv from ./dataset/
for_commute,bns,rank 5 [(2, 1663), (1, 1435), (0, 2123), (7, 2357), (6, 3482), (4, 4265), (3, 1063)] ogbn-arxiv-8-metis-cut-trans-4-4 8 10
loading partitions
begin to load ogb dataset ogbn-arxiv from ./dataset/
for_commute,bns,rank 6 [(4, 514), (3, 5651), (2, 1910), (1, 2255), (0, 1987), (7, 12914), (5, 3156)] ogbn-arxiv-8-metis-cut-trans-4-4 8 10
loading partitions
begin to load ogb dataset ogbn-arxiv from ./dataset/
for_commute,bns,rank 7 [(6, 11542), (5, 2391), (4, 400), (3, 5466), (2, 1792), (1, 2897), (0, 1423)] ogbn-arxiv-8-metis-cut-trans-4-4 8 10
loading partitions
begin to load ogb dataset ogbn-arxiv from ./dataset/
for_commute,bns,rank 4 [(0, 909), (7, 388), (6, 527), (5, 3516), (3, 198), (2, 430), (1, 682)] ogbn-arxiv-8-metis-cut-trans-4-4 8 10
process 7 started
Pseudo-terminal will not be allocated because stdin is not a terminal.
Welcome to Ubuntu 22.04.3 LTS (GNU/Linux 6.5.0-25-generic x86_64)

 * Documentation:  https://help.ubuntu.com
 * Management:     https://landscape.canonical.com
 * Support:        https://ubuntu.com/advantage

This system has been minimized by removing packages and content that are
not required on a system that users do not log into.

To restore this content, you can run the 'unminimize' command.
hemeng ogbn-products graphsage_partition 8 2 32 1 4
Namespace(backend='gloo', data_path='./dataset/', dataset='ogbn-products', dropout=0.3, eval=True, fix_seed=True, graph_name='ogbn-products-8-metis-cut-trans-4-4', heads=1, inductive=False, log_every=10, lr=0.003, master_addr='192.168.2.3', model='graphsage_partition', n_class=10, n_edges=10000, n_epochs=30, n_feat=100, n_hidden=32, n_layers=2, n_linear=0, n_nodes=1000, n_partitions=8, node_rank=1, norm='layer', part_path='./partition/', partition_method='metis', partition_obj='cut', parts_per_node=10, port=18118, sampling_rate=1.0, save_model=False, seed=0, skip_partition=False, sub_rate=None, swap_bits=0, swap_rate=0, topolist=[4, 4], train_ratio=0.9, use_pp=True, uvm=False, val_ratio=0.05, weight=False, weight_decay=0)
process 4 started
process 5 started
process 6 started
loading partitions
begin to load ogb dataset ogbn-products from ./dataset/
for_commute,bns,rank 7 [(6, 87584), (5, 43316), (4, 38340), (3, 16943), (2, 8023), (1, 4423), (0, 17934)] ogbn-products-8-metis-cut-trans-4-4 8 10
loading partitions
begin to load ogb dataset ogbn-products from ./dataset/
for_commute,bns,rank 4 [(0, 27105), (7, 37612), (6, 62818), (5, 71525), (3, 17542), (2, 11297), (1, 7678)] ogbn-products-8-metis-cut-trans-4-4 8 10
loading partitions
begin to load ogb dataset ogbn-products from ./dataset/
for_commute,bns,rank 5 [(2, 19095), (1, 16388), (0, 45492), (7, 45027), (6, 70234), (4, 74790), (3, 26687)] ogbn-products-8-metis-cut-trans-4-4 8 10
loading partitions
begin to load ogb dataset ogbn-products from ./dataset/
for_commute,bns,rank 6 [(4, 55006), (3, 16593), (2, 16506), (1, 10044), (0, 63061), (7, 91771), (5, 61275)] ogbn-products-8-metis-cut-trans-4-4 8 10
process 7 started
Pseudo-terminal will not be allocated because stdin is not a terminal.
Welcome to Ubuntu 22.04.3 LTS (GNU/Linux 6.5.0-25-generic x86_64)

 * Documentation:  https://help.ubuntu.com
 * Management:     https://landscape.canonical.com
 * Support:        https://ubuntu.com/advantage

This system has been minimized by removing packages and content that are
not required on a system that users do not log into.

To restore this content, you can run the 'unminimize' command.
hemeng yelp graphsage_partition 8 2 32 1 4
Namespace(backend='gloo', data_path='./dataset/', dataset='yelp', dropout=0.3, eval=True, fix_seed=True, graph_name='yelp-8-metis-cut-trans-4-4', heads=1, inductive=False, log_every=10, lr=0.003, master_addr='192.168.2.3', model='graphsage_partition', n_class=10, n_edges=10000, n_epochs=30, n_feat=100, n_hidden=32, n_layers=2, n_linear=0, n_nodes=1000, n_partitions=8, node_rank=1, norm='layer', part_path='./partition/', partition_method='metis', partition_obj='cut', parts_per_node=10, port=18118, sampling_rate=1.0, save_model=False, seed=0, skip_partition=False, sub_rate=None, swap_bits=0, swap_rate=0, topolist=[4, 4], train_ratio=0.9, use_pp=True, uvm=False, val_ratio=0.05, weight=False, weight_decay=0)
process 4 started
process 5 started
process 6 started
loading partitions
for_commute,bns,rank 7 [(6, 46534), (5, 9881), (4, 16777), (3, 13944), (2, 14467), (1, 7232), (0, 11978)] yelp-8-metis-cut-trans-4-4 8 10
loading partitions
for_commute,bns,rank 5 [(2, 12864), (1, 5319), (0, 9839), (7, 9443), (6, 17137), (4, 36149), (3, 17962)] yelp-8-metis-cut-trans-4-4 8 10
loading partitions
for_commute,bns,rank 6 [(4, 14954), (3, 11198), (2, 9165), (1, 5452), (0, 9759), (7, 37843), (5, 16283)] yelp-8-metis-cut-trans-4-4 8 10
loading partitions
for_commute,bns,rank 4 [(0, 13679), (7, 16200), (6, 15974), (5, 45482), (3, 25754), (2, 19470), (1, 9007)] yelp-8-metis-cut-trans-4-4 8 10
process 7 started
Pseudo-terminal will not be allocated because stdin is not a terminal.
Welcome to Ubuntu 22.04.3 LTS (GNU/Linux 6.5.0-25-generic x86_64)

 * Documentation:  https://help.ubuntu.com
 * Management:     https://landscape.canonical.com
 * Support:        https://ubuntu.com/advantage

This system has been minimized by removing packages and content that are
not required on a system that users do not log into.

To restore this content, you can run the 'unminimize' command.
hemeng reddit graphsage_partition 8 2 32 1 4
Namespace(backend='gloo', data_path='./dataset/', dataset='reddit', dropout=0.3, eval=True, fix_seed=True, graph_name='reddit-8-metis-cut-trans-4-4', heads=1, inductive=False, log_every=10, lr=0.003, master_addr='192.168.2.3', model='graphsage_partition', n_class=10, n_edges=10000, n_epochs=30, n_feat=100, n_hidden=32, n_layers=2, n_linear=0, n_nodes=1000, n_partitions=8, node_rank=1, norm='layer', part_path='./partition/', partition_method='metis', partition_obj='cut', parts_per_node=10, port=18118, sampling_rate=1.0, save_model=False, seed=0, skip_partition=False, sub_rate=None, swap_bits=0, swap_rate=0, topolist=[4, 4], train_ratio=0.9, use_pp=True, uvm=False, val_ratio=0.05, weight=False, weight_decay=0)
process 4 started
process 5 started
process 6 started
loading partitions
for_commute,bns,rank 4 [(0, 10022), (7, 18570), (6, 13387), (5, 16448), (3, 10085), (2, 4846), (1, 7081)] reddit-8-metis-cut-trans-4-4 8 10
loading partitions
for_commute,bns,rank 5 [(2, 7512), (1, 14492), (0, 17301), (7, 27552), (6, 21827), (4, 26150), (3, 15565)] reddit-8-metis-cut-trans-4-4 8 10
loading partitions
for_commute,bns,rank 6 [(4, 26197), (3, 11464), (2, 5969), (1, 10765), (0, 12996), (7, 27430), (5, 25168)] reddit-8-metis-cut-trans-4-4 8 10
loading partitions
for_commute,bns,rank 7 [(6, 24229), (5, 25709), (4, 26612), (3, 19589), (2, 10776), (1, 17738), (0, 19526)] reddit-8-metis-cut-trans-4-4 8 10
process 7 started
Pseudo-terminal will not be allocated because stdin is not a terminal.
Welcome to Ubuntu 22.04.3 LTS (GNU/Linux 6.5.0-25-generic x86_64)

 * Documentation:  https://help.ubuntu.com
 * Management:     https://landscape.canonical.com
 * Support:        https://ubuntu.com/advantage

This system has been minimized by removing packages and content that are
not required on a system that users do not log into.

To restore this content, you can run the 'unminimize' command.
hemeng ogbn-mag graphsage_partition 8 2 32 1 4
Namespace(backend='gloo', data_path='./dataset/', dataset='ogbn-mag', dropout=0.3, eval=True, fix_seed=True, graph_name='ogbn-mag-8-metis-cut-trans-4-4', heads=1, inductive=False, log_every=10, lr=0.003, master_addr='192.168.2.3', model='graphsage_partition', n_class=10, n_edges=10000, n_epochs=30, n_feat=100, n_hidden=32, n_layers=2, n_linear=0, n_nodes=1000, n_partitions=8, node_rank=1, norm='layer', part_path='./partition/', partition_method='metis', partition_obj='cut', parts_per_node=10, port=18118, sampling_rate=1.0, save_model=False, seed=0, skip_partition=False, sub_rate=None, swap_bits=0, swap_rate=0, topolist=[4, 4], train_ratio=0.9, use_pp=True, uvm=False, val_ratio=0.05, weight=False, weight_decay=0)
process 4 started
process 5 started
process 6 started
loading partitions
begin to load ogb dataset ogbn-mag from ./dataset/
for_commute,bns,rank 5 [(2, 92121), (1, 121286), (0, 91681), (7, 122529), (6, 75274), (4, 108511), (3, 99911)] ogbn-mag-8-metis-cut-trans-4-4 8 10
loading partitions
begin to load ogb dataset ogbn-mag from ./dataset/
for_commute,bns,rank 6 [(4, 91443), (3, 42437), (2, 49934), (1, 25170), (0, 29408), (7, 79507), (5, 53466)] ogbn-mag-8-metis-cut-trans-4-4 8 10
loading partitions
begin to load ogb dataset ogbn-mag from ./dataset/
for_commute,bns,rank 4 [(0, 32045), (7, 55458), (6, 80896), (5, 71631), (3, 49044), (2, 50212), (1, 27854)] ogbn-mag-8-metis-cut-trans-4-4 8 10
loading partitions
begin to load ogb dataset ogbn-mag from ./dataset/
for_commute,bns,rank 7 [(6, 77923), (5, 55584), (4, 60835), (3, 58046), (2, 67565), (1, 28832), (0, 38222)] ogbn-mag-8-metis-cut-trans-4-4 8 10
process 7 started
Pseudo-terminal will not be allocated because stdin is not a terminal.
Welcome to Ubuntu 22.04.3 LTS (GNU/Linux 6.5.0-25-generic x86_64)

 * Documentation:  https://help.ubuntu.com
 * Management:     https://landscape.canonical.com
 * Support:        https://ubuntu.com/advantage

This system has been minimized by removing packages and content that are
not required on a system that users do not log into.

To restore this content, you can run the 'unminimize' command.
hemeng ogbn-proteins graphsage_partition 8 2 32 1 4
Namespace(backend='gloo', data_path='./dataset/', dataset='ogbn-proteins', dropout=0.3, eval=True, fix_seed=True, graph_name='ogbn-proteins-8-metis-cut-trans-4-4', heads=1, inductive=False, log_every=10, lr=0.003, master_addr='192.168.2.3', model='graphsage_partition', n_class=10, n_edges=10000, n_epochs=30, n_feat=100, n_hidden=32, n_layers=2, n_linear=0, n_nodes=1000, n_partitions=8, node_rank=1, norm='layer', part_path='./partition/', partition_method='metis', partition_obj='cut', parts_per_node=10, port=18118, sampling_rate=1.0, save_model=False, seed=0, skip_partition=False, sub_rate=None, swap_bits=0, swap_rate=0, topolist=[4, 4], train_ratio=0.9, use_pp=True, uvm=False, val_ratio=0.05, weight=False, weight_decay=0)
process 4 started
process 5 started
process 6 started
loading partitions
begin to load ogb dataset ogbn-proteins from ./dataset/
for_commute,bns,rank 6 [(4, 14142), (3, 8448), (2, 7556), (1, 10100), (0, 5280), (7, 15446), (5, 11984)] ogbn-proteins-8-metis-cut-trans-4-4 8 10
loading partitions
begin to load ogb dataset ogbn-proteins from ./dataset/
for_commute,bns,rank 4 [(0, 10707), (7, 12600), (6, 11004), (5, 13852), (3, 12205), (2, 11501), (1, 14487)] ogbn-proteins-8-metis-cut-trans-4-4 8 10
loading partitions
begin to load ogb dataset ogbn-proteins from ./dataset/
for_commute,bns,rank 7 [(6, 12298), (5, 6990), (4, 7904), (3, 8273), (2, 7015), (1, 9551), (0, 4849)] ogbn-proteins-8-metis-cut-trans-4-4 8 10
loading partitions
begin to load ogb dataset ogbn-proteins from ./dataset/
for_commute,bns,rank 5 [(2, 14947), (1, 15830), (0, 14451), (7, 10036), (6, 9818), (4, 10738), (3, 15216)] ogbn-proteins-8-metis-cut-trans-4-4 8 10
process 7 started
Pseudo-terminal will not be allocated because stdin is not a terminal.
Welcome to Ubuntu 22.04.3 LTS (GNU/Linux 6.5.0-25-generic x86_64)

 * Documentation:  https://help.ubuntu.com
 * Management:     https://landscape.canonical.com
 * Support:        https://ubuntu.com/advantage

This system has been minimized by removing packages and content that are
not required on a system that users do not log into.

To restore this content, you can run the 'unminimize' command.
hemeng am graphsage_partition 8 2 32 1 4
Namespace(backend='gloo', data_path='./dataset/', dataset='am', dropout=0.3, eval=True, fix_seed=True, graph_name='am-8-metis-cut-trans-4-4', heads=1, inductive=False, log_every=10, lr=0.003, master_addr='192.168.2.3', model='graphsage_partition', n_class=10, n_edges=10000, n_epochs=30, n_feat=100, n_hidden=32, n_layers=2, n_linear=0, n_nodes=1000, n_partitions=8, node_rank=1, norm='layer', part_path='./partition/', partition_method='metis', partition_obj='cut', parts_per_node=10, port=18118, sampling_rate=1.0, save_model=False, seed=0, skip_partition=False, sub_rate=None, swap_bits=0, swap_rate=0, topolist=[4, 4], train_ratio=0.9, use_pp=True, uvm=False, val_ratio=0.05, weight=False, weight_decay=0)
process 4 started
process 5 started
process 6 started
loading partitions
Done loading data from cached files.
for_commute,bns,rank 6 [(4, 2352), (3, 6601), (2, 1674), (1, 3528), (0, 6570), (7, 6835), (5, 5701)] am-8-metis-cut-trans-4-4 8 10
loading partitions
Done loading data from cached files.
for_commute,bns,rank 5 [(2, 1826), (1, 2750), (0, 4979), (7, 8399), (6, 5696), (4, 8846), (3, 7268)] am-8-metis-cut-trans-4-4 8 10
loading partitions
Done loading data from cached files.
for_commute,bns,rank 4 [(0, 5774), (7, 6296), (6, 3823), (5, 8179), (3, 6216), (2, 1497), (1, 3027)] am-8-metis-cut-trans-4-4 8 10
loading partitions
Done loading data from cached files.
for_commute,bns,rank 7 [(6, 11429), (5, 11238), (4, 5946), (3, 11274), (2, 3013), (1, 4635), (0, 5577)] am-8-metis-cut-trans-4-4 8 10
process 7 started
