Pseudo-terminal will not be allocated because stdin is not a terminal.
Welcome to Ubuntu 22.04.3 LTS (GNU/Linux 6.5.0-25-generic x86_64)

 * Documentation:  https://help.ubuntu.com
 * Management:     https://landscape.canonical.com
 * Support:        https://ubuntu.com/advantage

This system has been minimized by removing packages and content that are
not required on a system that users do not log into.

To restore this content, you can run the 'unminimize' command.
hemeng ogbn-arxiv graphsage_partition 32 2 32 0 8
graph_partition_topo
begin to load ogb dataset ogbn-arxiv from ./dataset/
Namespace(backend='gloo', data_path='./dataset/', dataset='ogbn-arxiv', dropout=0.3, eval=True, fix_seed=True, graph_name='ogbn-arxiv-32-metis-cut-trans-8-8-8-8', heads=1, inductive=False, log_every=10, lr=0.003, master_addr='192.168.2.1', model='graphsage_partition', n_class=10, n_edges=10000, n_epochs=30, n_feat=100, n_hidden=32, n_layers=2, n_linear=0, n_nodes=1000, n_partitions=32, node_rank=0, norm='layer', part_path='./partition/', partition_method='metis', partition_obj='cut', parts_per_node=10, port=18119, sampling_rate=1.0, save_model=False, seed=0, skip_partition=False, sub_rate=None, swap_bits=0, swap_rate=0, topolist=[8, 8, 8, 8], train_ratio=0.9, use_pp=True, uvm=False, val_ratio=0.05, weight=False, weight_decay=0)
process 0 started
process 1 started
process 2 started
process 3 started
process 4 started
process 5 started
process 6 started
loading partitions
begin to load ogb dataset ogbn-arxiv from ./dataset/
for_commute,bns,rank 7 [(14, 166), (13, 230), (12, 145), (11, 146), (10, 131), (9, 130), (8, 125), (6, 401), (5, 194), (4, 307), (3, 271), (2, 237), (1, 210), (0, 197), (31, 106), (30, 134), (29, 108), (28, 64), (27, 103), (26, 109), (25, 50), (24, 58), (23, 30), (22, 59), (21, 51), (20, 26), (19, 75), (18, 39), (17, 161), (16, 74), (15, 124)] ogbn-arxiv-32-metis-cut-trans-8-8-8-8 32 10
loading partitions
begin to load ogb dataset ogbn-arxiv from ./dataset/
for_commute,bns,rank 0 [(31, 987), (30, 1035), (29, 483), (28, 587), (27, 618), (26, 675), (25, 506), (24, 387), (23, 18), (22, 15), (21, 67), (20, 9), (19, 88), (18, 17), (17, 40), (16, 40), (15, 676), (14, 171), (13, 58), (12, 339), (11, 85), (10, 46), (9, 15), (8, 53), (7, 166), (6, 134), (5, 370), (4, 646), (3, 1456), (2, 2281), (1, 2353)] ogbn-arxiv-32-metis-cut-trans-8-8-8-8 32 10
loading partitions
begin to load ogb dataset ogbn-arxiv from ./dataset/
for_commute,bns,rank 5 [(10, 236), (9, 42), (8, 99), (7, 165), (6, 33), (4, 675), (3, 565), (2, 611), (1, 435), (0, 285), (31, 76), (30, 100), (29, 55), (28, 65), (27, 113), (26, 151), (25, 37), (24, 29), (23, 13), (22, 37), (21, 43), (20, 27), (19, 82), (18, 30), (17, 26), (16, 40), (15, 98), (14, 92), (13, 68), (12, 245), (11, 203)] ogbn-arxiv-32-metis-cut-trans-8-8-8-8 32 10
loading partitions
begin to load ogb dataset ogbn-arxiv from ./dataset/
for_commute,bns,rank 4 [(8, 373), (7, 238), (6, 78), (5, 649), (3, 614), (2, 667), (1, 479), (0, 482), (31, 281), (30, 272), (29, 224), (28, 202), (27, 294), (26, 298), (25, 422), (24, 164), (23, 24), (22, 49), (21, 40), (20, 27), (19, 115), (18, 33), (17, 131), (16, 240), (15, 265), (14, 163), (13, 116), (12, 273), (11, 299), (10, 227), (9, 213)] ogbn-arxiv-32-metis-cut-trans-8-8-8-8 32 10
loading partitions
begin to load ogb dataset ogbn-arxiv from ./dataset/
for_commute,bns,rank 2 [(4, 901), (3, 1819), (1, 2001), (0, 2416), (31, 478), (30, 588), (29, 391), (28, 369), (27, 297), (26, 543), (25, 279), (24, 148), (23, 8), (22, 16), (21, 34), (20, 11), (19, 84), (18, 9), (17, 32), (16, 64), (15, 194), (14, 106), (13, 49), (12, 212), (11, 92), (10, 77), (9, 27), (8, 59), (7, 166), (6, 56), (5, 765)] ogbn-arxiv-32-metis-cut-trans-8-8-8-8 32 10
loading partitions
begin to load ogb dataset ogbn-arxiv from ./dataset/
for_commute,bns,rank 1 [(2, 1523), (0, 1875), (31, 672), (30, 473), (29, 496), (28, 763), (27, 636), (26, 613), (25, 460), (24, 265), (23, 16), (22, 18), (21, 38), (20, 8), (19, 55), (18, 21), (17, 31), (16, 37), (15, 633), (14, 189), (13, 59), (12, 219), (11, 52), (10, 51), (9, 35), (8, 34), (7, 218), (6, 93), (5, 507), (4, 558), (3, 1120)] ogbn-arxiv-32-metis-cut-trans-8-8-8-8 32 10
loading partitions
begin to load ogb dataset ogbn-arxiv from ./dataset/
Process Process-7:
Traceback (most recent call last):
  File "/root/miniconda3/envs/dgl-dev-gpu-121/lib/python3.8/multiprocessing/process.py", line 315, in _bootstrap
    self.run()
  File "/root/miniconda3/envs/dgl-dev-gpu-121/lib/python3.8/multiprocessing/process.py", line 108, in run
    self._target(*self._args, **self._kwargs)
  File "/root/SC24/pytorch/mytest/comp/RCGNN/train.py", line 734, in init_processes
    run(g, node_dict, gpb, args)
  File "/root/SC24/pytorch/mytest/comp/RCGNN/train.py", line 483, in run
    boundary = get_boundary(node_dict, gpb, args)
  File "/root/SC24/pytorch/mytest/comp/RCGNN/helper/utils.py", line 673, in get_boundary
    boundary_parts_info = [(tensor[0].item(), len(tensor)) for tensor in boundary_parts if tensor is not None]
  File "/root/SC24/pytorch/mytest/comp/RCGNN/helper/utils.py", line 673, in <listcomp>
    boundary_parts_info = [(tensor[0].item(), len(tensor)) for tensor in boundary_parts if tensor is not None]
IndexError: index 0 is out of bounds for dimension 0 with size 0
loading partitions
begin to load ogb dataset ogbn-arxiv from ./dataset/
for_commute,bns,rank 3 [(6, 168), (5, 637), (4, 606), (2, 1571), (1, 1166), (0, 1319), (31, 219), (30, 343), (29, 420), (28, 181), (27, 204), (26, 351), (25, 187), (24, 100), (23, 23), (22, 28), (21, 47), (20, 14), (19, 85), (18, 18), (17, 31), (16, 77), (15, 302), (14, 164), (13, 82), (12, 476), (11, 96), (10, 102), (9, 37), (8, 77), (7, 259)] ogbn-arxiv-32-metis-cut-trans-8-8-8-8 32 10
process 7 started
Pseudo-terminal will not be allocated because stdin is not a terminal.
Welcome to Ubuntu 22.04.3 LTS (GNU/Linux 6.5.0-25-generic x86_64)

 * Documentation:  https://help.ubuntu.com
 * Management:     https://landscape.canonical.com
 * Support:        https://ubuntu.com/advantage

This system has been minimized by removing packages and content that are
not required on a system that users do not log into.

To restore this content, you can run the 'unminimize' command.
hemeng ogbn-products graphsage_partition 32 2 32 0 8
graph_partition_topo
begin to load ogb dataset ogbn-products from ./dataset/
Namespace(backend='gloo', data_path='./dataset/', dataset='ogbn-products', dropout=0.3, eval=True, fix_seed=True, graph_name='ogbn-products-32-metis-cut-trans-8-8-8-8', heads=1, inductive=False, log_every=10, lr=0.003, master_addr='192.168.2.1', model='graphsage_partition', n_class=10, n_edges=10000, n_epochs=30, n_feat=100, n_hidden=32, n_layers=2, n_linear=0, n_nodes=1000, n_partitions=32, node_rank=0, norm='layer', part_path='./partition/', partition_method='metis', partition_obj='cut', parts_per_node=10, port=18119, sampling_rate=1.0, save_model=False, seed=0, skip_partition=False, sub_rate=None, swap_bits=0, swap_rate=0, topolist=[8, 8, 8, 8], train_ratio=0.9, use_pp=True, uvm=False, val_ratio=0.05, weight=False, weight_decay=0)
process 0 started
process 1 started
process 2 started
process 3 started
process 4 started
process 5 started
process 6 started
loading partitions
begin to load ogb dataset ogbn-products from ./dataset/
for_commute,bns,rank 4 [(8, 791), (7, 5103), (6, 763), (5, 23619), (3, 1084), (2, 1279), (1, 486), (0, 627), (31, 2489), (30, 488), (29, 143), (28, 305), (27, 281), (26, 187), (25, 169), (24, 261), (23, 160), (22, 159), (21, 280), (20, 185), (19, 1237), (18, 462), (17, 158), (16, 231), (15, 5197), (14, 459), (13, 365), (12, 83), (11, 1393), (10, 1308), (9, 359)] ogbn-products-32-metis-cut-trans-8-8-8-8 32 10
loading partitions
begin to load ogb dataset ogbn-products from ./dataset/
for_commute,bns,rank 3 [(6, 6209), (5, 2399), (4, 1448), (2, 29303), (1, 16048), (0, 22465), (31, 528), (30, 1116), (29, 1246), (28, 217), (27, 99), (26, 180), (25, 1280), (24, 279), (23, 1480), (22, 386), (21, 768), (20, 1289), (19, 1001), (18, 1524), (17, 759), (16, 1266), (15, 3608), (14, 318), (13, 428), (12, 71), (11, 466), (10, 473), (9, 7102), (8, 1501), (7, 9026)] ogbn-products-32-metis-cut-trans-8-8-8-8 32 10
loading partitions
begin to load ogb dataset ogbn-products from ./dataset/
for_commute,bns,rank 5 [(10, 996), (9, 1169), (8, 1343), (7, 10931), (6, 1599), (4, 23098), (3, 2836), (2, 2387), (1, 876), (0, 1756), (31, 2593), (30, 557), (29, 265), (28, 166), (27, 137), (26, 161), (25, 384), (24, 225), (23, 186), (22, 120), (21, 311), (20, 228), (19, 901), (18, 356), (17, 318), (16, 554), (15, 8548), (14, 342), (13, 214), (12, 48), (11, 1295)] ogbn-products-32-metis-cut-trans-8-8-8-8 32 10
loading partitions
begin to load ogb dataset ogbn-products from ./dataset/
for_commute,bns,rank 2 [(4, 825), (3, 19122), (1, 18857), (0, 15822), (31, 352), (30, 1655), (29, 1696), (28, 346), (27, 131), (26, 155), (25, 1759), (24, 845), (23, 801), (22, 223), (21, 374), (20, 963), (19, 522), (18, 285), (17, 512), (16, 1451), (15, 5765), (14, 624), (13, 695), (12, 45), (11, 621), (10, 1039), (9, 5241), (8, 686), (7, 16339), (6, 8821), (5, 1746)] ogbn-products-32-metis-cut-trans-8-8-8-8 32 10
loading partitions
begin to load ogb dataset ogbn-products from ./dataset/
for_commute,bns,rank 7 [(14, 798), (13, 720), (12, 125), (11, 1004), (10, 705), (9, 4249), (8, 704), (6, 8928), (5, 11958), (4, 5963), (3, 7125), (2, 19962), (1, 7799), (0, 6621), (31, 2094), (30, 2328), (29, 1619), (28, 291), (27, 144), (26, 258), (25, 1026), (24, 283), (23, 350), (22, 258), (21, 496), (20, 1729), (19, 1045), (18, 493), (17, 414), (16, 1498), (15, 6203)] ogbn-products-32-metis-cut-trans-8-8-8-8 32 10
loading partitions
begin to load ogb dataset ogbn-products from ./dataset/
for_commute,bns,rank 1 [(2, 20822), (0, 20114), (31, 2100), (30, 4010), (29, 1706), (28, 628), (27, 262), (26, 322), (25, 1518), (24, 716), (23, 1593), (22, 429), (21, 2371), (20, 2277), (19, 1160), (18, 1050), (17, 544), (16, 1441), (15, 1899), (14, 308), (13, 1678), (12, 260), (11, 1182), (10, 846), (9, 3824), (8, 1108), (7, 6905), (6, 3084), (5, 618), (4, 333), (3, 10717)] ogbn-products-32-metis-cut-trans-8-8-8-8 32 10
loading partitions
begin to load ogb dataset ogbn-products from ./dataset/
for_commute,bns,rank 0 [(31, 700), (30, 914), (29, 1695), (28, 368), (27, 701), (26, 246), (25, 1382), (24, 1014), (23, 5132), (22, 1181), (21, 1783), (20, 2571), (19, 4556), (18, 2301), (17, 1532), (16, 1677), (15, 2241), (14, 653), (13, 468), (12, 53), (11, 612), (10, 1252), (9, 9259), (8, 2785), (7, 6238), (6, 3822), (5, 1551), (4, 536), (3, 18232), (2, 18602), (1, 21412)] ogbn-products-32-metis-cut-trans-8-8-8-8 32 10
loading partitions
begin to load ogb dataset ogbn-products from ./dataset/
for_commute,bns,rank 6 [(12, 57), (11, 1099), (10, 1130), (9, 5941), (8, 513), (7, 9531), (5, 1385), (4, 634), (3, 5960), (2, 12758), (1, 3638), (0, 4616), (31, 131), (30, 661), (29, 921), (28, 235), (27, 429), (26, 176), (25, 1056), (24, 472), (23, 471), (22, 377), (21, 334), (20, 934), (19, 425), (18, 200), (17, 407), (16, 1288), (15, 5527), (14, 646), (13, 340)] ogbn-products-32-metis-cut-trans-8-8-8-8 32 10
process 7 started
Pseudo-terminal will not be allocated because stdin is not a terminal.
Welcome to Ubuntu 22.04.3 LTS (GNU/Linux 6.5.0-25-generic x86_64)

 * Documentation:  https://help.ubuntu.com
 * Management:     https://landscape.canonical.com
 * Support:        https://ubuntu.com/advantage

This system has been minimized by removing packages and content that are
not required on a system that users do not log into.

To restore this content, you can run the 'unminimize' command.
hemeng yelp graphsage_partition 32 2 32 0 8
graph_partition_topo
Namespace(backend='gloo', data_path='./dataset/', dataset='yelp', dropout=0.3, eval=True, fix_seed=True, graph_name='yelp-32-metis-cut-trans-8-8-8-8', heads=1, inductive=False, log_every=10, lr=0.003, master_addr='192.168.2.1', model='graphsage_partition', n_class=10, n_edges=10000, n_epochs=30, n_feat=100, n_hidden=32, n_layers=2, n_linear=0, n_nodes=1000, n_partitions=32, node_rank=0, norm='layer', part_path='./partition/', partition_method='metis', partition_obj='cut', parts_per_node=10, port=18119, sampling_rate=1.0, save_model=False, seed=0, skip_partition=False, sub_rate=None, swap_bits=0, swap_rate=0, topolist=[8, 8, 8, 8], train_ratio=0.9, use_pp=True, uvm=False, val_ratio=0.05, weight=False, weight_decay=0)
process 0 started
process 1 started
process 2 started
process 3 started
process 4 started
process 5 started
process 6 started
loading partitions
for_commute,bns,rank 6 [(12, 1286), (11, 1448), (10, 1959), (9, 2661), (8, 3432), (7, 5054), (5, 1414), (4, 1321), (3, 1621), (2, 1383), (1, 580), (0, 654), (31, 391), (30, 485), (29, 443), (28, 589), (27, 1738), (26, 718), (25, 839), (24, 834), (23, 417), (22, 972), (21, 409), (20, 581), (19, 609), (18, 590), (17, 740), (16, 631), (15, 1444), (14, 1331), (13, 1473)] yelp-32-metis-cut-trans-8-8-8-8 32 10
loading partitions
for_commute,bns,rank 5 [(10, 1259), (9, 2199), (8, 1655), (7, 1294), (6, 1304), (4, 5030), (3, 1337), (2, 1151), (1, 406), (0, 420), (31, 540), (30, 656), (29, 469), (28, 409), (27, 709), (26, 960), (25, 1205), (24, 1019), (23, 546), (22, 949), (21, 519), (20, 612), (19, 717), (18, 786), (17, 429), (16, 715), (15, 907), (14, 858), (13, 869), (12, 883), (11, 1091)] yelp-32-metis-cut-trans-8-8-8-8 32 10
loading partitions
for_commute,bns,rank 7 [(14, 1078), (13, 1136), (12, 801), (11, 1689), (10, 1609), (9, 2225), (8, 2307), (6, 3125), (5, 1238), (4, 1252), (3, 1981), (2, 1217), (1, 521), (0, 341), (31, 349), (30, 468), (29, 373), (28, 485), (27, 542), (26, 843), (25, 974), (24, 736), (23, 429), (22, 795), (21, 422), (20, 540), (19, 594), (18, 699), (17, 671), (16, 612), (15, 1217)] yelp-32-metis-cut-trans-8-8-8-8 32 10
loading partitions
for_commute,bns,rank 4 [(8, 3156), (7, 1523), (6, 1557), (5, 6523), (3, 1318), (2, 1138), (1, 653), (0, 388), (31, 311), (30, 443), (29, 411), (28, 605), (27, 608), (26, 809), (25, 971), (24, 725), (23, 368), (22, 565), (21, 356), (20, 505), (19, 587), (18, 783), (17, 674), (16, 579), (15, 1438), (14, 1418), (13, 1521), (12, 862), (11, 1801), (10, 2240), (9, 3284)] yelp-32-metis-cut-trans-8-8-8-8 32 10
loading partitions
for_commute,bns,rank 3 [(6, 1397), (5, 1275), (4, 1232), (2, 2335), (1, 1312), (0, 808), (31, 321), (30, 383), (29, 347), (28, 450), (27, 518), (26, 724), (25, 899), (24, 666), (23, 324), (22, 714), (21, 362), (20, 509), (19, 538), (18, 667), (17, 550), (16, 555), (15, 1174), (14, 1103), (13, 1119), (12, 712), (11, 1189), (10, 1414), (9, 2635), (8, 1635), (7, 2029)] yelp-32-metis-cut-trans-8-8-8-8 32 10
loading partitions
for_commute,bns,rank 0 [(31, 287), (30, 160), (29, 254), (28, 192), (27, 253), (26, 325), (25, 504), (24, 330), (23, 162), (22, 358), (21, 124), (20, 202), (19, 180), (18, 225), (17, 167), (16, 159), (15, 683), (14, 580), (13, 746), (12, 1128), (11, 570), (10, 600), (9, 1171), (8, 676), (7, 340), (6, 614), (5, 411), (4, 369), (3, 754), (2, 2416), (1, 5582)] yelp-32-metis-cut-trans-8-8-8-8 32 10
loading partitions
for_commute,bns,rank 2 [(4, 1104), (3, 2966), (1, 3110), (0, 3170), (31, 354), (30, 343), (29, 322), (28, 446), (27, 500), (26, 659), (25, 735), (24, 722), (23, 342), (22, 606), (21, 269), (20, 368), (19, 426), (18, 555), (17, 479), (16, 515), (15, 1359), (14, 1315), (13, 1457), (12, 1349), (11, 1314), (10, 1738), (9, 3041), (8, 1781), (7, 1455), (6, 1401), (5, 1350)] yelp-32-metis-cut-trans-8-8-8-8 32 10
loading partitions
for_commute,bns,rank 1 [(2, 2756), (0, 8191), (31, 152), (30, 203), (29, 273), (28, 430), (27, 306), (26, 564), (25, 635), (24, 428), (23, 161), (22, 232), (21, 141), (20, 254), (19, 251), (18, 462), (17, 442), (16, 295), (15, 1518), (14, 1390), (13, 1706), (12, 790), (11, 1437), (10, 1536), (9, 2380), (8, 1739), (7, 512), (6, 588), (5, 424), (4, 635), (3, 1204)] yelp-32-metis-cut-trans-8-8-8-8 32 10
process 7 started
Pseudo-terminal will not be allocated because stdin is not a terminal.
Welcome to Ubuntu 22.04.3 LTS (GNU/Linux 6.5.0-25-generic x86_64)

 * Documentation:  https://help.ubuntu.com
 * Management:     https://landscape.canonical.com
 * Support:        https://ubuntu.com/advantage

This system has been minimized by removing packages and content that are
not required on a system that users do not log into.

To restore this content, you can run the 'unminimize' command.
hemeng reddit graphsage_partition 32 2 32 0 8
graph_partition_topo
Namespace(backend='gloo', data_path='./dataset/', dataset='reddit', dropout=0.3, eval=True, fix_seed=True, graph_name='reddit-32-metis-cut-trans-8-8-8-8', heads=1, inductive=False, log_every=10, lr=0.003, master_addr='192.168.2.1', model='graphsage_partition', n_class=10, n_edges=10000, n_epochs=30, n_feat=100, n_hidden=32, n_layers=2, n_linear=0, n_nodes=1000, n_partitions=32, node_rank=0, norm='layer', part_path='./partition/', partition_method='metis', partition_obj='cut', parts_per_node=10, port=18119, sampling_rate=1.0, save_model=False, seed=0, skip_partition=False, sub_rate=None, swap_bits=0, swap_rate=0, topolist=[8, 8, 8, 8], train_ratio=0.9, use_pp=True, uvm=False, val_ratio=0.05, weight=False, weight_decay=0)
process 0 started
process 1 started
process 2 started
process 3 started
process 4 started
process 5 started
process 6 started
loading partitions
for_commute,bns,rank 3 [(6, 744), (5, 262), (4, 239), (2, 1124), (1, 44), (0, 70), (31, 1457), (30, 1519), (29, 1753), (28, 1877), (27, 682), (26, 859), (25, 1690), (24, 1251), (23, 682), (22, 1933), (21, 440), (20, 780), (19, 862), (18, 783), (17, 1119), (16, 1186), (15, 1668), (14, 1197), (13, 637), (12, 427), (11, 689), (10, 392), (9, 989), (8, 359), (7, 452)] reddit-32-metis-cut-trans-8-8-8-8 32 10
loading partitions
for_commute,bns,rank 2 [(4, 5889), (3, 5866), (1, 5291), (0, 3819), (31, 2300), (30, 1881), (29, 2396), (28, 2219), (27, 1131), (26, 1043), (25, 2043), (24, 2485), (23, 726), (22, 1415), (21, 807), (20, 1692), (19, 718), (18, 631), (17, 761), (16, 1029), (15, 1839), (14, 1031), (13, 749), (12, 621), (11, 1452), (10, 931), (9, 1327), (8, 1317), (7, 5380), (6, 5856), (5, 5738)] reddit-32-metis-cut-trans-8-8-8-8 32 10
loading partitions
for_commute,bns,rank 0 [(31, 129), (30, 225), (29, 146), (28, 229), (27, 40), (26, 50), (25, 93), (24, 160), (23, 25), (22, 58), (21, 16), (20, 79), (19, 18), (18, 13), (17, 37), (16, 55), (15, 68), (14, 30), (13, 54), (12, 32), (11, 57), (10, 296), (9, 1098), (8, 2278), (7, 45), (6, 233), (5, 93), (4, 67), (3, 273), (2, 384), (1, 6231)] reddit-32-metis-cut-trans-8-8-8-8 32 10
loading partitions
for_commute,bns,rank 4 [(8, 546), (7, 6584), (6, 6850), (5, 6801), (3, 2318), (2, 2964), (1, 25), (0, 168), (31, 1767), (30, 1122), (29, 1415), (28, 1760), (27, 1006), (26, 794), (25, 1481), (24, 1810), (23, 556), (22, 900), (21, 282), (20, 824), (19, 419), (18, 258), (17, 330), (16, 556), (15, 671), (14, 263), (13, 256), (12, 156), (11, 645), (10, 328), (9, 770)] reddit-32-metis-cut-trans-8-8-8-8 32 10
loading partitions
for_commute,bns,rank 5 [(10, 319), (9, 656), (8, 383), (7, 6631), (6, 6884), (4, 6796), (3, 1424), (2, 2306), (1, 23), (0, 42), (31, 1708), (30, 1222), (29, 1594), (28, 1545), (27, 902), (26, 827), (25, 1490), (24, 1836), (23, 327), (22, 674), (21, 315), (20, 1218), (19, 331), (18, 316), (17, 416), (16, 415), (15, 645), (14, 247), (13, 254), (12, 266), (11, 591)] reddit-32-metis-cut-trans-8-8-8-8 32 10
loading partitions
for_commute,bns,rank 1 [(2, 446), (0, 6911), (31, 180), (30, 137), (29, 98), (28, 135), (27, 23), (26, 23), (25, 97), (24, 157), (23, 58), (22, 85), (21, 23), (20, 86), (19, 16), (18, 21), (17, 45), (16, 44), (15, 55), (14, 29), (13, 65), (12, 8), (11, 49), (10, 309), (9, 1360), (8, 2509), (7, 39), (6, 127), (5, 13), (4, 26), (3, 227)] reddit-32-metis-cut-trans-8-8-8-8 32 10
loading partitions
for_commute,bns,rank 7 [(14, 437), (13, 470), (12, 363), (11, 790), (10, 440), (9, 963), (8, 609), (6, 6899), (5, 6749), (4, 6776), (3, 4825), (2, 2778), (1, 23), (0, 74), (31, 1975), (30, 1443), (29, 1964), (28, 2034), (27, 1117), (26, 861), (25, 1648), (24, 2076), (23, 447), (22, 929), (21, 461), (20, 1203), (19, 585), (18, 413), (17, 483), (16, 474), (15, 1094)] reddit-32-metis-cut-trans-8-8-8-8 32 10
loading partitions
for_commute,bns,rank 6 [(12, 335), (11, 1000), (10, 598), (9, 1129), (8, 766), (7, 6841), (5, 6948), (4, 6942), (3, 2193), (2, 1606), (1, 79), (0, 433), (31, 2742), (30, 1883), (29, 2697), (28, 2773), (27, 1659), (26, 1373), (25, 2242), (24, 2755), (23, 669), (22, 1407), (21, 782), (20, 1458), (19, 1082), (18, 669), (17, 735), (16, 883), (15, 1356), (14, 586), (13, 471)] reddit-32-metis-cut-trans-8-8-8-8 32 10
process 7 started
Pseudo-terminal will not be allocated because stdin is not a terminal.
Welcome to Ubuntu 22.04.3 LTS (GNU/Linux 6.5.0-25-generic x86_64)

 * Documentation:  https://help.ubuntu.com
 * Management:     https://landscape.canonical.com
 * Support:        https://ubuntu.com/advantage

This system has been minimized by removing packages and content that are
not required on a system that users do not log into.

To restore this content, you can run the 'unminimize' command.
hemeng ogbn-mag graphsage_partition 32 2 32 0 8
graph_partition_topo
begin to load ogb dataset ogbn-mag from ./dataset/
Namespace(backend='gloo', data_path='./dataset/', dataset='ogbn-mag', dropout=0.3, eval=True, fix_seed=True, graph_name='ogbn-mag-32-metis-cut-trans-8-8-8-8', heads=1, inductive=False, log_every=10, lr=0.003, master_addr='192.168.2.1', model='graphsage_partition', n_class=10, n_edges=10000, n_epochs=30, n_feat=100, n_hidden=32, n_layers=2, n_linear=0, n_nodes=1000, n_partitions=32, node_rank=0, norm='layer', part_path='./partition/', partition_method='metis', partition_obj='cut', parts_per_node=10, port=18119, sampling_rate=1.0, save_model=False, seed=0, skip_partition=False, sub_rate=None, swap_bits=0, swap_rate=0, topolist=[8, 8, 8, 8], train_ratio=0.9, use_pp=True, uvm=False, val_ratio=0.05, weight=False, weight_decay=0)
process 0 started
process 1 started
process 2 started
process 3 started
process 4 started
process 5 started
process 6 started
loading partitions
begin to load ogb dataset ogbn-mag from ./dataset/
for_commute,bns,rank 0 [(31, 1731), (30, 2399), (29, 6305), (28, 8518), (27, 1861), (26, 1617), (25, 4845), (24, 2667), (23, 4493), (22, 1518), (21, 2267), (20, 2407), (19, 2433), (18, 3050), (17, 7494), (16, 2487), (15, 3539), (14, 3702), (13, 5333), (12, 3391), (11, 15014), (10, 6593), (9, 2031), (8, 2898), (7, 9773), (6, 8094), (5, 4359), (4, 10392), (3, 21603), (2, 10891), (1, 13632)] ogbn-mag-32-metis-cut-trans-8-8-8-8 32 10
loading partitions
begin to load ogb dataset ogbn-mag from ./dataset/
for_commute,bns,rank 7 [(14, 5144), (13, 3029), (12, 6045), (11, 3324), (10, 2419), (9, 5130), (8, 8994), (6, 18912), (5, 4948), (4, 12744), (3, 3676), (2, 4257), (1, 3229), (0, 5659), (31, 3890), (30, 3986), (29, 7222), (28, 3591), (27, 5090), (26, 3204), (25, 3832), (24, 3299), (23, 4894), (22, 5192), (21, 4636), (20, 4922), (19, 1749), (18, 2639), (17, 6795), (16, 8070), (15, 2601)] ogbn-mag-32-metis-cut-trans-8-8-8-8 32 10
loading partitions
begin to load ogb dataset ogbn-mag from ./dataset/
for_commute,bns,rank 1 [(2, 6211), (0, 12156), (31, 1900), (30, 2246), (29, 2933), (28, 2751), (27, 2296), (26, 2304), (25, 2522), (24, 2414), (23, 3707), (22, 1743), (21, 1685), (20, 3045), (19, 2029), (18, 2506), (17, 3404), (16, 2490), (15, 2416), (14, 2585), (13, 6555), (12, 2860), (11, 2821), (10, 5992), (9, 3427), (8, 3797), (7, 3587), (6, 4321), (5, 4663), (4, 12110), (3, 7260)] ogbn-mag-32-metis-cut-trans-8-8-8-8 32 10
loading partitions
begin to load ogb dataset ogbn-mag from ./dataset/
for_commute,bns,rank 3 [(6, 5802), (5, 2309), (4, 4494), (2, 11127), (1, 9161), (0, 18230), (31, 1305), (30, 1622), (29, 3115), (28, 3284), (27, 2946), (26, 1230), (25, 3264), (24, 2991), (23, 4737), (22, 2469), (21, 3275), (20, 4743), (19, 1621), (18, 2696), (17, 2670), (16, 2282), (15, 1344), (14, 2222), (13, 2705), (12, 2131), (11, 2977), (10, 2519), (9, 1552), (8, 2286), (7, 4517)] ogbn-mag-32-metis-cut-trans-8-8-8-8 32 10
loading partitions
begin to load ogb dataset ogbn-mag from ./dataset/
for_commute,bns,rank 6 [(12, 1745), (11, 1291), (10, 1925), (9, 2988), (8, 4283), (7, 8726), (5, 2811), (4, 4422), (3, 3688), (2, 3424), (1, 2147), (0, 3397), (31, 1518), (30, 1157), (29, 1152), (28, 1045), (27, 1612), (26, 1704), (25, 3545), (24, 1315), (23, 1797), (22, 1191), (21, 1638), (20, 1963), (19, 1398), (18, 1584), (17, 1789), (16, 1771), (15, 1142), (14, 1825), (13, 1645)] ogbn-mag-32-metis-cut-trans-8-8-8-8 32 10
loading partitions
begin to load ogb dataset ogbn-mag from ./dataset/
for_commute,bns,rank 2 [(4, 5917), (3, 12167), (1, 7078), (0, 11412), (31, 2909), (30, 3260), (29, 3735), (28, 5084), (27, 2907), (26, 3201), (25, 4609), (24, 3142), (23, 7120), (22, 2786), (21, 4378), (20, 3919), (19, 4665), (18, 5697), (17, 6379), (16, 4127), (15, 3572), (14, 3273), (13, 4285), (12, 2977), (11, 4137), (10, 7231), (9, 3821), (8, 3385), (7, 6753), (6, 6316), (5, 9701)] ogbn-mag-32-metis-cut-trans-8-8-8-8 32 10
loading partitions
begin to load ogb dataset ogbn-mag from ./dataset/
for_commute,bns,rank 4 [(8, 3083), (7, 11798), (6, 8980), (5, 4300), (3, 4640), (2, 5295), (1, 9594), (0, 9797), (31, 1845), (30, 2103), (29, 3423), (28, 2816), (27, 2113), (26, 1674), (25, 3350), (24, 3435), (23, 3244), (22, 1785), (21, 2110), (20, 2085), (19, 2259), (18, 2377), (17, 4994), (16, 3274), (15, 4161), (14, 7339), (13, 9136), (12, 6697), (11, 3334), (10, 4244), (9, 4723)] ogbn-mag-32-metis-cut-trans-8-8-8-8 32 10
loading partitions
begin to load ogb dataset ogbn-mag from ./dataset/
for_commute,bns,rank 5 [(10, 6888), (9, 6224), (8, 4780), (7, 5472), (6, 3628), (4, 4372), (3, 2735), (2, 9264), (1, 4923), (0, 4515), (31, 1716), (30, 2396), (29, 3512), (28, 2539), (27, 1446), (26, 2890), (25, 2315), (24, 1673), (23, 3556), (22, 2326), (21, 2653), (20, 1858), (19, 5408), (18, 6537), (17, 8627), (16, 4166), (15, 3807), (14, 3209), (13, 5202), (12, 3148), (11, 2810)] ogbn-mag-32-metis-cut-trans-8-8-8-8 32 10
process 7 started
Pseudo-terminal will not be allocated because stdin is not a terminal.
Welcome to Ubuntu 22.04.3 LTS (GNU/Linux 6.5.0-25-generic x86_64)

 * Documentation:  https://help.ubuntu.com
 * Management:     https://landscape.canonical.com
 * Support:        https://ubuntu.com/advantage

This system has been minimized by removing packages and content that are
not required on a system that users do not log into.

To restore this content, you can run the 'unminimize' command.
hemeng ogbn-proteins graphsage_partition 32 2 32 0 8
graph_partition_topo
begin to load ogb dataset ogbn-proteins from ./dataset/
Namespace(backend='gloo', data_path='./dataset/', dataset='ogbn-proteins', dropout=0.3, eval=True, fix_seed=True, graph_name='ogbn-proteins-32-metis-cut-trans-8-8-8-8', heads=1, inductive=False, log_every=10, lr=0.003, master_addr='192.168.2.1', model='graphsage_partition', n_class=10, n_edges=10000, n_epochs=30, n_feat=100, n_hidden=32, n_layers=2, n_linear=0, n_nodes=1000, n_partitions=32, node_rank=0, norm='layer', part_path='./partition/', partition_method='metis', partition_obj='cut', parts_per_node=10, port=18119, sampling_rate=1.0, save_model=False, seed=0, skip_partition=False, sub_rate=None, swap_bits=0, swap_rate=0, topolist=[8, 8, 8, 8], train_ratio=0.9, use_pp=True, uvm=False, val_ratio=0.05, weight=False, weight_decay=0)
process 0 started
process 1 started
process 2 started
process 3 started
process 4 started
process 5 started
process 6 started
loading partitions
begin to load ogb dataset ogbn-proteins from ./dataset/
for_commute,bns,rank 6 [(12, 1872), (11, 1102), (10, 1837), (9, 2455), (8, 2647), (7, 3642), (5, 3810), (4, 2675), (3, 3875), (2, 3452), (1, 2801), (0, 2818), (31, 2253), (30, 1125), (29, 2674), (28, 1054), (27, 502), (26, 693), (25, 1781), (24, 1106), (23, 2640), (22, 723), (21, 1090), (20, 562), (19, 1160), (18, 1289), (17, 1532), (16, 2053), (15, 900), (14, 1171), (13, 2988)] ogbn-proteins-32-metis-cut-trans-8-8-8-8 32 10
loading partitions
begin to load ogb dataset ogbn-proteins from ./dataset/
for_commute,bns,rank 5 [(10, 2439), (9, 2997), (8, 3087), (7, 3637), (6, 3912), (4, 3197), (3, 3346), (2, 3220), (1, 3905), (0, 4062), (31, 682), (30, 473), (29, 202), (28, 1490), (27, 484), (26, 541), (25, 394), (24, 743), (23, 1335), (22, 614), (21, 140), (20, 1198), (19, 1410), (18, 1499), (17, 1417), (16, 691), (15, 2861), (14, 3059), (13, 1424), (12, 1855), (11, 1451)] ogbn-proteins-32-metis-cut-trans-8-8-8-8 32 10
loading partitions
begin to load ogb dataset ogbn-proteins from ./dataset/
for_commute,bns,rank 4 [(8, 2860), (7, 3901), (6, 4011), (5, 4014), (3, 4253), (2, 4152), (1, 4245), (0, 4253), (31, 2625), (30, 2498), (29, 2169), (28, 2774), (27, 2934), (26, 2203), (25, 1627), (24, 1595), (23, 2807), (22, 1780), (21, 1118), (20, 2282), (19, 3331), (18, 2451), (17, 3213), (16, 2369), (15, 3787), (14, 3870), (13, 3907), (12, 4028), (11, 2456), (10, 3223), (9, 3919)] ogbn-proteins-32-metis-cut-trans-8-8-8-8 32 10
loading partitions
begin to load ogb dataset ogbn-proteins from ./dataset/
for_commute,bns,rank 7 [(14, 2183), (13, 1800), (12, 3345), (11, 1521), (10, 2050), (9, 2737), (8, 2952), (6, 3931), (5, 3891), (4, 2568), (3, 3487), (2, 4134), (1, 3590), (0, 3966), (31, 532), (30, 414), (29, 876), (28, 2391), (27, 328), (26, 729), (25, 848), (24, 711), (23, 1416), (22, 1537), (21, 235), (20, 693), (19, 1551), (18, 1123), (17, 2263), (16, 819), (15, 2201)] ogbn-proteins-32-metis-cut-trans-8-8-8-8 32 10
loading partitions
begin to load ogb dataset ogbn-proteins from ./dataset/
for_commute,bns,rank 3 [(6, 3100), (5, 2516), (4, 3473), (2, 4258), (1, 4215), (0, 4246), (31, 2555), (30, 1174), (29, 1536), (28, 857), (27, 661), (26, 701), (25, 1399), (24, 1308), (23, 2285), (22, 481), (21, 1113), (20, 1019), (19, 3283), (18, 1414), (17, 848), (16, 2182), (15, 1223), (14, 1287), (13, 3054), (12, 879), (11, 1247), (10, 2269), (9, 1717), (8, 701), (7, 2131)] ogbn-proteins-32-metis-cut-trans-8-8-8-8 32 10
loading partitions
begin to load ogb dataset ogbn-proteins from ./dataset/
for_commute,bns,rank 2 [(4, 2026), (3, 4250), (1, 4202), (0, 4256), (31, 339), (30, 393), (29, 1914), (28, 2119), (27, 339), (26, 724), (25, 1154), (24, 771), (23, 1491), (22, 1435), (21, 196), (20, 344), (19, 3306), (18, 817), (17, 2375), (16, 665), (15, 1078), (14, 1155), (13, 1051), (12, 3174), (11, 1314), (10, 1169), (9, 1293), (8, 713), (7, 3120), (6, 1790), (5, 1449)] ogbn-proteins-32-metis-cut-trans-8-8-8-8 32 10
loading partitions
begin to load ogb dataset ogbn-proteins from ./dataset/
for_commute,bns,rank 1 [(2, 4255), (0, 4252), (31, 629), (30, 396), (29, 292), (28, 1300), (27, 470), (26, 406), (25, 378), (24, 705), (23, 936), (22, 763), (21, 140), (20, 1335), (19, 1878), (18, 1270), (17, 1374), (16, 519), (15, 2739), (14, 2286), (13, 882), (12, 1366), (11, 2307), (10, 2547), (9, 3309), (8, 1763), (7, 3270), (6, 2550), (5, 3611), (4, 3689), (3, 4249)] ogbn-proteins-32-metis-cut-trans-8-8-8-8 32 10
loading partitions
begin to load ogb dataset ogbn-proteins from ./dataset/
for_commute,bns,rank 0 [(31, 361), (30, 269), (29, 197), (28, 1783), (27, 332), (26, 452), (25, 590), (24, 685), (23, 1122), (22, 526), (21, 73), (20, 714), (19, 1515), (18, 1074), (17, 1387), (16, 468), (15, 1235), (14, 2662), (13, 661), (12, 1567), (11, 781), (10, 1054), (9, 2392), (8, 727), (7, 1775), (6, 592), (5, 2605), (4, 3389), (3, 4244), (2, 4252), (1, 4211)] ogbn-proteins-32-metis-cut-trans-8-8-8-8 32 10
process 7 started
Pseudo-terminal will not be allocated because stdin is not a terminal.
Welcome to Ubuntu 22.04.3 LTS (GNU/Linux 6.5.0-25-generic x86_64)

 * Documentation:  https://help.ubuntu.com
 * Management:     https://landscape.canonical.com
 * Support:        https://ubuntu.com/advantage

This system has been minimized by removing packages and content that are
not required on a system that users do not log into.

To restore this content, you can run the 'unminimize' command.
hemeng am graphsage_partition 32 2 32 0 8
graph_partition_topo
Done loading data from cached files.
Namespace(backend='gloo', data_path='./dataset/', dataset='am', dropout=0.3, eval=True, fix_seed=True, graph_name='am-32-metis-cut-trans-8-8-8-8', heads=1, inductive=False, log_every=10, lr=0.003, master_addr='192.168.2.1', model='graphsage_partition', n_class=10, n_edges=10000, n_epochs=30, n_feat=100, n_hidden=32, n_layers=2, n_linear=0, n_nodes=1000, n_partitions=32, node_rank=0, norm='layer', part_path='./partition/', partition_method='metis', partition_obj='cut', parts_per_node=10, port=18119, sampling_rate=1.0, save_model=False, seed=0, skip_partition=False, sub_rate=None, swap_bits=0, swap_rate=0, topolist=[8, 8, 8, 8], train_ratio=0.9, use_pp=True, uvm=False, val_ratio=0.05, weight=False, weight_decay=0)
process 0 started
process 1 started
process 2 started
process 3 started
process 4 started
process 5 started
process 6 started
loading partitions
Done loading data from cached files.
for_commute,bns,rank 0 [(31, 287), (30, 97), (29, 215), (28, 204), (27, 86), (26, 92), (25, 69), (24, 49), (23, 88), (22, 90), (21, 65), (20, 87), (19, 170), (18, 76), (17, 91), (16, 88), (15, 358), (14, 308), (13, 297), (12, 305), (11, 354), (10, 358), (9, 115), (8, 208), (7, 562), (6, 405), (5, 775), (4, 500), (3, 290), (2, 444), (1, 557)] am-32-metis-cut-trans-8-8-8-8 32 10
loading partitions
Done loading data from cached files.
for_commute,bns,rank 5 [(10, 989), (9, 340), (8, 504), (7, 2274), (6, 1826), (4, 1745), (3, 544), (2, 923), (1, 1232), (0, 1188), (31, 1360), (30, 326), (29, 967), (28, 822), (27, 402), (26, 310), (25, 269), (24, 273), (23, 304), (22, 371), (21, 244), (20, 325), (19, 483), (18, 294), (17, 315), (16, 302), (15, 1134), (14, 829), (13, 279), (12, 375), (11, 841)] am-32-metis-cut-trans-8-8-8-8 32 10
loading partitions
Done loading data from cached files.
for_commute,bns,rank 6 [(12, 645), (11, 784), (10, 789), (9, 344), (8, 484), (7, 1237), (5, 1754), (4, 1280), (3, 428), (2, 722), (1, 855), (0, 777), (31, 1259), (30, 268), (29, 634), (28, 425), (27, 500), (26, 399), (25, 719), (24, 754), (23, 229), (22, 222), (21, 164), (20, 210), (19, 330), (18, 242), (17, 256), (16, 286), (15, 894), (14, 856), (13, 813)] am-32-metis-cut-trans-8-8-8-8 32 10
loading partitions
Done loading data from cached files.
for_commute,bns,rank 7 [(14, 896), (13, 464), (12, 418), (11, 703), (10, 889), (9, 389), (8, 494), (6, 1681), (5, 2763), (4, 1352), (3, 579), (2, 923), (1, 1157), (0, 1112), (31, 1071), (30, 404), (29, 736), (28, 551), (27, 407), (26, 268), (25, 268), (24, 273), (23, 250), (22, 358), (21, 219), (20, 316), (19, 574), (18, 414), (17, 390), (16, 269), (15, 1403)] am-32-metis-cut-trans-8-8-8-8 32 10
loading partitions
Done loading data from cached files.
for_commute,bns,rank 1 [(2, 446), (0, 557), (31, 305), (30, 89), (29, 152), (28, 256), (27, 119), (26, 131), (25, 75), (24, 73), (23, 66), (22, 79), (21, 70), (20, 80), (19, 91), (18, 68), (17, 84), (16, 93), (15, 320), (14, 337), (13, 471), (12, 409), (11, 316), (10, 303), (9, 114), (8, 200), (7, 557), (6, 460), (5, 736), (4, 522), (3, 292)] am-32-metis-cut-trans-8-8-8-8 32 10
loading partitions
Done loading data from cached files.
for_commute,bns,rank 2 [(4, 385), (3, 148), (1, 216), (0, 214), (31, 216), (30, 58), (29, 94), (28, 131), (27, 57), (26, 51), (25, 39), (24, 32), (23, 59), (22, 53), (21, 41), (20, 60), (19, 68), (18, 64), (17, 56), (16, 56), (15, 238), (14, 171), (13, 133), (12, 200), (11, 188), (10, 187), (9, 77), (8, 128), (7, 427), (6, 373), (5, 520)] am-32-metis-cut-trans-8-8-8-8 32 10
loading partitions
Done loading data from cached files.
for_commute,bns,rank 4 [(8, 481), (7, 2000), (6, 1942), (5, 3599), (3, 941), (2, 1034), (1, 1380), (0, 1435), (31, 1545), (30, 277), (29, 629), (28, 545), (27, 412), (26, 315), (25, 254), (24, 209), (23, 222), (22, 279), (21, 173), (20, 271), (19, 332), (18, 243), (17, 273), (16, 250), (15, 990), (14, 954), (13, 332), (12, 466), (11, 784), (10, 1039), (9, 370)] am-32-metis-cut-trans-8-8-8-8 32 10
loading partitions
Done loading data from cached files.
for_commute,bns,rank 3 [(6, 1504), (5, 1674), (4, 2662), (2, 40492), (1, 18025), (0, 18432), (31, 1005), (30, 201), (29, 440), (28, 767), (27, 293), (26, 254), (25, 165), (24, 118), (23, 118), (22, 447), (21, 125), (20, 231), (19, 298), (18, 171), (17, 343), (16, 147), (15, 1111), (14, 826), (13, 1039), (12, 923), (11, 833), (10, 928), (9, 226), (8, 431), (7, 2106)] am-32-metis-cut-trans-8-8-8-8 32 10
process 7 started
Pseudo-terminal will not be allocated because stdin is not a terminal.
Welcome to Ubuntu 22.04.3 LTS (GNU/Linux 6.5.0-25-generic x86_64)

 * Documentation:  https://help.ubuntu.com
 * Management:     https://landscape.canonical.com
 * Support:        https://ubuntu.com/advantage

This system has been minimized by removing packages and content that are
not required on a system that users do not log into.

To restore this content, you can run the 'unminimize' command.
hemeng ogbn-arxiv graphsage_partition 16 2 32 0 4
graph_partition_topo
begin to load ogb dataset ogbn-arxiv from ./dataset/
Namespace(backend='gloo', data_path='./dataset/', dataset='ogbn-arxiv', dropout=0.3, eval=True, fix_seed=True, graph_name='ogbn-arxiv-16-metis-cut-trans-4-4-4-4', heads=1, inductive=False, log_every=10, lr=0.003, master_addr='192.168.2.1', model='graphsage_partition', n_class=10, n_edges=10000, n_epochs=30, n_feat=100, n_hidden=32, n_layers=2, n_linear=0, n_nodes=1000, n_partitions=16, node_rank=0, norm='layer', part_path='./partition/', partition_method='metis', partition_obj='cut', parts_per_node=10, port=18119, sampling_rate=1.0, save_model=False, seed=0, skip_partition=False, sub_rate=None, swap_bits=0, swap_rate=0, topolist=[4, 4, 4, 4], train_ratio=0.9, use_pp=True, uvm=False, val_ratio=0.05, weight=False, weight_decay=0)
process 0 started
process 1 started
process 2 started
loading partitions
begin to load ogb dataset ogbn-arxiv from ./dataset/
for_commute,bns,rank 2 [(4, 714), (3, 4818), (1, 1614), (0, 588), (15, 1133), (14, 533), (13, 1079), (12, 1468), (11, 182), (10, 131), (9, 58), (8, 41), (7, 597), (6, 161), (5, 215)] ogbn-arxiv-16-metis-cut-trans-4-4-4-4 16 10
loading partitions
begin to load ogb dataset ogbn-arxiv from ./dataset/
for_commute,bns,rank 3 [(6, 207), (5, 322), (4, 1254), (2, 4894), (1, 1497), (0, 874), (15, 2057), (14, 1455), (13, 1962), (12, 2413), (11, 241), (10, 199), (9, 128), (8, 59), (7, 694)] ogbn-arxiv-16-metis-cut-trans-4-4-4-4 16 10
loading partitions
begin to load ogb dataset ogbn-arxiv from ./dataset/
for_commute,bns,rank 1 [(2, 1478), (0, 596), (15, 470), (14, 671), (13, 514), (12, 663), (11, 237), (10, 497), (9, 133), (8, 108), (7, 679), (6, 802), (5, 584), (4, 495), (3, 1393)] ogbn-arxiv-16-metis-cut-trans-4-4-4-4 16 10
loading partitions
begin to load ogb dataset ogbn-arxiv from ./dataset/
for_commute,bns,rank 0 [(15, 436), (14, 140), (13, 319), (12, 362), (11, 229), (10, 257), (9, 64), (8, 95), (7, 934), (6, 394), (5, 577), (4, 650), (3, 930), (2, 640), (1, 596)] ogbn-arxiv-16-metis-cut-trans-4-4-4-4 16 10
process 3 started
Pseudo-terminal will not be allocated because stdin is not a terminal.
Welcome to Ubuntu 22.04.3 LTS (GNU/Linux 6.5.0-25-generic x86_64)

 * Documentation:  https://help.ubuntu.com
 * Management:     https://landscape.canonical.com
 * Support:        https://ubuntu.com/advantage

This system has been minimized by removing packages and content that are
not required on a system that users do not log into.

To restore this content, you can run the 'unminimize' command.
hemeng ogbn-products graphsage_partition 16 2 32 0 4
graph_partition_topo
begin to load ogb dataset ogbn-products from ./dataset/
Namespace(backend='gloo', data_path='./dataset/', dataset='ogbn-products', dropout=0.3, eval=True, fix_seed=True, graph_name='ogbn-products-16-metis-cut-trans-4-4-4-4', heads=1, inductive=False, log_every=10, lr=0.003, master_addr='192.168.2.1', model='graphsage_partition', n_class=10, n_edges=10000, n_epochs=30, n_feat=100, n_hidden=32, n_layers=2, n_linear=0, n_nodes=1000, n_partitions=16, node_rank=0, norm='layer', part_path='./partition/', partition_method='metis', partition_obj='cut', parts_per_node=10, port=18119, sampling_rate=1.0, save_model=False, seed=0, skip_partition=False, sub_rate=None, swap_bits=0, swap_rate=0, topolist=[4, 4, 4, 4], train_ratio=0.9, use_pp=True, uvm=False, val_ratio=0.05, weight=False, weight_decay=0)
process 0 started
process 1 started
process 2 started
loading partitions
begin to load ogb dataset ogbn-products from ./dataset/
for_commute,bns,rank 1 [(2, 5821), (0, 10171), (15, 5046), (14, 1260), (13, 502), (12, 869), (11, 828), (10, 914), (9, 1127), (8, 2190), (7, 3348), (6, 3273), (5, 11766), (4, 658), (3, 2576)] ogbn-products-16-metis-cut-trans-4-4-4-4 16 10
loading partitions
begin to load ogb dataset ogbn-products from ./dataset/
for_commute,bns,rank 0 [(15, 2013), (14, 6280), (13, 1486), (12, 759), (11, 1621), (10, 3407), (9, 2580), (8, 1599), (7, 4144), (6, 11216), (5, 13012), (4, 786), (3, 31221), (2, 28327), (1, 10554)] ogbn-products-16-metis-cut-trans-4-4-4-4 16 10
loading partitions
begin to load ogb dataset ogbn-products from ./dataset/
for_commute,bns,rank 3 [(6, 13459), (5, 7992), (4, 877), (2, 47273), (1, 2280), (0, 26151), (15, 4921), (14, 9601), (13, 1617), (12, 1017), (11, 2856), (10, 4808), (9, 7471), (8, 4070), (7, 2808)] ogbn-products-16-metis-cut-trans-4-4-4-4 16 10
loading partitions
begin to load ogb dataset ogbn-products from ./dataset/
for_commute,bns,rank 2 [(4, 568), (3, 54971), (1, 5712), (0, 30468), (15, 1319), (14, 6372), (13, 1538), (12, 653), (11, 4988), (10, 7547), (9, 4893), (8, 5868), (7, 2133), (6, 14362), (5, 7296)] ogbn-products-16-metis-cut-trans-4-4-4-4 16 10
process 3 started
Pseudo-terminal will not be allocated because stdin is not a terminal.
Welcome to Ubuntu 22.04.3 LTS (GNU/Linux 6.5.0-25-generic x86_64)

 * Documentation:  https://help.ubuntu.com
 * Management:     https://landscape.canonical.com
 * Support:        https://ubuntu.com/advantage

This system has been minimized by removing packages and content that are
not required on a system that users do not log into.

To restore this content, you can run the 'unminimize' command.
hemeng yelp graphsage_partition 16 2 32 0 4
graph_partition_topo
Namespace(backend='gloo', data_path='./dataset/', dataset='yelp', dropout=0.3, eval=True, fix_seed=True, graph_name='yelp-16-metis-cut-trans-4-4-4-4', heads=1, inductive=False, log_every=10, lr=0.003, master_addr='192.168.2.1', model='graphsage_partition', n_class=10, n_edges=10000, n_epochs=30, n_feat=100, n_hidden=32, n_layers=2, n_linear=0, n_nodes=1000, n_partitions=16, node_rank=0, norm='layer', part_path='./partition/', partition_method='metis', partition_obj='cut', parts_per_node=10, port=18119, sampling_rate=1.0, save_model=False, seed=0, skip_partition=False, sub_rate=None, swap_bits=0, swap_rate=0, topolist=[4, 4, 4, 4], train_ratio=0.9, use_pp=True, uvm=False, val_ratio=0.05, weight=False, weight_decay=0)
process 0 started
process 1 started
process 2 started
loading partitions
for_commute,bns,rank 0 [(15, 2782), (14, 1767), (13, 3408), (12, 2066), (11, 1951), (10, 2166), (9, 2477), (8, 2319), (7, 8335), (6, 5874), (5, 4413), (4, 4458), (3, 2166), (2, 5441), (1, 4537)] yelp-16-metis-cut-trans-4-4-4-4 16 10
loading partitions
for_commute,bns,rank 1 [(2, 4128), (0, 4716), (15, 1934), (14, 2063), (13, 3788), (12, 2253), (11, 2002), (10, 2246), (9, 2819), (8, 1914), (7, 9366), (6, 4541), (5, 4080), (4, 3850), (3, 1766)] yelp-16-metis-cut-trans-4-4-4-4 16 10
loading partitions
for_commute,bns,rank 3 [(6, 3894), (5, 3401), (4, 3078), (2, 5011), (1, 1751), (0, 2074), (15, 1017), (14, 732), (13, 1967), (12, 1167), (11, 796), (10, 726), (9, 1111), (8, 911), (7, 5262)] yelp-16-metis-cut-trans-4-4-4-4 16 10
loading partitions
for_commute,bns,rank 2 [(4, 4248), (3, 5790), (1, 4051), (0, 5331), (15, 1681), (14, 1494), (13, 3117), (12, 1874), (11, 1899), (10, 1806), (9, 2153), (8, 1762), (7, 7768), (6, 5246), (5, 4340)] yelp-16-metis-cut-trans-4-4-4-4 16 10
process 3 started
Pseudo-terminal will not be allocated because stdin is not a terminal.
Welcome to Ubuntu 22.04.3 LTS (GNU/Linux 6.5.0-25-generic x86_64)

 * Documentation:  https://help.ubuntu.com
 * Management:     https://landscape.canonical.com
 * Support:        https://ubuntu.com/advantage

This system has been minimized by removing packages and content that are
not required on a system that users do not log into.

To restore this content, you can run the 'unminimize' command.
hemeng reddit graphsage_partition 16 2 32 0 4
graph_partition_topo
Namespace(backend='gloo', data_path='./dataset/', dataset='reddit', dropout=0.3, eval=True, fix_seed=True, graph_name='reddit-16-metis-cut-trans-4-4-4-4', heads=1, inductive=False, log_every=10, lr=0.003, master_addr='192.168.2.1', model='graphsage_partition', n_class=10, n_edges=10000, n_epochs=30, n_feat=100, n_hidden=32, n_layers=2, n_linear=0, n_nodes=1000, n_partitions=16, node_rank=0, norm='layer', part_path='./partition/', partition_method='metis', partition_obj='cut', parts_per_node=10, port=18119, sampling_rate=1.0, save_model=False, seed=0, skip_partition=False, sub_rate=None, swap_bits=0, swap_rate=0, topolist=[4, 4, 4, 4], train_ratio=0.9, use_pp=True, uvm=False, val_ratio=0.05, weight=False, weight_decay=0)
process 0 started
process 1 started
process 2 started
loading partitions
for_commute,bns,rank 1 [(2, 9203), (0, 11903), (15, 4310), (14, 4092), (13, 4535), (12, 2595), (11, 2752), (10, 2076), (9, 2478), (8, 3367), (7, 2765), (6, 1229), (5, 2362), (4, 3976), (3, 8998)] reddit-16-metis-cut-trans-4-4-4-4 16 10
loading partitions
for_commute,bns,rank 3 [(6, 682), (5, 1585), (4, 1784), (2, 14286), (1, 5261), (0, 3214), (15, 4531), (14, 3478), (13, 4412), (12, 2898), (11, 1898), (10, 1256), (9, 1331), (8, 2121), (7, 1850)] reddit-16-metis-cut-trans-4-4-4-4 16 10
loading partitions
for_commute,bns,rank 0 [(15, 2547), (14, 2234), (13, 2959), (12, 1180), (11, 825), (10, 1240), (9, 625), (8, 946), (7, 2837), (6, 741), (5, 957), (4, 5321), (3, 388), (2, 841), (1, 4392)] reddit-16-metis-cut-trans-4-4-4-4 16 10
loading partitions
for_commute,bns,rank 2 [(4, 2352), (3, 13859), (1, 1787), (0, 3449), (15, 5371), (14, 4415), (13, 5914), (12, 4024), (11, 2289), (10, 1779), (9, 1467), (8, 3017), (7, 2603), (6, 1061), (5, 1897)] reddit-16-metis-cut-trans-4-4-4-4 16 10
process 3 started
Pseudo-terminal will not be allocated because stdin is not a terminal.
Welcome to Ubuntu 22.04.3 LTS (GNU/Linux 6.5.0-25-generic x86_64)

 * Documentation:  https://help.ubuntu.com
 * Management:     https://landscape.canonical.com
 * Support:        https://ubuntu.com/advantage

This system has been minimized by removing packages and content that are
not required on a system that users do not log into.

To restore this content, you can run the 'unminimize' command.
hemeng ogbn-mag graphsage_partition 16 2 32 0 4
graph_partition_topo
begin to load ogb dataset ogbn-mag from ./dataset/
Namespace(backend='gloo', data_path='./dataset/', dataset='ogbn-mag', dropout=0.3, eval=True, fix_seed=True, graph_name='ogbn-mag-16-metis-cut-trans-4-4-4-4', heads=1, inductive=False, log_every=10, lr=0.003, master_addr='192.168.2.1', model='graphsage_partition', n_class=10, n_edges=10000, n_epochs=30, n_feat=100, n_hidden=32, n_layers=2, n_linear=0, n_nodes=1000, n_partitions=16, node_rank=0, norm='layer', part_path='./partition/', partition_method='metis', partition_obj='cut', parts_per_node=10, port=18119, sampling_rate=1.0, save_model=False, seed=0, skip_partition=False, sub_rate=None, swap_bits=0, swap_rate=0, topolist=[4, 4, 4, 4], train_ratio=0.9, use_pp=True, uvm=False, val_ratio=0.05, weight=False, weight_decay=0)
process 0 started
process 1 started
process 2 started
loading partitions
begin to load ogb dataset ogbn-mag from ./dataset/
for_commute,bns,rank 1 [(2, 13629), (0, 26016), (15, 9957), (14, 10586), (13, 15861), (12, 14165), (11, 15115), (10, 13115), (9, 12061), (8, 14416), (7, 10575), (6, 16998), (5, 15015), (4, 12813), (3, 17530)] ogbn-mag-16-metis-cut-trans-4-4-4-4 16 10
loading partitions
begin to load ogb dataset ogbn-mag from ./dataset/
for_commute,bns,rank 0 [(15, 7299), (14, 7439), (13, 8143), (12, 7186), (11, 8281), (10, 9558), (9, 7189), (8, 6310), (7, 12638), (6, 10651), (5, 19037), (4, 20722), (3, 19838), (2, 17722), (1, 22698)] ogbn-mag-16-metis-cut-trans-4-4-4-4 16 10
loading partitions
begin to load ogb dataset ogbn-mag from ./dataset/
for_commute,bns,rank 2 [(4, 15592), (3, 33195), (1, 16076), (0, 20347), (15, 6963), (14, 9053), (13, 10075), (12, 8823), (11, 14155), (10, 25372), (9, 11978), (8, 7940), (7, 13292), (6, 17106), (5, 10792)] ogbn-mag-16-metis-cut-trans-4-4-4-4 16 10
loading partitions
begin to load ogb dataset ogbn-mag from ./dataset/
for_commute,bns,rank 3 [(6, 22832), (5, 11017), (4, 12630), (2, 30974), (1, 24361), (0, 23219), (15, 6278), (14, 18343), (13, 14394), (12, 13768), (11, 9472), (10, 15242), (9, 16600), (8, 10667), (7, 10461)] ogbn-mag-16-metis-cut-trans-4-4-4-4 16 10
process 3 started
Pseudo-terminal will not be allocated because stdin is not a terminal.
Welcome to Ubuntu 22.04.3 LTS (GNU/Linux 6.5.0-25-generic x86_64)

 * Documentation:  https://help.ubuntu.com
 * Management:     https://landscape.canonical.com
 * Support:        https://ubuntu.com/advantage

This system has been minimized by removing packages and content that are
not required on a system that users do not log into.

To restore this content, you can run the 'unminimize' command.
hemeng ogbn-proteins graphsage_partition 16 2 32 0 4
graph_partition_topo
begin to load ogb dataset ogbn-proteins from ./dataset/
Namespace(backend='gloo', data_path='./dataset/', dataset='ogbn-proteins', dropout=0.3, eval=True, fix_seed=True, graph_name='ogbn-proteins-16-metis-cut-trans-4-4-4-4', heads=1, inductive=False, log_every=10, lr=0.003, master_addr='192.168.2.1', model='graphsage_partition', n_class=10, n_edges=10000, n_epochs=30, n_feat=100, n_hidden=32, n_layers=2, n_linear=0, n_nodes=1000, n_partitions=16, node_rank=0, norm='layer', part_path='./partition/', partition_method='metis', partition_obj='cut', parts_per_node=10, port=18119, sampling_rate=1.0, save_model=False, seed=0, skip_partition=False, sub_rate=None, swap_bits=0, swap_rate=0, topolist=[4, 4, 4, 4], train_ratio=0.9, use_pp=True, uvm=False, val_ratio=0.05, weight=False, weight_decay=0)
process 0 started
process 1 started
process 2 started
loading partitions
begin to load ogb dataset ogbn-proteins from ./dataset/
for_commute,bns,rank 0 [(15, 4921), (14, 6109), (13, 4160), (12, 4016), (11, 6088), (10, 3443), (9, 5677), (8, 4392), (7, 6482), (6, 5082), (5, 7636), (4, 6595), (3, 7915), (2, 8228), (1, 7543)] ogbn-proteins-16-metis-cut-trans-4-4-4-4 16 10
loading partitions
begin to load ogb dataset ogbn-proteins from ./dataset/
for_commute,bns,rank 2 [(4, 3855), (3, 8508), (1, 5863), (0, 7425), (15, 3859), (14, 5313), (13, 1859), (12, 3908), (11, 4706), (10, 3358), (9, 5028), (8, 4746), (7, 3692), (6, 3881), (5, 6743)] ogbn-proteins-16-metis-cut-trans-4-4-4-4 16 10
loading partitions
begin to load ogb dataset ogbn-proteins from ./dataset/
for_commute,bns,rank 1 [(2, 8492), (0, 8031), (15, 5254), (14, 4667), (13, 5380), (12, 2738), (11, 4929), (10, 3283), (9, 4814), (8, 4258), (7, 7337), (6, 5700), (5, 8021), (4, 7615), (3, 8492)] ogbn-proteins-16-metis-cut-trans-4-4-4-4 16 10
loading partitions
begin to load ogb dataset ogbn-proteins from ./dataset/
for_commute,bns,rank 3 [(6, 3783), (5, 3294), (4, 6273), (2, 8496), (1, 7088), (0, 3234), (15, 1293), (14, 1717), (13, 2217), (12, 1905), (11, 2791), (10, 1662), (9, 2732), (8, 3092), (7, 4841)] ogbn-proteins-16-metis-cut-trans-4-4-4-4 16 10
process 3 started
Pseudo-terminal will not be allocated because stdin is not a terminal.
Welcome to Ubuntu 22.04.3 LTS (GNU/Linux 6.5.0-25-generic x86_64)

 * Documentation:  https://help.ubuntu.com
 * Management:     https://landscape.canonical.com
 * Support:        https://ubuntu.com/advantage

This system has been minimized by removing packages and content that are
not required on a system that users do not log into.

To restore this content, you can run the 'unminimize' command.
hemeng am graphsage_partition 16 2 32 0 4
graph_partition_topo
Done loading data from cached files.
Namespace(backend='gloo', data_path='./dataset/', dataset='am', dropout=0.3, eval=True, fix_seed=True, graph_name='am-16-metis-cut-trans-4-4-4-4', heads=1, inductive=False, log_every=10, lr=0.003, master_addr='192.168.2.1', model='graphsage_partition', n_class=10, n_edges=10000, n_epochs=30, n_feat=100, n_hidden=32, n_layers=2, n_linear=0, n_nodes=1000, n_partitions=16, node_rank=0, norm='layer', part_path='./partition/', partition_method='metis', partition_obj='cut', parts_per_node=10, port=18119, sampling_rate=1.0, save_model=False, seed=0, skip_partition=False, sub_rate=None, swap_bits=0, swap_rate=0, topolist=[4, 4, 4, 4], train_ratio=0.9, use_pp=True, uvm=False, val_ratio=0.05, weight=False, weight_decay=0)
process 0 started
process 1 started
process 2 started
loading partitions
Done loading data from cached files.
for_commute,bns,rank 1 [(2, 2689), (0, 6018), (15, 1857), (14, 3259), (13, 1556), (12, 2041), (11, 939), (10, 1594), (9, 1111), (8, 1096), (7, 1803), (6, 2692), (5, 4159), (4, 2133), (3, 4337)] am-16-metis-cut-trans-4-4-4-4 16 10
loading partitions
Done loading data from cached files.
for_commute,bns,rank 3 [(6, 1176), (5, 1176), (4, 1414), (2, 1236), (1, 2103), (0, 2285), (15, 484), (14, 1025), (13, 355), (12, 254), (11, 279), (10, 419), (9, 282), (8, 298), (7, 663)] am-16-metis-cut-trans-4-4-4-4 16 10
loading partitions
Done loading data from cached files.
for_commute,bns,rank 2 [(4, 2244), (3, 34428), (1, 3758), (0, 5190), (15, 862), (14, 2019), (13, 611), (12, 313), (11, 485), (10, 781), (9, 503), (8, 483), (7, 999), (6, 1872), (5, 2316)] am-16-metis-cut-trans-4-4-4-4 16 10
loading partitions
Done loading data from cached files.
for_commute,bns,rank 0 [(15, 1891), (14, 3133), (13, 1258), (12, 943), (11, 819), (10, 1163), (9, 1109), (8, 1043), (7, 1727), (6, 2798), (5, 3327), (4, 1442), (3, 4700), (2, 3561), (1, 6521)] am-16-metis-cut-trans-4-4-4-4 16 10
process 3 started
